<?xml version="1.0" encoding="UTF-8" ?>
<testsuite errors="0" failures="0" hostname="Anty-PC" name="powertac.household.customer.CustomerTests" tests="5" time="60.618" timestamp="2011-04-05T19:46:34">
  <properties />
  <testcase classname="powertac.household.customer.CustomerTests" name="testCreationAndSubscriptionToDefault" time="16.568" />
  <testcase classname="powertac.household.customer.CustomerTests" name="testPowerConsumption" time="11.202" />
  <testcase classname="powertac.household.customer.CustomerTests" name="testChangingSubscriptions" time="11.598" />
  <testcase classname="powertac.household.customer.CustomerTests" name="testRevokingSubscriptions" time="11.404" />
  <testcase classname="powertac.household.customer.CustomerTests" name="testTariffPublication" time="9.845" />
  <system-out><![CDATA[--Output from testCreationAndSubscriptionToDefault--
Initializing House 0
Initializing House 1
Initializing House 2
Initializing House 3
Initializing House 4
Initializing House 5
Initializing House 6
Initializing House 7
Initializing House 8
Initializing House 9
Initializing House 10
Initializing House 11
Initializing House 12
Initializing House 13
Initializing House 14
Initializing House 15
Initializing House 16
Initializing House 17
Initializing House 18
Initializing House 19
Initializing House 20
Initializing House 21
Initializing House 22
Initializing House 23
Initializing House 24
Initializing House 25
Initializing House 26
Initializing House 27
Initializing House 28
Initializing House 29
Initializing House 30
Initializing House 31
Initializing House 32
Initializing House 33
Initializing House 34
Initializing House 35
Initializing House 36
Initializing House 37
Initializing House 38
Initializing House 39
Initializing House 40
Initializing House 41
Initializing House 42
Initializing House 43
Initializing House 44
Initializing House 45
Initializing House 46
Initializing House 47
Initializing House 48
Initializing House 49
Initializing House 50
Initializing House 51
Initializing House 52
Initializing House 53
Initializing House 54
Initializing House 55
Initializing House 56
Initializing House 57
Initializing House 58
Initializing House 59
Initializing House 60
Initializing House 61
Initializing House 62
Initializing House 63
Initializing House 64
Initializing House 65
Initializing House 66
Initializing House 67
Initializing House 68
Initializing House 69
Initializing House 70
Initializing House 71
Initializing House 72
Initializing House 73
Initializing House 74
Initializing House 75
Initializing House 76
Initializing House 77
Initializing House 78
Initializing House 79
Initializing House 80
Initializing House 81
Initializing House 82
Initializing House 83
Initializing House 84
Initializing House 85
Initializing House 86
Initializing House 87
Initializing House 88
Initializing House 89
Initializing House 90
Initializing House 91
Initializing House 92
Initializing House 93
Initializing House 94
Initializing House 95
Initializing House 96
Initializing House 97
Initializing House 98
Initializing House 99
Scheduled
Day 0
Quarter : 1 Load : 5836
Quarter : 2 Load : 0
Quarter : 3 Load : 0
Quarter : 4 Load : 0
Quarter : 5 Load : 5526
Quarter : 6 Load : 8540
Quarter : 7 Load : 8540
Quarter : 8 Load : 8540
Quarter : 9 Load : 8540
Quarter : 10 Load : 8540
Quarter : 11 Load : 8540
Quarter : 12 Load : 14664
Quarter : 13 Load : 12061
Quarter : 14 Load : 11609
Quarter : 15 Load : 11609
Quarter : 16 Load : 14573
Quarter : 17 Load : 16957
Quarter : 18 Load : 16957
Quarter : 19 Load : 25048
Quarter : 20 Load : 20963
Quarter : 21 Load : 18602
Quarter : 22 Load : 16040
Quarter : 23 Load : 16544
Quarter : 24 Load : 14586
Quarter : 25 Load : 15162
Quarter : 26 Load : 226473
Quarter : 27 Load : 149879
Quarter : 28 Load : 90149
Quarter : 29 Load : 59313
Quarter : 30 Load : 49195
Quarter : 31 Load : 35924
Quarter : 32 Load : 32376
Quarter : 33 Load : 34214
Quarter : 34 Load : 30888
Quarter : 35 Load : 46387
Quarter : 36 Load : 22915
Quarter : 37 Load : 22776
Quarter : 38 Load : 32967
Quarter : 39 Load : 27270
Quarter : 40 Load : 30430
Quarter : 41 Load : 25756
Quarter : 42 Load : 28982
Quarter : 43 Load : 30944
Quarter : 44 Load : 22852
Quarter : 45 Load : 26379
Quarter : 46 Load : 34486
Quarter : 47 Load : 22408
Quarter : 48 Load : 21185
Quarter : 49 Load : 37549
Quarter : 50 Load : 47882
Quarter : 51 Load : 35517
Quarter : 52 Load : 26872
Quarter : 53 Load : 38634
Quarter : 54 Load : 27857
Quarter : 55 Load : 26676
Quarter : 56 Load : 28783
Quarter : 57 Load : 22230
Quarter : 58 Load : 24742
Quarter : 59 Load : 19014
Quarter : 60 Load : 19557
Quarter : 61 Load : 21460
Quarter : 62 Load : 18815
Quarter : 63 Load : 18543
Quarter : 64 Load : 14725
Quarter : 65 Load : 23091
Quarter : 66 Load : 42465
Quarter : 67 Load : 37577
Quarter : 68 Load : 24500
Quarter : 69 Load : 31598
Quarter : 70 Load : 22635
Quarter : 71 Load : 21129
Quarter : 72 Load : 17490
Quarter : 73 Load : 34340
Quarter : 74 Load : 34360
Quarter : 75 Load : 27755
Quarter : 76 Load : 16060
Quarter : 77 Load : 32503
Quarter : 78 Load : 27300
Quarter : 79 Load : 34991
Quarter : 80 Load : 29413
Quarter : 81 Load : 26045
Quarter : 82 Load : 34534
Quarter : 83 Load : 22610
Quarter : 84 Load : 14883
Quarter : 85 Load : 18084
Quarter : 86 Load : 17436
Quarter : 87 Load : 14194
Quarter : 88 Load : 26110
Quarter : 89 Load : 25113
Quarter : 90 Load : 24757
Quarter : 91 Load : 24109
Quarter : 92 Load : 3155
Quarter : 93 Load : 2527
Quarter : 94 Load : 2474
Quarter : 95 Load : 3947
Quarter : 96 Load : 0
Day 1
Quarter : 1 Load : 7302
Quarter : 2 Load : 0
Quarter : 3 Load : 2879
Quarter : 4 Load : 2879
Quarter : 5 Load : 2879
Quarter : 6 Load : 6461
Quarter : 7 Load : 9003
Quarter : 8 Load : 12778
Quarter : 9 Load : 15494
Quarter : 10 Load : 15494
Quarter : 11 Load : 12615
Quarter : 12 Load : 12615
Quarter : 13 Load : 12615
Quarter : 14 Load : 9033
Quarter : 15 Load : 6491
Quarter : 16 Load : 2716
Quarter : 17 Load : 3328
Quarter : 18 Load : 5890
Quarter : 19 Load : 6898
Quarter : 20 Load : 11699
Quarter : 21 Load : 14897
Quarter : 22 Load : 17820
Quarter : 23 Load : 17820
Quarter : 24 Load : 17820
Quarter : 25 Load : 17820
Quarter : 26 Load : 208048
Quarter : 27 Load : 165510
Quarter : 28 Load : 80688
Quarter : 29 Load : 66437
Quarter : 30 Load : 46132
Quarter : 31 Load : 41210
Quarter : 32 Load : 32026
Quarter : 33 Load : 30027
Quarter : 34 Load : 31003
Quarter : 35 Load : 32857
Quarter : 36 Load : 34712
Quarter : 37 Load : 42654
Quarter : 38 Load : 26216
Quarter : 39 Load : 27866
Quarter : 40 Load : 37681
Quarter : 41 Load : 21027
Quarter : 42 Load : 24799
Quarter : 43 Load : 26770
Quarter : 44 Load : 38017
Quarter : 45 Load : 31251
Quarter : 46 Load : 25873
Quarter : 47 Load : 27649
Quarter : 48 Load : 34132
Quarter : 49 Load : 29988
Quarter : 50 Load : 37691
Quarter : 51 Load : 21285
Quarter : 52 Load : 29120
Quarter : 53 Load : 17351
Quarter : 54 Load : 23963
Quarter : 55 Load : 27970
Quarter : 56 Load : 20718
Quarter : 57 Load : 17237
Quarter : 58 Load : 21495
Quarter : 59 Load : 24916
Quarter : 60 Load : 22202
Quarter : 61 Load : 32572
Quarter : 62 Load : 33433
Quarter : 63 Load : 30391
Quarter : 64 Load : 25954
Quarter : 65 Load : 23005
Quarter : 66 Load : 49575
Quarter : 67 Load : 20170
Quarter : 68 Load : 39724
Quarter : 69 Load : 29248
Quarter : 70 Load : 28276
Quarter : 71 Load : 37093
Quarter : 72 Load : 43709
Quarter : 73 Load : 35414
Quarter : 74 Load : 23739
Quarter : 75 Load : 37793
Quarter : 76 Load : 22888
Quarter : 77 Load : 51581
Quarter : 78 Load : 23640
Quarter : 79 Load : 19626
Quarter : 80 Load : 31080
Quarter : 81 Load : 20832
Quarter : 82 Load : 29045
Quarter : 83 Load : 25184
Quarter : 84 Load : 22917
Quarter : 85 Load : 27635
Quarter : 86 Load : 43170
Quarter : 87 Load : 32818
Quarter : 88 Load : 19792
Quarter : 89 Load : 14718
Quarter : 90 Load : 36515
Quarter : 91 Load : 16212
Quarter : 92 Load : 6565
Quarter : 93 Load : 4232
Quarter : 94 Load : 2370
Quarter : 95 Load : 2136
Quarter : 96 Load : 802
Day 2
Quarter : 1 Load : 6623
Quarter : 2 Load : 4601
Quarter : 3 Load : 4601
Quarter : 4 Load : 4601
Quarter : 5 Load : 4601
Quarter : 6 Load : 7615
Quarter : 7 Load : 7615
Quarter : 8 Load : 11086
Quarter : 9 Load : 11086
Quarter : 10 Load : 12126
Quarter : 11 Load : 14842
Quarter : 12 Load : 14842
Quarter : 13 Load : 23813
Quarter : 14 Load : 20799
Quarter : 15 Load : 23763
Quarter : 16 Load : 20292
Quarter : 17 Load : 25816
Quarter : 18 Load : 23098
Quarter : 19 Load : 24763
Quarter : 20 Load : 29283
Quarter : 21 Load : 20312
Quarter : 22 Load : 20910
Quarter : 23 Load : 17946
Quarter : 24 Load : 18427
Quarter : 25 Load : 23620
Quarter : 26 Load : 198868
Quarter : 27 Load : 166271
Quarter : 28 Load : 61751
Quarter : 29 Load : 60118
Quarter : 30 Load : 30049
Quarter : 31 Load : 35942
Quarter : 32 Load : 26779
Quarter : 33 Load : 23455
Quarter : 34 Load : 20704
Quarter : 35 Load : 21497
Quarter : 36 Load : 26966
Quarter : 37 Load : 38700
Quarter : 38 Load : 30777
Quarter : 39 Load : 39304
Quarter : 40 Load : 22116
Quarter : 41 Load : 28004
Quarter : 42 Load : 40407
Quarter : 43 Load : 38168
Quarter : 44 Load : 36269
Quarter : 45 Load : 26819
Quarter : 46 Load : 22034
Quarter : 47 Load : 34686
Quarter : 48 Load : 20522
Quarter : 49 Load : 43240
Quarter : 50 Load : 24759
Quarter : 51 Load : 18032
Quarter : 52 Load : 24345
Quarter : 53 Load : 19482
Quarter : 54 Load : 32724
Quarter : 55 Load : 19185
Quarter : 56 Load : 20941
Quarter : 57 Load : 27602
Quarter : 58 Load : 17610
Quarter : 59 Load : 23087
Quarter : 60 Load : 22608
Quarter : 61 Load : 19537
Quarter : 62 Load : 19795
Quarter : 63 Load : 24169
Quarter : 64 Load : 21682
Quarter : 65 Load : 43015
Quarter : 66 Load : 21670
Quarter : 67 Load : 26915
Quarter : 68 Load : 35274
Quarter : 69 Load : 23197
Quarter : 70 Load : 45056
Quarter : 71 Load : 25036
Quarter : 72 Load : 24028
Quarter : 73 Load : 28275
Quarter : 74 Load : 26882
Quarter : 75 Load : 24221
Quarter : 76 Load : 35629
Quarter : 77 Load : 22973
Quarter : 78 Load : 25398
Quarter : 79 Load : 16349
Quarter : 80 Load : 27747
Quarter : 81 Load : 19850
Quarter : 82 Load : 43936
Quarter : 83 Load : 13138
Quarter : 84 Load : 21537
Quarter : 85 Load : 50354
Quarter : 86 Load : 35206
Quarter : 87 Load : 16169
Quarter : 88 Load : 41362
Quarter : 89 Load : 32459
Quarter : 90 Load : 27482
Quarter : 91 Load : 24389
Quarter : 92 Load : 8816
Quarter : 93 Load : 1819
Quarter : 94 Load : 3130
Quarter : 95 Load : 99
Quarter : 96 Load : 84
Day 3
Quarter : 1 Load : 6248
Quarter : 2 Load : 5576
Quarter : 3 Load : 5576
Quarter : 4 Load : 5576
Quarter : 5 Load : 5576
Quarter : 6 Load : 5576
Quarter : 7 Load : 8338
Quarter : 8 Load : 8338
Quarter : 9 Load : 11210
Quarter : 10 Load : 8557
Quarter : 11 Load : 12028
Quarter : 12 Load : 15803
Quarter : 13 Load : 15803
Quarter : 14 Load : 18767
Quarter : 15 Load : 16005
Quarter : 16 Load : 18884
Quarter : 17 Load : 23150
Quarter : 18 Load : 26389
Quarter : 19 Load : 29760
Quarter : 20 Load : 25985
Quarter : 21 Load : 25985
Quarter : 22 Load : 23021
Quarter : 23 Load : 23515
Quarter : 24 Load : 23794
Quarter : 25 Load : 26716
Quarter : 26 Load : 203389
Quarter : 27 Load : 138500
Quarter : 28 Load : 63452
Quarter : 29 Load : 48724
Quarter : 30 Load : 45791
Quarter : 31 Load : 26396
Quarter : 32 Load : 36554
Quarter : 33 Load : 21597
Quarter : 34 Load : 37312
Quarter : 35 Load : 33376
Quarter : 36 Load : 35486
Quarter : 37 Load : 30572
Quarter : 38 Load : 19764
Quarter : 39 Load : 29797
Quarter : 40 Load : 27492
Quarter : 41 Load : 37024
Quarter : 42 Load : 32663
Quarter : 43 Load : 30221
Quarter : 44 Load : 37150
Quarter : 45 Load : 17826
Quarter : 46 Load : 28157
Quarter : 47 Load : 26535
Quarter : 48 Load : 20596
Quarter : 49 Load : 23178
Quarter : 50 Load : 24158
Quarter : 51 Load : 20895
Quarter : 52 Load : 26272
Quarter : 53 Load : 18159
Quarter : 54 Load : 31557
Quarter : 55 Load : 43260
Quarter : 56 Load : 34434
Quarter : 57 Load : 35485
Quarter : 58 Load : 23297
Quarter : 59 Load : 17373
Quarter : 60 Load : 16778
Quarter : 61 Load : 19707
Quarter : 62 Load : 20441
Quarter : 63 Load : 35380
Quarter : 64 Load : 27377
Quarter : 65 Load : 37682
Quarter : 66 Load : 40937
Quarter : 67 Load : 26370
Quarter : 68 Load : 23657
Quarter : 69 Load : 26918
Quarter : 70 Load : 18749
Quarter : 71 Load : 21372
Quarter : 72 Load : 17466
Quarter : 73 Load : 28962
Quarter : 74 Load : 22915
Quarter : 75 Load : 24121
Quarter : 76 Load : 19838
Quarter : 77 Load : 30387
Quarter : 78 Load : 21003
Quarter : 79 Load : 34880
Quarter : 80 Load : 16541
Quarter : 81 Load : 15655
Quarter : 82 Load : 41268
Quarter : 83 Load : 21261
Quarter : 84 Load : 17884
Quarter : 85 Load : 17172
Quarter : 86 Load : 16328
Quarter : 87 Load : 38260
Quarter : 88 Load : 18500
Quarter : 89 Load : 15857
Quarter : 90 Load : 35231
Quarter : 91 Load : 20898
Quarter : 92 Load : 7502
Quarter : 93 Load : 4540
Quarter : 94 Load : 2714
Quarter : 95 Load : 1604
Quarter : 96 Load : 0
Day 4
Quarter : 1 Load : 6353
Quarter : 2 Load : 0
Quarter : 3 Load : 9079
Quarter : 4 Load : 11958
Quarter : 5 Load : 11958
Quarter : 6 Load : 18301
Quarter : 7 Load : 18301
Quarter : 8 Load : 24806
Quarter : 9 Load : 24806
Quarter : 10 Load : 24806
Quarter : 11 Load : 15727
Quarter : 12 Load : 15564
Quarter : 13 Load : 15564
Quarter : 14 Load : 9221
Quarter : 15 Load : 12235
Quarter : 16 Load : 8384
Quarter : 17 Load : 9424
Quarter : 18 Load : 15586
Quarter : 19 Load : 20976
Quarter : 20 Load : 18788
Quarter : 21 Load : 19447
Quarter : 22 Load : 19447
Quarter : 23 Load : 16433
Quarter : 24 Load : 13779
Quarter : 25 Load : 13779
Quarter : 26 Load : 195894
Quarter : 27 Load : 178315
Quarter : 28 Load : 68529
Quarter : 29 Load : 61414
Quarter : 30 Load : 25981
Quarter : 31 Load : 25950
Quarter : 32 Load : 18348
Quarter : 33 Load : 39991
Quarter : 34 Load : 13540
Quarter : 35 Load : 22271
Quarter : 36 Load : 19853
Quarter : 37 Load : 23024
Quarter : 38 Load : 28872
Quarter : 39 Load : 27322
Quarter : 40 Load : 22179
Quarter : 41 Load : 28957
Quarter : 42 Load : 32684
Quarter : 43 Load : 28646
Quarter : 44 Load : 26894
Quarter : 45 Load : 30446
Quarter : 46 Load : 23772
Quarter : 47 Load : 42331
Quarter : 48 Load : 20405
Quarter : 49 Load : 24068
Quarter : 50 Load : 36075
Quarter : 51 Load : 23502
Quarter : 52 Load : 27165
Quarter : 53 Load : 28102
Quarter : 54 Load : 27650
Quarter : 55 Load : 31963
Quarter : 56 Load : 21438
Quarter : 57 Load : 24771
Quarter : 58 Load : 48470
Quarter : 59 Load : 30194
Quarter : 60 Load : 39912
Quarter : 61 Load : 27004
Quarter : 62 Load : 20709
Quarter : 63 Load : 23656
Quarter : 64 Load : 19682
Quarter : 65 Load : 17183
Quarter : 66 Load : 21633
Quarter : 67 Load : 28278
Quarter : 68 Load : 22699
Quarter : 69 Load : 19003
Quarter : 70 Load : 27039
Quarter : 71 Load : 25909
Quarter : 72 Load : 31556
Quarter : 73 Load : 34772
Quarter : 74 Load : 21544
Quarter : 75 Load : 38326
Quarter : 76 Load : 32759
Quarter : 77 Load : 27214
Quarter : 78 Load : 21857
Quarter : 79 Load : 20553
Quarter : 80 Load : 28722
Quarter : 81 Load : 26563
Quarter : 82 Load : 23302
Quarter : 83 Load : 20411
Quarter : 84 Load : 22205
Quarter : 85 Load : 19459
Quarter : 86 Load : 17474
Quarter : 87 Load : 15036
Quarter : 88 Load : 45116
Quarter : 89 Load : 18976
Quarter : 90 Load : 64377
Quarter : 91 Load : 23594
Quarter : 92 Load : 8390
Quarter : 93 Load : 5589
Quarter : 94 Load : 4453
Quarter : 95 Load : 2992
Quarter : 96 Load : 93
Day 5
Quarter : 1 Load : 6455
Quarter : 2 Load : 4801
Quarter : 3 Load : 4801
Quarter : 4 Load : 7363
Quarter : 5 Load : 16940
Quarter : 6 Load : 16940
Quarter : 7 Load : 16940
Quarter : 8 Load : 16940
Quarter : 9 Load : 16940
Quarter : 10 Load : 12139
Quarter : 11 Load : 12139
Quarter : 12 Load : 12541
Quarter : 13 Load : 2964
Quarter : 14 Load : 2964
Quarter : 15 Load : 2964
Quarter : 16 Load : 2964
Quarter : 17 Load : 5451
Quarter : 18 Load : 5869
Quarter : 19 Load : 15013
Quarter : 20 Load : 19326
Quarter : 21 Load : 22336
Quarter : 22 Load : 22336
Quarter : 23 Load : 22914
Quarter : 24 Load : 22914
Quarter : 25 Load : 29276
Quarter : 26 Load : 213912
Quarter : 27 Load : 143071
Quarter : 28 Load : 68756
Quarter : 29 Load : 43082
Quarter : 30 Load : 37731
Quarter : 31 Load : 31665
Quarter : 32 Load : 36540
Quarter : 33 Load : 34153
Quarter : 34 Load : 30980
Quarter : 35 Load : 36432
Quarter : 36 Load : 34683
Quarter : 37 Load : 56039
Quarter : 38 Load : 45404
Quarter : 39 Load : 27568
Quarter : 40 Load : 40524
Quarter : 41 Load : 31955
Quarter : 42 Load : 31446
Quarter : 43 Load : 48646
Quarter : 44 Load : 48387
Quarter : 45 Load : 24325
Quarter : 46 Load : 36862
Quarter : 47 Load : 38677
Quarter : 48 Load : 19702
Quarter : 49 Load : 18168
Quarter : 50 Load : 23740
Quarter : 51 Load : 25876
Quarter : 52 Load : 23018
Quarter : 53 Load : 25008
Quarter : 54 Load : 34923
Quarter : 55 Load : 27450
Quarter : 56 Load : 26606
Quarter : 57 Load : 30896
Quarter : 58 Load : 27495
Quarter : 59 Load : 49541
Quarter : 60 Load : 34127
Quarter : 61 Load : 20932
Quarter : 62 Load : 35790
Quarter : 63 Load : 22245
Quarter : 64 Load : 25435
Quarter : 65 Load : 26682
Quarter : 66 Load : 32184
Quarter : 67 Load : 36259
Quarter : 68 Load : 26308
Quarter : 69 Load : 25196
Quarter : 70 Load : 29655
Quarter : 71 Load : 26636
Quarter : 72 Load : 32968
Quarter : 73 Load : 42598
Quarter : 74 Load : 24716
Quarter : 75 Load : 25126
Quarter : 76 Load : 21256
Quarter : 77 Load : 17500
Quarter : 78 Load : 21960
Quarter : 79 Load : 33291
Quarter : 80 Load : 31817
Quarter : 81 Load : 18362
Quarter : 82 Load : 33221
Quarter : 83 Load : 26925
Quarter : 84 Load : 20625
Quarter : 85 Load : 34642
Quarter : 86 Load : 27240
Quarter : 87 Load : 32582
Quarter : 88 Load : 23538
Quarter : 89 Load : 12615
Quarter : 90 Load : 28423
Quarter : 91 Load : 13413
Quarter : 92 Load : 4175
Quarter : 93 Load : 1079
Quarter : 94 Load : 2006
Quarter : 95 Load : 330
Quarter : 96 Load : 336
Day 6
Quarter : 1 Load : 6885
Quarter : 2 Load : 0
Quarter : 3 Load : 0
Quarter : 4 Load : 0
Quarter : 5 Load : 2562
Quarter : 6 Load : 8749
Quarter : 7 Load : 11672
Quarter : 8 Load : 14551
Quarter : 9 Load : 14551
Quarter : 10 Load : 18133
Quarter : 11 Load : 18133
Quarter : 12 Load : 18133
Quarter : 13 Load : 21888
Quarter : 14 Load : 24315
Quarter : 15 Load : 21392
Quarter : 16 Load : 18513
Quarter : 17 Load : 22790
Quarter : 18 Load : 19208
Quarter : 19 Load : 19649
Quarter : 20 Load : 22613
Quarter : 21 Load : 16296
Quarter : 22 Load : 8260
Quarter : 23 Load : 10299
Quarter : 24 Load : 10299
Quarter : 25 Load : 7285
Quarter : 26 Load : 226135
Quarter : 27 Load : 172300
Quarter : 28 Load : 77675
Quarter : 29 Load : 53063
Quarter : 30 Load : 26839
Quarter : 31 Load : 61598
Quarter : 32 Load : 25925
Quarter : 33 Load : 26569
Quarter : 34 Load : 21730
Quarter : 35 Load : 19446
Quarter : 36 Load : 24865
Quarter : 37 Load : 23824
Quarter : 38 Load : 12677
Quarter : 39 Load : 14778
Quarter : 40 Load : 16924
Quarter : 41 Load : 24039
Quarter : 42 Load : 13891
Quarter : 43 Load : 16413
Quarter : 44 Load : 18662
Quarter : 45 Load : 38676
Quarter : 46 Load : 24666
Quarter : 47 Load : 30944
Quarter : 48 Load : 7556
Quarter : 49 Load : 18886
Quarter : 50 Load : 31835
Quarter : 51 Load : 17749
Quarter : 52 Load : 20318
Quarter : 53 Load : 22874
Quarter : 54 Load : 11133
Quarter : 55 Load : 18210
Quarter : 56 Load : 20595
Quarter : 57 Load : 12927
Quarter : 58 Load : 11428
Quarter : 59 Load : 44251
Quarter : 60 Load : 43513
Quarter : 61 Load : 22754
Quarter : 62 Load : 24443
Quarter : 63 Load : 21912
Quarter : 64 Load : 27105
Quarter : 65 Load : 19361
Quarter : 66 Load : 17488
Quarter : 67 Load : 35838
Quarter : 68 Load : 31344
Quarter : 69 Load : 33598
Quarter : 70 Load : 16387
Quarter : 71 Load : 20323
Quarter : 72 Load : 23917
Quarter : 73 Load : 15802
Quarter : 74 Load : 19416
Quarter : 75 Load : 27390
Quarter : 76 Load : 28099
Quarter : 77 Load : 27399
Quarter : 78 Load : 30162
Quarter : 79 Load : 27036
Quarter : 80 Load : 15376
Quarter : 81 Load : 12910
Quarter : 82 Load : 13063
Quarter : 83 Load : 17539
Quarter : 84 Load : 12843
Quarter : 85 Load : 10462
Quarter : 86 Load : 12925
Quarter : 87 Load : 9599
Quarter : 88 Load : 23220
Quarter : 89 Load : 32154
Quarter : 90 Load : 14408
Quarter : 91 Load : 14847
Quarter : 92 Load : 3995
Quarter : 93 Load : 3871
Quarter : 94 Load : 2642
Quarter : 95 Load : 2502
Quarter : 96 Load : 331
Day 0
Hour : 1 Load : 5836
Hour : 2 Load : 31146
Hour : 3 Load : 40284
Hour : 4 Load : 49852
Hour : 5 Load : 79925
Hour : 6 Load : 65772
Hour : 7 Load : 481663
Hour : 8 Load : 176808
Hour : 9 Load : 134404
Hour : 10 Load : 113443
Hour : 11 Load : 108534
Hour : 12 Load : 104458
Hour : 13 Load : 147820
Hour : 14 Load : 121950
Hour : 15 Load : 85543
Hour : 16 Load : 73543
Hour : 17 Load : 127633
Hour : 18 Load : 92852
Hour : 19 Load : 112515
Hour : 20 Load : 124207
Hour : 21 Load : 98072
Hour : 22 Load : 75824
Hour : 23 Load : 77134
Hour : 24 Load : 8948
Day 1
Hour : 1 Load : 13060
Hour : 2 Load : 31121
Hour : 3 Load : 56218
Hour : 4 Load : 30855
Hour : 5 Load : 27815
Hour : 6 Load : 68357
Hour : 7 Load : 472066
Hour : 8 Load : 185805
Hour : 9 Load : 128599
Hour : 10 Load : 134417
Hour : 11 Load : 110613
Hour : 12 Load : 118905
Hour : 13 Load : 118084
Hour : 14 Load : 90002
Hour : 15 Load : 85850
Hour : 16 Load : 122350
Hour : 17 Load : 132474
Hour : 18 Load : 138326
Hour : 19 Load : 119834
Hour : 20 Load : 125927
Hour : 21 Load : 97978
Hour : 22 Load : 123415
Hour : 23 Load : 74010
Hour : 24 Load : 9540
Day 2
Hour : 1 Load : 20426
Hour : 2 Load : 30917
Hour : 3 Load : 52896
Hour : 4 Load : 88667
Hour : 5 Load : 102960
Hour : 6 Load : 77595
Hour : 7 Load : 450510
Hour : 8 Load : 152888
Hour : 9 Load : 92622
Hour : 10 Load : 130897
Hour : 11 Load : 142848
Hour : 12 Load : 104061
Hour : 13 Load : 110376
Hour : 14 Load : 92332
Hour : 15 Load : 90907
Hour : 16 Load : 85183
Hour : 17 Load : 126874
Hour : 18 Load : 117317
Hour : 19 Load : 115007
Hour : 20 Load : 92467
Hour : 21 Load : 98461
Hour : 22 Load : 143091
Hour : 23 Load : 93146
Hour : 24 Load : 5132
Day 3
Hour : 1 Load : 22976
Hour : 2 Load : 27828
Hour : 3 Load : 47598
Hour : 4 Load : 69459
Hour : 5 Load : 105284
Hour : 6 Load : 96315
Hour : 7 Load : 432057
Hour : 8 Load : 157465
Hour : 9 Load : 127771
Hour : 10 Load : 107625
Hour : 11 Load : 137058
Hour : 12 Load : 93114
Hour : 13 Load : 94503
Hour : 14 Load : 127410
Hour : 15 Load : 92933
Hour : 16 Load : 102905
Hour : 17 Load : 128646
Hour : 18 Load : 84505
Hour : 19 Load : 95836
Hour : 20 Load : 102811
Hour : 21 Load : 96068
Hour : 22 Load : 90260
Hour : 23 Load : 79488
Hour : 24 Load : 8858
Day 4
Hour : 1 Load : 27390
Hour : 2 Load : 73366
Hour : 3 Load : 80903
Hour : 4 Load : 45404
Hour : 5 Load : 64774
Hour : 6 Load : 69106
Hour : 7 Load : 456517
Hour : 8 Load : 131693
Hour : 9 Load : 95655
Hour : 10 Load : 101397
Hour : 11 Load : 117181
Hour : 12 Load : 116954
Hour : 13 Load : 110810
Hour : 14 Load : 109153
Hour : 15 Load : 143347
Hour : 16 Load : 91051
Hour : 17 Load : 89793
Hour : 18 Load : 103507
Hour : 19 Load : 127401
Hour : 20 Load : 98346
Hour : 21 Load : 92481
Hour : 22 Load : 97085
Hour : 23 Load : 115337
Hour : 24 Load : 13127
Day 5
Hour : 1 Load : 23420
Hour : 2 Load : 67760
Hour : 3 Load : 53759
Hour : 4 Load : 11856
Hour : 5 Load : 45659
Hour : 6 Load : 90500
Hour : 7 Load : 455015
Hour : 8 Load : 149018
Hour : 9 Load : 136248
Hour : 10 Load : 169535
Hour : 11 Load : 160434
Hour : 12 Load : 119566
Hour : 13 Load : 90802
Hour : 14 Load : 113987
Hour : 15 Load : 142059
Hour : 16 Load : 104402
Hour : 17 Load : 121433
Hour : 18 Load : 114455
Hour : 19 Load : 113696
Hour : 20 Load : 104568
Hour : 21 Load : 99133
Hour : 22 Load : 118002
Hour : 23 Load : 58626
Hour : 24 Load : 3751
Day 6
Hour : 1 Load : 6885
Hour : 2 Load : 37534
Hour : 3 Load : 68950
Hour : 4 Load : 86108
Hour : 5 Load : 84260
Hour : 6 Load : 45154
Hour : 7 Load : 483395
Hour : 8 Load : 167425
Hour : 9 Load : 92610
Hour : 10 Load : 68203
Hour : 11 Load : 73005
Hour : 12 Load : 101842
Hour : 13 Load : 88788
Hour : 14 Load : 72812
Hour : 15 Load : 112119
Hour : 16 Load : 96214
Hour : 17 Load : 104031
Hour : 18 Load : 94225
Hour : 19 Load : 90707
Hour : 20 Load : 99973
Hour : 21 Load : 56355
Hour : 22 Load : 56206
Hour : 23 Load : 65404
Hour : 24 Load : 9346
Initializing House 0
Initializing House 1
Initializing House 2
Initializing House 3
Initializing House 4
Initializing House 5
Initializing House 6
Initializing House 7
Initializing House 8
Initializing House 9
Initializing House 10
Initializing House 11
Initializing House 12
Initializing House 13
Initializing House 14
Initializing House 15
Initializing House 16
Initializing House 17
Initializing House 18
Initializing House 19
Initializing House 20
Initializing House 21
Initializing House 22
Initializing House 23
Initializing House 24
Initializing House 25
Initializing House 26
Initializing House 27
Initializing House 28
Initializing House 29
Initializing House 30
Initializing House 31
Initializing House 32
Initializing House 33
Initializing House 34
Initializing House 35
Initializing House 36
Initializing House 37
Initializing House 38
Initializing House 39
Initializing House 40
Initializing House 41
Initializing House 42
Initializing House 43
Initializing House 44
Initializing House 45
Initializing House 46
Initializing House 47
Initializing House 48
Initializing House 49
Initializing House 50
Initializing House 51
Initializing House 52
Initializing House 53
Initializing House 54
Initializing House 55
Initializing House 56
Initializing House 57
Initializing House 58
Initializing House 59
Initializing House 60
Initializing House 61
Initializing House 62
Initializing House 63
Initializing House 64
Initializing House 65
Initializing House 66
Initializing House 67
Initializing House 68
Initializing House 69
Initializing House 70
Initializing House 71
Initializing House 72
Initializing House 73
Initializing House 74
Initializing House 75
Initializing House 76
Initializing House 77
Initializing House 78
Initializing House 79
Initializing House 80
Initializing House 81
Initializing House 82
Initializing House 83
Initializing House 84
Initializing House 85
Initializing House 86
Initializing House 87
Initializing House 88
Initializing House 89
Initializing House 90
Initializing House 91
Initializing House 92
Initializing House 93
Initializing House 94
Initializing House 95
Initializing House 96
Initializing House 97
Initializing House 98
Initializing House 99
Scheduled
Day 0
Quarter : 1 Load : 6491
Quarter : 2 Load : 0
Quarter : 3 Load : 0
Quarter : 4 Load : 0
Quarter : 5 Load : 3477
Quarter : 6 Load : 3477
Quarter : 7 Load : 7091
Quarter : 8 Load : 9285
Quarter : 9 Load : 9285
Quarter : 10 Load : 12829
Quarter : 11 Load : 12829
Quarter : 12 Load : 12829
Quarter : 13 Load : 9352
Quarter : 14 Load : 9352
Quarter : 15 Load : 5738
Quarter : 16 Load : 3544
Quarter : 17 Load : 5288
Quarter : 18 Load : 1744
Quarter : 19 Load : 6766
Quarter : 20 Load : 7250
Quarter : 21 Load : 7791
Quarter : 22 Load : 7791
Quarter : 23 Load : 8710
Quarter : 24 Load : 8710
Quarter : 25 Load : 9266
Quarter : 26 Load : 140248
Quarter : 27 Load : 125717
Quarter : 28 Load : 58059
Quarter : 29 Load : 42192
Quarter : 30 Load : 39667
Quarter : 31 Load : 32673
Quarter : 32 Load : 24107
Quarter : 33 Load : 32635
Quarter : 34 Load : 28167
Quarter : 35 Load : 24318
Quarter : 36 Load : 46750
Quarter : 37 Load : 31737
Quarter : 38 Load : 22303
Quarter : 39 Load : 30528
Quarter : 40 Load : 17959
Quarter : 41 Load : 19168
Quarter : 42 Load : 23123
Quarter : 43 Load : 21378
Quarter : 44 Load : 41022
Quarter : 45 Load : 21477
Quarter : 46 Load : 17435
Quarter : 47 Load : 16784
Quarter : 48 Load : 28490
Quarter : 49 Load : 21813
Quarter : 50 Load : 30334
Quarter : 51 Load : 24044
Quarter : 52 Load : 19284
Quarter : 53 Load : 17302
Quarter : 54 Load : 13930
Quarter : 55 Load : 12775
Quarter : 56 Load : 36170
Quarter : 57 Load : 22044
Quarter : 58 Load : 20087
Quarter : 59 Load : 20670
Quarter : 60 Load : 25525
Quarter : 61 Load : 24015
Quarter : 62 Load : 26353
Quarter : 63 Load : 28031
Quarter : 64 Load : 26427
Quarter : 65 Load : 25194
Quarter : 66 Load : 15770
Quarter : 67 Load : 24895
Quarter : 68 Load : 25739
Quarter : 69 Load : 21946
Quarter : 70 Load : 18295
Quarter : 71 Load : 21418
Quarter : 72 Load : 21609
Quarter : 73 Load : 18374
Quarter : 74 Load : 24321
Quarter : 75 Load : 19011
Quarter : 76 Load : 31889
Quarter : 77 Load : 24763
Quarter : 78 Load : 27864
Quarter : 79 Load : 27657
Quarter : 80 Load : 39533
Quarter : 81 Load : 23233
Quarter : 82 Load : 20151
Quarter : 83 Load : 20627
Quarter : 84 Load : 14402
Quarter : 85 Load : 12827
Quarter : 86 Load : 14138
Quarter : 87 Load : 32593
Quarter : 88 Load : 17360
Quarter : 89 Load : 24928
Quarter : 90 Load : 31365
Quarter : 91 Load : 15916
Quarter : 92 Load : 3552
Quarter : 93 Load : 3422
Quarter : 94 Load : 2163
Quarter : 95 Load : 198
Quarter : 96 Load : 406
Day 1
Quarter : 1 Load : 5785
Quarter : 2 Load : 2987
Quarter : 3 Load : 5181
Quarter : 4 Load : 8560
Quarter : 5 Load : 8560
Quarter : 6 Load : 8560
Quarter : 7 Load : 8560
Quarter : 8 Load : 8560
Quarter : 9 Load : 8560
Quarter : 10 Load : 5573
Quarter : 11 Load : 3379
Quarter : 12 Load : 0
Quarter : 13 Load : 0
Quarter : 14 Load : 0
Quarter : 15 Load : 0
Quarter : 16 Load : 0
Quarter : 17 Load : 8413
Quarter : 18 Load : 8413
Quarter : 19 Load : 11737
Quarter : 20 Load : 15281
Quarter : 21 Load : 15281
Quarter : 22 Load : 15281
Quarter : 23 Load : 15281
Quarter : 24 Load : 16710
Quarter : 25 Load : 16083
Quarter : 26 Load : 229802
Quarter : 27 Load : 163437
Quarter : 28 Load : 58436
Quarter : 29 Load : 48508
Quarter : 30 Load : 29998
Quarter : 31 Load : 37576
Quarter : 32 Load : 29948
Quarter : 33 Load : 25129
Quarter : 34 Load : 17286
Quarter : 35 Load : 21143
Quarter : 36 Load : 27300
Quarter : 37 Load : 24821
Quarter : 38 Load : 32630
Quarter : 39 Load : 23471
Quarter : 40 Load : 19686
Quarter : 41 Load : 14738
Quarter : 42 Load : 13827
Quarter : 43 Load : 22744
Quarter : 44 Load : 15850
Quarter : 45 Load : 19292
Quarter : 46 Load : 19155
Quarter : 47 Load : 16511
Quarter : 48 Load : 16578
Quarter : 49 Load : 12479
Quarter : 50 Load : 28532
Quarter : 51 Load : 13048
Quarter : 52 Load : 18172
Quarter : 53 Load : 17641
Quarter : 54 Load : 21913
Quarter : 55 Load : 29886
Quarter : 56 Load : 38132
Quarter : 57 Load : 24157
Quarter : 58 Load : 27002
Quarter : 59 Load : 30293
Quarter : 60 Load : 38727
Quarter : 61 Load : 24615
Quarter : 62 Load : 20033
Quarter : 63 Load : 22294
Quarter : 64 Load : 17352
Quarter : 65 Load : 24957
Quarter : 66 Load : 20673
Quarter : 67 Load : 34852
Quarter : 68 Load : 24073
Quarter : 69 Load : 21501
Quarter : 70 Load : 18935
Quarter : 71 Load : 25292
Quarter : 72 Load : 25373
Quarter : 73 Load : 26978
Quarter : 74 Load : 30849
Quarter : 75 Load : 29769
Quarter : 76 Load : 22128
Quarter : 77 Load : 24511
Quarter : 78 Load : 23005
Quarter : 79 Load : 20930
Quarter : 80 Load : 24389
Quarter : 81 Load : 26473
Quarter : 82 Load : 22561
Quarter : 83 Load : 18647
Quarter : 84 Load : 19292
Quarter : 85 Load : 22188
Quarter : 86 Load : 21610
Quarter : 87 Load : 24057
Quarter : 88 Load : 21879
Quarter : 89 Load : 16950
Quarter : 90 Load : 25641
Quarter : 91 Load : 19102
Quarter : 92 Load : 7793
Quarter : 93 Load : 4500
Quarter : 94 Load : 802
Quarter : 95 Load : 527
Quarter : 96 Load : 103
Day 2
Quarter : 1 Load : 8473
Quarter : 2 Load : 0
Quarter : 3 Load : 0
Quarter : 4 Load : 0
Quarter : 5 Load : 0
Quarter : 6 Load : 0
Quarter : 7 Load : 0
Quarter : 8 Load : 0
Quarter : 9 Load : 0
Quarter : 10 Load : 0
Quarter : 11 Load : 2194
Quarter : 12 Load : 2194
Quarter : 13 Load : 2194
Quarter : 14 Load : 2194
Quarter : 15 Load : 2194
Quarter : 16 Load : 2194
Quarter : 17 Load : 4192
Quarter : 18 Load : 4764
Quarter : 19 Load : 11769
Quarter : 20 Load : 12393
Quarter : 21 Load : 16283
Quarter : 22 Load : 16283
Quarter : 23 Load : 16283
Quarter : 24 Load : 21441
Quarter : 25 Load : 21441
Quarter : 26 Load : 217959
Quarter : 27 Load : 143490
Quarter : 28 Load : 74358
Quarter : 29 Load : 48569
Quarter : 30 Load : 29853
Quarter : 31 Load : 28649
Quarter : 32 Load : 41948
Quarter : 33 Load : 31811
Quarter : 34 Load : 28172
Quarter : 35 Load : 24792
Quarter : 36 Load : 26586
Quarter : 37 Load : 29285
Quarter : 38 Load : 24318
Quarter : 39 Load : 23778
Quarter : 40 Load : 28026
Quarter : 41 Load : 29018
Quarter : 42 Load : 32586
Quarter : 43 Load : 36508
Quarter : 44 Load : 28723
Quarter : 45 Load : 23036
Quarter : 46 Load : 27698
Quarter : 47 Load : 38935
Quarter : 48 Load : 23272
Quarter : 49 Load : 26088
Quarter : 50 Load : 16743
Quarter : 51 Load : 27398
Quarter : 52 Load : 21004
Quarter : 53 Load : 20119
Quarter : 54 Load : 19242
Quarter : 55 Load : 16535
Quarter : 56 Load : 31727
Quarter : 57 Load : 22620
Quarter : 58 Load : 24421
Quarter : 59 Load : 18748
Quarter : 60 Load : 20141
Quarter : 61 Load : 15826
Quarter : 62 Load : 21825
Quarter : 63 Load : 21473
Quarter : 64 Load : 15488
Quarter : 65 Load : 22012
Quarter : 66 Load : 23317
Quarter : 67 Load : 20512
Quarter : 68 Load : 14477
Quarter : 69 Load : 17064
Quarter : 70 Load : 30282
Quarter : 71 Load : 18027
Quarter : 72 Load : 17668
Quarter : 73 Load : 15768
Quarter : 74 Load : 35012
Quarter : 75 Load : 40862
Quarter : 76 Load : 25543
Quarter : 77 Load : 21896
Quarter : 78 Load : 23507
Quarter : 79 Load : 24633
Quarter : 80 Load : 26421
Quarter : 81 Load : 36053
Quarter : 82 Load : 26700
Quarter : 83 Load : 23444
Quarter : 84 Load : 17095
Quarter : 85 Load : 21376
Quarter : 86 Load : 35890
Quarter : 87 Load : 13151
Quarter : 88 Load : 18635
Quarter : 89 Load : 25574
Quarter : 90 Load : 23584
Quarter : 91 Load : 13226
Quarter : 92 Load : 4334
Quarter : 93 Load : 3525
Quarter : 94 Load : 1046
Quarter : 95 Load : 96
Quarter : 96 Load : 184
Day 3
Quarter : 1 Load : 7016
Quarter : 2 Load : 0
Quarter : 3 Load : 0
Quarter : 4 Load : 0
Quarter : 5 Load : 0
Quarter : 6 Load : 0
Quarter : 7 Load : 0
Quarter : 8 Load : 3379
Quarter : 9 Load : 3379
Quarter : 10 Load : 3379
Quarter : 11 Load : 5573
Quarter : 12 Load : 5573
Quarter : 13 Load : 5573
Quarter : 14 Load : 5573
Quarter : 15 Load : 5573
Quarter : 16 Load : 5181
Quarter : 17 Load : 8748
Quarter : 18 Load : 12986
Quarter : 19 Load : 14216
Quarter : 20 Load : 21728
Quarter : 21 Load : 21728
Quarter : 22 Load : 22379
Quarter : 23 Load : 23649
Quarter : 24 Load : 21683
Quarter : 25 Load : 22883
Quarter : 26 Load : 194321
Quarter : 27 Load : 165946
Quarter : 28 Load : 66261
Quarter : 29 Load : 59489
Quarter : 30 Load : 24500
Quarter : 31 Load : 27511
Quarter : 32 Load : 24086
Quarter : 33 Load : 41573
Quarter : 34 Load : 32184
Quarter : 35 Load : 22261
Quarter : 36 Load : 23129
Quarter : 37 Load : 38859
Quarter : 38 Load : 16719
Quarter : 39 Load : 21812
Quarter : 40 Load : 19955
Quarter : 41 Load : 24554
Quarter : 42 Load : 17813
Quarter : 43 Load : 32340
Quarter : 44 Load : 21492
Quarter : 45 Load : 16912
Quarter : 46 Load : 21939
Quarter : 47 Load : 25783
Quarter : 48 Load : 20205
Quarter : 49 Load : 20445
Quarter : 50 Load : 48563
Quarter : 51 Load : 32371
Quarter : 52 Load : 20081
Quarter : 53 Load : 19647
Quarter : 54 Load : 18342
Quarter : 55 Load : 24076
Quarter : 56 Load : 19981
Quarter : 57 Load : 19348
Quarter : 58 Load : 37153
Quarter : 59 Load : 29201
Quarter : 60 Load : 19170
Quarter : 61 Load : 36699
Quarter : 62 Load : 23958
Quarter : 63 Load : 21742
Quarter : 64 Load : 18310
Quarter : 65 Load : 21556
Quarter : 66 Load : 30425
Quarter : 67 Load : 27324
Quarter : 68 Load : 29421
Quarter : 69 Load : 17401
Quarter : 70 Load : 23572
Quarter : 71 Load : 38951
Quarter : 72 Load : 23962
Quarter : 73 Load : 30396
Quarter : 74 Load : 29531
Quarter : 75 Load : 42073
Quarter : 76 Load : 20241
Quarter : 77 Load : 16950
Quarter : 78 Load : 16829
Quarter : 79 Load : 15135
Quarter : 80 Load : 16622
Quarter : 81 Load : 19244
Quarter : 82 Load : 18869
Quarter : 83 Load : 19481
Quarter : 84 Load : 24869
Quarter : 85 Load : 25333
Quarter : 86 Load : 14149
Quarter : 87 Load : 15943
Quarter : 88 Load : 14678
Quarter : 89 Load : 12654
Quarter : 90 Load : 11440
Quarter : 91 Load : 13468
Quarter : 92 Load : 5939
Quarter : 93 Load : 2881
Quarter : 94 Load : 1773
Quarter : 95 Load : 427
Quarter : 96 Load : 384
Day 4
Quarter : 1 Load : 6802
Quarter : 2 Load : 3614
Quarter : 3 Load : 3614
Quarter : 4 Load : 3614
Quarter : 5 Load : 3614
Quarter : 6 Load : 3614
Quarter : 7 Load : 3614
Quarter : 8 Load : 6993
Quarter : 9 Load : 6993
Quarter : 10 Load : 5573
Quarter : 11 Load : 5573
Quarter : 12 Load : 5573
Quarter : 13 Load : 9050
Quarter : 14 Load : 9050
Quarter : 15 Load : 9050
Quarter : 16 Load : 12202
Quarter : 17 Load : 15508
Quarter : 18 Load : 13314
Quarter : 19 Load : 20648
Quarter : 20 Load : 21160
Quarter : 21 Load : 17683
Quarter : 22 Load : 17683
Quarter : 23 Load : 19415
Quarter : 24 Load : 12884
Quarter : 25 Load : 16498
Quarter : 26 Load : 175871
Quarter : 27 Load : 137269
Quarter : 28 Load : 56716
Quarter : 29 Load : 48633
Quarter : 30 Load : 28006
Quarter : 31 Load : 32554
Quarter : 32 Load : 22648
Quarter : 33 Load : 25482
Quarter : 34 Load : 20553
Quarter : 35 Load : 16602
Quarter : 36 Load : 33944
Quarter : 37 Load : 15833
Quarter : 38 Load : 18565
Quarter : 39 Load : 32219
Quarter : 40 Load : 21390
Quarter : 41 Load : 22178
Quarter : 42 Load : 28773
Quarter : 43 Load : 22916
Quarter : 44 Load : 16931
Quarter : 45 Load : 24092
Quarter : 46 Load : 22384
Quarter : 47 Load : 19520
Quarter : 48 Load : 25572
Quarter : 49 Load : 34567
Quarter : 50 Load : 49088
Quarter : 51 Load : 28876
Quarter : 52 Load : 15500
Quarter : 53 Load : 34628
Quarter : 54 Load : 34724
Quarter : 55 Load : 29392
Quarter : 56 Load : 27041
Quarter : 57 Load : 31249
Quarter : 58 Load : 20124
Quarter : 59 Load : 31364
Quarter : 60 Load : 37357
Quarter : 61 Load : 17306
Quarter : 62 Load : 20773
Quarter : 63 Load : 19827
Quarter : 64 Load : 15572
Quarter : 65 Load : 19754
Quarter : 66 Load : 18750
Quarter : 67 Load : 19485
Quarter : 68 Load : 24066
Quarter : 69 Load : 23054
Quarter : 70 Load : 16128
Quarter : 71 Load : 26459
Quarter : 72 Load : 23748
Quarter : 73 Load : 22688
Quarter : 74 Load : 15883
Quarter : 75 Load : 16195
Quarter : 76 Load : 33523
Quarter : 77 Load : 14653
Quarter : 78 Load : 18220
Quarter : 79 Load : 18182
Quarter : 80 Load : 16754
Quarter : 81 Load : 20377
Quarter : 82 Load : 17169
Quarter : 83 Load : 24544
Quarter : 84 Load : 26750
Quarter : 85 Load : 18573
Quarter : 86 Load : 17688
Quarter : 87 Load : 14234
Quarter : 88 Load : 18979
Quarter : 89 Load : 14403
Quarter : 90 Load : 19587
Quarter : 91 Load : 16666
Quarter : 92 Load : 5861
Quarter : 93 Load : 3802
Quarter : 94 Load : 4369
Quarter : 95 Load : 1967
Quarter : 96 Load : 0
Day 5
Quarter : 1 Load : 7382
Quarter : 2 Load : 0
Quarter : 3 Load : 0
Quarter : 4 Load : 0
Quarter : 5 Load : 0
Quarter : 6 Load : 0
Quarter : 7 Load : 0
Quarter : 8 Load : 5738
Quarter : 9 Load : 5738
Quarter : 10 Load : 5738
Quarter : 11 Load : 5738
Quarter : 12 Load : 5738
Quarter : 13 Load : 9352
Quarter : 14 Load : 9352
Quarter : 15 Load : 9352
Quarter : 16 Load : 3614
Quarter : 17 Load : 6879
Quarter : 18 Load : 6879
Quarter : 19 Load : 11627
Quarter : 20 Load : 15602
Quarter : 21 Load : 14975
Quarter : 22 Load : 15883
Quarter : 23 Load : 18120
Quarter : 24 Load : 18658
Quarter : 25 Load : 19269
Quarter : 26 Load : 252552
Quarter : 27 Load : 156915
Quarter : 28 Load : 65211
Quarter : 29 Load : 51508
Quarter : 30 Load : 26468
Quarter : 31 Load : 36048
Quarter : 32 Load : 30633
Quarter : 33 Load : 36765
Quarter : 34 Load : 31283
Quarter : 35 Load : 35280
Quarter : 36 Load : 38537
Quarter : 37 Load : 34904
Quarter : 38 Load : 30524
Quarter : 39 Load : 25982
Quarter : 40 Load : 43545
Quarter : 41 Load : 20678
Quarter : 42 Load : 19377
Quarter : 43 Load : 23429
Quarter : 44 Load : 21257
Quarter : 45 Load : 37909
Quarter : 46 Load : 18104
Quarter : 47 Load : 24560
Quarter : 48 Load : 21382
Quarter : 49 Load : 21969
Quarter : 50 Load : 22394
Quarter : 51 Load : 26037
Quarter : 52 Load : 30844
Quarter : 53 Load : 18943
Quarter : 54 Load : 19138
Quarter : 55 Load : 18688
Quarter : 56 Load : 22389
Quarter : 57 Load : 18661
Quarter : 58 Load : 22937
Quarter : 59 Load : 22228
Quarter : 60 Load : 16615
Quarter : 61 Load : 24647
Quarter : 62 Load : 28051
Quarter : 63 Load : 32309
Quarter : 64 Load : 27682
Quarter : 65 Load : 20807
Quarter : 66 Load : 21436
Quarter : 67 Load : 23223
Quarter : 68 Load : 24949
Quarter : 69 Load : 21639
Quarter : 70 Load : 23534
Quarter : 71 Load : 21170
Quarter : 72 Load : 22564
Quarter : 73 Load : 21700
Quarter : 74 Load : 25164
Quarter : 75 Load : 30744
Quarter : 76 Load : 35665
Quarter : 77 Load : 18724
Quarter : 78 Load : 16638
Quarter : 79 Load : 13694
Quarter : 80 Load : 14567
Quarter : 81 Load : 15085
Quarter : 82 Load : 16045
Quarter : 83 Load : 30647
Quarter : 84 Load : 16032
Quarter : 85 Load : 17212
Quarter : 86 Load : 22924
Quarter : 87 Load : 22245
Quarter : 88 Load : 16426
Quarter : 89 Load : 12367
Quarter : 90 Load : 16679
Quarter : 91 Load : 16889
Quarter : 92 Load : 3617
Quarter : 93 Load : 3935
Quarter : 94 Load : 784
Quarter : 95 Load : 0
Quarter : 96 Load : 112
Day 6
Quarter : 1 Load : 6973
Quarter : 2 Load : 0
Quarter : 3 Load : 0
Quarter : 4 Load : 2194
Quarter : 5 Load : 2194
Quarter : 6 Load : 2194
Quarter : 7 Load : 2194
Quarter : 8 Load : 5573
Quarter : 9 Load : 5573
Quarter : 10 Load : 5573
Quarter : 11 Load : 5573
Quarter : 12 Load : 3379
Quarter : 13 Load : 3379
Quarter : 14 Load : 3379
Quarter : 15 Load : 3379
Quarter : 16 Load : 0
Quarter : 17 Load : 498
Quarter : 18 Load : 498
Quarter : 19 Load : 1402
Quarter : 20 Load : 4389
Quarter : 21 Load : 7933
Quarter : 22 Load : 7933
Quarter : 23 Load : 8490
Quarter : 24 Load : 8490
Quarter : 25 Load : 8490
Quarter : 26 Load : 194187
Quarter : 27 Load : 132528
Quarter : 28 Load : 58090
Quarter : 29 Load : 34774
Quarter : 30 Load : 25167
Quarter : 31 Load : 26469
Quarter : 32 Load : 22392
Quarter : 33 Load : 25858
Quarter : 34 Load : 35015
Quarter : 35 Load : 29722
Quarter : 36 Load : 24464
Quarter : 37 Load : 22216
Quarter : 38 Load : 29154
Quarter : 39 Load : 24685
Quarter : 40 Load : 33498
Quarter : 41 Load : 22136
Quarter : 42 Load : 23287
Quarter : 43 Load : 27733
Quarter : 44 Load : 21134
Quarter : 45 Load : 15279
Quarter : 46 Load : 23045
Quarter : 47 Load : 23798
Quarter : 48 Load : 10896
Quarter : 49 Load : 14414
Quarter : 50 Load : 31997
Quarter : 51 Load : 18596
Quarter : 52 Load : 19788
Quarter : 53 Load : 38097
Quarter : 54 Load : 26118
Quarter : 55 Load : 25555
Quarter : 56 Load : 24125
Quarter : 57 Load : 17723
Quarter : 58 Load : 14868
Quarter : 59 Load : 18455
Quarter : 60 Load : 16815
Quarter : 61 Load : 13680
Quarter : 62 Load : 19491
Quarter : 63 Load : 19408
Quarter : 64 Load : 13862
Quarter : 65 Load : 23071
Quarter : 66 Load : 21781
Quarter : 67 Load : 15808
Quarter : 68 Load : 16822
Quarter : 69 Load : 24647
Quarter : 70 Load : 20705
Quarter : 71 Load : 12645
Quarter : 72 Load : 16817
Quarter : 73 Load : 16279
Quarter : 74 Load : 13974
Quarter : 75 Load : 18818
Quarter : 76 Load : 18140
Quarter : 77 Load : 8244
Quarter : 78 Load : 21509
Quarter : 79 Load : 27764
Quarter : 80 Load : 30496
Quarter : 81 Load : 27165
Quarter : 82 Load : 18825
Quarter : 83 Load : 39335
Quarter : 84 Load : 17921
Quarter : 85 Load : 15891
Quarter : 86 Load : 23485
Quarter : 87 Load : 18616
Quarter : 88 Load : 21673
Quarter : 89 Load : 13601
Quarter : 90 Load : 26248
Quarter : 91 Load : 14552
Quarter : 92 Load : 5507
Quarter : 93 Load : 2348
Quarter : 94 Load : 1581
Quarter : 95 Load : 555
Quarter : 96 Load : 112
Day 0
Hour : 1 Load : 6491
Hour : 2 Load : 23330
Hour : 3 Load : 47772
Hour : 4 Load : 27986
Hour : 5 Load : 21048
Hour : 6 Load : 33002
Hour : 7 Load : 333290
Hour : 8 Load : 138639
Hour : 9 Load : 131870
Hour : 10 Load : 102527
Hour : 11 Load : 104691
Hour : 12 Load : 84186
Hour : 13 Load : 95475
Hour : 14 Load : 80177
Hour : 15 Load : 88326
Hour : 16 Load : 104826
Hour : 17 Load : 91598
Hour : 18 Load : 83268
Hour : 19 Load : 93595
Hour : 20 Load : 119817
Hour : 21 Load : 78413
Hour : 22 Load : 76918
Hour : 23 Load : 75761
Hour : 24 Load : 6189
Day 1
Hour : 1 Load : 22513
Hour : 2 Load : 34240
Hour : 3 Load : 17512
Hour : 4 Load : 0
Hour : 5 Load : 43844
Hour : 6 Load : 62553
Hour : 7 Load : 467758
Hour : 8 Load : 146030
Hour : 9 Load : 90858
Hour : 10 Load : 100608
Hour : 11 Load : 67159
Hour : 12 Load : 71536
Hour : 13 Load : 72231
Hour : 14 Load : 107572
Hour : 15 Load : 120179
Hour : 16 Load : 84294
Hour : 17 Load : 104555
Hour : 18 Load : 91101
Hour : 19 Load : 109724
Hour : 20 Load : 92835
Hour : 21 Load : 86973
Hour : 22 Load : 89734
Hour : 23 Load : 69486
Hour : 24 Load : 5932
Day 2
Hour : 1 Load : 8473
Hour : 2 Load : 0
Hour : 3 Load : 4388
Hour : 4 Load : 8776
Hour : 5 Load : 33118
Hour : 6 Load : 70290
Hour : 7 Load : 457248
Hour : 8 Load : 149019
Hour : 9 Load : 111361
Hour : 10 Load : 105407
Hour : 11 Load : 126835
Hour : 12 Load : 112941
Hour : 13 Load : 91233
Hour : 14 Load : 87623
Hour : 15 Load : 85930
Hour : 16 Load : 74612
Hour : 17 Load : 80318
Hour : 18 Load : 83041
Hour : 19 Load : 117185
Hour : 20 Load : 96457
Hour : 21 Load : 103292
Hour : 22 Load : 89052
Hour : 23 Load : 66718
Hour : 24 Load : 4851
Day 3
Hour : 1 Load : 7016
Hour : 2 Load : 3379
Hour : 3 Load : 17904
Hour : 4 Load : 21900
Hour : 5 Load : 57678
Hour : 6 Load : 89439
Hour : 7 Load : 449411
Hour : 8 Load : 135586
Hour : 9 Load : 119147
Hour : 10 Load : 97345
Hour : 11 Load : 96199
Hour : 12 Load : 84839
Hour : 13 Load : 121460
Hour : 14 Load : 82046
Hour : 15 Load : 104872
Hour : 16 Load : 100709
Hour : 17 Load : 108726
Hour : 18 Load : 103886
Hour : 19 Load : 122241
Hour : 20 Load : 65536
Hour : 21 Load : 82463
Hour : 22 Load : 70103
Hour : 23 Load : 43501
Hour : 24 Load : 5465
Day 4
Hour : 1 Load : 17644
Hour : 2 Load : 17835
Hour : 3 Load : 23712
Hour : 4 Load : 39352
Hour : 5 Load : 70630
Hour : 6 Load : 67665
Hour : 7 Load : 386354
Hour : 8 Load : 131841
Hour : 9 Load : 96581
Hour : 10 Load : 88007
Hour : 11 Load : 90798
Hour : 12 Load : 91568
Hour : 13 Load : 128031
Hour : 14 Load : 125785
Hour : 15 Load : 120094
Hour : 16 Load : 73478
Hour : 17 Load : 82055
Hour : 18 Load : 89389
Hour : 19 Load : 88289
Hour : 20 Load : 67809
Hour : 21 Load : 88840
Hour : 22 Load : 69474
Hour : 23 Load : 56517
Hour : 24 Load : 10138
Day 5
Hour : 1 Load : 7382
Hour : 2 Load : 5738
Hour : 3 Load : 22952
Hour : 4 Load : 31670
Hour : 5 Load : 40987
Hour : 6 Load : 67636
Hour : 7 Load : 493947
Hour : 8 Load : 144657
Hour : 9 Load : 141865
Hour : 10 Load : 134955
Hour : 11 Load : 84741
Hour : 12 Load : 101955
Hour : 13 Load : 101244
Hour : 14 Load : 79158
Hour : 15 Load : 80441
Hour : 16 Load : 112689
Hour : 17 Load : 90415
Hour : 18 Load : 88907
Hour : 19 Load : 113273
Hour : 20 Load : 63623
Hour : 21 Load : 77809
Hour : 22 Load : 78807
Hour : 23 Load : 49552
Hour : 24 Load : 4831
Day 6
Hour : 1 Load : 9167
Hour : 2 Load : 12155
Hour : 3 Load : 20098
Hour : 4 Load : 10137
Hour : 5 Load : 6787
Hour : 6 Load : 32846
Hour : 7 Load : 393295
Hour : 8 Load : 108802
Hour : 9 Load : 115059
Hour : 10 Load : 109553
Hour : 11 Load : 94290
Hour : 12 Load : 73018
Hour : 13 Load : 84795
Hour : 14 Load : 113895
Hour : 15 Load : 67861
Hour : 16 Load : 66441
Hour : 17 Load : 77482
Hour : 18 Load : 74814
Hour : 19 Load : 67211
Hour : 20 Load : 88013
Hour : 21 Load : 103246
Hour : 22 Load : 79665
Hour : 23 Load : 59908
Hour : 24 Load : 4596
End of initialization

--Output from testPowerConsumption--
Initializing House 0
Initializing House 1
Initializing House 2
Initializing House 3
Initializing House 4
Initializing House 5
Initializing House 6
Initializing House 7
Initializing House 8
Initializing House 9
Initializing House 10
Initializing House 11
Initializing House 12
Initializing House 13
Initializing House 14
Initializing House 15
Initializing House 16
Initializing House 17
Initializing House 18
Initializing House 19
Initializing House 20
Initializing House 21
Initializing House 22
Initializing House 23
Initializing House 24
Initializing House 25
Initializing House 26
Initializing House 27
Initializing House 28
Initializing House 29
Initializing House 30
Initializing House 31
Initializing House 32
Initializing House 33
Initializing House 34
Initializing House 35
Initializing House 36
Initializing House 37
Initializing House 38
Initializing House 39
Initializing House 40
Initializing House 41
Initializing House 42
Initializing House 43
Initializing House 44
Initializing House 45
Initializing House 46
Initializing House 47
Initializing House 48
Initializing House 49
Initializing House 50
Initializing House 51
Initializing House 52
Initializing House 53
Initializing House 54
Initializing House 55
Initializing House 56
Initializing House 57
Initializing House 58
Initializing House 59
Initializing House 60
Initializing House 61
Initializing House 62
Initializing House 63
Initializing House 64
Initializing House 65
Initializing House 66
Initializing House 67
Initializing House 68
Initializing House 69
Initializing House 70
Initializing House 71
Initializing House 72
Initializing House 73
Initializing House 74
Initializing House 75
Initializing House 76
Initializing House 77
Initializing House 78
Initializing House 79
Initializing House 80
Initializing House 81
Initializing House 82
Initializing House 83
Initializing House 84
Initializing House 85
Initializing House 86
Initializing House 87
Initializing House 88
Initializing House 89
Initializing House 90
Initializing House 91
Initializing House 92
Initializing House 93
Initializing House 94
Initializing House 95
Initializing House 96
Initializing House 97
Initializing House 98
Initializing House 99
Scheduled
Day 0
Quarter : 1 Load : 7234
Quarter : 2 Load : 0
Quarter : 3 Load : 3598
Quarter : 4 Load : 3598
Quarter : 5 Load : 5903
Quarter : 6 Load : 8886
Quarter : 7 Load : 12239
Quarter : 8 Load : 12239
Quarter : 9 Load : 12239
Quarter : 10 Load : 19358
Quarter : 11 Load : 15760
Quarter : 12 Load : 19151
Quarter : 13 Load : 19161
Quarter : 14 Load : 16178
Quarter : 15 Load : 12825
Quarter : 16 Load : 12825
Quarter : 17 Load : 15443
Quarter : 18 Load : 8324
Quarter : 19 Load : 11301
Quarter : 20 Load : 9377
Quarter : 21 Load : 7062
Quarter : 22 Load : 7062
Quarter : 23 Load : 7969
Quarter : 24 Load : 8998
Quarter : 25 Load : 9647
Quarter : 26 Load : 212282
Quarter : 27 Load : 135903
Quarter : 28 Load : 57395
Quarter : 29 Load : 51146
Quarter : 30 Load : 38384
Quarter : 31 Load : 28449
Quarter : 32 Load : 21371
Quarter : 33 Load : 27661
Quarter : 34 Load : 20926
Quarter : 35 Load : 26109
Quarter : 36 Load : 27792
Quarter : 37 Load : 23923
Quarter : 38 Load : 26631
Quarter : 39 Load : 19167
Quarter : 40 Load : 19267
Quarter : 41 Load : 22131
Quarter : 42 Load : 32769
Quarter : 43 Load : 15544
Quarter : 44 Load : 21994
Quarter : 45 Load : 27070
Quarter : 46 Load : 20407
Quarter : 47 Load : 26765
Quarter : 48 Load : 22758
Quarter : 49 Load : 31590
Quarter : 50 Load : 24629
Quarter : 51 Load : 24327
Quarter : 52 Load : 22068
Quarter : 53 Load : 38582
Quarter : 54 Load : 12472
Quarter : 55 Load : 15035
Quarter : 56 Load : 32051
Quarter : 57 Load : 22268
Quarter : 58 Load : 53112
Quarter : 59 Load : 18779
Quarter : 60 Load : 23814
Quarter : 61 Load : 27793
Quarter : 62 Load : 42397
Quarter : 63 Load : 25056
Quarter : 64 Load : 18502
Quarter : 65 Load : 22409
Quarter : 66 Load : 24550
Quarter : 67 Load : 26561
Quarter : 68 Load : 19574
Quarter : 69 Load : 19965
Quarter : 70 Load : 22233
Quarter : 71 Load : 21291
Quarter : 72 Load : 20259
Quarter : 73 Load : 20973
Quarter : 74 Load : 27376
Quarter : 75 Load : 23411
Quarter : 76 Load : 25331
Quarter : 77 Load : 22519
Quarter : 78 Load : 34600
Quarter : 79 Load : 32560
Quarter : 80 Load : 16952
Quarter : 81 Load : 19096
Quarter : 82 Load : 19468
Quarter : 83 Load : 18753
Quarter : 84 Load : 25043
Quarter : 85 Load : 23677
Quarter : 86 Load : 21307
Quarter : 87 Load : 20009
Quarter : 88 Load : 20939
Quarter : 89 Load : 21900
Quarter : 90 Load : 27364
Quarter : 91 Load : 18072
Quarter : 92 Load : 5191
Quarter : 93 Load : 3273
Quarter : 94 Load : 2452
Quarter : 95 Load : 1293
Quarter : 96 Load : 871
Day 1
Quarter : 1 Load : 7122
Quarter : 2 Load : 0
Quarter : 3 Load : 3556
Quarter : 4 Load : 6539
Quarter : 5 Load : 8854
Quarter : 6 Load : 8854
Quarter : 7 Load : 8854
Quarter : 8 Load : 8854
Quarter : 9 Load : 14036
Quarter : 10 Load : 17634
Quarter : 11 Load : 14078
Quarter : 12 Load : 11095
Quarter : 13 Load : 8780
Quarter : 14 Load : 8780
Quarter : 15 Load : 8780
Quarter : 16 Load : 8780
Quarter : 17 Load : 6448
Quarter : 18 Load : 6760
Quarter : 19 Load : 10222
Quarter : 20 Load : 10222
Quarter : 21 Load : 11271
Quarter : 22 Load : 11855
Quarter : 23 Load : 12403
Quarter : 24 Load : 12830
Quarter : 25 Load : 13338
Quarter : 26 Load : 196018
Quarter : 27 Load : 146699
Quarter : 28 Load : 73298
Quarter : 29 Load : 54576
Quarter : 30 Load : 32059
Quarter : 31 Load : 22708
Quarter : 32 Load : 30982
Quarter : 33 Load : 31035
Quarter : 34 Load : 26915
Quarter : 35 Load : 25027
Quarter : 36 Load : 18856
Quarter : 37 Load : 41107
Quarter : 38 Load : 29622
Quarter : 39 Load : 19549
Quarter : 40 Load : 18272
Quarter : 41 Load : 26414
Quarter : 42 Load : 42028
Quarter : 43 Load : 28786
Quarter : 44 Load : 27088
Quarter : 45 Load : 19959
Quarter : 46 Load : 23289
Quarter : 47 Load : 16107
Quarter : 48 Load : 28354
Quarter : 49 Load : 29752
Quarter : 50 Load : 26797
Quarter : 51 Load : 25203
Quarter : 52 Load : 19295
Quarter : 53 Load : 22738
Quarter : 54 Load : 35906
Quarter : 55 Load : 29438
Quarter : 56 Load : 27865
Quarter : 57 Load : 31570
Quarter : 58 Load : 39136
Quarter : 59 Load : 26606
Quarter : 60 Load : 33022
Quarter : 61 Load : 26472
Quarter : 62 Load : 23695
Quarter : 63 Load : 26770
Quarter : 64 Load : 31161
Quarter : 65 Load : 20785
Quarter : 66 Load : 15492
Quarter : 67 Load : 16777
Quarter : 68 Load : 20665
Quarter : 69 Load : 16204
Quarter : 70 Load : 20145
Quarter : 71 Load : 20471
Quarter : 72 Load : 16501
Quarter : 73 Load : 25641
Quarter : 74 Load : 21527
Quarter : 75 Load : 21579
Quarter : 76 Load : 19596
Quarter : 77 Load : 18500
Quarter : 78 Load : 22062
Quarter : 79 Load : 17830
Quarter : 80 Load : 32872
Quarter : 81 Load : 20139
Quarter : 82 Load : 19704
Quarter : 83 Load : 20662
Quarter : 84 Load : 22708
Quarter : 85 Load : 17174
Quarter : 86 Load : 19345
Quarter : 87 Load : 29007
Quarter : 88 Load : 21116
Quarter : 89 Load : 46149
Quarter : 90 Load : 24801
Quarter : 91 Load : 19823
Quarter : 92 Load : 7008
Quarter : 93 Load : 5429
Quarter : 94 Load : 6876
Quarter : 95 Load : 0
Quarter : 96 Load : 226
Day 2
Quarter : 1 Load : 6973
Quarter : 2 Load : 0
Quarter : 3 Load : 4620
Quarter : 4 Load : 4620
Quarter : 5 Load : 4620
Quarter : 6 Load : 4620
Quarter : 7 Load : 4620
Quarter : 8 Load : 4620
Quarter : 9 Load : 8218
Quarter : 10 Load : 8218
Quarter : 11 Load : 3598
Quarter : 12 Load : 3598
Quarter : 13 Load : 7161
Quarter : 14 Load : 10144
Quarter : 15 Load : 10144
Quarter : 16 Load : 10144
Quarter : 17 Load : 12477
Quarter : 18 Load : 15830
Quarter : 19 Load : 22582
Quarter : 20 Load : 22582
Quarter : 21 Load : 19623
Quarter : 22 Load : 16640
Quarter : 23 Load : 18977
Quarter : 24 Load : 18977
Quarter : 25 Load : 19453
Quarter : 26 Load : 203578
Quarter : 27 Load : 148976
Quarter : 28 Load : 59735
Quarter : 29 Load : 54391
Quarter : 30 Load : 41495
Quarter : 31 Load : 27134
Quarter : 32 Load : 41021
Quarter : 33 Load : 21853
Quarter : 34 Load : 14788
Quarter : 35 Load : 15537
Quarter : 36 Load : 19827
Quarter : 37 Load : 16633
Quarter : 38 Load : 29054
Quarter : 39 Load : 25140
Quarter : 40 Load : 38943
Quarter : 41 Load : 31789
Quarter : 42 Load : 32299
Quarter : 43 Load : 25882
Quarter : 44 Load : 28458
Quarter : 45 Load : 23863
Quarter : 46 Load : 19677
Quarter : 47 Load : 24452
Quarter : 48 Load : 27380
Quarter : 49 Load : 21666
Quarter : 50 Load : 15970
Quarter : 51 Load : 15855
Quarter : 52 Load : 33012
Quarter : 53 Load : 43823
Quarter : 54 Load : 16947
Quarter : 55 Load : 34951
Quarter : 56 Load : 23094
Quarter : 57 Load : 27830
Quarter : 58 Load : 30920
Quarter : 59 Load : 25705
Quarter : 60 Load : 25542
Quarter : 61 Load : 23755
Quarter : 62 Load : 41567
Quarter : 63 Load : 21645
Quarter : 64 Load : 36156
Quarter : 65 Load : 25858
Quarter : 66 Load : 34646
Quarter : 67 Load : 18718
Quarter : 68 Load : 26795
Quarter : 69 Load : 23101
Quarter : 70 Load : 33490
Quarter : 71 Load : 20186
Quarter : 72 Load : 19603
Quarter : 73 Load : 44835
Quarter : 74 Load : 20812
Quarter : 75 Load : 24195
Quarter : 76 Load : 33863
Quarter : 77 Load : 27602
Quarter : 78 Load : 29961
Quarter : 79 Load : 19028
Quarter : 80 Load : 16260
Quarter : 81 Load : 22187
Quarter : 82 Load : 30237
Quarter : 83 Load : 27943
Quarter : 84 Load : 19015
Quarter : 85 Load : 20454
Quarter : 86 Load : 27458
Quarter : 87 Load : 22246
Quarter : 88 Load : 12329
Quarter : 89 Load : 17429
Quarter : 90 Load : 18464
Quarter : 91 Load : 13736
Quarter : 92 Load : 3565
Quarter : 93 Load : 2435
Quarter : 94 Load : 3502
Quarter : 95 Load : 531
Quarter : 96 Load : 436
Day 3
Quarter : 1 Load : 7008
Quarter : 2 Load : 0
Quarter : 3 Load : 0
Quarter : 4 Load : 5696
Quarter : 5 Load : 5696
Quarter : 6 Load : 5696
Quarter : 7 Load : 9049
Quarter : 8 Load : 9049
Quarter : 9 Load : 11364
Quarter : 10 Load : 11364
Quarter : 11 Load : 13155
Quarter : 12 Load : 10442
Quarter : 13 Load : 14040
Quarter : 14 Load : 14040
Quarter : 15 Load : 10687
Quarter : 16 Load : 10687
Quarter : 17 Load : 9892
Quarter : 18 Load : 9892
Quarter : 19 Load : 13277
Quarter : 20 Load : 11345
Quarter : 21 Load : 7747
Quarter : 22 Load : 8868
Quarter : 23 Load : 12431
Quarter : 24 Load : 16518
Quarter : 25 Load : 17037
Quarter : 26 Load : 234001
Quarter : 27 Load : 176941
Quarter : 28 Load : 85014
Quarter : 29 Load : 58348
Quarter : 30 Load : 40437
Quarter : 31 Load : 25987
Quarter : 32 Load : 23670
Quarter : 33 Load : 22479
Quarter : 34 Load : 31172
Quarter : 35 Load : 28380
Quarter : 36 Load : 19301
Quarter : 37 Load : 15094
Quarter : 38 Load : 16912
Quarter : 39 Load : 21067
Quarter : 40 Load : 20634
Quarter : 41 Load : 16039
Quarter : 42 Load : 29934
Quarter : 43 Load : 28152
Quarter : 44 Load : 21192
Quarter : 45 Load : 22426
Quarter : 46 Load : 27579
Quarter : 47 Load : 19189
Quarter : 48 Load : 17440
Quarter : 49 Load : 18167
Quarter : 50 Load : 20017
Quarter : 51 Load : 23632
Quarter : 52 Load : 29554
Quarter : 53 Load : 27199
Quarter : 54 Load : 24698
Quarter : 55 Load : 17907
Quarter : 56 Load : 17853
Quarter : 57 Load : 17083
Quarter : 58 Load : 23656
Quarter : 59 Load : 43311
Quarter : 60 Load : 30110
Quarter : 61 Load : 16405
Quarter : 62 Load : 26238
Quarter : 63 Load : 36901
Quarter : 64 Load : 25602
Quarter : 65 Load : 21900
Quarter : 66 Load : 21115
Quarter : 67 Load : 19964
Quarter : 68 Load : 22222
Quarter : 69 Load : 17486
Quarter : 70 Load : 28245
Quarter : 71 Load : 15489
Quarter : 72 Load : 16918
Quarter : 73 Load : 17186
Quarter : 74 Load : 16737
Quarter : 75 Load : 17173
Quarter : 76 Load : 19009
Quarter : 77 Load : 31415
Quarter : 78 Load : 21932
Quarter : 79 Load : 25988
Quarter : 80 Load : 23340
Quarter : 81 Load : 25991
Quarter : 82 Load : 26027
Quarter : 83 Load : 40851
Quarter : 84 Load : 25528
Quarter : 85 Load : 19498
Quarter : 86 Load : 16240
Quarter : 87 Load : 17939
Quarter : 88 Load : 33832
Quarter : 89 Load : 18951
Quarter : 90 Load : 20145
Quarter : 91 Load : 16239
Quarter : 92 Load : 4236
Quarter : 93 Load : 2694
Quarter : 94 Load : 915
Quarter : 95 Load : 1148
Quarter : 96 Load : 111
Day 4
Quarter : 1 Load : 7546
Quarter : 2 Load : 0
Quarter : 3 Load : 0
Quarter : 4 Load : 0
Quarter : 5 Load : 3353
Quarter : 6 Load : 10342
Quarter : 7 Load : 13898
Quarter : 8 Load : 13898
Quarter : 9 Load : 16203
Quarter : 10 Load : 16203
Quarter : 11 Load : 16203
Quarter : 12 Load : 16203
Quarter : 13 Load : 12850
Quarter : 14 Load : 7652
Quarter : 15 Load : 6411
Quarter : 16 Load : 6411
Quarter : 17 Load : 8746
Quarter : 18 Load : 8746
Quarter : 19 Load : 11257
Quarter : 20 Load : 15250
Quarter : 21 Load : 18233
Quarter : 22 Load : 16960
Quarter : 23 Load : 15269
Quarter : 24 Load : 17059
Quarter : 25 Load : 17605
Quarter : 26 Load : 183846
Quarter : 27 Load : 124442
Quarter : 28 Load : 69874
Quarter : 29 Load : 57289
Quarter : 30 Load : 47227
Quarter : 31 Load : 37888
Quarter : 32 Load : 21051
Quarter : 33 Load : 23851
Quarter : 34 Load : 18467
Quarter : 35 Load : 15172
Quarter : 36 Load : 17196
Quarter : 37 Load : 37702
Quarter : 38 Load : 28389
Quarter : 39 Load : 25641
Quarter : 40 Load : 27914
Quarter : 41 Load : 17130
Quarter : 42 Load : 37235
Quarter : 43 Load : 18541
Quarter : 44 Load : 22081
Quarter : 45 Load : 34126
Quarter : 46 Load : 19482
Quarter : 47 Load : 19688
Quarter : 48 Load : 25680
Quarter : 49 Load : 19523
Quarter : 50 Load : 30346
Quarter : 51 Load : 19439
Quarter : 52 Load : 19871
Quarter : 53 Load : 26749
Quarter : 54 Load : 27015
Quarter : 55 Load : 23087
Quarter : 56 Load : 23849
Quarter : 57 Load : 30391
Quarter : 58 Load : 19782
Quarter : 59 Load : 22221
Quarter : 60 Load : 26681
Quarter : 61 Load : 25787
Quarter : 62 Load : 25946
Quarter : 63 Load : 15862
Quarter : 64 Load : 26377
Quarter : 65 Load : 16028
Quarter : 66 Load : 18670
Quarter : 67 Load : 15800
Quarter : 68 Load : 17808
Quarter : 69 Load : 20552
Quarter : 70 Load : 42026
Quarter : 71 Load : 35910
Quarter : 72 Load : 31216
Quarter : 73 Load : 23980
Quarter : 74 Load : 36508
Quarter : 75 Load : 27629
Quarter : 76 Load : 25143
Quarter : 77 Load : 18339
Quarter : 78 Load : 20140
Quarter : 79 Load : 28201
Quarter : 80 Load : 28821
Quarter : 81 Load : 38337
Quarter : 82 Load : 27678
Quarter : 83 Load : 19372
Quarter : 84 Load : 20045
Quarter : 85 Load : 25057
Quarter : 86 Load : 14148
Quarter : 87 Load : 15143
Quarter : 88 Load : 18990
Quarter : 89 Load : 23666
Quarter : 90 Load : 20666
Quarter : 91 Load : 13963
Quarter : 92 Load : 4402
Quarter : 93 Load : 2197
Quarter : 94 Load : 946
Quarter : 95 Load : 647
Quarter : 96 Load : 514
Day 5
Quarter : 1 Load : 7095
Quarter : 2 Load : 0
Quarter : 3 Load : 0
Quarter : 4 Load : 0
Quarter : 5 Load : 3563
Quarter : 6 Load : 3563
Quarter : 7 Load : 8183
Quarter : 8 Load : 11574
Quarter : 9 Load : 11574
Quarter : 10 Load : 11574
Quarter : 11 Load : 14557
Quarter : 12 Load : 18113
Quarter : 13 Load : 17903
Quarter : 14 Load : 17903
Quarter : 15 Load : 13283
Quarter : 16 Load : 9892
Quarter : 17 Load : 13549
Quarter : 18 Load : 13549
Quarter : 19 Load : 13732
Quarter : 20 Load : 13774
Quarter : 21 Load : 12212
Quarter : 22 Load : 12212
Quarter : 23 Load : 12727
Quarter : 24 Load : 12727
Quarter : 25 Load : 12727
Quarter : 26 Load : 252984
Quarter : 27 Load : 162871
Quarter : 28 Load : 55030
Quarter : 29 Load : 42623
Quarter : 30 Load : 24907
Quarter : 31 Load : 20279
Quarter : 32 Load : 15502
Quarter : 33 Load : 15768
Quarter : 34 Load : 16243
Quarter : 35 Load : 22966
Quarter : 36 Load : 27356
Quarter : 37 Load : 20741
Quarter : 38 Load : 15356
Quarter : 39 Load : 22111
Quarter : 40 Load : 21252
Quarter : 41 Load : 18485
Quarter : 42 Load : 42558
Quarter : 43 Load : 19424
Quarter : 44 Load : 18355
Quarter : 45 Load : 18133
Quarter : 46 Load : 22130
Quarter : 47 Load : 28145
Quarter : 48 Load : 16317
Quarter : 49 Load : 22165
Quarter : 50 Load : 21543
Quarter : 51 Load : 29645
Quarter : 52 Load : 30872
Quarter : 53 Load : 23065
Quarter : 54 Load : 26037
Quarter : 55 Load : 32491
Quarter : 56 Load : 38673
Quarter : 57 Load : 21338
Quarter : 58 Load : 22139
Quarter : 59 Load : 23749
Quarter : 60 Load : 24709
Quarter : 61 Load : 24109
Quarter : 62 Load : 35291
Quarter : 63 Load : 22576
Quarter : 64 Load : 19702
Quarter : 65 Load : 22914
Quarter : 66 Load : 24427
Quarter : 67 Load : 21425
Quarter : 68 Load : 25651
Quarter : 69 Load : 23310
Quarter : 70 Load : 24334
Quarter : 71 Load : 28338
Quarter : 72 Load : 26366
Quarter : 73 Load : 23375
Quarter : 74 Load : 27614
Quarter : 75 Load : 45627
Quarter : 76 Load : 29306
Quarter : 77 Load : 22046
Quarter : 78 Load : 32794
Quarter : 79 Load : 15164
Quarter : 80 Load : 17058
Quarter : 81 Load : 23392
Quarter : 82 Load : 20188
Quarter : 83 Load : 29238
Quarter : 84 Load : 25255
Quarter : 85 Load : 30101
Quarter : 86 Load : 19585
Quarter : 87 Load : 13449
Quarter : 88 Load : 16202
Quarter : 89 Load : 20147
Quarter : 90 Load : 21951
Quarter : 91 Load : 28299
Quarter : 92 Load : 7835
Quarter : 93 Load : 4663
Quarter : 94 Load : 3464
Quarter : 95 Load : 2915
Quarter : 96 Load : 528
Day 6
Quarter : 1 Load : 7071
Quarter : 2 Load : 0
Quarter : 3 Load : 0
Quarter : 4 Load : 2315
Quarter : 5 Load : 9231
Quarter : 6 Load : 9231
Quarter : 7 Load : 9231
Quarter : 8 Load : 9231
Quarter : 9 Load : 9231
Quarter : 10 Load : 9231
Quarter : 11 Load : 9231
Quarter : 12 Load : 6916
Quarter : 13 Load : 0
Quarter : 14 Load : 2305
Quarter : 15 Load : 5903
Quarter : 16 Load : 5903
Quarter : 17 Load : 7602
Quarter : 18 Load : 7602
Quarter : 19 Load : 8136
Quarter : 20 Load : 8734
Quarter : 21 Load : 12290
Quarter : 22 Load : 9985
Quarter : 23 Load : 6387
Quarter : 24 Load : 6387
Quarter : 25 Load : 6387
Quarter : 26 Load : 178661
Quarter : 27 Load : 133073
Quarter : 28 Load : 60534
Quarter : 29 Load : 38284
Quarter : 30 Load : 21417
Quarter : 31 Load : 14893
Quarter : 32 Load : 16707
Quarter : 33 Load : 20695
Quarter : 34 Load : 16007
Quarter : 35 Load : 26557
Quarter : 36 Load : 28714
Quarter : 37 Load : 22514
Quarter : 38 Load : 23300
Quarter : 39 Load : 24904
Quarter : 40 Load : 41273
Quarter : 41 Load : 34185
Quarter : 42 Load : 24250
Quarter : 43 Load : 22172
Quarter : 44 Load : 25599
Quarter : 45 Load : 19776
Quarter : 46 Load : 13229
Quarter : 47 Load : 25969
Quarter : 48 Load : 18129
Quarter : 49 Load : 14357
Quarter : 50 Load : 15741
Quarter : 51 Load : 13861
Quarter : 52 Load : 15796
Quarter : 53 Load : 24785
Quarter : 54 Load : 29814
Quarter : 55 Load : 18452
Quarter : 56 Load : 20756
Quarter : 57 Load : 23614
Quarter : 58 Load : 21431
Quarter : 59 Load : 20103
Quarter : 60 Load : 28635
Quarter : 61 Load : 16623
Quarter : 62 Load : 27520
Quarter : 63 Load : 18023
Quarter : 64 Load : 22194
Quarter : 65 Load : 29829
Quarter : 66 Load : 31481
Quarter : 67 Load : 28515
Quarter : 68 Load : 25017
Quarter : 69 Load : 28517
Quarter : 70 Load : 21364
Quarter : 71 Load : 14708
Quarter : 72 Load : 10897
Quarter : 73 Load : 13527
Quarter : 74 Load : 27814
Quarter : 75 Load : 14436
Quarter : 76 Load : 28903
Quarter : 77 Load : 18076
Quarter : 78 Load : 29319
Quarter : 79 Load : 27095
Quarter : 80 Load : 15029
Quarter : 81 Load : 21710
Quarter : 82 Load : 28372
Quarter : 83 Load : 21226
Quarter : 84 Load : 17133
Quarter : 85 Load : 9892
Quarter : 86 Load : 15123
Quarter : 87 Load : 12522
Quarter : 88 Load : 29362
Quarter : 89 Load : 24572
Quarter : 90 Load : 25821
Quarter : 91 Load : 25964
Quarter : 92 Load : 4183
Quarter : 93 Load : 3537
Quarter : 94 Load : 745
Quarter : 95 Load : 0
Quarter : 96 Load : 409
Day 0
Hour : 1 Load : 14430
Hour : 2 Load : 39267
Hour : 3 Load : 66508
Hour : 4 Load : 60989
Hour : 5 Load : 44445
Hour : 6 Load : 31091
Hour : 7 Load : 415227
Hour : 8 Load : 139350
Hour : 9 Load : 102488
Hour : 10 Load : 88988
Hour : 11 Load : 92438
Hour : 12 Load : 97000
Hour : 13 Load : 102614
Hour : 14 Load : 98140
Hour : 15 Load : 117973
Hour : 16 Load : 113748
Hour : 17 Load : 93094
Hour : 18 Load : 83748
Hour : 19 Load : 97091
Hour : 20 Load : 106631
Hour : 21 Load : 82360
Hour : 22 Load : 85932
Hour : 23 Load : 72527
Hour : 24 Load : 7889
Day 1
Hour : 1 Load : 17217
Hour : 2 Load : 35416
Hour : 3 Load : 56843
Hour : 4 Load : 35120
Hour : 5 Load : 33652
Hour : 6 Load : 48359
Hour : 7 Load : 429353
Hour : 8 Load : 140325
Hour : 9 Load : 101833
Hour : 10 Load : 108550
Hour : 11 Load : 124316
Hour : 12 Load : 87709
Hour : 13 Load : 101047
Hour : 14 Load : 115947
Hour : 15 Load : 130334
Hour : 16 Load : 108098
Hour : 17 Load : 73719
Hour : 18 Load : 73321
Hour : 19 Load : 88343
Hour : 20 Load : 91264
Hour : 21 Load : 83213
Hour : 22 Load : 86642
Hour : 23 Load : 97781
Hour : 24 Load : 12531
Day 2
Hour : 1 Load : 16213
Hour : 2 Load : 18480
Hour : 3 Load : 23632
Hour : 4 Load : 37593
Hour : 5 Load : 73471
Hour : 6 Load : 74217
Hour : 7 Load : 431742
Hour : 8 Load : 164041
Hour : 9 Load : 72005
Hour : 10 Load : 109770
Hour : 11 Load : 118428
Hour : 12 Load : 95372
Hour : 13 Load : 86503
Hour : 14 Load : 118815
Hour : 15 Load : 109997
Hour : 16 Load : 123123
Hour : 17 Load : 106017
Hour : 18 Load : 96380
Hour : 19 Load : 123705
Hour : 20 Load : 92851
Hour : 21 Load : 99382
Hour : 22 Load : 82487
Hour : 23 Load : 53194
Hour : 24 Load : 6904
Day 3
Hour : 1 Load : 12704
Hour : 2 Load : 29490
Hour : 3 Load : 46325
Hour : 4 Load : 49454
Hour : 5 Load : 44406
Hour : 6 Load : 45564
Hour : 7 Load : 512993
Hour : 8 Load : 148442
Hour : 9 Load : 101332
Hour : 10 Load : 73707
Hour : 11 Load : 95317
Hour : 12 Load : 86634
Hour : 13 Load : 91370
Hour : 14 Load : 87657
Hour : 15 Load : 114160
Hour : 16 Load : 105146
Hour : 17 Load : 85201
Hour : 18 Load : 78138
Hour : 19 Load : 70105
Hour : 20 Load : 102675
Hour : 21 Load : 118397
Hour : 22 Load : 87509
Hour : 23 Load : 59571
Hour : 24 Load : 4868
Day 4
Hour : 1 Load : 7546
Hour : 2 Load : 41491
Hour : 3 Load : 64812
Hour : 4 Load : 33324
Hour : 5 Load : 43999
Hour : 6 Load : 67521
Hour : 7 Load : 395767
Hour : 8 Load : 163455
Hour : 9 Load : 74686
Hour : 10 Load : 119646
Hour : 11 Load : 94987
Hour : 12 Load : 98976
Hour : 13 Load : 89179
Hour : 14 Load : 100700
Hour : 15 Load : 99075
Hour : 16 Load : 93972
Hour : 17 Load : 68306
Hour : 18 Load : 129704
Hour : 19 Load : 113260
Hour : 20 Load : 95501
Hour : 21 Load : 105432
Hour : 22 Load : 73338
Hour : 23 Load : 62697
Hour : 24 Load : 4304
Day 5
Hour : 1 Load : 7095
Hour : 2 Load : 26883
Hour : 3 Load : 55818
Hour : 4 Load : 58981
Hour : 5 Load : 54604
Hour : 6 Load : 49878
Hour : 7 Load : 483612
Hour : 8 Load : 103311
Hour : 9 Load : 82333
Hour : 10 Load : 79460
Hour : 11 Load : 98822
Hour : 12 Load : 84725
Hour : 13 Load : 104225
Hour : 14 Load : 120266
Hour : 15 Load : 91935
Hour : 16 Load : 101678
Hour : 17 Load : 94417
Hour : 18 Load : 102348
Hour : 19 Load : 125922
Hour : 20 Load : 87062
Hour : 21 Load : 98073
Hour : 22 Load : 79337
Hour : 23 Load : 78232
Hour : 24 Load : 11570
Day 6
Hour : 1 Load : 9386
Hour : 2 Load : 36924
Hour : 3 Load : 34609
Hour : 4 Load : 14111
Hour : 5 Load : 32074
Hour : 6 Load : 35049
Hour : 7 Load : 378655
Hour : 8 Load : 91301
Hour : 9 Load : 91973
Hour : 10 Load : 111991
Hour : 11 Load : 106206
Hour : 12 Load : 77103
Hour : 13 Load : 59755
Hour : 14 Load : 93807
Hour : 15 Load : 93783
Hour : 16 Load : 84360
Hour : 17 Load : 114842
Hour : 18 Load : 75486
Hour : 19 Load : 84680
Hour : 20 Load : 89519
Hour : 21 Load : 88441
Hour : 22 Load : 66899
Hour : 23 Load : 80540
Hour : 24 Load : 4691
Initializing House 0
Initializing House 1
Initializing House 2
Initializing House 3
Initializing House 4
Initializing House 5
Initializing House 6
Initializing House 7
Initializing House 8
Initializing House 9
Initializing House 10
Initializing House 11
Initializing House 12
Initializing House 13
Initializing House 14
Initializing House 15
Initializing House 16
Initializing House 17
Initializing House 18
Initializing House 19
Initializing House 20
Initializing House 21
Initializing House 22
Initializing House 23
Initializing House 24
Initializing House 25
Initializing House 26
Initializing House 27
Initializing House 28
Initializing House 29
Initializing House 30
Initializing House 31
Initializing House 32
Initializing House 33
Initializing House 34
Initializing House 35
Initializing House 36
Initializing House 37
Initializing House 38
Initializing House 39
Initializing House 40
Initializing House 41
Initializing House 42
Initializing House 43
Initializing House 44
Initializing House 45
Initializing House 46
Initializing House 47
Initializing House 48
Initializing House 49
Initializing House 50
Initializing House 51
Initializing House 52
Initializing House 53
Initializing House 54
Initializing House 55
Initializing House 56
Initializing House 57
Initializing House 58
Initializing House 59
Initializing House 60
Initializing House 61
Initializing House 62
Initializing House 63
Initializing House 64
Initializing House 65
Initializing House 66
Initializing House 67
Initializing House 68
Initializing House 69
Initializing House 70
Initializing House 71
Initializing House 72
Initializing House 73
Initializing House 74
Initializing House 75
Initializing House 76
Initializing House 77
Initializing House 78
Initializing House 79
Initializing House 80
Initializing House 81
Initializing House 82
Initializing House 83
Initializing House 84
Initializing House 85
Initializing House 86
Initializing House 87
Initializing House 88
Initializing House 89
Initializing House 90
Initializing House 91
Initializing House 92
Initializing House 93
Initializing House 94
Initializing House 95
Initializing House 96
Initializing House 97
Initializing House 98
Initializing House 99
Scheduled
Day 0
Quarter : 1 Load : 7046
Quarter : 2 Load : 5956
Quarter : 3 Load : 5956
Quarter : 4 Load : 5956
Quarter : 5 Load : 5956
Quarter : 6 Load : 5956
Quarter : 7 Load : 5956
Quarter : 8 Load : 8819
Quarter : 9 Load : 11762
Quarter : 10 Load : 5806
Quarter : 11 Load : 9677
Quarter : 12 Load : 12576
Quarter : 13 Load : 12576
Quarter : 14 Load : 15366
Quarter : 15 Load : 18480
Quarter : 16 Load : 15617
Quarter : 17 Load : 18292
Quarter : 18 Load : 18292
Quarter : 19 Load : 15793
Quarter : 20 Load : 19822
Quarter : 21 Load : 20364
Quarter : 22 Load : 18029
Quarter : 23 Load : 17996
Quarter : 24 Load : 18422
Quarter : 25 Load : 22620
Quarter : 26 Load : 152962
Quarter : 27 Load : 122670
Quarter : 28 Load : 58295
Quarter : 29 Load : 43825
Quarter : 30 Load : 35109
Quarter : 31 Load : 31918
Quarter : 32 Load : 40700
Quarter : 33 Load : 22576
Quarter : 34 Load : 27028
Quarter : 35 Load : 27425
Quarter : 36 Load : 16816
Quarter : 37 Load : 19378
Quarter : 38 Load : 26083
Quarter : 39 Load : 22577
Quarter : 40 Load : 24690
Quarter : 41 Load : 29952
Quarter : 42 Load : 28212
Quarter : 43 Load : 36492
Quarter : 44 Load : 43167
Quarter : 45 Load : 28324
Quarter : 46 Load : 25536
Quarter : 47 Load : 38376
Quarter : 48 Load : 27647
Quarter : 49 Load : 27410
Quarter : 50 Load : 26599
Quarter : 51 Load : 26962
Quarter : 52 Load : 27920
Quarter : 53 Load : 23517
Quarter : 54 Load : 22000
Quarter : 55 Load : 24299
Quarter : 56 Load : 25011
Quarter : 57 Load : 39228
Quarter : 58 Load : 20244
Quarter : 59 Load : 25435
Quarter : 60 Load : 19287
Quarter : 61 Load : 17937
Quarter : 62 Load : 20677
Quarter : 63 Load : 21441
Quarter : 64 Load : 24216
Quarter : 65 Load : 19016
Quarter : 66 Load : 26704
Quarter : 67 Load : 31800
Quarter : 68 Load : 32752
Quarter : 69 Load : 19876
Quarter : 70 Load : 27054
Quarter : 71 Load : 27086
Quarter : 72 Load : 28284
Quarter : 73 Load : 16835
Quarter : 74 Load : 22865
Quarter : 75 Load : 34681
Quarter : 76 Load : 25456
Quarter : 77 Load : 36109
Quarter : 78 Load : 52331
Quarter : 79 Load : 30569
Quarter : 80 Load : 21626
Quarter : 81 Load : 28827
Quarter : 82 Load : 27878
Quarter : 83 Load : 36642
Quarter : 84 Load : 18784
Quarter : 85 Load : 21384
Quarter : 86 Load : 19176
Quarter : 87 Load : 18881
Quarter : 88 Load : 19823
Quarter : 89 Load : 19386
Quarter : 90 Load : 14199
Quarter : 91 Load : 21684
Quarter : 92 Load : 3948
Quarter : 93 Load : 2397
Quarter : 94 Load : 3819
Quarter : 95 Load : 3102
Quarter : 96 Load : 225
Day 1
Quarter : 1 Load : 7021
Quarter : 2 Load : 0
Quarter : 3 Load : 0
Quarter : 4 Load : 0
Quarter : 5 Load : 5169
Quarter : 6 Load : 8250
Quarter : 7 Load : 11864
Quarter : 8 Load : 11864
Quarter : 9 Load : 14807
Quarter : 10 Load : 14807
Quarter : 11 Load : 14807
Quarter : 12 Load : 24782
Quarter : 13 Load : 19613
Quarter : 14 Load : 16532
Quarter : 15 Load : 18993
Quarter : 16 Load : 18993
Quarter : 17 Load : 19667
Quarter : 18 Load : 23392
Quarter : 19 Load : 27293
Quarter : 20 Load : 17318
Quarter : 21 Load : 21004
Quarter : 22 Load : 21004
Quarter : 23 Load : 15447
Quarter : 24 Load : 15447
Quarter : 25 Load : 15447
Quarter : 26 Load : 184612
Quarter : 27 Load : 152000
Quarter : 28 Load : 67349
Quarter : 29 Load : 52201
Quarter : 30 Load : 30898
Quarter : 31 Load : 31220
Quarter : 32 Load : 28628
Quarter : 33 Load : 39050
Quarter : 34 Load : 24397
Quarter : 35 Load : 27061
Quarter : 36 Load : 28163
Quarter : 37 Load : 19946
Quarter : 38 Load : 30095
Quarter : 39 Load : 26538
Quarter : 40 Load : 32618
Quarter : 41 Load : 29660
Quarter : 42 Load : 16390
Quarter : 43 Load : 26807
Quarter : 44 Load : 45769
Quarter : 45 Load : 23453
Quarter : 46 Load : 22339
Quarter : 47 Load : 19390
Quarter : 48 Load : 20368
Quarter : 49 Load : 13375
Quarter : 50 Load : 13223
Quarter : 51 Load : 23099
Quarter : 52 Load : 15616
Quarter : 53 Load : 13708
Quarter : 54 Load : 17750
Quarter : 55 Load : 11864
Quarter : 56 Load : 17215
Quarter : 57 Load : 20193
Quarter : 58 Load : 11352
Quarter : 59 Load : 18322
Quarter : 60 Load : 30027
Quarter : 61 Load : 20674
Quarter : 62 Load : 17960
Quarter : 63 Load : 20591
Quarter : 64 Load : 20919
Quarter : 65 Load : 20775
Quarter : 66 Load : 21084
Quarter : 67 Load : 33186
Quarter : 68 Load : 18879
Quarter : 69 Load : 18333
Quarter : 70 Load : 31584
Quarter : 71 Load : 25630
Quarter : 72 Load : 30694
Quarter : 73 Load : 32771
Quarter : 74 Load : 28517
Quarter : 75 Load : 22401
Quarter : 76 Load : 21375
Quarter : 77 Load : 18445
Quarter : 78 Load : 18972
Quarter : 79 Load : 19570
Quarter : 80 Load : 21890
Quarter : 81 Load : 22084
Quarter : 82 Load : 16097
Quarter : 83 Load : 31247
Quarter : 84 Load : 17876
Quarter : 85 Load : 19449
Quarter : 86 Load : 24891
Quarter : 87 Load : 17242
Quarter : 88 Load : 17247
Quarter : 89 Load : 19081
Quarter : 90 Load : 28034
Quarter : 91 Load : 13043
Quarter : 92 Load : 4306
Quarter : 93 Load : 3146
Quarter : 94 Load : 2176
Quarter : 95 Load : 1056
Quarter : 96 Load : 707
Day 2
Quarter : 1 Load : 6782
Quarter : 2 Load : 3314
Quarter : 3 Load : 3314
Quarter : 4 Load : 6395
Quarter : 5 Load : 6395
Quarter : 6 Load : 10266
Quarter : 7 Load : 10266
Quarter : 8 Load : 13380
Quarter : 9 Load : 13380
Quarter : 10 Load : 10066
Quarter : 11 Load : 10066
Quarter : 12 Load : 6985
Quarter : 13 Load : 6985
Quarter : 14 Load : 3114
Quarter : 15 Load : 5384
Quarter : 16 Load : 8381
Quarter : 17 Load : 13528
Quarter : 18 Load : 14057
Quarter : 19 Load : 24977
Quarter : 20 Load : 25616
Quarter : 21 Load : 29850
Quarter : 22 Load : 29850
Quarter : 23 Load : 27580
Quarter : 24 Load : 21941
Quarter : 25 Load : 22604
Quarter : 26 Load : 198835
Quarter : 27 Load : 155959
Quarter : 28 Load : 64273
Quarter : 29 Load : 47850
Quarter : 30 Load : 27934
Quarter : 31 Load : 28460
Quarter : 32 Load : 29730
Quarter : 33 Load : 24059
Quarter : 34 Load : 16210
Quarter : 35 Load : 17957
Quarter : 36 Load : 23665
Quarter : 37 Load : 22672
Quarter : 38 Load : 23922
Quarter : 39 Load : 23834
Quarter : 40 Load : 24490
Quarter : 41 Load : 24849
Quarter : 42 Load : 28896
Quarter : 43 Load : 26553
Quarter : 44 Load : 36035
Quarter : 45 Load : 34274
Quarter : 46 Load : 22342
Quarter : 47 Load : 24607
Quarter : 48 Load : 22243
Quarter : 49 Load : 32208
Quarter : 50 Load : 15217
Quarter : 51 Load : 13110
Quarter : 52 Load : 15169
Quarter : 53 Load : 26140
Quarter : 54 Load : 24675
Quarter : 55 Load : 23539
Quarter : 56 Load : 20727
Quarter : 57 Load : 25433
Quarter : 58 Load : 34488
Quarter : 59 Load : 21794
Quarter : 60 Load : 23655
Quarter : 61 Load : 36383
Quarter : 62 Load : 22561
Quarter : 63 Load : 19649
Quarter : 64 Load : 19640
Quarter : 65 Load : 23245
Quarter : 66 Load : 25883
Quarter : 67 Load : 22282
Quarter : 68 Load : 17761
Quarter : 69 Load : 21285
Quarter : 70 Load : 27609
Quarter : 71 Load : 39188
Quarter : 72 Load : 22788
Quarter : 73 Load : 28408
Quarter : 74 Load : 22784
Quarter : 75 Load : 19220
Quarter : 76 Load : 20055
Quarter : 77 Load : 23900
Quarter : 78 Load : 23280
Quarter : 79 Load : 18976
Quarter : 80 Load : 37153
Quarter : 81 Load : 25106
Quarter : 82 Load : 25001
Quarter : 83 Load : 28430
Quarter : 84 Load : 28663
Quarter : 85 Load : 24936
Quarter : 86 Load : 21323
Quarter : 87 Load : 16080
Quarter : 88 Load : 26013
Quarter : 89 Load : 20431
Quarter : 90 Load : 21647
Quarter : 91 Load : 13381
Quarter : 92 Load : 5106
Quarter : 93 Load : 7443
Quarter : 94 Load : 2605
Quarter : 95 Load : 1004
Quarter : 96 Load : 101
Day 3
Quarter : 1 Load : 6286
Quarter : 2 Load : 0
Quarter : 3 Load : 6155
Quarter : 4 Load : 6155
Quarter : 5 Load : 6155
Quarter : 6 Load : 10026
Quarter : 7 Load : 10026
Quarter : 8 Load : 16006
Quarter : 9 Load : 19692
Quarter : 10 Load : 19692
Quarter : 11 Load : 16400
Quarter : 12 Load : 16400
Quarter : 13 Load : 16400
Quarter : 14 Load : 12529
Quarter : 15 Load : 16254
Quarter : 16 Load : 13888
Quarter : 17 Load : 13321
Quarter : 18 Load : 13321
Quarter : 19 Load : 16821
Quarter : 20 Load : 17123
Quarter : 21 Load : 18069
Quarter : 22 Load : 18069
Quarter : 23 Load : 14344
Quarter : 24 Load : 10730
Quarter : 25 Load : 13455
Quarter : 26 Load : 193691
Quarter : 27 Load : 144220
Quarter : 28 Load : 58927
Quarter : 29 Load : 48710
Quarter : 30 Load : 42717
Quarter : 31 Load : 43947
Quarter : 32 Load : 30299
Quarter : 33 Load : 21314
Quarter : 34 Load : 29386
Quarter : 35 Load : 18334
Quarter : 36 Load : 24456
Quarter : 37 Load : 26461
Quarter : 38 Load : 21864
Quarter : 39 Load : 33121
Quarter : 40 Load : 33185
Quarter : 41 Load : 29713
Quarter : 42 Load : 36933
Quarter : 43 Load : 23307
Quarter : 44 Load : 23207
Quarter : 45 Load : 31333
Quarter : 46 Load : 27187
Quarter : 47 Load : 35939
Quarter : 48 Load : 24356
Quarter : 49 Load : 24620
Quarter : 50 Load : 18628
Quarter : 51 Load : 23291
Quarter : 52 Load : 17633
Quarter : 53 Load : 15529
Quarter : 54 Load : 18814
Quarter : 55 Load : 27361
Quarter : 56 Load : 20916
Quarter : 57 Load : 23165
Quarter : 58 Load : 31696
Quarter : 59 Load : 15987
Quarter : 60 Load : 23536
Quarter : 61 Load : 26791
Quarter : 62 Load : 24889
Quarter : 63 Load : 32107
Quarter : 64 Load : 31911
Quarter : 65 Load : 24056
Quarter : 66 Load : 19936
Quarter : 67 Load : 21006
Quarter : 68 Load : 17026
Quarter : 69 Load : 10500
Quarter : 70 Load : 24671
Quarter : 71 Load : 29594
Quarter : 72 Load : 23411
Quarter : 73 Load : 24244
Quarter : 74 Load : 27431
Quarter : 75 Load : 26608
Quarter : 76 Load : 22342
Quarter : 77 Load : 20826
Quarter : 78 Load : 24440
Quarter : 79 Load : 23299
Quarter : 80 Load : 19745
Quarter : 81 Load : 18285
Quarter : 82 Load : 22309
Quarter : 83 Load : 18626
Quarter : 84 Load : 11945
Quarter : 85 Load : 16740
Quarter : 86 Load : 23822
Quarter : 87 Load : 25172
Quarter : 88 Load : 16739
Quarter : 89 Load : 13724
Quarter : 90 Load : 14627
Quarter : 91 Load : 11713
Quarter : 92 Load : 4109
Quarter : 93 Load : 2845
Quarter : 94 Load : 4057
Quarter : 95 Load : 3906
Quarter : 96 Load : 691
Day 4
Quarter : 1 Load : 6345
Quarter : 2 Load : 2899
Quarter : 3 Load : 2899
Quarter : 4 Load : 2899
Quarter : 5 Load : 2899
Quarter : 6 Load : 6213
Quarter : 7 Load : 6213
Quarter : 8 Load : 6213
Quarter : 9 Load : 6213
Quarter : 10 Load : 3314
Quarter : 11 Load : 7039
Quarter : 12 Load : 7039
Quarter : 13 Load : 7039
Quarter : 14 Load : 10202
Quarter : 15 Load : 16495
Quarter : 16 Load : 16495
Quarter : 17 Load : 18741
Quarter : 18 Load : 18741
Quarter : 19 Load : 20667
Quarter : 20 Load : 24984
Quarter : 21 Load : 29671
Quarter : 22 Load : 23683
Quarter : 23 Load : 18330
Quarter : 24 Load : 19433
Quarter : 25 Load : 22332
Quarter : 26 Load : 164484
Quarter : 27 Load : 136259
Quarter : 28 Load : 64158
Quarter : 29 Load : 55402
Quarter : 30 Load : 30897
Quarter : 31 Load : 29162
Quarter : 32 Load : 47415
Quarter : 33 Load : 27052
Quarter : 34 Load : 29444
Quarter : 35 Load : 28123
Quarter : 36 Load : 27813
Quarter : 37 Load : 27470
Quarter : 38 Load : 27073
Quarter : 39 Load : 22481
Quarter : 40 Load : 19812
Quarter : 41 Load : 38894
Quarter : 42 Load : 29195
Quarter : 43 Load : 26996
Quarter : 44 Load : 23611
Quarter : 45 Load : 28296
Quarter : 46 Load : 30941
Quarter : 47 Load : 23806
Quarter : 48 Load : 13841
Quarter : 49 Load : 25604
Quarter : 50 Load : 34373
Quarter : 51 Load : 22827
Quarter : 52 Load : 13073
Quarter : 53 Load : 29227
Quarter : 54 Load : 25952
Quarter : 55 Load : 20447
Quarter : 56 Load : 28255
Quarter : 57 Load : 22836
Quarter : 58 Load : 20128
Quarter : 59 Load : 32832
Quarter : 60 Load : 23468
Quarter : 61 Load : 43680
Quarter : 62 Load : 19962
Quarter : 63 Load : 29719
Quarter : 64 Load : 26314
Quarter : 65 Load : 26412
Quarter : 66 Load : 33890
Quarter : 67 Load : 24796
Quarter : 68 Load : 20082
Quarter : 69 Load : 24371
Quarter : 70 Load : 27705
Quarter : 71 Load : 45721
Quarter : 72 Load : 30814
Quarter : 73 Load : 22325
Quarter : 74 Load : 24612
Quarter : 75 Load : 21631
Quarter : 76 Load : 19129
Quarter : 77 Load : 16109
Quarter : 78 Load : 18588
Quarter : 79 Load : 16082
Quarter : 80 Load : 20014
Quarter : 81 Load : 22799
Quarter : 82 Load : 29378
Quarter : 83 Load : 30503
Quarter : 84 Load : 19992
Quarter : 85 Load : 24204
Quarter : 86 Load : 20896
Quarter : 87 Load : 21629
Quarter : 88 Load : 21109
Quarter : 89 Load : 16835
Quarter : 90 Load : 14780
Quarter : 91 Load : 17009
Quarter : 92 Load : 6278
Quarter : 93 Load : 2819
Quarter : 94 Load : 2526
Quarter : 95 Load : 598
Quarter : 96 Load : 598
Day 5
Quarter : 1 Load : 5755
Quarter : 2 Load : 3725
Quarter : 3 Load : 7339
Quarter : 4 Load : 7339
Quarter : 5 Load : 7339
Quarter : 6 Load : 7339
Quarter : 7 Load : 7339
Quarter : 8 Load : 7339
Quarter : 9 Load : 7339
Quarter : 10 Load : 6557
Quarter : 11 Load : 2943
Quarter : 12 Load : 2943
Quarter : 13 Load : 5806
Quarter : 14 Load : 5806
Quarter : 15 Load : 5806
Quarter : 16 Load : 5806
Quarter : 17 Load : 13631
Quarter : 18 Load : 18491
Quarter : 19 Load : 21338
Quarter : 20 Load : 24237
Quarter : 21 Load : 25020
Quarter : 22 Load : 25020
Quarter : 23 Load : 28232
Quarter : 24 Load : 32014
Quarter : 25 Load : 33339
Quarter : 26 Load : 208074
Quarter : 27 Load : 148019
Quarter : 28 Load : 64842
Quarter : 29 Load : 57747
Quarter : 30 Load : 33148
Quarter : 31 Load : 23819
Quarter : 32 Load : 19249
Quarter : 33 Load : 22268
Quarter : 34 Load : 36647
Quarter : 35 Load : 30775
Quarter : 36 Load : 30185
Quarter : 37 Load : 38203
Quarter : 38 Load : 26381
Quarter : 39 Load : 36601
Quarter : 40 Load : 25572
Quarter : 41 Load : 38451
Quarter : 42 Load : 31452
Quarter : 43 Load : 26227
Quarter : 44 Load : 26890
Quarter : 45 Load : 24083
Quarter : 46 Load : 25110
Quarter : 47 Load : 19188
Quarter : 48 Load : 13024
Quarter : 49 Load : 20740
Quarter : 50 Load : 14817
Quarter : 51 Load : 18869
Quarter : 52 Load : 24241
Quarter : 53 Load : 24330
Quarter : 54 Load : 24617
Quarter : 55 Load : 19187
Quarter : 56 Load : 23025
Quarter : 57 Load : 30128
Quarter : 58 Load : 24691
Quarter : 59 Load : 25210
Quarter : 60 Load : 20120
Quarter : 61 Load : 20710
Quarter : 62 Load : 29448
Quarter : 63 Load : 34212
Quarter : 64 Load : 36197
Quarter : 65 Load : 23566
Quarter : 66 Load : 25296
Quarter : 67 Load : 25616
Quarter : 68 Load : 22033
Quarter : 69 Load : 15993
Quarter : 70 Load : 17281
Quarter : 71 Load : 18222
Quarter : 72 Load : 25798
Quarter : 73 Load : 40406
Quarter : 74 Load : 27717
Quarter : 75 Load : 42422
Quarter : 76 Load : 27255
Quarter : 77 Load : 14934
Quarter : 78 Load : 18053
Quarter : 79 Load : 25898
Quarter : 80 Load : 23105
Quarter : 81 Load : 30806
Quarter : 82 Load : 21606
Quarter : 83 Load : 22455
Quarter : 84 Load : 20423
Quarter : 85 Load : 17972
Quarter : 86 Load : 18236
Quarter : 87 Load : 19516
Quarter : 88 Load : 22748
Quarter : 89 Load : 15922
Quarter : 90 Load : 17274
Quarter : 91 Load : 18216
Quarter : 92 Load : 8313
Quarter : 93 Load : 3746
Quarter : 94 Load : 2517
Quarter : 95 Load : 1786
Quarter : 96 Load : 1196
Day 6
Quarter : 1 Load : 5970
Quarter : 2 Load : 3314
Quarter : 3 Load : 3314
Quarter : 4 Load : 3314
Quarter : 5 Load : 6213
Quarter : 6 Load : 6213
Quarter : 7 Load : 6213
Quarter : 8 Load : 6213
Quarter : 9 Load : 6213
Quarter : 10 Load : 2899
Quarter : 11 Load : 2899
Quarter : 12 Load : 2899
Quarter : 13 Load : 3081
Quarter : 14 Load : 9907
Quarter : 15 Load : 13593
Quarter : 16 Load : 16383
Quarter : 17 Load : 21931
Quarter : 18 Load : 25045
Quarter : 19 Load : 25045
Quarter : 20 Load : 27315
Quarter : 21 Load : 24234
Quarter : 22 Load : 21133
Quarter : 23 Load : 20390
Quarter : 24 Load : 17600
Quarter : 25 Load : 17043
Quarter : 26 Load : 187071
Quarter : 27 Load : 138164
Quarter : 28 Load : 60121
Quarter : 29 Load : 48599
Quarter : 30 Load : 34384
Quarter : 31 Load : 27303
Quarter : 32 Load : 22188
Quarter : 33 Load : 18523
Quarter : 34 Load : 18189
Quarter : 35 Load : 19173
Quarter : 36 Load : 21575
Quarter : 37 Load : 40445
Quarter : 38 Load : 24815
Quarter : 39 Load : 21147
Quarter : 40 Load : 24552
Quarter : 41 Load : 28144
Quarter : 42 Load : 17037
Quarter : 43 Load : 16706
Quarter : 44 Load : 18309
Quarter : 45 Load : 17984
Quarter : 46 Load : 19510
Quarter : 47 Load : 15569
Quarter : 48 Load : 20317
Quarter : 49 Load : 18461
Quarter : 50 Load : 16299
Quarter : 51 Load : 16537
Quarter : 52 Load : 17883
Quarter : 53 Load : 20419
Quarter : 54 Load : 17414
Quarter : 55 Load : 35957
Quarter : 56 Load : 23947
Quarter : 57 Load : 23854
Quarter : 58 Load : 16033
Quarter : 59 Load : 14541
Quarter : 60 Load : 30558
Quarter : 61 Load : 15777
Quarter : 62 Load : 14279
Quarter : 63 Load : 16241
Quarter : 64 Load : 43075
Quarter : 65 Load : 22030
Quarter : 66 Load : 18075
Quarter : 67 Load : 14920
Quarter : 68 Load : 17912
Quarter : 69 Load : 20165
Quarter : 70 Load : 28203
Quarter : 71 Load : 19497
Quarter : 72 Load : 27168
Quarter : 73 Load : 21663
Quarter : 74 Load : 14106
Quarter : 75 Load : 24390
Quarter : 76 Load : 20719
Quarter : 77 Load : 16780
Quarter : 78 Load : 19866
Quarter : 79 Load : 16964
Quarter : 80 Load : 14638
Quarter : 81 Load : 14942
Quarter : 82 Load : 15546
Quarter : 83 Load : 13917
Quarter : 84 Load : 12247
Quarter : 85 Load : 14349
Quarter : 86 Load : 11546
Quarter : 87 Load : 25747
Quarter : 88 Load : 19868
Quarter : 89 Load : 17003
Quarter : 90 Load : 20731
Quarter : 91 Load : 21008
Quarter : 92 Load : 6552
Quarter : 93 Load : 3864
Quarter : 94 Load : 1158
Quarter : 95 Load : 1683
Quarter : 96 Load : 555
Day 0
Hour : 1 Load : 24914
Hour : 2 Load : 26687
Hour : 3 Load : 39821
Hour : 4 Load : 62039
Hour : 5 Load : 72199
Hour : 6 Load : 74811
Hour : 7 Load : 356547
Hour : 8 Load : 151552
Hour : 9 Load : 93845
Hour : 10 Load : 92728
Hour : 11 Load : 137823
Hour : 12 Load : 119883
Hour : 13 Load : 108891
Hour : 14 Load : 94827
Hour : 15 Load : 104194
Hour : 16 Load : 84271
Hour : 17 Load : 110272
Hour : 18 Load : 102300
Hour : 19 Load : 99837
Hour : 20 Load : 140635
Hour : 21 Load : 112131
Hour : 22 Load : 79264
Hour : 23 Load : 59217
Hour : 24 Load : 9543
Day 1
Hour : 1 Load : 7021
Hour : 2 Load : 37147
Hour : 3 Load : 69203
Hour : 4 Load : 74131
Hour : 5 Load : 87670
Hour : 6 Load : 72902
Hour : 7 Load : 419408
Hour : 8 Load : 142947
Hour : 9 Load : 118671
Hour : 10 Load : 109197
Hour : 11 Load : 118626
Hour : 12 Load : 85550
Hour : 13 Load : 65313
Hour : 14 Load : 60537
Hour : 15 Load : 79894
Hour : 16 Load : 80144
Hour : 17 Load : 93924
Hour : 18 Load : 106241
Hour : 19 Load : 105064
Hour : 20 Load : 78877
Hour : 21 Load : 87304
Hour : 22 Load : 78829
Hour : 23 Load : 64464
Hour : 24 Load : 7085
Day 2
Hour : 1 Load : 19805
Hour : 2 Load : 40307
Hour : 3 Load : 40497
Hour : 4 Load : 23864
Hour : 5 Load : 78178
Hour : 6 Load : 109221
Hour : 7 Load : 441671
Hour : 8 Load : 133974
Hour : 9 Load : 81891
Hour : 10 Load : 94918
Hour : 11 Load : 116333
Hour : 12 Load : 103466
Hour : 13 Load : 75704
Hour : 14 Load : 95081
Hour : 15 Load : 105370
Hour : 16 Load : 98233
Hour : 17 Load : 89171
Hour : 18 Load : 110870
Hour : 19 Load : 90467
Hour : 20 Load : 103309
Hour : 21 Load : 107200
Hour : 22 Load : 88352
Hour : 23 Load : 60565
Hour : 24 Load : 11153
Day 3
Hour : 1 Load : 18596
Hour : 2 Load : 42213
Hour : 3 Load : 72184
Hour : 4 Load : 59071
Hour : 5 Load : 60586
Hour : 6 Load : 61212
Hour : 7 Load : 410293
Hour : 8 Load : 165673
Hour : 9 Load : 93490
Hour : 10 Load : 114631
Hour : 11 Load : 113160
Hour : 12 Load : 118815
Hour : 13 Load : 84172
Hour : 14 Load : 82620
Hour : 15 Load : 94384
Hour : 16 Load : 115698
Hour : 17 Load : 82024
Hour : 18 Load : 88176
Hour : 19 Load : 100625
Hour : 20 Load : 88310
Hour : 21 Load : 71165
Hour : 22 Load : 82473
Hour : 23 Load : 44173
Hour : 24 Load : 11499
Day 4
Hour : 1 Load : 15042
Hour : 2 Load : 21538
Hour : 3 Load : 23605
Hour : 4 Load : 50231
Hour : 5 Load : 83133
Hour : 6 Load : 91117
Hour : 7 Load : 387233
Hour : 8 Load : 162876
Hour : 9 Load : 112432
Hour : 10 Load : 96836
Hour : 11 Load : 118696
Hour : 12 Load : 96884
Hour : 13 Load : 95877
Hour : 14 Load : 103881
Hour : 15 Load : 99264
Hour : 16 Load : 119675
Hour : 17 Load : 105180
Hour : 18 Load : 128611
Hour : 19 Load : 87697
Hour : 20 Load : 70793
Hour : 21 Load : 102672
Hour : 22 Load : 87838
Hour : 23 Load : 54902
Hour : 24 Load : 6541
Day 5
Hour : 1 Load : 24158
Hour : 2 Load : 29356
Hour : 3 Load : 19782
Hour : 4 Load : 23224
Hour : 5 Load : 77697
Hour : 6 Load : 110286
Hour : 7 Load : 454274
Hour : 8 Load : 133963
Hour : 9 Load : 119875
Hour : 10 Load : 126757
Hour : 11 Load : 123020
Hour : 12 Load : 81405
Hour : 13 Load : 78667
Hour : 14 Load : 91159
Hour : 15 Load : 100149
Hour : 16 Load : 120567
Hour : 17 Load : 96511
Hour : 18 Load : 77294
Hour : 19 Load : 137800
Hour : 20 Load : 81990
Hour : 21 Load : 95290
Hour : 22 Load : 78472
Hour : 23 Load : 59725
Hour : 24 Load : 9245
Day 6
Hour : 1 Load : 15912
Hour : 2 Load : 24852
Hour : 3 Load : 14910
Hour : 4 Load : 42964
Hour : 5 Load : 99336
Hour : 6 Load : 83357
Hour : 7 Load : 402399
Hour : 8 Load : 132474
Hour : 9 Load : 77460
Hour : 10 Load : 110959
Hour : 11 Load : 80196
Hour : 12 Load : 73380
Hour : 13 Load : 69180
Hour : 14 Load : 97737
Hour : 15 Load : 84986
Hour : 16 Load : 89372
Hour : 17 Load : 72937
Hour : 18 Load : 95033
Hour : 19 Load : 80878
Hour : 20 Load : 68248
Hour : 21 Load : 56652
Hour : 22 Load : 71510
Hour : 23 Load : 65294
Hour : 24 Load : 7260
End of initialization

2 2 1
69203.0
2 2 1
56843.0
--Output from testChangingSubscriptions--
Initializing House 0
Initializing House 1
Initializing House 2
Initializing House 3
Initializing House 4
Initializing House 5
Initializing House 6
Initializing House 7
Initializing House 8
Initializing House 9
Initializing House 10
Initializing House 11
Initializing House 12
Initializing House 13
Initializing House 14
Initializing House 15
Initializing House 16
Initializing House 17
Initializing House 18
Initializing House 19
Initializing House 20
Initializing House 21
Initializing House 22
Initializing House 23
Initializing House 24
Initializing House 25
Initializing House 26
Initializing House 27
Initializing House 28
Initializing House 29
Initializing House 30
Initializing House 31
Initializing House 32
Initializing House 33
Initializing House 34
Initializing House 35
Initializing House 36
Initializing House 37
Initializing House 38
Initializing House 39
Initializing House 40
Initializing House 41
Initializing House 42
Initializing House 43
Initializing House 44
Initializing House 45
Initializing House 46
Initializing House 47
Initializing House 48
Initializing House 49
Initializing House 50
Initializing House 51
Initializing House 52
Initializing House 53
Initializing House 54
Initializing House 55
Initializing House 56
Initializing House 57
Initializing House 58
Initializing House 59
Initializing House 60
Initializing House 61
Initializing House 62
Initializing House 63
Initializing House 64
Initializing House 65
Initializing House 66
Initializing House 67
Initializing House 68
Initializing House 69
Initializing House 70
Initializing House 71
Initializing House 72
Initializing House 73
Initializing House 74
Initializing House 75
Initializing House 76
Initializing House 77
Initializing House 78
Initializing House 79
Initializing House 80
Initializing House 81
Initializing House 82
Initializing House 83
Initializing House 84
Initializing House 85
Initializing House 86
Initializing House 87
Initializing House 88
Initializing House 89
Initializing House 90
Initializing House 91
Initializing House 92
Initializing House 93
Initializing House 94
Initializing House 95
Initializing House 96
Initializing House 97
Initializing House 98
Initializing House 99
Scheduled
Day 0
Quarter : 1 Load : 7753
Quarter : 2 Load : 0
Quarter : 3 Load : 3072
Quarter : 4 Load : 3072
Quarter : 5 Load : 3072
Quarter : 6 Load : 3072
Quarter : 7 Load : 3072
Quarter : 8 Load : 3072
Quarter : 9 Load : 3072
Quarter : 10 Load : 3072
Quarter : 11 Load : 0
Quarter : 12 Load : 0
Quarter : 13 Load : 2351
Quarter : 14 Load : 4570
Quarter : 15 Load : 4570
Quarter : 16 Load : 4570
Quarter : 17 Load : 6561
Quarter : 18 Load : 7157
Quarter : 19 Load : 12689
Quarter : 20 Load : 12689
Quarter : 21 Load : 13042
Quarter : 22 Load : 10823
Quarter : 23 Load : 10823
Quarter : 24 Load : 11869
Quarter : 25 Load : 11869
Quarter : 26 Load : 180524
Quarter : 27 Load : 127660
Quarter : 28 Load : 63316
Quarter : 29 Load : 51242
Quarter : 30 Load : 37705
Quarter : 31 Load : 21495
Quarter : 32 Load : 23080
Quarter : 33 Load : 24240
Quarter : 34 Load : 20980
Quarter : 35 Load : 16779
Quarter : 36 Load : 23109
Quarter : 37 Load : 23697
Quarter : 38 Load : 18061
Quarter : 39 Load : 19059
Quarter : 40 Load : 24289
Quarter : 41 Load : 24793
Quarter : 42 Load : 28391
Quarter : 43 Load : 21532
Quarter : 44 Load : 34583
Quarter : 45 Load : 14352
Quarter : 46 Load : 32476
Quarter : 47 Load : 18704
Quarter : 48 Load : 18888
Quarter : 49 Load : 17351
Quarter : 50 Load : 12547
Quarter : 51 Load : 25045
Quarter : 52 Load : 28685
Quarter : 53 Load : 19504
Quarter : 54 Load : 17003
Quarter : 55 Load : 21259
Quarter : 56 Load : 30367
Quarter : 57 Load : 26250
Quarter : 58 Load : 29773
Quarter : 59 Load : 30389
Quarter : 60 Load : 37766
Quarter : 61 Load : 20380
Quarter : 62 Load : 31599
Quarter : 63 Load : 22629
Quarter : 64 Load : 48163
Quarter : 65 Load : 25436
Quarter : 66 Load : 23724
Quarter : 67 Load : 24055
Quarter : 68 Load : 24354
Quarter : 69 Load : 19806
Quarter : 70 Load : 21281
Quarter : 71 Load : 19663
Quarter : 72 Load : 18612
Quarter : 73 Load : 17690
Quarter : 74 Load : 25452
Quarter : 75 Load : 27168
Quarter : 76 Load : 23550
Quarter : 77 Load : 20391
Quarter : 78 Load : 16902
Quarter : 79 Load : 22385
Quarter : 80 Load : 22511
Quarter : 81 Load : 27286
Quarter : 82 Load : 15522
Quarter : 83 Load : 18292
Quarter : 84 Load : 20203
Quarter : 85 Load : 18915
Quarter : 86 Load : 23280
Quarter : 87 Load : 25309
Quarter : 88 Load : 15645
Quarter : 89 Load : 17634
Quarter : 90 Load : 14733
Quarter : 91 Load : 24952
Quarter : 92 Load : 4436
Quarter : 93 Load : 1907
Quarter : 94 Load : 778
Quarter : 95 Load : 3407
Quarter : 96 Load : 787
Day 1
Quarter : 1 Load : 7346
Quarter : 2 Load : 0
Quarter : 3 Load : 0
Quarter : 4 Load : 0
Quarter : 5 Load : 0
Quarter : 6 Load : 0
Quarter : 7 Load : 0
Quarter : 8 Load : 0
Quarter : 9 Load : 0
Quarter : 10 Load : 0
Quarter : 11 Load : 2679
Quarter : 12 Load : 5023
Quarter : 13 Load : 5023
Quarter : 14 Load : 5023
Quarter : 15 Load : 5023
Quarter : 16 Load : 7374
Quarter : 17 Load : 15065
Quarter : 18 Load : 15065
Quarter : 19 Load : 15148
Quarter : 20 Load : 12804
Quarter : 21 Load : 12804
Quarter : 22 Load : 13338
Quarter : 23 Load : 13338
Quarter : 24 Load : 12756
Quarter : 25 Load : 10233
Quarter : 26 Load : 208786
Quarter : 27 Load : 136822
Quarter : 28 Load : 64011
Quarter : 29 Load : 51300
Quarter : 30 Load : 34325
Quarter : 31 Load : 37773
Quarter : 32 Load : 42063
Quarter : 33 Load : 25029
Quarter : 34 Load : 26203
Quarter : 35 Load : 27514
Quarter : 36 Load : 26946
Quarter : 37 Load : 22334
Quarter : 38 Load : 20866
Quarter : 39 Load : 26065
Quarter : 40 Load : 25545
Quarter : 41 Load : 33732
Quarter : 42 Load : 25380
Quarter : 43 Load : 19699
Quarter : 44 Load : 18575
Quarter : 45 Load : 17455
Quarter : 46 Load : 31835
Quarter : 47 Load : 18138
Quarter : 48 Load : 19419
Quarter : 49 Load : 29741
Quarter : 50 Load : 28732
Quarter : 51 Load : 23367
Quarter : 52 Load : 16865
Quarter : 53 Load : 24367
Quarter : 54 Load : 25901
Quarter : 55 Load : 25493
Quarter : 56 Load : 26321
Quarter : 57 Load : 21668
Quarter : 58 Load : 22463
Quarter : 59 Load : 20003
Quarter : 60 Load : 24594
Quarter : 61 Load : 22664
Quarter : 62 Load : 22501
Quarter : 63 Load : 24101
Quarter : 64 Load : 20388
Quarter : 65 Load : 21019
Quarter : 66 Load : 19546
Quarter : 67 Load : 19721
Quarter : 68 Load : 26942
Quarter : 69 Load : 15918
Quarter : 70 Load : 26745
Quarter : 71 Load : 22348
Quarter : 72 Load : 32409
Quarter : 73 Load : 22253
Quarter : 74 Load : 18171
Quarter : 75 Load : 22485
Quarter : 76 Load : 21937
Quarter : 77 Load : 35808
Quarter : 78 Load : 14665
Quarter : 79 Load : 31897
Quarter : 80 Load : 17957
Quarter : 81 Load : 18892
Quarter : 82 Load : 21582
Quarter : 83 Load : 22502
Quarter : 84 Load : 22863
Quarter : 85 Load : 32453
Quarter : 86 Load : 17091
Quarter : 87 Load : 25677
Quarter : 88 Load : 28004
Quarter : 89 Load : 22151
Quarter : 90 Load : 44791
Quarter : 91 Load : 17421
Quarter : 92 Load : 6899
Quarter : 93 Load : 1238
Quarter : 94 Load : 372
Quarter : 95 Load : 664
Quarter : 96 Load : 0
Day 2
Quarter : 1 Load : 7821
Quarter : 2 Load : 0
Quarter : 3 Load : 2219
Quarter : 4 Load : 7602
Quarter : 5 Load : 7602
Quarter : 6 Load : 9946
Quarter : 7 Load : 9946
Quarter : 8 Load : 9946
Quarter : 9 Load : 9946
Quarter : 10 Load : 9946
Quarter : 11 Load : 7727
Quarter : 12 Load : 5416
Quarter : 13 Load : 7767
Quarter : 14 Load : 5423
Quarter : 15 Load : 5423
Quarter : 16 Load : 5423
Quarter : 17 Load : 8933
Quarter : 18 Load : 8933
Quarter : 19 Load : 13880
Quarter : 20 Load : 10808
Quarter : 21 Load : 9043
Quarter : 22 Load : 10080
Quarter : 23 Load : 10080
Quarter : 24 Load : 11001
Quarter : 25 Load : 12073
Quarter : 26 Load : 200789
Quarter : 27 Load : 161948
Quarter : 28 Load : 71137
Quarter : 29 Load : 63556
Quarter : 30 Load : 26974
Quarter : 31 Load : 20624
Quarter : 32 Load : 22280
Quarter : 33 Load : 23478
Quarter : 34 Load : 15896
Quarter : 35 Load : 20409
Quarter : 36 Load : 20104
Quarter : 37 Load : 19864
Quarter : 38 Load : 16480
Quarter : 39 Load : 15886
Quarter : 40 Load : 13738
Quarter : 41 Load : 29246
Quarter : 42 Load : 19733
Quarter : 43 Load : 25021
Quarter : 44 Load : 18953
Quarter : 45 Load : 25214
Quarter : 46 Load : 23330
Quarter : 47 Load : 22791
Quarter : 48 Load : 29992
Quarter : 49 Load : 17176
Quarter : 50 Load : 19906
Quarter : 51 Load : 20245
Quarter : 52 Load : 33894
Quarter : 53 Load : 29659
Quarter : 54 Load : 27255
Quarter : 55 Load : 22972
Quarter : 56 Load : 18740
Quarter : 57 Load : 17299
Quarter : 58 Load : 23333
Quarter : 59 Load : 24290
Quarter : 60 Load : 34957
Quarter : 61 Load : 30195
Quarter : 62 Load : 29724
Quarter : 63 Load : 23800
Quarter : 64 Load : 27217
Quarter : 65 Load : 22033
Quarter : 66 Load : 16684
Quarter : 67 Load : 20617
Quarter : 68 Load : 23436
Quarter : 69 Load : 24126
Quarter : 70 Load : 19495
Quarter : 71 Load : 18457
Quarter : 72 Load : 20203
Quarter : 73 Load : 21346
Quarter : 74 Load : 35912
Quarter : 75 Load : 25394
Quarter : 76 Load : 23943
Quarter : 77 Load : 21166
Quarter : 78 Load : 21635
Quarter : 79 Load : 22081
Quarter : 80 Load : 22809
Quarter : 81 Load : 40675
Quarter : 82 Load : 26659
Quarter : 83 Load : 17483
Quarter : 84 Load : 21176
Quarter : 85 Load : 24165
Quarter : 86 Load : 16434
Quarter : 87 Load : 16052
Quarter : 88 Load : 18671
Quarter : 89 Load : 23227
Quarter : 90 Load : 25972
Quarter : 91 Load : 17939
Quarter : 92 Load : 7177
Quarter : 93 Load : 5094
Quarter : 94 Load : 1805
Quarter : 95 Load : 403
Quarter : 96 Load : 302
Day 3
Quarter : 1 Load : 7046
Quarter : 2 Load : 2679
Quarter : 3 Load : 2679
Quarter : 4 Load : 2679
Quarter : 5 Load : 2679
Quarter : 6 Load : 5383
Quarter : 7 Load : 5383
Quarter : 8 Load : 5383
Quarter : 9 Load : 5383
Quarter : 10 Load : 2704
Quarter : 11 Load : 2704
Quarter : 12 Load : 2704
Quarter : 13 Load : 5776
Quarter : 14 Load : 5291
Quarter : 15 Load : 5291
Quarter : 16 Load : 5291
Quarter : 17 Load : 8068
Quarter : 18 Load : 8633
Quarter : 19 Load : 12996
Quarter : 20 Load : 13551
Quarter : 21 Load : 12823
Quarter : 22 Load : 12113
Quarter : 23 Load : 12113
Quarter : 24 Load : 13388
Quarter : 25 Load : 14136
Quarter : 26 Load : 199362
Quarter : 27 Load : 140641
Quarter : 28 Load : 63433
Quarter : 29 Load : 48284
Quarter : 30 Load : 27081
Quarter : 31 Load : 17987
Quarter : 32 Load : 21820
Quarter : 33 Load : 21880
Quarter : 34 Load : 17755
Quarter : 35 Load : 32350
Quarter : 36 Load : 25897
Quarter : 37 Load : 23789
Quarter : 38 Load : 29770
Quarter : 39 Load : 16782
Quarter : 40 Load : 18963
Quarter : 41 Load : 20431
Quarter : 42 Load : 21895
Quarter : 43 Load : 38891
Quarter : 44 Load : 17139
Quarter : 45 Load : 18898
Quarter : 46 Load : 21720
Quarter : 47 Load : 29651
Quarter : 48 Load : 20899
Quarter : 49 Load : 28311
Quarter : 50 Load : 25051
Quarter : 51 Load : 19313
Quarter : 52 Load : 24925
Quarter : 53 Load : 19273
Quarter : 54 Load : 25425
Quarter : 55 Load : 26742
Quarter : 56 Load : 23275
Quarter : 57 Load : 25724
Quarter : 58 Load : 15531
Quarter : 59 Load : 19558
Quarter : 60 Load : 25157
Quarter : 61 Load : 24212
Quarter : 62 Load : 21117
Quarter : 63 Load : 20323
Quarter : 64 Load : 34413
Quarter : 65 Load : 24867
Quarter : 66 Load : 21226
Quarter : 67 Load : 27576
Quarter : 68 Load : 39380
Quarter : 69 Load : 27344
Quarter : 70 Load : 25713
Quarter : 71 Load : 24905
Quarter : 72 Load : 22427
Quarter : 73 Load : 27483
Quarter : 74 Load : 21712
Quarter : 75 Load : 27171
Quarter : 76 Load : 30024
Quarter : 77 Load : 37054
Quarter : 78 Load : 24251
Quarter : 79 Load : 30435
Quarter : 80 Load : 32062
Quarter : 81 Load : 24178
Quarter : 82 Load : 22508
Quarter : 83 Load : 17428
Quarter : 84 Load : 20204
Quarter : 85 Load : 37597
Quarter : 86 Load : 22513
Quarter : 87 Load : 21926
Quarter : 88 Load : 32996
Quarter : 89 Load : 18411
Quarter : 90 Load : 19557
Quarter : 91 Load : 16182
Quarter : 92 Load : 8571
Quarter : 93 Load : 4673
Quarter : 94 Load : 1319
Quarter : 95 Load : 585
Quarter : 96 Load : 762
Day 4
Quarter : 1 Load : 7464
Quarter : 2 Load : 0
Quarter : 3 Load : 0
Quarter : 4 Load : 2344
Quarter : 5 Load : 2344
Quarter : 6 Load : 2344
Quarter : 7 Load : 2344
Quarter : 8 Load : 4563
Quarter : 9 Load : 4563
Quarter : 10 Load : 4563
Quarter : 11 Load : 7635
Quarter : 12 Load : 7642
Quarter : 13 Load : 7642
Quarter : 14 Load : 7642
Quarter : 15 Load : 7642
Quarter : 16 Load : 5423
Quarter : 17 Load : 8424
Quarter : 18 Load : 8941
Quarter : 19 Load : 10348
Quarter : 20 Load : 11264
Quarter : 21 Load : 14478
Quarter : 22 Load : 14988
Quarter : 23 Load : 14988
Quarter : 24 Load : 15934
Quarter : 25 Load : 15934
Quarter : 26 Load : 183016
Quarter : 27 Load : 140089
Quarter : 28 Load : 58589
Quarter : 29 Load : 40674
Quarter : 30 Load : 38309
Quarter : 31 Load : 27298
Quarter : 32 Load : 30026
Quarter : 33 Load : 29192
Quarter : 34 Load : 24055
Quarter : 35 Load : 32259
Quarter : 36 Load : 15106
Quarter : 37 Load : 16967
Quarter : 38 Load : 20286
Quarter : 39 Load : 18413
Quarter : 40 Load : 30281
Quarter : 41 Load : 19397
Quarter : 42 Load : 16464
Quarter : 43 Load : 28415
Quarter : 44 Load : 35501
Quarter : 45 Load : 31339
Quarter : 46 Load : 18083
Quarter : 47 Load : 27798
Quarter : 48 Load : 26678
Quarter : 49 Load : 18594
Quarter : 50 Load : 22049
Quarter : 51 Load : 35542
Quarter : 52 Load : 35560
Quarter : 53 Load : 19934
Quarter : 54 Load : 36575
Quarter : 55 Load : 26513
Quarter : 56 Load : 25350
Quarter : 57 Load : 23760
Quarter : 58 Load : 17434
Quarter : 59 Load : 27592
Quarter : 60 Load : 28512
Quarter : 61 Load : 25616
Quarter : 62 Load : 26233
Quarter : 63 Load : 24038
Quarter : 64 Load : 23783
Quarter : 65 Load : 28007
Quarter : 66 Load : 26865
Quarter : 67 Load : 18652
Quarter : 68 Load : 18610
Quarter : 69 Load : 19812
Quarter : 70 Load : 13675
Quarter : 71 Load : 18114
Quarter : 72 Load : 37425
Quarter : 73 Load : 29569
Quarter : 74 Load : 21742
Quarter : 75 Load : 24805
Quarter : 76 Load : 25759
Quarter : 77 Load : 26649
Quarter : 78 Load : 18112
Quarter : 79 Load : 21742
Quarter : 80 Load : 19499
Quarter : 81 Load : 16698
Quarter : 82 Load : 19509
Quarter : 83 Load : 15948
Quarter : 84 Load : 16430
Quarter : 85 Load : 34751
Quarter : 86 Load : 21654
Quarter : 87 Load : 19780
Quarter : 88 Load : 35582
Quarter : 89 Load : 18252
Quarter : 90 Load : 23826
Quarter : 91 Load : 21051
Quarter : 92 Load : 5107
Quarter : 93 Load : 4610
Quarter : 94 Load : 1483
Quarter : 95 Load : 0
Quarter : 96 Load : 0
Day 5
Quarter : 1 Load : 5156
Quarter : 2 Load : 0
Quarter : 3 Load : 0
Quarter : 4 Load : 0
Quarter : 5 Load : 0
Quarter : 6 Load : 0
Quarter : 7 Load : 0
Quarter : 8 Load : 2704
Quarter : 9 Load : 2704
Quarter : 10 Load : 2704
Quarter : 11 Load : 2704
Quarter : 12 Load : 5048
Quarter : 13 Load : 5048
Quarter : 14 Load : 5048
Quarter : 15 Load : 5048
Quarter : 16 Load : 2344
Quarter : 17 Load : 11906
Quarter : 18 Load : 11906
Quarter : 19 Load : 15509
Quarter : 20 Load : 13165
Quarter : 21 Load : 13165
Quarter : 22 Load : 13791
Quarter : 23 Load : 13791
Quarter : 24 Load : 14387
Quarter : 25 Load : 6285
Quarter : 26 Load : 208748
Quarter : 27 Load : 127684
Quarter : 28 Load : 57766
Quarter : 29 Load : 51240
Quarter : 30 Load : 43256
Quarter : 31 Load : 37509
Quarter : 32 Load : 26883
Quarter : 33 Load : 23740
Quarter : 34 Load : 22658
Quarter : 35 Load : 24183
Quarter : 36 Load : 18234
Quarter : 37 Load : 20333
Quarter : 38 Load : 17993
Quarter : 39 Load : 32954
Quarter : 40 Load : 27762
Quarter : 41 Load : 22975
Quarter : 42 Load : 26914
Quarter : 43 Load : 14804
Quarter : 44 Load : 18151
Quarter : 45 Load : 17472
Quarter : 46 Load : 16084
Quarter : 47 Load : 21933
Quarter : 48 Load : 21358
Quarter : 49 Load : 22314
Quarter : 50 Load : 23803
Quarter : 51 Load : 29253
Quarter : 52 Load : 20720
Quarter : 53 Load : 19968
Quarter : 54 Load : 37413
Quarter : 55 Load : 23187
Quarter : 56 Load : 31813
Quarter : 57 Load : 34304
Quarter : 58 Load : 24994
Quarter : 59 Load : 48796
Quarter : 60 Load : 28226
Quarter : 61 Load : 31675
Quarter : 62 Load : 30217
Quarter : 63 Load : 27275
Quarter : 64 Load : 21667
Quarter : 65 Load : 17972
Quarter : 66 Load : 17613
Quarter : 67 Load : 22583
Quarter : 68 Load : 15208
Quarter : 69 Load : 13554
Quarter : 70 Load : 14314
Quarter : 71 Load : 14561
Quarter : 72 Load : 22427
Quarter : 73 Load : 17394
Quarter : 74 Load : 14412
Quarter : 75 Load : 16327
Quarter : 76 Load : 21064
Quarter : 77 Load : 36609
Quarter : 78 Load : 24459
Quarter : 79 Load : 29617
Quarter : 80 Load : 19131
Quarter : 81 Load : 13309
Quarter : 82 Load : 28897
Quarter : 83 Load : 21805
Quarter : 84 Load : 27848
Quarter : 85 Load : 28000
Quarter : 86 Load : 27070
Quarter : 87 Load : 25613
Quarter : 88 Load : 40528
Quarter : 89 Load : 24729
Quarter : 90 Load : 31963
Quarter : 91 Load : 16105
Quarter : 92 Load : 5911
Quarter : 93 Load : 3877
Quarter : 94 Load : 1928
Quarter : 95 Load : 1331
Quarter : 96 Load : 676
Day 6
Quarter : 1 Load : 7076
Quarter : 2 Load : 0
Quarter : 3 Load : 0
Quarter : 4 Load : 0
Quarter : 5 Load : 0
Quarter : 6 Load : 0
Quarter : 7 Load : 0
Quarter : 8 Load : 0
Quarter : 9 Load : 4898
Quarter : 10 Load : 7602
Quarter : 11 Load : 7602
Quarter : 12 Load : 7602
Quarter : 13 Load : 10674
Quarter : 14 Load : 13025
Quarter : 15 Load : 13025
Quarter : 16 Load : 15369
Quarter : 17 Load : 12522
Quarter : 18 Load : 9818
Quarter : 19 Load : 10460
Quarter : 20 Load : 10460
Quarter : 21 Load : 7388
Quarter : 22 Load : 5037
Quarter : 23 Load : 5037
Quarter : 24 Load : 2693
Quarter : 25 Load : 2693
Quarter : 26 Load : 177552
Quarter : 27 Load : 127408
Quarter : 28 Load : 58887
Quarter : 29 Load : 47967
Quarter : 30 Load : 30909
Quarter : 31 Load : 20887
Quarter : 32 Load : 29258
Quarter : 33 Load : 18748
Quarter : 34 Load : 18580
Quarter : 35 Load : 30412
Quarter : 36 Load : 29593
Quarter : 37 Load : 17047
Quarter : 38 Load : 28823
Quarter : 39 Load : 19208
Quarter : 40 Load : 18013
Quarter : 41 Load : 35120
Quarter : 42 Load : 18481
Quarter : 43 Load : 15051
Quarter : 44 Load : 10611
Quarter : 45 Load : 31954
Quarter : 46 Load : 26374
Quarter : 47 Load : 20982
Quarter : 48 Load : 39933
Quarter : 49 Load : 36774
Quarter : 50 Load : 17552
Quarter : 51 Load : 16276
Quarter : 52 Load : 16078
Quarter : 53 Load : 18745
Quarter : 54 Load : 18777
Quarter : 55 Load : 18430
Quarter : 56 Load : 15150
Quarter : 57 Load : 18655
Quarter : 58 Load : 13926
Quarter : 59 Load : 14103
Quarter : 60 Load : 15392
Quarter : 61 Load : 15351
Quarter : 62 Load : 18936
Quarter : 63 Load : 21908
Quarter : 64 Load : 21220
Quarter : 65 Load : 21665
Quarter : 66 Load : 9341
Quarter : 67 Load : 12764
Quarter : 68 Load : 20138
Quarter : 69 Load : 30609
Quarter : 70 Load : 12950
Quarter : 71 Load : 13552
Quarter : 72 Load : 12902
Quarter : 73 Load : 29090
Quarter : 74 Load : 15947
Quarter : 75 Load : 16034
Quarter : 76 Load : 17765
Quarter : 77 Load : 25353
Quarter : 78 Load : 29362
Quarter : 79 Load : 17708
Quarter : 80 Load : 16216
Quarter : 81 Load : 16752
Quarter : 82 Load : 13283
Quarter : 83 Load : 11849
Quarter : 84 Load : 9219
Quarter : 85 Load : 14749
Quarter : 86 Load : 19091
Quarter : 87 Load : 19966
Quarter : 88 Load : 20726
Quarter : 89 Load : 15146
Quarter : 90 Load : 15885
Quarter : 91 Load : 25295
Quarter : 92 Load : 5252
Quarter : 93 Load : 1556
Quarter : 94 Load : 2490
Quarter : 95 Load : 119
Quarter : 96 Load : 0
Day 0
Hour : 1 Load : 13897
Hour : 2 Load : 12288
Hour : 3 Load : 6144
Hour : 4 Load : 16061
Hour : 5 Load : 39096
Hour : 6 Load : 46557
Hour : 7 Load : 383369
Hour : 8 Load : 133522
Hour : 9 Load : 85108
Hour : 10 Load : 85106
Hour : 11 Load : 109299
Hour : 12 Load : 84420
Hour : 13 Load : 83628
Hour : 14 Load : 88133
Hour : 15 Load : 124178
Hour : 16 Load : 122771
Hour : 17 Load : 97569
Hour : 18 Load : 79362
Hour : 19 Load : 93860
Hour : 20 Load : 82189
Hour : 21 Load : 81303
Hour : 22 Load : 83149
Hour : 23 Load : 61755
Hour : 24 Load : 6879
Day 1
Hour : 1 Load : 7346
Hour : 2 Load : 0
Hour : 3 Load : 7702
Hour : 4 Load : 22443
Hour : 5 Load : 58082
Hour : 6 Load : 52236
Hour : 7 Load : 419852
Hour : 8 Load : 165461
Hour : 9 Load : 105692
Hour : 10 Load : 94810
Hour : 11 Load : 97386
Hour : 12 Load : 86847
Hour : 13 Load : 98705
Hour : 14 Load : 102082
Hour : 15 Load : 88728
Hour : 16 Load : 89654
Hour : 17 Load : 87228
Hour : 18 Load : 97420
Hour : 19 Load : 84846
Hour : 20 Load : 100327
Hour : 21 Load : 85839
Hour : 22 Load : 103225
Hour : 23 Load : 91262
Hour : 24 Load : 2274
Day 2
Hour : 1 Load : 17642
Hour : 2 Load : 37440
Hour : 3 Load : 33035
Hour : 4 Load : 24036
Hour : 5 Load : 42554
Hour : 6 Load : 40204
Hour : 7 Load : 445947
Hour : 8 Load : 133434
Hour : 9 Load : 79887
Hour : 10 Load : 65968
Hour : 11 Load : 92953
Hour : 12 Load : 101327
Hour : 13 Load : 91221
Hour : 14 Load : 98626
Hour : 15 Load : 99879
Hour : 16 Load : 110936
Hour : 17 Load : 82770
Hour : 18 Load : 82281
Hour : 19 Load : 106595
Hour : 20 Load : 87691
Hour : 21 Load : 105993
Hour : 22 Load : 75322
Hour : 23 Load : 74315
Hour : 24 Load : 7604
Day 3
Hour : 1 Load : 15083
Hour : 2 Load : 18828
Hour : 3 Load : 13495
Hour : 4 Load : 21649
Hour : 5 Load : 43248
Hour : 6 Load : 50437
Hour : 7 Load : 417572
Hour : 8 Load : 115172
Hour : 9 Load : 97882
Hour : 10 Load : 89304
Hour : 11 Load : 98356
Hour : 12 Load : 91168
Hour : 13 Load : 97600
Hour : 14 Load : 94715
Hour : 15 Load : 85970
Hour : 16 Load : 100065
Hour : 17 Load : 113049
Hour : 18 Load : 100389
Hour : 19 Load : 106390
Hour : 20 Load : 123802
Hour : 21 Load : 84318
Hour : 22 Load : 115032
Hour : 23 Load : 62721
Hour : 24 Load : 7339
Day 4
Hour : 1 Load : 9808
Hour : 2 Load : 11595
Hour : 3 Load : 24403
Hour : 4 Load : 28349
Hour : 5 Load : 38977
Hour : 6 Load : 60388
Hour : 7 Load : 397628
Hour : 8 Load : 136307
Hour : 9 Load : 100612
Hour : 10 Load : 85947
Hour : 11 Load : 99777
Hour : 12 Load : 103898
Hour : 13 Load : 111745
Hour : 14 Load : 108372
Hour : 15 Load : 97298
Hour : 16 Load : 99670
Hour : 17 Load : 92134
Hour : 18 Load : 89026
Hour : 19 Load : 101875
Hour : 20 Load : 86002
Hour : 21 Load : 68585
Hour : 22 Load : 111767
Hour : 23 Load : 68236
Hour : 24 Load : 6093
Day 5
Hour : 1 Load : 5156
Hour : 2 Load : 2704
Hour : 3 Load : 13160
Hour : 4 Load : 17488
Hour : 5 Load : 52486
Hour : 6 Load : 55134
Hour : 7 Load : 400483
Hour : 8 Load : 158888
Hour : 9 Load : 88815
Hour : 10 Load : 99042
Hour : 11 Load : 82844
Hour : 12 Load : 76847
Hour : 13 Load : 96090
Hour : 14 Load : 112381
Hour : 15 Load : 136320
Hour : 16 Load : 110834
Hour : 17 Load : 73376
Hour : 18 Load : 64856
Hour : 19 Load : 69197
Hour : 20 Load : 109816
Hour : 21 Load : 91859
Hour : 22 Load : 121211
Hour : 23 Load : 78708
Hour : 24 Load : 7812
Day 6
Hour : 1 Load : 7076
Hour : 2 Load : 0
Hour : 3 Load : 27704
Hour : 4 Load : 52093
Hour : 5 Load : 43260
Hour : 6 Load : 20155
Hour : 7 Load : 366540
Hour : 8 Load : 129021
Hour : 9 Load : 97333
Hour : 10 Load : 83091
Hour : 11 Load : 79263
Hour : 12 Load : 119243
Hour : 13 Load : 86680
Hour : 14 Load : 71102
Hour : 15 Load : 62076
Hour : 16 Load : 77415
Hour : 17 Load : 63908
Hour : 18 Load : 70013
Hour : 19 Load : 78836
Hour : 20 Load : 88639
Hour : 21 Load : 51103
Hour : 22 Load : 74532
Hour : 23 Load : 61578
Hour : 24 Load : 4165
Initializing House 0
Initializing House 1
Initializing House 2
Initializing House 3
Initializing House 4
Initializing House 5
Initializing House 6
Initializing House 7
Initializing House 8
Initializing House 9
Initializing House 10
Initializing House 11
Initializing House 12
Initializing House 13
Initializing House 14
Initializing House 15
Initializing House 16
Initializing House 17
Initializing House 18
Initializing House 19
Initializing House 20
Initializing House 21
Initializing House 22
Initializing House 23
Initializing House 24
Initializing House 25
Initializing House 26
Initializing House 27
Initializing House 28
Initializing House 29
Initializing House 30
Initializing House 31
Initializing House 32
Initializing House 33
Initializing House 34
Initializing House 35
Initializing House 36
Initializing House 37
Initializing House 38
Initializing House 39
Initializing House 40
Initializing House 41
Initializing House 42
Initializing House 43
Initializing House 44
Initializing House 45
Initializing House 46
Initializing House 47
Initializing House 48
Initializing House 49
Initializing House 50
Initializing House 51
Initializing House 52
Initializing House 53
Initializing House 54
Initializing House 55
Initializing House 56
Initializing House 57
Initializing House 58
Initializing House 59
Initializing House 60
Initializing House 61
Initializing House 62
Initializing House 63
Initializing House 64
Initializing House 65
Initializing House 66
Initializing House 67
Initializing House 68
Initializing House 69
Initializing House 70
Initializing House 71
Initializing House 72
Initializing House 73
Initializing House 74
Initializing House 75
Initializing House 76
Initializing House 77
Initializing House 78
Initializing House 79
Initializing House 80
Initializing House 81
Initializing House 82
Initializing House 83
Initializing House 84
Initializing House 85
Initializing House 86
Initializing House 87
Initializing House 88
Initializing House 89
Initializing House 90
Initializing House 91
Initializing House 92
Initializing House 93
Initializing House 94
Initializing House 95
Initializing House 96
Initializing House 97
Initializing House 98
Initializing House 99
Scheduled
Day 0
Quarter : 1 Load : 6079
Quarter : 2 Load : 0
Quarter : 3 Load : 5722
Quarter : 4 Load : 5722
Quarter : 5 Load : 5722
Quarter : 6 Load : 5722
Quarter : 7 Load : 5722
Quarter : 8 Load : 5722
Quarter : 9 Load : 5722
Quarter : 10 Load : 8355
Quarter : 11 Load : 2633
Quarter : 12 Load : 2633
Quarter : 13 Load : 2633
Quarter : 14 Load : 2633
Quarter : 15 Load : 6287
Quarter : 16 Load : 9625
Quarter : 17 Load : 11491
Quarter : 18 Load : 8858
Quarter : 19 Load : 12225
Quarter : 20 Load : 12727
Quarter : 21 Load : 12727
Quarter : 22 Load : 13287
Quarter : 23 Load : 13142
Quarter : 24 Load : 10513
Quarter : 25 Load : 11009
Quarter : 26 Load : 195034
Quarter : 27 Load : 137704
Quarter : 28 Load : 80987
Quarter : 29 Load : 67254
Quarter : 30 Load : 43084
Quarter : 31 Load : 35286
Quarter : 32 Load : 25328
Quarter : 33 Load : 27398
Quarter : 34 Load : 24091
Quarter : 35 Load : 29247
Quarter : 36 Load : 22164
Quarter : 37 Load : 25141
Quarter : 38 Load : 28519
Quarter : 39 Load : 24042
Quarter : 40 Load : 26692
Quarter : 41 Load : 36216
Quarter : 42 Load : 32716
Quarter : 43 Load : 24778
Quarter : 44 Load : 26985
Quarter : 45 Load : 20826
Quarter : 46 Load : 37843
Quarter : 47 Load : 16816
Quarter : 48 Load : 19097
Quarter : 49 Load : 18589
Quarter : 50 Load : 13248
Quarter : 51 Load : 15032
Quarter : 52 Load : 32961
Quarter : 53 Load : 31883
Quarter : 54 Load : 21603
Quarter : 55 Load : 23103
Quarter : 56 Load : 18560
Quarter : 57 Load : 21023
Quarter : 58 Load : 28164
Quarter : 59 Load : 22018
Quarter : 60 Load : 21541
Quarter : 61 Load : 25749
Quarter : 62 Load : 31497
Quarter : 63 Load : 21867
Quarter : 64 Load : 29164
Quarter : 65 Load : 30196
Quarter : 66 Load : 18500
Quarter : 67 Load : 37484
Quarter : 68 Load : 14630
Quarter : 69 Load : 15746
Quarter : 70 Load : 26667
Quarter : 71 Load : 27048
Quarter : 72 Load : 37541
Quarter : 73 Load : 23868
Quarter : 74 Load : 25372
Quarter : 75 Load : 19054
Quarter : 76 Load : 30632
Quarter : 77 Load : 16341
Quarter : 78 Load : 29878
Quarter : 79 Load : 45931
Quarter : 80 Load : 24954
Quarter : 81 Load : 34312
Quarter : 82 Load : 25085
Quarter : 83 Load : 27368
Quarter : 84 Load : 20973
Quarter : 85 Load : 18781
Quarter : 86 Load : 17111
Quarter : 87 Load : 12387
Quarter : 88 Load : 14520
Quarter : 89 Load : 17511
Quarter : 90 Load : 19083
Quarter : 91 Load : 14520
Quarter : 92 Load : 9585
Quarter : 93 Load : 3613
Quarter : 94 Load : 1326
Quarter : 95 Load : 2760
Quarter : 96 Load : 0
Day 1
Quarter : 1 Load : 7720
Quarter : 2 Load : 3338
Quarter : 3 Load : 3338
Quarter : 4 Load : 3338
Quarter : 5 Load : 3338
Quarter : 6 Load : 3338
Quarter : 7 Load : 3338
Quarter : 8 Load : 3338
Quarter : 9 Load : 10021
Quarter : 10 Load : 6683
Quarter : 11 Load : 6683
Quarter : 12 Load : 9316
Quarter : 13 Load : 9316
Quarter : 14 Load : 9316
Quarter : 15 Load : 9316
Quarter : 16 Load : 12970
Quarter : 17 Load : 8647
Quarter : 18 Load : 8647
Quarter : 19 Load : 10662
Quarter : 20 Load : 9033
Quarter : 21 Load : 16151
Quarter : 22 Load : 16151
Quarter : 23 Load : 16151
Quarter : 24 Load : 13605
Quarter : 25 Load : 21002
Quarter : 26 Load : 205628
Quarter : 27 Load : 174920
Quarter : 28 Load : 70956
Quarter : 29 Load : 49078
Quarter : 30 Load : 27116
Quarter : 31 Load : 24201
Quarter : 32 Load : 33482
Quarter : 33 Load : 25657
Quarter : 34 Load : 21761
Quarter : 35 Load : 20936
Quarter : 36 Load : 17500
Quarter : 37 Load : 19917
Quarter : 38 Load : 18986
Quarter : 39 Load : 26707
Quarter : 40 Load : 27896
Quarter : 41 Load : 25076
Quarter : 42 Load : 16476
Quarter : 43 Load : 15825
Quarter : 44 Load : 39540
Quarter : 45 Load : 29520
Quarter : 46 Load : 17672
Quarter : 47 Load : 16122
Quarter : 48 Load : 28169
Quarter : 49 Load : 14584
Quarter : 50 Load : 29291
Quarter : 51 Load : 19307
Quarter : 52 Load : 28633
Quarter : 53 Load : 15191
Quarter : 54 Load : 14507
Quarter : 55 Load : 18567
Quarter : 56 Load : 16469
Quarter : 57 Load : 19343
Quarter : 58 Load : 16238
Quarter : 59 Load : 23022
Quarter : 60 Load : 29212
Quarter : 61 Load : 19985
Quarter : 62 Load : 19407
Quarter : 63 Load : 17873
Quarter : 64 Load : 57738
Quarter : 65 Load : 34257
Quarter : 66 Load : 22303
Quarter : 67 Load : 26961
Quarter : 68 Load : 17484
Quarter : 69 Load : 23572
Quarter : 70 Load : 25600
Quarter : 71 Load : 38227
Quarter : 72 Load : 24220
Quarter : 73 Load : 23798
Quarter : 74 Load : 19446
Quarter : 75 Load : 25676
Quarter : 76 Load : 35440
Quarter : 77 Load : 30288
Quarter : 78 Load : 26391
Quarter : 79 Load : 23325
Quarter : 80 Load : 29938
Quarter : 81 Load : 22125
Quarter : 82 Load : 13169
Quarter : 83 Load : 18347
Quarter : 84 Load : 17206
Quarter : 85 Load : 19639
Quarter : 86 Load : 34396
Quarter : 87 Load : 21689
Quarter : 88 Load : 19620
Quarter : 89 Load : 15336
Quarter : 90 Load : 16613
Quarter : 91 Load : 18257
Quarter : 92 Load : 3728
Quarter : 93 Load : 2069
Quarter : 94 Load : 1275
Quarter : 95 Load : 142
Quarter : 96 Load : 0
Day 2
Quarter : 1 Load : 5962
Quarter : 2 Load : 0
Quarter : 3 Load : 0
Quarter : 4 Load : 0
Quarter : 5 Load : 2633
Quarter : 6 Load : 2633
Quarter : 7 Load : 9055
Quarter : 8 Load : 9055
Quarter : 9 Load : 9055
Quarter : 10 Load : 9055
Quarter : 11 Load : 9055
Quarter : 12 Load : 12564
Quarter : 13 Load : 13003
Quarter : 14 Load : 13003
Quarter : 15 Load : 6581
Quarter : 16 Load : 6581
Quarter : 17 Load : 11510
Quarter : 18 Load : 16709
Quarter : 19 Load : 19780
Quarter : 20 Load : 16740
Quarter : 21 Load : 14289
Quarter : 22 Load : 14755
Quarter : 23 Load : 15358
Quarter : 24 Load : 15358
Quarter : 25 Load : 15770
Quarter : 26 Load : 180608
Quarter : 27 Load : 170200
Quarter : 28 Load : 74003
Quarter : 29 Load : 51610
Quarter : 30 Load : 35309
Quarter : 31 Load : 25743
Quarter : 32 Load : 20848
Quarter : 33 Load : 24487
Quarter : 34 Load : 38206
Quarter : 35 Load : 21801
Quarter : 36 Load : 17454
Quarter : 37 Load : 21113
Quarter : 38 Load : 35256
Quarter : 39 Load : 41304
Quarter : 40 Load : 23770
Quarter : 41 Load : 27105
Quarter : 42 Load : 36562
Quarter : 43 Load : 21655
Quarter : 44 Load : 22626
Quarter : 45 Load : 28350
Quarter : 46 Load : 19054
Quarter : 47 Load : 18600
Quarter : 48 Load : 15501
Quarter : 49 Load : 14416
Quarter : 50 Load : 17800
Quarter : 51 Load : 25554
Quarter : 52 Load : 24387
Quarter : 53 Load : 22123
Quarter : 54 Load : 13865
Quarter : 55 Load : 14276
Quarter : 56 Load : 20480
Quarter : 57 Load : 31698
Quarter : 58 Load : 30472
Quarter : 59 Load : 13664
Quarter : 60 Load : 27812
Quarter : 61 Load : 25155
Quarter : 62 Load : 27813
Quarter : 63 Load : 20408
Quarter : 64 Load : 22731
Quarter : 65 Load : 16517
Quarter : 66 Load : 31637
Quarter : 67 Load : 29834
Quarter : 68 Load : 24038
Quarter : 69 Load : 21843
Quarter : 70 Load : 24993
Quarter : 71 Load : 24227
Quarter : 72 Load : 30775
Quarter : 73 Load : 41376
Quarter : 74 Load : 22971
Quarter : 75 Load : 14082
Quarter : 76 Load : 17908
Quarter : 77 Load : 16677
Quarter : 78 Load : 16173
Quarter : 79 Load : 30455
Quarter : 80 Load : 29026
Quarter : 81 Load : 16668
Quarter : 82 Load : 18842
Quarter : 83 Load : 23979
Quarter : 84 Load : 20852
Quarter : 85 Load : 19287
Quarter : 86 Load : 21914
Quarter : 87 Load : 15303
Quarter : 88 Load : 33324
Quarter : 89 Load : 16836
Quarter : 90 Load : 18217
Quarter : 91 Load : 16709
Quarter : 92 Load : 9359
Quarter : 93 Load : 3616
Quarter : 94 Load : 1094
Quarter : 95 Load : 516
Quarter : 96 Load : 0
Day 3
Quarter : 1 Load : 8235
Quarter : 2 Load : 0
Quarter : 3 Load : 3072
Quarter : 4 Load : 7105
Quarter : 5 Load : 7105
Quarter : 6 Load : 7105
Quarter : 7 Load : 7105
Quarter : 8 Load : 7105
Quarter : 9 Load : 14268
Quarter : 10 Load : 14268
Quarter : 11 Load : 11196
Quarter : 12 Load : 7163
Quarter : 13 Load : 7163
Quarter : 14 Load : 7163
Quarter : 15 Load : 7163
Quarter : 16 Load : 7163
Quarter : 17 Load : 1612
Quarter : 18 Load : 1612
Quarter : 19 Load : 7555
Quarter : 20 Load : 10205
Quarter : 21 Load : 10703
Quarter : 22 Load : 11076
Quarter : 23 Load : 12296
Quarter : 24 Load : 12296
Quarter : 25 Load : 12296
Quarter : 26 Load : 156964
Quarter : 27 Load : 131368
Quarter : 28 Load : 69457
Quarter : 29 Load : 43329
Quarter : 30 Load : 28139
Quarter : 31 Load : 44601
Quarter : 32 Load : 38323
Quarter : 33 Load : 22645
Quarter : 34 Load : 33414
Quarter : 35 Load : 20393
Quarter : 36 Load : 16869
Quarter : 37 Load : 19617
Quarter : 38 Load : 35264
Quarter : 39 Load : 38740
Quarter : 40 Load : 23457
Quarter : 41 Load : 30131
Quarter : 42 Load : 36971
Quarter : 43 Load : 33632
Quarter : 44 Load : 22758
Quarter : 45 Load : 22251
Quarter : 46 Load : 17221
Quarter : 47 Load : 19817
Quarter : 48 Load : 31770
Quarter : 49 Load : 25689
Quarter : 50 Load : 22717
Quarter : 51 Load : 22314
Quarter : 52 Load : 33900
Quarter : 53 Load : 20972
Quarter : 54 Load : 35326
Quarter : 55 Load : 34141
Quarter : 56 Load : 22091
Quarter : 57 Load : 33336
Quarter : 58 Load : 24977
Quarter : 59 Load : 44387
Quarter : 60 Load : 30716
Quarter : 61 Load : 36316
Quarter : 62 Load : 23586
Quarter : 63 Load : 21085
Quarter : 64 Load : 24994
Quarter : 65 Load : 16582
Quarter : 66 Load : 13861
Quarter : 67 Load : 13243
Quarter : 68 Load : 18993
Quarter : 69 Load : 23590
Quarter : 70 Load : 20264
Quarter : 71 Load : 22699
Quarter : 72 Load : 18293
Quarter : 73 Load : 28076
Quarter : 74 Load : 22625
Quarter : 75 Load : 29252
Quarter : 76 Load : 28605
Quarter : 77 Load : 29090
Quarter : 78 Load : 23534
Quarter : 79 Load : 19025
Quarter : 80 Load : 27618
Quarter : 81 Load : 42841
Quarter : 82 Load : 24463
Quarter : 83 Load : 14071
Quarter : 84 Load : 31571
Quarter : 85 Load : 22399
Quarter : 86 Load : 24638
Quarter : 87 Load : 19503
Quarter : 88 Load : 31414
Quarter : 89 Load : 29477
Quarter : 90 Load : 18658
Quarter : 91 Load : 18818
Quarter : 92 Load : 4924
Quarter : 93 Load : 9412
Quarter : 94 Load : 928
Quarter : 95 Load : 86
Quarter : 96 Load : 298
Day 4
Quarter : 1 Load : 7357
Quarter : 2 Load : 0
Quarter : 3 Load : 3072
Quarter : 4 Load : 3072
Quarter : 5 Load : 6726
Quarter : 6 Load : 10759
Quarter : 7 Load : 10759
Quarter : 8 Load : 10759
Quarter : 9 Load : 10759
Quarter : 10 Load : 10759
Quarter : 11 Load : 7687
Quarter : 12 Load : 7687
Quarter : 13 Load : 7371
Quarter : 14 Load : 3338
Quarter : 15 Load : 3338
Quarter : 16 Load : 3338
Quarter : 17 Load : 9565
Quarter : 18 Load : 10162
Quarter : 19 Load : 14051
Quarter : 20 Load : 17387
Quarter : 21 Load : 14623
Quarter : 22 Load : 15685
Quarter : 23 Load : 16218
Quarter : 24 Load : 16950
Quarter : 25 Load : 14300
Quarter : 26 Load : 213032
Quarter : 27 Load : 139560
Quarter : 28 Load : 66752
Quarter : 29 Load : 49244
Quarter : 30 Load : 27284
Quarter : 31 Load : 36161
Quarter : 32 Load : 42095
Quarter : 33 Load : 40388
Quarter : 34 Load : 31777
Quarter : 35 Load : 29042
Quarter : 36 Load : 33206
Quarter : 37 Load : 26417
Quarter : 38 Load : 38067
Quarter : 39 Load : 19406
Quarter : 40 Load : 22669
Quarter : 41 Load : 17511
Quarter : 42 Load : 22336
Quarter : 43 Load : 20692
Quarter : 44 Load : 18434
Quarter : 45 Load : 23145
Quarter : 46 Load : 22191
Quarter : 47 Load : 35895
Quarter : 48 Load : 20027
Quarter : 49 Load : 22614
Quarter : 50 Load : 20620
Quarter : 51 Load : 31385
Quarter : 52 Load : 31584
Quarter : 53 Load : 27599
Quarter : 54 Load : 26894
Quarter : 55 Load : 20348
Quarter : 56 Load : 18289
Quarter : 57 Load : 26369
Quarter : 58 Load : 21496
Quarter : 59 Load : 24452
Quarter : 60 Load : 26524
Quarter : 61 Load : 27156
Quarter : 62 Load : 21982
Quarter : 63 Load : 20429
Quarter : 64 Load : 20884
Quarter : 65 Load : 16720
Quarter : 66 Load : 24530
Quarter : 67 Load : 32103
Quarter : 68 Load : 28449
Quarter : 69 Load : 17459
Quarter : 70 Load : 30120
Quarter : 71 Load : 31007
Quarter : 72 Load : 17568
Quarter : 73 Load : 19430
Quarter : 74 Load : 20578
Quarter : 75 Load : 20231
Quarter : 76 Load : 29798
Quarter : 77 Load : 22356
Quarter : 78 Load : 22765
Quarter : 79 Load : 13832
Quarter : 80 Load : 30693
Quarter : 81 Load : 30117
Quarter : 82 Load : 28247
Quarter : 83 Load : 16677
Quarter : 84 Load : 20734
Quarter : 85 Load : 26429
Quarter : 86 Load : 30311
Quarter : 87 Load : 17385
Quarter : 88 Load : 11299
Quarter : 89 Load : 27332
Quarter : 90 Load : 35813
Quarter : 91 Load : 13773
Quarter : 92 Load : 6183
Quarter : 93 Load : 2193
Quarter : 94 Load : 2790
Quarter : 95 Load : 1363
Quarter : 96 Load : 0
Day 5
Quarter : 1 Load : 6907
Quarter : 2 Load : 4033
Quarter : 3 Load : 4033
Quarter : 4 Load : 4033
Quarter : 5 Load : 4033
Quarter : 6 Load : 4033
Quarter : 7 Load : 7542
Quarter : 8 Load : 10614
Quarter : 9 Load : 10614
Quarter : 10 Load : 9919
Quarter : 11 Load : 12468
Quarter : 12 Load : 15552
Quarter : 13 Load : 15552
Quarter : 14 Load : 15552
Quarter : 15 Load : 15697
Quarter : 16 Load : 15258
Quarter : 17 Load : 19247
Quarter : 18 Load : 16417
Quarter : 19 Load : 15473
Quarter : 20 Load : 15558
Quarter : 21 Load : 15558
Quarter : 22 Load : 16129
Quarter : 23 Load : 13005
Quarter : 24 Load : 10372
Quarter : 25 Load : 14405
Quarter : 26 Load : 234954
Quarter : 27 Load : 161922
Quarter : 28 Load : 71561
Quarter : 29 Load : 46459
Quarter : 30 Load : 34286
Quarter : 31 Load : 26077
Quarter : 32 Load : 25467
Quarter : 33 Load : 34390
Quarter : 34 Load : 19304
Quarter : 35 Load : 22198
Quarter : 36 Load : 22506
Quarter : 37 Load : 22182
Quarter : 38 Load : 17766
Quarter : 39 Load : 20555
Quarter : 40 Load : 16806
Quarter : 41 Load : 18362
Quarter : 42 Load : 24037
Quarter : 43 Load : 18538
Quarter : 44 Load : 20774
Quarter : 45 Load : 36174
Quarter : 46 Load : 17761
Quarter : 47 Load : 19496
Quarter : 48 Load : 21562
Quarter : 49 Load : 27182
Quarter : 50 Load : 24677
Quarter : 51 Load : 19070
Quarter : 52 Load : 15540
Quarter : 53 Load : 15860
Quarter : 54 Load : 31386
Quarter : 55 Load : 20689
Quarter : 56 Load : 13907
Quarter : 57 Load : 23177
Quarter : 58 Load : 18252
Quarter : 59 Load : 21540
Quarter : 60 Load : 25866
Quarter : 61 Load : 37269
Quarter : 62 Load : 19723
Quarter : 63 Load : 20879
Quarter : 64 Load : 23073
Quarter : 65 Load : 40860
Quarter : 66 Load : 28006
Quarter : 67 Load : 25244
Quarter : 68 Load : 14084
Quarter : 69 Load : 12416
Quarter : 70 Load : 24763
Quarter : 71 Load : 38112
Quarter : 72 Load : 24346
Quarter : 73 Load : 24420
Quarter : 74 Load : 26169
Quarter : 75 Load : 25325
Quarter : 76 Load : 20919
Quarter : 77 Load : 17189
Quarter : 78 Load : 37644
Quarter : 79 Load : 27325
Quarter : 80 Load : 24568
Quarter : 81 Load : 23017
Quarter : 82 Load : 21455
Quarter : 83 Load : 22365
Quarter : 84 Load : 29157
Quarter : 85 Load : 31426
Quarter : 86 Load : 25178
Quarter : 87 Load : 18798
Quarter : 88 Load : 20106
Quarter : 89 Load : 16557
Quarter : 90 Load : 14777
Quarter : 91 Load : 25456
Quarter : 92 Load : 5531
Quarter : 93 Load : 4760
Quarter : 94 Load : 1836
Quarter : 95 Load : 1509
Quarter : 96 Load : 108
Day 6
Quarter : 1 Load : 8622
Quarter : 2 Load : 3072
Quarter : 3 Load : 3072
Quarter : 4 Load : 3072
Quarter : 5 Load : 3072
Quarter : 6 Load : 6581
Quarter : 7 Load : 10614
Quarter : 8 Load : 13247
Quarter : 9 Load : 13247
Quarter : 10 Load : 10175
Quarter : 11 Load : 10175
Quarter : 12 Load : 13259
Quarter : 13 Load : 19146
Quarter : 14 Load : 15637
Quarter : 15 Load : 14254
Quarter : 16 Load : 11621
Quarter : 17 Load : 12114
Quarter : 18 Load : 12114
Quarter : 19 Load : 16819
Quarter : 20 Load : 13735
Quarter : 21 Load : 7848
Quarter : 22 Load : 7848
Quarter : 23 Load : 5198
Quarter : 24 Load : 5198
Quarter : 25 Load : 8270
Quarter : 26 Load : 197978
Quarter : 27 Load : 136153
Quarter : 28 Load : 59493
Quarter : 29 Load : 46882
Quarter : 30 Load : 28203
Quarter : 31 Load : 28118
Quarter : 32 Load : 19797
Quarter : 33 Load : 31011
Quarter : 34 Load : 14650
Quarter : 35 Load : 43127
Quarter : 36 Load : 23736
Quarter : 37 Load : 23244
Quarter : 38 Load : 22511
Quarter : 39 Load : 17387
Quarter : 40 Load : 29243
Quarter : 41 Load : 24789
Quarter : 42 Load : 27303
Quarter : 43 Load : 18070
Quarter : 44 Load : 17693
Quarter : 45 Load : 18629
Quarter : 46 Load : 36113
Quarter : 47 Load : 38412
Quarter : 48 Load : 19848
Quarter : 49 Load : 19520
Quarter : 50 Load : 15170
Quarter : 51 Load : 14437
Quarter : 52 Load : 20266
Quarter : 53 Load : 29227
Quarter : 54 Load : 19159
Quarter : 55 Load : 20226
Quarter : 56 Load : 21745
Quarter : 57 Load : 21359
Quarter : 58 Load : 15329
Quarter : 59 Load : 14564
Quarter : 60 Load : 17701
Quarter : 61 Load : 14486
Quarter : 62 Load : 17687
Quarter : 63 Load : 16328
Quarter : 64 Load : 9460
Quarter : 65 Load : 17824
Quarter : 66 Load : 12793
Quarter : 67 Load : 19220
Quarter : 68 Load : 21518
Quarter : 69 Load : 36972
Quarter : 70 Load : 15046
Quarter : 71 Load : 15586
Quarter : 72 Load : 26876
Quarter : 73 Load : 17788
Quarter : 74 Load : 26286
Quarter : 75 Load : 17688
Quarter : 76 Load : 15437
Quarter : 77 Load : 16040
Quarter : 78 Load : 15778
Quarter : 79 Load : 12933
Quarter : 80 Load : 13122
Quarter : 81 Load : 14257
Quarter : 82 Load : 19422
Quarter : 83 Load : 23459
Quarter : 84 Load : 20220
Quarter : 85 Load : 13227
Quarter : 86 Load : 12883
Quarter : 87 Load : 16407
Quarter : 88 Load : 19708
Quarter : 89 Load : 18393
Quarter : 90 Load : 17091
Quarter : 91 Load : 9258
Quarter : 92 Load : 2512
Quarter : 93 Load : 3529
Quarter : 94 Load : 173
Quarter : 95 Load : 871
Quarter : 96 Load : 0
Day 0
Hour : 1 Load : 17523
Hour : 2 Load : 22888
Hour : 3 Load : 19343
Hour : 4 Load : 21178
Hour : 5 Load : 45301
Hour : 6 Load : 49669
Hour : 7 Load : 424734
Hour : 8 Load : 170952
Hour : 9 Load : 102900
Hour : 10 Load : 104394
Hour : 11 Load : 120695
Hour : 12 Load : 94582
Hour : 13 Load : 79830
Hour : 14 Load : 95149
Hour : 15 Load : 92746
Hour : 16 Load : 108277
Hour : 17 Load : 100810
Hour : 18 Load : 107002
Hour : 19 Load : 98926
Hour : 20 Load : 117104
Hour : 21 Load : 107738
Hour : 22 Load : 62799
Hour : 23 Load : 60699
Hour : 24 Load : 7699
Day 1
Hour : 1 Load : 17734
Hour : 2 Load : 13352
Hour : 3 Load : 32703
Hour : 4 Load : 40918
Hour : 5 Load : 36989
Hour : 6 Load : 62058
Hour : 7 Load : 472506
Hour : 8 Load : 133877
Hour : 9 Load : 85854
Hour : 10 Load : 93506
Hour : 11 Load : 96917
Hour : 12 Load : 91483
Hour : 13 Load : 91815
Hour : 14 Load : 64734
Hour : 15 Load : 87815
Hour : 16 Load : 115003
Hour : 17 Load : 101005
Hour : 18 Load : 111619
Hour : 19 Load : 104360
Hour : 20 Load : 109942
Hour : 21 Load : 70847
Hour : 22 Load : 95344
Hour : 23 Load : 53934
Hour : 24 Load : 3486
Day 2
Hour : 1 Load : 5962
Hour : 2 Load : 23376
Hour : 3 Load : 39729
Hour : 4 Load : 39168
Hour : 5 Load : 64739
Hour : 6 Load : 59760
Hour : 7 Load : 440581
Hour : 8 Load : 133510
Hour : 9 Load : 101948
Hour : 10 Load : 121443
Hour : 11 Load : 107948
Hour : 12 Load : 81505
Hour : 13 Load : 82157
Hour : 14 Load : 70744
Hour : 15 Load : 103646
Hour : 16 Load : 96107
Hour : 17 Load : 102026
Hour : 18 Load : 101838
Hour : 19 Load : 96337
Hour : 20 Load : 92331
Hour : 21 Load : 80341
Hour : 22 Load : 89828
Hour : 23 Load : 61121
Hour : 24 Load : 5226
Day 3
Hour : 1 Load : 18412
Hour : 2 Load : 28420
Hour : 3 Load : 46895
Hour : 4 Load : 28652
Hour : 5 Load : 20984
Hour : 6 Load : 46371
Hour : 7 Load : 370085
Hour : 8 Load : 154392
Hour : 9 Load : 93321
Hour : 10 Load : 117078
Hour : 11 Load : 123492
Hour : 12 Load : 91059
Hour : 13 Load : 104620
Hour : 14 Load : 112530
Hour : 15 Load : 133416
Hour : 16 Load : 105981
Hour : 17 Load : 62679
Hour : 18 Load : 84846
Hour : 19 Load : 108558
Hour : 20 Load : 99267
Hour : 21 Load : 112946
Hour : 22 Load : 97954
Hour : 23 Load : 71877
Hour : 24 Load : 10724
Day 4
Hour : 1 Load : 13501
Hour : 2 Load : 39003
Hour : 3 Load : 36892
Hour : 4 Load : 17385
Hour : 5 Load : 51165
Hour : 6 Load : 63476
Hour : 7 Load : 433644
Hour : 8 Load : 154784
Hour : 9 Load : 134413
Hour : 10 Load : 106559
Hour : 11 Load : 78973
Hour : 12 Load : 101258
Hour : 13 Load : 106203
Hour : 14 Load : 93130
Hour : 15 Load : 98841
Hour : 16 Load : 90451
Hour : 17 Load : 101802
Hour : 18 Load : 96154
Hour : 19 Load : 90037
Hour : 20 Load : 89646
Hour : 21 Load : 95775
Hour : 22 Load : 85424
Hour : 23 Load : 83101
Hour : 24 Load : 6346
Day 5
Hour : 1 Load : 19006
Hour : 2 Load : 26222
Hour : 3 Load : 48553
Hour : 4 Load : 62059
Hour : 5 Load : 66695
Hour : 6 Load : 55064
Hour : 7 Load : 482842
Hour : 8 Load : 132289
Hour : 9 Load : 98398
Hour : 10 Load : 77309
Hour : 11 Load : 81711
Hour : 12 Load : 94993
Hour : 13 Load : 86469
Hour : 14 Load : 81842
Hour : 15 Load : 88835
Hour : 16 Load : 100944
Hour : 17 Load : 108194
Hour : 18 Load : 99637
Hour : 19 Load : 96833
Hour : 20 Load : 106726
Hour : 21 Load : 95994
Hour : 22 Load : 95508
Hour : 23 Load : 62321
Hour : 24 Load : 8213
Day 6
Hour : 1 Load : 17838
Hour : 2 Load : 33514
Hour : 3 Load : 46856
Hour : 4 Load : 60658
Hour : 5 Load : 54782
Hour : 6 Load : 26092
Hour : 7 Load : 401894
Hour : 8 Load : 123000
Hour : 9 Load : 112524
Hour : 10 Load : 92385
Hour : 11 Load : 87855
Hour : 12 Load : 113002
Hour : 13 Load : 69393
Hour : 14 Load : 90357
Hour : 15 Load : 68953
Hour : 16 Load : 57961
Hour : 17 Load : 71355
Hour : 18 Load : 94480
Hour : 19 Load : 77199
Hour : 20 Load : 57873
Hour : 21 Load : 77358
Hour : 22 Load : 62225
Hour : 23 Load : 47254
Hour : 24 Load : 4573
End of initialization

[org.powertac.common.Tariff : 0acd77ed-c108-44a8-ba62-18821ca7a043, org.powertac.common.Tariff : 1e10df56-deac-4a39-b823-f0a2a0423bcf, org.powertac.common.Tariff : 464cf0cf-06a2-4a39-a93c-dece00c21d0d, org.powertac.common.Tariff : 73e554a9-a211-4487-8b76-ae76233ce469]
Index of Default Tariff:1
0
[org.powertac.common.Tariff : 0acd77ed-c108-44a8-ba62-18821ca7a043, org.powertac.common.Tariff : 1e10df56-deac-4a39-b823-f0a2a0423bcf, org.powertac.common.Tariff : 464cf0cf-06a2-4a39-a93c-dece00c21d0d, org.powertac.common.Tariff : 73e554a9-a211-4487-8b76-ae76233ce469]
Index of Default Tariff:1
0
--Output from testRevokingSubscriptions--
Initializing House 0
Initializing House 1
Initializing House 2
Initializing House 3
Initializing House 4
Initializing House 5
Initializing House 6
Initializing House 7
Initializing House 8
Initializing House 9
Initializing House 10
Initializing House 11
Initializing House 12
Initializing House 13
Initializing House 14
Initializing House 15
Initializing House 16
Initializing House 17
Initializing House 18
Initializing House 19
Initializing House 20
Initializing House 21
Initializing House 22
Initializing House 23
Initializing House 24
Initializing House 25
Initializing House 26
Initializing House 27
Initializing House 28
Initializing House 29
Initializing House 30
Initializing House 31
Initializing House 32
Initializing House 33
Initializing House 34
Initializing House 35
Initializing House 36
Initializing House 37
Initializing House 38
Initializing House 39
Initializing House 40
Initializing House 41
Initializing House 42
Initializing House 43
Initializing House 44
Initializing House 45
Initializing House 46
Initializing House 47
Initializing House 48
Initializing House 49
Initializing House 50
Initializing House 51
Initializing House 52
Initializing House 53
Initializing House 54
Initializing House 55
Initializing House 56
Initializing House 57
Initializing House 58
Initializing House 59
Initializing House 60
Initializing House 61
Initializing House 62
Initializing House 63
Initializing House 64
Initializing House 65
Initializing House 66
Initializing House 67
Initializing House 68
Initializing House 69
Initializing House 70
Initializing House 71
Initializing House 72
Initializing House 73
Initializing House 74
Initializing House 75
Initializing House 76
Initializing House 77
Initializing House 78
Initializing House 79
Initializing House 80
Initializing House 81
Initializing House 82
Initializing House 83
Initializing House 84
Initializing House 85
Initializing House 86
Initializing House 87
Initializing House 88
Initializing House 89
Initializing House 90
Initializing House 91
Initializing House 92
Initializing House 93
Initializing House 94
Initializing House 95
Initializing House 96
Initializing House 97
Initializing House 98
Initializing House 99
Scheduled
Day 0
Quarter : 1 Load : 6679
Quarter : 2 Load : 2794
Quarter : 3 Load : 2794
Quarter : 4 Load : 2794
Quarter : 5 Load : 5879
Quarter : 6 Load : 5879
Quarter : 7 Load : 11793
Quarter : 8 Load : 14372
Quarter : 9 Load : 14372
Quarter : 10 Load : 13770
Quarter : 11 Load : 13770
Quarter : 12 Load : 16702
Quarter : 13 Load : 13617
Quarter : 14 Load : 13617
Quarter : 15 Load : 7703
Quarter : 16 Load : 8206
Quarter : 17 Load : 13778
Quarter : 18 Load : 11586
Quarter : 19 Load : 17293
Quarter : 20 Load : 14361
Quarter : 21 Load : 14880
Quarter : 22 Load : 14880
Quarter : 23 Load : 15361
Quarter : 24 Load : 13515
Quarter : 25 Load : 17793
Quarter : 26 Load : 201878
Quarter : 27 Load : 148120
Quarter : 28 Load : 73032
Quarter : 29 Load : 45775
Quarter : 30 Load : 36436
Quarter : 31 Load : 37533
Quarter : 32 Load : 34321
Quarter : 33 Load : 32988
Quarter : 34 Load : 46622
Quarter : 35 Load : 45161
Quarter : 36 Load : 24762
Quarter : 37 Load : 23801
Quarter : 38 Load : 22158
Quarter : 39 Load : 25157
Quarter : 40 Load : 17918
Quarter : 41 Load : 37845
Quarter : 42 Load : 23735
Quarter : 43 Load : 21157
Quarter : 44 Load : 24825
Quarter : 45 Load : 22258
Quarter : 46 Load : 36895
Quarter : 47 Load : 30433
Quarter : 48 Load : 24050
Quarter : 49 Load : 23222
Quarter : 50 Load : 40781
Quarter : 51 Load : 32079
Quarter : 52 Load : 25501
Quarter : 53 Load : 21799
Quarter : 54 Load : 19572
Quarter : 55 Load : 22859
Quarter : 56 Load : 21976
Quarter : 57 Load : 24822
Quarter : 58 Load : 24228
Quarter : 59 Load : 31665
Quarter : 60 Load : 21728
Quarter : 61 Load : 19466
Quarter : 62 Load : 37181
Quarter : 63 Load : 23034
Quarter : 64 Load : 22635
Quarter : 65 Load : 17746
Quarter : 66 Load : 21263
Quarter : 67 Load : 27934
Quarter : 68 Load : 17095
Quarter : 69 Load : 21034
Quarter : 70 Load : 23981
Quarter : 71 Load : 20924
Quarter : 72 Load : 14505
Quarter : 73 Load : 28866
Quarter : 74 Load : 38262
Quarter : 75 Load : 18231
Quarter : 76 Load : 14359
Quarter : 77 Load : 20566
Quarter : 78 Load : 24299
Quarter : 79 Load : 21304
Quarter : 80 Load : 36270
Quarter : 81 Load : 23627
Quarter : 82 Load : 14834
Quarter : 83 Load : 23089
Quarter : 84 Load : 25033
Quarter : 85 Load : 20517
Quarter : 86 Load : 21770
Quarter : 87 Load : 21542
Quarter : 88 Load : 19756
Quarter : 89 Load : 20091
Quarter : 90 Load : 31068
Quarter : 91 Load : 23191
Quarter : 92 Load : 8104
Quarter : 93 Load : 5785
Quarter : 94 Load : 3130
Quarter : 95 Load : 2027
Quarter : 96 Load : 1041
Day 1
Quarter : 1 Load : 8165
Quarter : 2 Load : 0
Quarter : 3 Load : 2932
Quarter : 4 Load : 5726
Quarter : 5 Load : 5726
Quarter : 6 Load : 8936
Quarter : 7 Load : 8936
Quarter : 8 Load : 11640
Quarter : 9 Load : 11640
Quarter : 10 Load : 11640
Quarter : 11 Load : 11790
Quarter : 12 Load : 12025
Quarter : 13 Load : 12025
Quarter : 14 Load : 8815
Quarter : 15 Load : 8815
Quarter : 16 Load : 6111
Quarter : 17 Load : 18956
Quarter : 18 Load : 19451
Quarter : 19 Load : 22653
Quarter : 20 Load : 22378
Quarter : 21 Load : 22378
Quarter : 22 Load : 22378
Quarter : 23 Load : 22378
Quarter : 24 Load : 24235
Quarter : 25 Load : 16872
Quarter : 26 Load : 177117
Quarter : 27 Load : 139908
Quarter : 28 Load : 58574
Quarter : 29 Load : 48764
Quarter : 30 Load : 39092
Quarter : 31 Load : 25882
Quarter : 32 Load : 21545
Quarter : 33 Load : 17426
Quarter : 34 Load : 21711
Quarter : 35 Load : 21932
Quarter : 36 Load : 11630
Quarter : 37 Load : 16540
Quarter : 38 Load : 16929
Quarter : 39 Load : 16403
Quarter : 40 Load : 30355
Quarter : 41 Load : 23175
Quarter : 42 Load : 25840
Quarter : 43 Load : 33717
Quarter : 44 Load : 16978
Quarter : 45 Load : 19979
Quarter : 46 Load : 22359
Quarter : 47 Load : 19800
Quarter : 48 Load : 16535
Quarter : 49 Load : 19116
Quarter : 50 Load : 29656
Quarter : 51 Load : 32831
Quarter : 52 Load : 31137
Quarter : 53 Load : 33349
Quarter : 54 Load : 32520
Quarter : 55 Load : 60107
Quarter : 56 Load : 48856
Quarter : 57 Load : 26953
Quarter : 58 Load : 34251
Quarter : 59 Load : 26359
Quarter : 60 Load : 23400
Quarter : 61 Load : 28455
Quarter : 62 Load : 34817
Quarter : 63 Load : 35859
Quarter : 64 Load : 21960
Quarter : 65 Load : 18854
Quarter : 66 Load : 31602
Quarter : 67 Load : 44675
Quarter : 68 Load : 18575
Quarter : 69 Load : 13294
Quarter : 70 Load : 17753
Quarter : 71 Load : 16810
Quarter : 72 Load : 29328
Quarter : 73 Load : 15224
Quarter : 74 Load : 29000
Quarter : 75 Load : 36294
Quarter : 76 Load : 18894
Quarter : 77 Load : 13999
Quarter : 78 Load : 19917
Quarter : 79 Load : 35324
Quarter : 80 Load : 17665
Quarter : 81 Load : 15629
Quarter : 82 Load : 26379
Quarter : 83 Load : 23134
Quarter : 84 Load : 27610
Quarter : 85 Load : 15504
Quarter : 86 Load : 17441
Quarter : 87 Load : 18706
Quarter : 88 Load : 19187
Quarter : 89 Load : 16307
Quarter : 90 Load : 21031
Quarter : 91 Load : 12943
Quarter : 92 Load : 4538
Quarter : 93 Load : 2408
Quarter : 94 Load : 599
Quarter : 95 Load : 383
Quarter : 96 Load : 0
Day 2
Quarter : 1 Load : 6725
Quarter : 2 Load : 0
Quarter : 3 Load : 0
Quarter : 4 Load : 3082
Quarter : 5 Load : 6292
Quarter : 6 Load : 6292
Quarter : 7 Load : 11803
Quarter : 8 Load : 11803
Quarter : 9 Load : 14832
Quarter : 10 Load : 14832
Quarter : 11 Load : 14832
Quarter : 12 Load : 11750
Quarter : 13 Load : 8540
Quarter : 14 Load : 11294
Quarter : 15 Load : 5783
Quarter : 16 Load : 5783
Quarter : 17 Load : 10683
Quarter : 18 Load : 10683
Quarter : 19 Load : 17225
Quarter : 20 Load : 17225
Quarter : 21 Load : 20019
Quarter : 22 Load : 17265
Quarter : 23 Load : 20448
Quarter : 24 Load : 20448
Quarter : 25 Load : 17976
Quarter : 26 Load : 218107
Quarter : 27 Load : 159777
Quarter : 28 Load : 66256
Quarter : 29 Load : 45238
Quarter : 30 Load : 43576
Quarter : 31 Load : 21957
Quarter : 32 Load : 26547
Quarter : 33 Load : 22830
Quarter : 34 Load : 32303
Quarter : 35 Load : 21653
Quarter : 36 Load : 20843
Quarter : 37 Load : 28323
Quarter : 38 Load : 32833
Quarter : 39 Load : 30492
Quarter : 40 Load : 31899
Quarter : 41 Load : 24912
Quarter : 42 Load : 32217
Quarter : 43 Load : 35334
Quarter : 44 Load : 49130
Quarter : 45 Load : 25698
Quarter : 46 Load : 27744
Quarter : 47 Load : 38589
Quarter : 48 Load : 32995
Quarter : 49 Load : 34642
Quarter : 50 Load : 21462
Quarter : 51 Load : 18009
Quarter : 52 Load : 18359
Quarter : 53 Load : 24691
Quarter : 54 Load : 21118
Quarter : 55 Load : 26054
Quarter : 56 Load : 31075
Quarter : 57 Load : 25878
Quarter : 58 Load : 30586
Quarter : 59 Load : 27164
Quarter : 60 Load : 23486
Quarter : 61 Load : 24084
Quarter : 62 Load : 37801
Quarter : 63 Load : 29065
Quarter : 64 Load : 31742
Quarter : 65 Load : 37137
Quarter : 66 Load : 17752
Quarter : 67 Load : 20923
Quarter : 68 Load : 33300
Quarter : 69 Load : 25532
Quarter : 70 Load : 28099
Quarter : 71 Load : 21576
Quarter : 72 Load : 30303
Quarter : 73 Load : 23504
Quarter : 74 Load : 22372
Quarter : 75 Load : 19493
Quarter : 76 Load : 16633
Quarter : 77 Load : 17991
Quarter : 78 Load : 21372
Quarter : 79 Load : 30567
Quarter : 80 Load : 18664
Quarter : 81 Load : 20090
Quarter : 82 Load : 23182
Quarter : 83 Load : 22069
Quarter : 84 Load : 15008
Quarter : 85 Load : 17970
Quarter : 86 Load : 33545
Quarter : 87 Load : 18445
Quarter : 88 Load : 19661
Quarter : 89 Load : 17649
Quarter : 90 Load : 12941
Quarter : 91 Load : 13982
Quarter : 92 Load : 4362
Quarter : 93 Load : 6174
Quarter : 94 Load : 1032
Quarter : 95 Load : 218
Quarter : 96 Load : 77
Day 3
Quarter : 1 Load : 7642
Quarter : 2 Load : 0
Quarter : 3 Load : 3183
Quarter : 4 Load : 3183
Quarter : 5 Load : 8909
Quarter : 6 Load : 8909
Quarter : 7 Load : 8909
Quarter : 8 Load : 11663
Quarter : 9 Load : 11663
Quarter : 10 Load : 14748
Quarter : 11 Load : 11565
Quarter : 12 Load : 11565
Quarter : 13 Load : 9049
Quarter : 14 Load : 9049
Quarter : 15 Load : 9049
Quarter : 16 Load : 6295
Quarter : 17 Load : 8693
Quarter : 18 Load : 5608
Quarter : 19 Load : 10251
Quarter : 20 Load : 11172
Quarter : 21 Load : 8625
Quarter : 22 Load : 9156
Quarter : 23 Load : 9490
Quarter : 24 Load : 9490
Quarter : 25 Load : 12080
Quarter : 26 Load : 213275
Quarter : 27 Load : 136595
Quarter : 28 Load : 60274
Quarter : 29 Load : 44275
Quarter : 30 Load : 31257
Quarter : 31 Load : 30895
Quarter : 32 Load : 31095
Quarter : 33 Load : 50446
Quarter : 34 Load : 36081
Quarter : 35 Load : 45046
Quarter : 36 Load : 33039
Quarter : 37 Load : 26833
Quarter : 38 Load : 24442
Quarter : 39 Load : 24553
Quarter : 40 Load : 20374
Quarter : 41 Load : 19279
Quarter : 42 Load : 31399
Quarter : 43 Load : 28507
Quarter : 44 Load : 35899
Quarter : 45 Load : 23701
Quarter : 46 Load : 22632
Quarter : 47 Load : 23111
Quarter : 48 Load : 24805
Quarter : 49 Load : 31332
Quarter : 50 Load : 27257
Quarter : 51 Load : 25752
Quarter : 52 Load : 27881
Quarter : 53 Load : 25192
Quarter : 54 Load : 19612
Quarter : 55 Load : 24804
Quarter : 56 Load : 26059
Quarter : 57 Load : 24097
Quarter : 58 Load : 29630
Quarter : 59 Load : 36802
Quarter : 60 Load : 31454
Quarter : 61 Load : 22549
Quarter : 62 Load : 23891
Quarter : 63 Load : 30023
Quarter : 64 Load : 23674
Quarter : 65 Load : 35391
Quarter : 66 Load : 21895
Quarter : 67 Load : 18785
Quarter : 68 Load : 23047
Quarter : 69 Load : 23771
Quarter : 70 Load : 29842
Quarter : 71 Load : 30888
Quarter : 72 Load : 38094
Quarter : 73 Load : 13982
Quarter : 74 Load : 20554
Quarter : 75 Load : 17046
Quarter : 76 Load : 18475
Quarter : 77 Load : 20681
Quarter : 78 Load : 21278
Quarter : 79 Load : 16346
Quarter : 80 Load : 23356
Quarter : 81 Load : 18629
Quarter : 82 Load : 18189
Quarter : 83 Load : 24239
Quarter : 84 Load : 29028
Quarter : 85 Load : 23199
Quarter : 86 Load : 17900
Quarter : 87 Load : 17935
Quarter : 88 Load : 17180
Quarter : 89 Load : 33610
Quarter : 90 Load : 21088
Quarter : 91 Load : 11570
Quarter : 92 Load : 8056
Quarter : 93 Load : 2312
Quarter : 94 Load : 800
Quarter : 95 Load : 681
Quarter : 96 Load : 0
Day 4
Quarter : 1 Load : 6366
Quarter : 2 Load : 0
Quarter : 3 Load : 0
Quarter : 4 Load : 0
Quarter : 5 Load : 3082
Quarter : 6 Load : 3082
Quarter : 7 Load : 3082
Quarter : 8 Load : 3082
Quarter : 9 Load : 14598
Quarter : 10 Load : 14598
Quarter : 11 Load : 14598
Quarter : 12 Load : 14598
Quarter : 13 Load : 17152
Quarter : 14 Load : 17152
Quarter : 15 Load : 19946
Quarter : 16 Load : 22525
Quarter : 17 Load : 14281
Quarter : 18 Load : 15089
Quarter : 19 Load : 19494
Quarter : 20 Load : 19927
Quarter : 21 Load : 17045
Quarter : 22 Load : 17045
Quarter : 23 Load : 14862
Quarter : 24 Load : 12853
Quarter : 25 Load : 12853
Quarter : 26 Load : 195782
Quarter : 27 Load : 129212
Quarter : 28 Load : 80090
Quarter : 29 Load : 56743
Quarter : 30 Load : 37433
Quarter : 31 Load : 26997
Quarter : 32 Load : 33194
Quarter : 33 Load : 23099
Quarter : 34 Load : 21738
Quarter : 35 Load : 18583
Quarter : 36 Load : 30308
Quarter : 37 Load : 24505
Quarter : 38 Load : 30293
Quarter : 39 Load : 27172
Quarter : 40 Load : 16393
Quarter : 41 Load : 19797
Quarter : 42 Load : 19606
Quarter : 43 Load : 28757
Quarter : 44 Load : 19976
Quarter : 45 Load : 16714
Quarter : 46 Load : 33029
Quarter : 47 Load : 22822
Quarter : 48 Load : 35458
Quarter : 49 Load : 28559
Quarter : 50 Load : 21069
Quarter : 51 Load : 18308
Quarter : 52 Load : 21933
Quarter : 53 Load : 18720
Quarter : 54 Load : 23483
Quarter : 55 Load : 17772
Quarter : 56 Load : 11166
Quarter : 57 Load : 19207
Quarter : 58 Load : 23184
Quarter : 59 Load : 27745
Quarter : 60 Load : 30036
Quarter : 61 Load : 24894
Quarter : 62 Load : 33054
Quarter : 63 Load : 45942
Quarter : 64 Load : 51126
Quarter : 65 Load : 25668
Quarter : 66 Load : 24358
Quarter : 67 Load : 26681
Quarter : 68 Load : 23025
Quarter : 69 Load : 23405
Quarter : 70 Load : 30185
Quarter : 71 Load : 32242
Quarter : 72 Load : 18927
Quarter : 73 Load : 19771
Quarter : 74 Load : 22216
Quarter : 75 Load : 23261
Quarter : 76 Load : 27521
Quarter : 77 Load : 34684
Quarter : 78 Load : 17701
Quarter : 79 Load : 35619
Quarter : 80 Load : 24946
Quarter : 81 Load : 23502
Quarter : 82 Load : 22802
Quarter : 83 Load : 36841
Quarter : 84 Load : 22260
Quarter : 85 Load : 18522
Quarter : 86 Load : 28770
Quarter : 87 Load : 16336
Quarter : 88 Load : 12546
Quarter : 89 Load : 10914
Quarter : 90 Load : 18533
Quarter : 91 Load : 16897
Quarter : 92 Load : 5987
Quarter : 93 Load : 1980
Quarter : 94 Load : 2437
Quarter : 95 Load : 689
Quarter : 96 Load : 317
Day 5
Quarter : 1 Load : 7369
Quarter : 2 Load : 0
Quarter : 3 Load : 3029
Quarter : 4 Load : 5783
Quarter : 5 Load : 5783
Quarter : 6 Load : 5783
Quarter : 7 Load : 12078
Quarter : 8 Load : 14270
Quarter : 9 Load : 14270
Quarter : 10 Load : 14270
Quarter : 11 Load : 11241
Quarter : 12 Load : 8487
Quarter : 13 Load : 8487
Quarter : 14 Load : 8487
Quarter : 15 Load : 5375
Quarter : 16 Load : 3183
Quarter : 17 Load : 9260
Quarter : 18 Load : 12192
Quarter : 19 Load : 15732
Quarter : 20 Load : 16162
Quarter : 21 Load : 19190
Quarter : 22 Load : 19190
Quarter : 23 Load : 19711
Quarter : 24 Load : 19711
Quarter : 25 Load : 17007
Quarter : 26 Load : 152389
Quarter : 27 Load : 150678
Quarter : 28 Load : 68533
Quarter : 29 Load : 53618
Quarter : 30 Load : 39492
Quarter : 31 Load : 29129
Quarter : 32 Load : 46274
Quarter : 33 Load : 34699
Quarter : 34 Load : 20050
Quarter : 35 Load : 21723
Quarter : 36 Load : 18970
Quarter : 37 Load : 22483
Quarter : 38 Load : 20189
Quarter : 39 Load : 15087
Quarter : 40 Load : 27122
Quarter : 41 Load : 25428
Quarter : 42 Load : 23080
Quarter : 43 Load : 27622
Quarter : 44 Load : 22019
Quarter : 45 Load : 16000
Quarter : 46 Load : 28107
Quarter : 47 Load : 24342
Quarter : 48 Load : 30034
Quarter : 49 Load : 24705
Quarter : 50 Load : 23978
Quarter : 51 Load : 38128
Quarter : 52 Load : 20547
Quarter : 53 Load : 21150
Quarter : 54 Load : 29625
Quarter : 55 Load : 31173
Quarter : 56 Load : 25373
Quarter : 57 Load : 27033
Quarter : 58 Load : 24231
Quarter : 59 Load : 21307
Quarter : 60 Load : 37552
Quarter : 61 Load : 19381
Quarter : 62 Load : 38797
Quarter : 63 Load : 24365
Quarter : 64 Load : 22521
Quarter : 65 Load : 38708
Quarter : 66 Load : 22485
Quarter : 67 Load : 22111
Quarter : 68 Load : 25624
Quarter : 69 Load : 25966
Quarter : 70 Load : 26309
Quarter : 71 Load : 25560
Quarter : 72 Load : 28441
Quarter : 73 Load : 28491
Quarter : 74 Load : 38461
Quarter : 75 Load : 21801
Quarter : 76 Load : 22171
Quarter : 77 Load : 20666
Quarter : 78 Load : 39651
Quarter : 79 Load : 30074
Quarter : 80 Load : 50064
Quarter : 81 Load : 20434
Quarter : 82 Load : 16393
Quarter : 83 Load : 22817
Quarter : 84 Load : 27106
Quarter : 85 Load : 31577
Quarter : 86 Load : 31389
Quarter : 87 Load : 22647
Quarter : 88 Load : 18401
Quarter : 89 Load : 22777
Quarter : 90 Load : 24690
Quarter : 91 Load : 14483
Quarter : 92 Load : 7123
Quarter : 93 Load : 4164
Quarter : 94 Load : 1353
Quarter : 95 Load : 359
Quarter : 96 Load : 0
Day 6
Quarter : 1 Load : 6329
Quarter : 2 Load : 0
Quarter : 3 Load : 0
Quarter : 4 Load : 2579
Quarter : 5 Load : 2579
Quarter : 6 Load : 2579
Quarter : 7 Load : 4771
Quarter : 8 Load : 4771
Quarter : 9 Load : 4771
Quarter : 10 Load : 7856
Quarter : 11 Load : 7856
Quarter : 12 Load : 8209
Quarter : 13 Load : 8209
Quarter : 14 Load : 11003
Quarter : 15 Load : 8811
Quarter : 16 Load : 8811
Quarter : 17 Load : 10383
Quarter : 18 Load : 13613
Quarter : 19 Load : 13613
Quarter : 20 Load : 10681
Quarter : 21 Load : 13763
Quarter : 22 Load : 10969
Quarter : 23 Load : 13998
Quarter : 24 Load : 13998
Quarter : 25 Load : 13998
Quarter : 26 Load : 186171
Quarter : 27 Load : 165004
Quarter : 28 Load : 65121
Quarter : 29 Load : 49664
Quarter : 30 Load : 25656
Quarter : 31 Load : 35030
Quarter : 32 Load : 22023
Quarter : 33 Load : 16644
Quarter : 34 Load : 15621
Quarter : 35 Load : 19036
Quarter : 36 Load : 17359
Quarter : 37 Load : 22737
Quarter : 38 Load : 21720
Quarter : 39 Load : 20712
Quarter : 40 Load : 20417
Quarter : 41 Load : 23851
Quarter : 42 Load : 20102
Quarter : 43 Load : 25120
Quarter : 44 Load : 24820
Quarter : 45 Load : 15705
Quarter : 46 Load : 22705
Quarter : 47 Load : 23480
Quarter : 48 Load : 19354
Quarter : 49 Load : 21767
Quarter : 50 Load : 31770
Quarter : 51 Load : 21272
Quarter : 52 Load : 28023
Quarter : 53 Load : 21098
Quarter : 54 Load : 20331
Quarter : 55 Load : 16553
Quarter : 56 Load : 15493
Quarter : 57 Load : 17933
Quarter : 58 Load : 17413
Quarter : 59 Load : 22763
Quarter : 60 Load : 30746
Quarter : 61 Load : 32953
Quarter : 62 Load : 25713
Quarter : 63 Load : 35672
Quarter : 64 Load : 17879
Quarter : 65 Load : 19361
Quarter : 66 Load : 30888
Quarter : 67 Load : 17021
Quarter : 68 Load : 17299
Quarter : 69 Load : 18063
Quarter : 70 Load : 13353
Quarter : 71 Load : 11922
Quarter : 72 Load : 14712
Quarter : 73 Load : 24364
Quarter : 74 Load : 15362
Quarter : 75 Load : 18346
Quarter : 76 Load : 22983
Quarter : 77 Load : 26353
Quarter : 78 Load : 24332
Quarter : 79 Load : 21309
Quarter : 80 Load : 13985
Quarter : 81 Load : 26318
Quarter : 82 Load : 16012
Quarter : 83 Load : 18141
Quarter : 84 Load : 14700
Quarter : 85 Load : 13975
Quarter : 86 Load : 15075
Quarter : 87 Load : 11000
Quarter : 88 Load : 27150
Quarter : 89 Load : 18575
Quarter : 90 Load : 19846
Quarter : 91 Load : 17758
Quarter : 92 Load : 2274
Quarter : 93 Load : 5066
Quarter : 94 Load : 748
Quarter : 95 Load : 288
Quarter : 96 Load : 0
Day 0
Hour : 1 Load : 15061
Hour : 2 Load : 37923
Hour : 3 Load : 58614
Hour : 4 Load : 43143
Hour : 5 Load : 57018
Hour : 6 Load : 58636
Hour : 7 Load : 440823
Hour : 8 Load : 154065
Hour : 9 Load : 149533
Hour : 10 Load : 89034
Hour : 11 Load : 107562
Hour : 12 Load : 113636
Hour : 13 Load : 121583
Hour : 14 Load : 86206
Hour : 15 Load : 102443
Hour : 16 Load : 102316
Hour : 17 Load : 84038
Hour : 18 Load : 80444
Hour : 19 Load : 99718
Hour : 20 Load : 102439
Hour : 21 Load : 86583
Hour : 22 Load : 83585
Hour : 23 Load : 82454
Hour : 24 Load : 11983
Day 1
Hour : 1 Load : 16823
Hour : 2 Load : 35238
Hour : 3 Load : 47095
Hour : 4 Load : 35766
Hour : 5 Load : 83438
Hour : 6 Load : 91369
Hour : 7 Load : 392471
Hour : 8 Load : 135283
Hour : 9 Load : 72699
Hour : 10 Load : 80227
Hour : 11 Load : 99710
Hour : 12 Load : 78673
Hour : 13 Load : 112740
Hour : 14 Load : 174832
Hour : 15 Load : 110963
Hour : 16 Load : 121091
Hour : 17 Load : 113706
Hour : 18 Load : 77185
Hour : 19 Load : 99412
Hour : 20 Load : 86905
Hour : 21 Load : 92752
Hour : 22 Load : 70838
Hour : 23 Load : 54819
Hour : 24 Load : 3390
Day 2
Hour : 1 Load : 9807
Hour : 2 Load : 36190
Hour : 3 Load : 56246
Hour : 4 Load : 31400
Hour : 5 Load : 55816
Hour : 6 Load : 78180
Hour : 7 Load : 462116
Hour : 8 Load : 137318
Hour : 9 Load : 97629
Hour : 10 Load : 123547
Hour : 11 Load : 141593
Hour : 12 Load : 125026
Hour : 13 Load : 92472
Hour : 14 Load : 102938
Hour : 15 Load : 107114
Hour : 16 Load : 122692
Hour : 17 Load : 109112
Hour : 18 Load : 105510
Hour : 19 Load : 82002
Hour : 20 Load : 88594
Hour : 21 Load : 80349
Hour : 22 Load : 89621
Hour : 23 Load : 48934
Hour : 24 Load : 7501
Day 3
Hour : 1 Load : 14008
Hour : 2 Load : 38390
Hour : 3 Load : 49541
Hour : 4 Load : 33442
Hour : 5 Load : 35724
Hour : 6 Load : 36761
Hour : 7 Load : 422224
Hour : 8 Load : 137522
Hour : 9 Load : 164612
Hour : 10 Load : 96202
Hour : 11 Load : 115084
Hour : 12 Load : 94249
Hour : 13 Load : 112222
Hour : 14 Load : 95667
Hour : 15 Load : 121983
Hour : 16 Load : 100137
Hour : 17 Load : 99118
Hour : 18 Load : 122595
Hour : 19 Load : 70057
Hour : 20 Load : 81661
Hour : 21 Load : 90085
Hour : 22 Load : 76214
Hour : 23 Load : 74324
Hour : 24 Load : 3793
Day 4
Hour : 1 Load : 6366
Hour : 2 Load : 12328
Hour : 3 Load : 58392
Hour : 4 Load : 76775
Hour : 5 Load : 68791
Hour : 6 Load : 61805
Hour : 7 Load : 417937
Hour : 8 Load : 154367
Hour : 9 Load : 93728
Hour : 10 Load : 98363
Hour : 11 Load : 88136
Hour : 12 Load : 108023
Hour : 13 Load : 89869
Hour : 14 Load : 71141
Hour : 15 Load : 100172
Hour : 16 Load : 155016
Hour : 17 Load : 99732
Hour : 18 Load : 104759
Hour : 19 Load : 92769
Hour : 20 Load : 112950
Hour : 21 Load : 105405
Hour : 22 Load : 76174
Hour : 23 Load : 52331
Hour : 24 Load : 5423
Day 5
Hour : 1 Load : 16181
Hour : 2 Load : 37914
Hour : 3 Load : 48268
Hour : 4 Load : 25532
Hour : 5 Load : 53346
Hour : 6 Load : 77802
Hour : 7 Load : 388607
Hour : 8 Load : 168513
Hour : 9 Load : 95442
Hour : 10 Load : 84881
Hour : 11 Load : 98149
Hour : 12 Load : 98483
Hour : 13 Load : 107358
Hour : 14 Load : 107321
Hour : 15 Load : 110123
Hour : 16 Load : 105064
Hour : 17 Load : 108928
Hour : 18 Load : 106276
Hour : 19 Load : 110924
Hour : 20 Load : 140455
Hour : 21 Load : 86750
Hour : 22 Load : 104014
Hour : 23 Load : 69073
Hour : 24 Load : 5876
Day 6
Hour : 1 Load : 8908
Hour : 2 Load : 14700
Hour : 3 Load : 28692
Hour : 4 Load : 36834
Hour : 5 Load : 48290
Hour : 6 Load : 52728
Hour : 7 Load : 430294
Hour : 8 Load : 132373
Hour : 9 Load : 68660
Hour : 10 Load : 85586
Hour : 11 Load : 93893
Hour : 12 Load : 81244
Hour : 13 Load : 102832
Hour : 14 Load : 73475
Hour : 15 Load : 88855
Hour : 16 Load : 112217
Hour : 17 Load : 84569
Hour : 18 Load : 58050
Hour : 19 Load : 81055
Hour : 20 Load : 85979
Hour : 21 Load : 75171
Hour : 22 Load : 67200
Hour : 23 Load : 58453
Hour : 24 Load : 6102
Initializing House 0
Initializing House 1
Initializing House 2
Initializing House 3
Initializing House 4
Initializing House 5
Initializing House 6
Initializing House 7
Initializing House 8
Initializing House 9
Initializing House 10
Initializing House 11
Initializing House 12
Initializing House 13
Initializing House 14
Initializing House 15
Initializing House 16
Initializing House 17
Initializing House 18
Initializing House 19
Initializing House 20
Initializing House 21
Initializing House 22
Initializing House 23
Initializing House 24
Initializing House 25
Initializing House 26
Initializing House 27
Initializing House 28
Initializing House 29
Initializing House 30
Initializing House 31
Initializing House 32
Initializing House 33
Initializing House 34
Initializing House 35
Initializing House 36
Initializing House 37
Initializing House 38
Initializing House 39
Initializing House 40
Initializing House 41
Initializing House 42
Initializing House 43
Initializing House 44
Initializing House 45
Initializing House 46
Initializing House 47
Initializing House 48
Initializing House 49
Initializing House 50
Initializing House 51
Initializing House 52
Initializing House 53
Initializing House 54
Initializing House 55
Initializing House 56
Initializing House 57
Initializing House 58
Initializing House 59
Initializing House 60
Initializing House 61
Initializing House 62
Initializing House 63
Initializing House 64
Initializing House 65
Initializing House 66
Initializing House 67
Initializing House 68
Initializing House 69
Initializing House 70
Initializing House 71
Initializing House 72
Initializing House 73
Initializing House 74
Initializing House 75
Initializing House 76
Initializing House 77
Initializing House 78
Initializing House 79
Initializing House 80
Initializing House 81
Initializing House 82
Initializing House 83
Initializing House 84
Initializing House 85
Initializing House 86
Initializing House 87
Initializing House 88
Initializing House 89
Initializing House 90
Initializing House 91
Initializing House 92
Initializing House 93
Initializing House 94
Initializing House 95
Initializing House 96
Initializing House 97
Initializing House 98
Initializing House 99
Scheduled
Day 0
Quarter : 1 Load : 5944
Quarter : 2 Load : 0
Quarter : 3 Load : 0
Quarter : 4 Load : 0
Quarter : 5 Load : 0
Quarter : 6 Load : 2710
Quarter : 7 Load : 2710
Quarter : 8 Load : 2710
Quarter : 9 Load : 5860
Quarter : 10 Load : 5860
Quarter : 11 Load : 5860
Quarter : 12 Load : 5860
Quarter : 13 Load : 5860
Quarter : 14 Load : 5976
Quarter : 15 Load : 5976
Quarter : 16 Load : 5976
Quarter : 17 Load : 6830
Quarter : 18 Load : 6830
Quarter : 19 Load : 11309
Quarter : 20 Load : 17664
Quarter : 21 Load : 17664
Quarter : 22 Load : 16075
Quarter : 23 Load : 19548
Quarter : 24 Load : 19990
Quarter : 25 Load : 19990
Quarter : 26 Load : 231826
Quarter : 27 Load : 170474
Quarter : 28 Load : 74383
Quarter : 29 Load : 56365
Quarter : 30 Load : 39948
Quarter : 31 Load : 28687
Quarter : 32 Load : 47866
Quarter : 33 Load : 45357
Quarter : 34 Load : 18824
Quarter : 35 Load : 21934
Quarter : 36 Load : 35204
Quarter : 37 Load : 23931
Quarter : 38 Load : 17783
Quarter : 39 Load : 28465
Quarter : 40 Load : 41027
Quarter : 41 Load : 22944
Quarter : 42 Load : 25302
Quarter : 43 Load : 47919
Quarter : 44 Load : 24896
Quarter : 45 Load : 26060
Quarter : 46 Load : 24158
Quarter : 47 Load : 18440
Quarter : 48 Load : 23635
Quarter : 49 Load : 22899
Quarter : 50 Load : 24831
Quarter : 51 Load : 34928
Quarter : 52 Load : 17957
Quarter : 53 Load : 40640
Quarter : 54 Load : 16757
Quarter : 55 Load : 15245
Quarter : 56 Load : 16329
Quarter : 57 Load : 31137
Quarter : 58 Load : 30163
Quarter : 59 Load : 27399
Quarter : 60 Load : 25768
Quarter : 61 Load : 27915
Quarter : 62 Load : 25788
Quarter : 63 Load : 33810
Quarter : 64 Load : 23847
Quarter : 65 Load : 30718
Quarter : 66 Load : 26178
Quarter : 67 Load : 25301
Quarter : 68 Load : 16239
Quarter : 69 Load : 47877
Quarter : 70 Load : 22714
Quarter : 71 Load : 18348
Quarter : 72 Load : 21106
Quarter : 73 Load : 19586
Quarter : 74 Load : 17521
Quarter : 75 Load : 24952
Quarter : 76 Load : 19649
Quarter : 77 Load : 35353
Quarter : 78 Load : 28975
Quarter : 79 Load : 29520
Quarter : 80 Load : 32009
Quarter : 81 Load : 20115
Quarter : 82 Load : 19736
Quarter : 83 Load : 30224
Quarter : 84 Load : 21208
Quarter : 85 Load : 19960
Quarter : 86 Load : 22210
Quarter : 87 Load : 35205
Quarter : 88 Load : 42439
Quarter : 89 Load : 24339
Quarter : 90 Load : 19957
Quarter : 91 Load : 34757
Quarter : 92 Load : 6433
Quarter : 93 Load : 3037
Quarter : 94 Load : 3149
Quarter : 95 Load : 3943
Quarter : 96 Load : 0
Day 1
Quarter : 1 Load : 7145
Quarter : 2 Load : 0
Quarter : 3 Load : 3150
Quarter : 4 Load : 3150
Quarter : 5 Load : 3150
Quarter : 6 Load : 3150
Quarter : 7 Load : 3150
Quarter : 8 Load : 3150
Quarter : 9 Load : 3150
Quarter : 10 Load : 5860
Quarter : 11 Load : 2710
Quarter : 12 Load : 2710
Quarter : 13 Load : 5536
Quarter : 14 Load : 5536
Quarter : 15 Load : 11572
Quarter : 16 Load : 11572
Quarter : 17 Load : 14552
Quarter : 18 Load : 14471
Quarter : 19 Load : 20338
Quarter : 20 Load : 20884
Quarter : 21 Load : 18671
Quarter : 22 Load : 19247
Quarter : 23 Load : 17316
Quarter : 24 Load : 18013
Quarter : 25 Load : 19112
Quarter : 26 Load : 313327
Quarter : 27 Load : 163939
Quarter : 28 Load : 58886
Quarter : 29 Load : 62735
Quarter : 30 Load : 37922
Quarter : 31 Load : 33052
Quarter : 32 Load : 29252
Quarter : 33 Load : 24601
Quarter : 34 Load : 18347
Quarter : 35 Load : 16610
Quarter : 36 Load : 28180
Quarter : 37 Load : 15579
Quarter : 38 Load : 21347
Quarter : 39 Load : 14813
Quarter : 40 Load : 35893
Quarter : 41 Load : 22205
Quarter : 42 Load : 20931
Quarter : 43 Load : 28310
Quarter : 44 Load : 21986
Quarter : 45 Load : 22366
Quarter : 46 Load : 39352
Quarter : 47 Load : 34116
Quarter : 48 Load : 14688
Quarter : 49 Load : 19821
Quarter : 50 Load : 19043
Quarter : 51 Load : 25225
Quarter : 52 Load : 27787
Quarter : 53 Load : 20672
Quarter : 54 Load : 21947
Quarter : 55 Load : 33836
Quarter : 56 Load : 14883
Quarter : 57 Load : 22320
Quarter : 58 Load : 24188
Quarter : 59 Load : 19769
Quarter : 60 Load : 32987
Quarter : 61 Load : 31110
Quarter : 62 Load : 27557
Quarter : 63 Load : 25271
Quarter : 64 Load : 28327
Quarter : 65 Load : 41212
Quarter : 66 Load : 25469
Quarter : 67 Load : 25999
Quarter : 68 Load : 25943
Quarter : 69 Load : 32233
Quarter : 70 Load : 30607
Quarter : 71 Load : 21868
Quarter : 72 Load : 25627
Quarter : 73 Load : 27938
Quarter : 74 Load : 41841
Quarter : 75 Load : 31609
Quarter : 76 Load : 44841
Quarter : 77 Load : 25635
Quarter : 78 Load : 20528
Quarter : 79 Load : 25338
Quarter : 80 Load : 22341
Quarter : 81 Load : 19363
Quarter : 82 Load : 27392
Quarter : 83 Load : 33093
Quarter : 84 Load : 14828
Quarter : 85 Load : 17513
Quarter : 86 Load : 18608
Quarter : 87 Load : 33814
Quarter : 88 Load : 17513
Quarter : 89 Load : 18807
Quarter : 90 Load : 34876
Quarter : 91 Load : 24135
Quarter : 92 Load : 6580
Quarter : 93 Load : 4034
Quarter : 94 Load : 1694
Quarter : 95 Load : 1360
Quarter : 96 Load : 812
Day 2
Quarter : 1 Load : 8286
Quarter : 2 Load : 2826
Quarter : 3 Load : 2826
Quarter : 4 Load : 2826
Quarter : 5 Load : 2826
Quarter : 6 Load : 5536
Quarter : 7 Load : 5536
Quarter : 8 Load : 5536
Quarter : 9 Load : 5536
Quarter : 10 Load : 7829
Quarter : 11 Load : 10791
Quarter : 12 Load : 13865
Quarter : 13 Load : 13865
Quarter : 14 Load : 11155
Quarter : 15 Load : 11155
Quarter : 16 Load : 11155
Quarter : 17 Load : 14298
Quarter : 18 Load : 9179
Quarter : 19 Load : 13491
Quarter : 20 Load : 10888
Quarter : 21 Load : 11413
Quarter : 22 Load : 11413
Quarter : 23 Load : 11413
Quarter : 24 Load : 11928
Quarter : 25 Load : 15283
Quarter : 26 Load : 223451
Quarter : 27 Load : 178672
Quarter : 28 Load : 86536
Quarter : 29 Load : 83026
Quarter : 30 Load : 34051
Quarter : 31 Load : 29387
Quarter : 32 Load : 29668
Quarter : 33 Load : 42170
Quarter : 34 Load : 29734
Quarter : 35 Load : 29788
Quarter : 36 Load : 28268
Quarter : 37 Load : 41524
Quarter : 38 Load : 32297
Quarter : 39 Load : 27833
Quarter : 40 Load : 29055
Quarter : 41 Load : 19918
Quarter : 42 Load : 17955
Quarter : 43 Load : 18993
Quarter : 44 Load : 30902
Quarter : 45 Load : 29918
Quarter : 46 Load : 19242
Quarter : 47 Load : 20723
Quarter : 48 Load : 25759
Quarter : 49 Load : 35122
Quarter : 50 Load : 31649
Quarter : 51 Load : 33031
Quarter : 52 Load : 37591
Quarter : 53 Load : 24960
Quarter : 54 Load : 45000
Quarter : 55 Load : 37052
Quarter : 56 Load : 26101
Quarter : 57 Load : 28452
Quarter : 58 Load : 22376
Quarter : 59 Load : 23608
Quarter : 60 Load : 24155
Quarter : 61 Load : 41262
Quarter : 62 Load : 55513
Quarter : 63 Load : 37186
Quarter : 64 Load : 20967
Quarter : 65 Load : 23414
Quarter : 66 Load : 28730
Quarter : 67 Load : 26364
Quarter : 68 Load : 35628
Quarter : 69 Load : 34001
Quarter : 70 Load : 25813
Quarter : 71 Load : 27460
Quarter : 72 Load : 30931
Quarter : 73 Load : 27887
Quarter : 74 Load : 23976
Quarter : 75 Load : 18390
Quarter : 76 Load : 19188
Quarter : 77 Load : 39828
Quarter : 78 Load : 23485
Quarter : 79 Load : 20599
Quarter : 80 Load : 23479
Quarter : 81 Load : 26343
Quarter : 82 Load : 24144
Quarter : 83 Load : 26597
Quarter : 84 Load : 21434
Quarter : 85 Load : 34143
Quarter : 86 Load : 24565
Quarter : 87 Load : 23566
Quarter : 88 Load : 31765
Quarter : 89 Load : 15612
Quarter : 90 Load : 27722
Quarter : 91 Load : 24317
Quarter : 92 Load : 6419
Quarter : 93 Load : 2190
Quarter : 94 Load : 1653
Quarter : 95 Load : 679
Quarter : 96 Load : 463
Day 3
Quarter : 1 Load : 6785
Quarter : 2 Load : 2826
Quarter : 3 Load : 2826
Quarter : 4 Load : 5536
Quarter : 5 Load : 5536
Quarter : 6 Load : 5536
Quarter : 7 Load : 5536
Quarter : 8 Load : 5536
Quarter : 9 Load : 5536
Quarter : 10 Load : 2710
Quarter : 11 Load : 2710
Quarter : 12 Load : 2629
Quarter : 13 Load : 5779
Quarter : 14 Load : 5779
Quarter : 15 Load : 5779
Quarter : 16 Load : 8741
Quarter : 17 Load : 13892
Quarter : 18 Load : 13892
Quarter : 19 Load : 23453
Quarter : 20 Load : 23310
Quarter : 21 Load : 20827
Quarter : 22 Load : 24412
Quarter : 23 Load : 24412
Quarter : 24 Load : 22020
Quarter : 25 Load : 25885
Quarter : 26 Load : 250236
Quarter : 27 Load : 168681
Quarter : 28 Load : 72688
Quarter : 29 Load : 47852
Quarter : 30 Load : 32895
Quarter : 31 Load : 30088
Quarter : 32 Load : 36367
Quarter : 33 Load : 33076
Quarter : 34 Load : 20694
Quarter : 35 Load : 52776
Quarter : 36 Load : 28775
Quarter : 37 Load : 25766
Quarter : 38 Load : 24797
Quarter : 39 Load : 34825
Quarter : 40 Load : 18388
Quarter : 41 Load : 32404
Quarter : 42 Load : 26338
Quarter : 43 Load : 21045
Quarter : 44 Load : 17043
Quarter : 45 Load : 49509
Quarter : 46 Load : 19004
Quarter : 47 Load : 18204
Quarter : 48 Load : 28553
Quarter : 49 Load : 30847
Quarter : 50 Load : 17623
Quarter : 51 Load : 20044
Quarter : 52 Load : 17500
Quarter : 53 Load : 15353
Quarter : 54 Load : 11028
Quarter : 55 Load : 27693
Quarter : 56 Load : 17894
Quarter : 57 Load : 23735
Quarter : 58 Load : 21581
Quarter : 59 Load : 32289
Quarter : 60 Load : 21348
Quarter : 61 Load : 26781
Quarter : 62 Load : 21888
Quarter : 63 Load : 67400
Quarter : 64 Load : 33810
Quarter : 65 Load : 23083
Quarter : 66 Load : 20361
Quarter : 67 Load : 25943
Quarter : 68 Load : 32020
Quarter : 69 Load : 28481
Quarter : 70 Load : 33151
Quarter : 71 Load : 21277
Quarter : 72 Load : 20978
Quarter : 73 Load : 22351
Quarter : 74 Load : 25301
Quarter : 75 Load : 21709
Quarter : 76 Load : 24706
Quarter : 77 Load : 30982
Quarter : 78 Load : 22460
Quarter : 79 Load : 28541
Quarter : 80 Load : 42028
Quarter : 81 Load : 21691
Quarter : 82 Load : 17246
Quarter : 83 Load : 29737
Quarter : 84 Load : 20802
Quarter : 85 Load : 31423
Quarter : 86 Load : 29034
Quarter : 87 Load : 14706
Quarter : 88 Load : 22823
Quarter : 89 Load : 24653
Quarter : 90 Load : 21524
Quarter : 91 Load : 28221
Quarter : 92 Load : 4304
Quarter : 93 Load : 2001
Quarter : 94 Load : 502
Quarter : 95 Load : 383
Quarter : 96 Load : 0
Day 4
Quarter : 1 Load : 7335
Quarter : 2 Load : 2826
Quarter : 3 Load : 2826
Quarter : 4 Load : 2826
Quarter : 5 Load : 2826
Quarter : 6 Load : 2826
Quarter : 7 Load : 2826
Quarter : 8 Load : 2826
Quarter : 9 Load : 5455
Quarter : 10 Load : 5910
Quarter : 11 Load : 5910
Quarter : 12 Load : 5910
Quarter : 13 Load : 8872
Quarter : 14 Load : 8872
Quarter : 15 Load : 8872
Quarter : 16 Load : 8872
Quarter : 17 Load : 13987
Quarter : 18 Load : 13416
Quarter : 19 Load : 16694
Quarter : 20 Load : 17298
Quarter : 21 Load : 15891
Quarter : 22 Load : 15891
Quarter : 23 Load : 15891
Quarter : 24 Load : 18965
Quarter : 25 Load : 16803
Quarter : 26 Load : 255836
Quarter : 27 Load : 169748
Quarter : 28 Load : 61407
Quarter : 29 Load : 40957
Quarter : 30 Load : 29583
Quarter : 31 Load : 26033
Quarter : 32 Load : 23878
Quarter : 33 Load : 25666
Quarter : 34 Load : 19718
Quarter : 35 Load : 22657
Quarter : 36 Load : 52678
Quarter : 37 Load : 16560
Quarter : 38 Load : 21650
Quarter : 39 Load : 20500
Quarter : 40 Load : 20263
Quarter : 41 Load : 14996
Quarter : 42 Load : 28869
Quarter : 43 Load : 29653
Quarter : 44 Load : 38590
Quarter : 45 Load : 30181
Quarter : 46 Load : 17410
Quarter : 47 Load : 21595
Quarter : 48 Load : 19398
Quarter : 49 Load : 20372
Quarter : 50 Load : 17925
Quarter : 51 Load : 24178
Quarter : 52 Load : 40382
Quarter : 53 Load : 21511
Quarter : 54 Load : 17316
Quarter : 55 Load : 21072
Quarter : 56 Load : 21462
Quarter : 57 Load : 25188
Quarter : 58 Load : 18025
Quarter : 59 Load : 27556
Quarter : 60 Load : 27566
Quarter : 61 Load : 23813
Quarter : 62 Load : 19163
Quarter : 63 Load : 52728
Quarter : 64 Load : 32579
Quarter : 65 Load : 25136
Quarter : 66 Load : 41882
Quarter : 67 Load : 22679
Quarter : 68 Load : 33730
Quarter : 69 Load : 16569
Quarter : 70 Load : 14725
Quarter : 71 Load : 18007
Quarter : 72 Load : 20535
Quarter : 73 Load : 38656
Quarter : 74 Load : 26143
Quarter : 75 Load : 35493
Quarter : 76 Load : 30815
Quarter : 77 Load : 24856
Quarter : 78 Load : 25923
Quarter : 79 Load : 30727
Quarter : 80 Load : 32698
Quarter : 81 Load : 43275
Quarter : 82 Load : 33144
Quarter : 83 Load : 28556
Quarter : 84 Load : 37832
Quarter : 85 Load : 20778
Quarter : 86 Load : 20621
Quarter : 87 Load : 33777
Quarter : 88 Load : 28321
Quarter : 89 Load : 21985
Quarter : 90 Load : 33116
Quarter : 91 Load : 27855
Quarter : 92 Load : 6570
Quarter : 93 Load : 4359
Quarter : 94 Load : 2317
Quarter : 95 Load : 671
Quarter : 96 Load : 0
Day 5
Quarter : 1 Load : 7124
Quarter : 2 Load : 5860
Quarter : 3 Load : 5860
Quarter : 4 Load : 5860
Quarter : 5 Load : 5860
Quarter : 6 Load : 5860
Quarter : 7 Load : 5860
Quarter : 8 Load : 5860
Quarter : 9 Load : 5860
Quarter : 10 Load : 0
Quarter : 11 Load : 0
Quarter : 12 Load : 0
Quarter : 13 Load : 0
Quarter : 14 Load : 3074
Quarter : 15 Load : 3074
Quarter : 16 Load : 3074
Quarter : 17 Load : 9927
Quarter : 18 Load : 13208
Quarter : 19 Load : 16253
Quarter : 20 Load : 16253
Quarter : 21 Load : 16253
Quarter : 22 Load : 13179
Quarter : 23 Load : 15017
Quarter : 24 Load : 15017
Quarter : 25 Load : 20877
Quarter : 26 Load : 209725
Quarter : 27 Load : 128311
Quarter : 28 Load : 60661
Quarter : 29 Load : 61843
Quarter : 30 Load : 34133
Quarter : 31 Load : 31904
Quarter : 32 Load : 25287
Quarter : 33 Load : 28209
Quarter : 34 Load : 18998
Quarter : 35 Load : 22699
Quarter : 36 Load : 25255
Quarter : 37 Load : 25404
Quarter : 38 Load : 26837
Quarter : 39 Load : 44392
Quarter : 40 Load : 23959
Quarter : 41 Load : 60585
Quarter : 42 Load : 21835
Quarter : 43 Load : 24179
Quarter : 44 Load : 24759
Quarter : 45 Load : 26300
Quarter : 46 Load : 26155
Quarter : 47 Load : 22455
Quarter : 48 Load : 15426
Quarter : 49 Load : 24658
Quarter : 50 Load : 39221
Quarter : 51 Load : 22467
Quarter : 52 Load : 23140
Quarter : 53 Load : 20954
Quarter : 54 Load : 22987
Quarter : 55 Load : 16705
Quarter : 56 Load : 17491
Quarter : 57 Load : 29352
Quarter : 58 Load : 17396
Quarter : 59 Load : 16828
Quarter : 60 Load : 24252
Quarter : 61 Load : 35876
Quarter : 62 Load : 43146
Quarter : 63 Load : 25249
Quarter : 64 Load : 33817
Quarter : 65 Load : 24573
Quarter : 66 Load : 46394
Quarter : 67 Load : 27834
Quarter : 68 Load : 33025
Quarter : 69 Load : 33069
Quarter : 70 Load : 26875
Quarter : 71 Load : 26484
Quarter : 72 Load : 28623
Quarter : 73 Load : 42251
Quarter : 74 Load : 17450
Quarter : 75 Load : 41222
Quarter : 76 Load : 36236
Quarter : 77 Load : 25259
Quarter : 78 Load : 22658
Quarter : 79 Load : 26503
Quarter : 80 Load : 24666
Quarter : 81 Load : 19465
Quarter : 82 Load : 19387
Quarter : 83 Load : 20046
Quarter : 84 Load : 42507
Quarter : 85 Load : 72707
Quarter : 86 Load : 53876
Quarter : 87 Load : 29416
Quarter : 88 Load : 25274
Quarter : 89 Load : 26245
Quarter : 90 Load : 22458
Quarter : 91 Load : 43603
Quarter : 92 Load : 6975
Quarter : 93 Load : 8372
Quarter : 94 Load : 895
Quarter : 95 Load : 725
Quarter : 96 Load : 485
Day 6
Quarter : 1 Load : 5965
Quarter : 2 Load : 0
Quarter : 3 Load : 0
Quarter : 4 Load : 0
Quarter : 5 Load : 3074
Quarter : 6 Load : 3074
Quarter : 7 Load : 3074
Quarter : 8 Load : 3074
Quarter : 9 Load : 3074
Quarter : 10 Load : 3074
Quarter : 11 Load : 6355
Quarter : 12 Load : 9181
Quarter : 13 Load : 6107
Quarter : 14 Load : 8817
Quarter : 15 Load : 8817
Quarter : 16 Load : 11779
Quarter : 17 Load : 12352
Quarter : 18 Load : 14190
Quarter : 19 Load : 12082
Quarter : 20 Load : 15035
Quarter : 21 Load : 15035
Quarter : 22 Load : 12325
Quarter : 23 Load : 12325
Quarter : 24 Load : 9363
Quarter : 25 Load : 9866
Quarter : 26 Load : 256463
Quarter : 27 Load : 152531
Quarter : 28 Load : 50063
Quarter : 29 Load : 35957
Quarter : 30 Load : 22471
Quarter : 31 Load : 21573
Quarter : 32 Load : 19379
Quarter : 33 Load : 14294
Quarter : 34 Load : 39530
Quarter : 35 Load : 24908
Quarter : 36 Load : 13449
Quarter : 37 Load : 17568
Quarter : 38 Load : 17437
Quarter : 39 Load : 20748
Quarter : 40 Load : 10024
Quarter : 41 Load : 15814
Quarter : 42 Load : 18143
Quarter : 43 Load : 24344
Quarter : 44 Load : 17836
Quarter : 45 Load : 11145
Quarter : 46 Load : 23383
Quarter : 47 Load : 8747
Quarter : 48 Load : 39769
Quarter : 49 Load : 13259
Quarter : 50 Load : 19900
Quarter : 51 Load : 29038
Quarter : 52 Load : 32660
Quarter : 53 Load : 28183
Quarter : 54 Load : 17656
Quarter : 55 Load : 22569
Quarter : 56 Load : 18097
Quarter : 57 Load : 29967
Quarter : 58 Load : 22026
Quarter : 59 Load : 52750
Quarter : 60 Load : 26322
Quarter : 61 Load : 25370
Quarter : 62 Load : 26118
Quarter : 63 Load : 38261
Quarter : 64 Load : 36673
Quarter : 65 Load : 16654
Quarter : 66 Load : 19031
Quarter : 67 Load : 20691
Quarter : 68 Load : 27346
Quarter : 69 Load : 25922
Quarter : 70 Load : 27487
Quarter : 71 Load : 29059
Quarter : 72 Load : 26269
Quarter : 73 Load : 26754
Quarter : 74 Load : 14907
Quarter : 75 Load : 36996
Quarter : 76 Load : 25522
Quarter : 77 Load : 18904
Quarter : 78 Load : 33917
Quarter : 79 Load : 21665
Quarter : 80 Load : 28577
Quarter : 81 Load : 16041
Quarter : 82 Load : 11885
Quarter : 83 Load : 15301
Quarter : 84 Load : 20558
Quarter : 85 Load : 16156
Quarter : 86 Load : 22972
Quarter : 87 Load : 19106
Quarter : 88 Load : 18851
Quarter : 89 Load : 34970
Quarter : 90 Load : 18660
Quarter : 91 Load : 15664
Quarter : 92 Load : 5657
Quarter : 93 Load : 3555
Quarter : 94 Load : 2701
Quarter : 95 Load : 121
Quarter : 96 Load : 403
Day 0
Hour : 1 Load : 5944
Hour : 2 Load : 8130
Hour : 3 Load : 23440
Hour : 4 Load : 23788
Hour : 5 Load : 42633
Hour : 6 Load : 73277
Hour : 7 Load : 496673
Hour : 8 Load : 172866
Hour : 9 Load : 121319
Hour : 10 Load : 111206
Hour : 11 Load : 121061
Hour : 12 Load : 92293
Hour : 13 Load : 100615
Hour : 14 Load : 88971
Hour : 15 Load : 114467
Hour : 16 Load : 111360
Hour : 17 Load : 98436
Hour : 18 Load : 110045
Hour : 19 Load : 81708
Hour : 20 Load : 125857
Hour : 21 Load : 91283
Hour : 22 Load : 119814
Hour : 23 Load : 85486
Hour : 24 Load : 10129
Day 1
Hour : 1 Load : 13445
Hour : 2 Load : 12600
Hour : 3 Load : 14430
Hour : 4 Load : 34216
Hour : 5 Load : 70245
Hour : 6 Load : 73247
Hour : 7 Load : 555264
Hour : 8 Load : 162961
Hour : 9 Load : 87738
Hour : 10 Load : 87632
Hour : 11 Load : 93432
Hour : 12 Load : 110522
Hour : 13 Load : 91876
Hour : 14 Load : 91338
Hour : 15 Load : 99264
Hour : 16 Load : 112265
Hour : 17 Load : 118623
Hour : 18 Load : 110335
Hour : 19 Load : 146229
Hour : 20 Load : 93842
Hour : 21 Load : 94676
Hour : 22 Load : 87448
Hour : 23 Load : 84398
Hour : 24 Load : 7900
Day 2
Hour : 1 Load : 16764
Hour : 2 Load : 19434
Hour : 3 Load : 38021
Hour : 4 Load : 47330
Hour : 5 Load : 47856
Hour : 6 Load : 46167
Hour : 7 Load : 503942
Hour : 8 Load : 176132
Hour : 9 Load : 129960
Hour : 10 Load : 130709
Hour : 11 Load : 87768
Hour : 12 Load : 95642
Hour : 13 Load : 137393
Hour : 14 Load : 133113
Hour : 15 Load : 98591
Hour : 16 Load : 154928
Hour : 17 Load : 114136
Hour : 18 Load : 118205
Hour : 19 Load : 89441
Hour : 20 Load : 107391
Hour : 21 Load : 98518
Hour : 22 Load : 114039
Hour : 23 Load : 74070
Hour : 24 Load : 4985
Day 3
Hour : 1 Load : 17973
Hour : 2 Load : 22144
Hour : 3 Load : 13585
Hour : 4 Load : 26078
Hour : 5 Load : 74547
Hour : 6 Load : 91671
Hour : 7 Load : 517490
Hour : 8 Load : 147202
Hour : 9 Load : 135321
Hour : 10 Load : 103776
Hour : 11 Load : 96830
Hour : 12 Load : 115270
Hour : 13 Load : 86014
Hour : 14 Load : 71968
Hour : 15 Load : 98953
Hour : 16 Load : 149879
Hour : 17 Load : 101407
Hour : 18 Load : 103887
Hour : 19 Load : 94067
Hour : 20 Load : 124011
Hour : 21 Load : 89476
Hour : 22 Load : 97986
Hour : 23 Load : 78702
Hour : 24 Load : 2886
Day 4
Hour : 1 Load : 15813
Hour : 2 Load : 11304
Hour : 3 Load : 23185
Hour : 4 Load : 35488
Hour : 5 Load : 61395
Hour : 6 Load : 66638
Hour : 7 Load : 503794
Hour : 8 Load : 120451
Hour : 9 Load : 120719
Hour : 10 Load : 78973
Hour : 11 Load : 112108
Hour : 12 Load : 88584
Hour : 13 Load : 102857
Hour : 14 Load : 81361
Hour : 15 Load : 98335
Hour : 16 Load : 128283
Hour : 17 Load : 123427
Hour : 18 Load : 69836
Hour : 19 Load : 131107
Hour : 20 Load : 114204
Hour : 21 Load : 142807
Hour : 22 Load : 103497
Hour : 23 Load : 89526
Hour : 24 Load : 7347
Day 5
Hour : 1 Load : 24704
Hour : 2 Load : 23440
Hour : 3 Load : 5860
Hour : 4 Load : 9222
Hour : 5 Load : 55641
Hour : 6 Load : 59466
Hour : 7 Load : 419574
Hour : 8 Load : 153167
Hour : 9 Load : 95161
Hour : 10 Load : 120592
Hour : 11 Load : 131358
Hour : 12 Load : 90336
Hour : 13 Load : 109486
Hour : 14 Load : 78137
Hour : 15 Load : 87828
Hour : 16 Load : 138088
Hour : 17 Load : 131826
Hour : 18 Load : 115051
Hour : 19 Load : 137159
Hour : 20 Load : 99086
Hour : 21 Load : 101405
Hour : 22 Load : 181273
Hour : 23 Load : 99281
Hour : 24 Load : 10477
Day 6
Hour : 1 Load : 5965
Hour : 2 Load : 12296
Hour : 3 Load : 21684
Hour : 4 Load : 35520
Hour : 5 Load : 53659
Hour : 6 Load : 49048
Hour : 7 Load : 468923
Hour : 8 Load : 99380
Hour : 9 Load : 92181
Hour : 10 Load : 65777
Hour : 11 Load : 76137
Hour : 12 Load : 83044
Hour : 13 Load : 94857
Hour : 14 Load : 86505
Hour : 15 Load : 131065
Hour : 16 Load : 126422
Hour : 17 Load : 83722
Hour : 18 Load : 108737
Hour : 19 Load : 104179
Hour : 20 Load : 103063
Hour : 21 Load : 63785
Hour : 22 Load : 77085
Hour : 23 Load : 74951
Hour : 24 Load : 6780
End of initialization

[org.powertac.common.TariffSubscription : 2ce1f3e9-b8da-4447-abc1-2f62929bdeb1]
Revoked Size: 1
org.powertac.common.TariffSubscription : 47d282e2-e635-4012-ad1e-fcd09a92d440
[org.powertac.common.TariffSubscription : 4f806e34-9e73-470c-9204-1aefacb2d1e2]
Revoked Size: 1
org.powertac.common.TariffSubscription : 633c32f7-16f7-426a-8d78-2328ce9d3ad9
--Output from testTariffPublication--
Initializing House 0
Initializing House 1
Initializing House 2
Initializing House 3
Initializing House 4
Initializing House 5
Initializing House 6
Initializing House 7
Initializing House 8
Initializing House 9
Initializing House 10
Initializing House 11
Initializing House 12
Initializing House 13
Initializing House 14
Initializing House 15
Initializing House 16
Initializing House 17
Initializing House 18
Initializing House 19
Initializing House 20
Initializing House 21
Initializing House 22
Initializing House 23
Initializing House 24
Initializing House 25
Initializing House 26
Initializing House 27
Initializing House 28
Initializing House 29
Initializing House 30
Initializing House 31
Initializing House 32
Initializing House 33
Initializing House 34
Initializing House 35
Initializing House 36
Initializing House 37
Initializing House 38
Initializing House 39
Initializing House 40
Initializing House 41
Initializing House 42
Initializing House 43
Initializing House 44
Initializing House 45
Initializing House 46
Initializing House 47
Initializing House 48
Initializing House 49
Initializing House 50
Initializing House 51
Initializing House 52
Initializing House 53
Initializing House 54
Initializing House 55
Initializing House 56
Initializing House 57
Initializing House 58
Initializing House 59
Initializing House 60
Initializing House 61
Initializing House 62
Initializing House 63
Initializing House 64
Initializing House 65
Initializing House 66
Initializing House 67
Initializing House 68
Initializing House 69
Initializing House 70
Initializing House 71
Initializing House 72
Initializing House 73
Initializing House 74
Initializing House 75
Initializing House 76
Initializing House 77
Initializing House 78
Initializing House 79
Initializing House 80
Initializing House 81
Initializing House 82
Initializing House 83
Initializing House 84
Initializing House 85
Initializing House 86
Initializing House 87
Initializing House 88
Initializing House 89
Initializing House 90
Initializing House 91
Initializing House 92
Initializing House 93
Initializing House 94
Initializing House 95
Initializing House 96
Initializing House 97
Initializing House 98
Initializing House 99
Scheduled
Day 0
Quarter : 1 Load : 6587
Quarter : 2 Load : 0
Quarter : 3 Load : 0
Quarter : 4 Load : 0
Quarter : 5 Load : 0
Quarter : 6 Load : 0
Quarter : 7 Load : 0
Quarter : 8 Load : 0
Quarter : 9 Load : 0
Quarter : 10 Load : 2818
Quarter : 11 Load : 2818
Quarter : 12 Load : 6756
Quarter : 13 Load : 6756
Quarter : 14 Load : 6756
Quarter : 15 Load : 6756
Quarter : 16 Load : 6756
Quarter : 17 Load : 10359
Quarter : 18 Load : 7541
Quarter : 19 Load : 12216
Quarter : 20 Load : 8925
Quarter : 21 Load : 12510
Quarter : 22 Load : 12855
Quarter : 23 Load : 12855
Quarter : 24 Load : 12855
Quarter : 25 Load : 12855
Quarter : 26 Load : 269590
Quarter : 27 Load : 183891
Quarter : 28 Load : 80882
Quarter : 29 Load : 48429
Quarter : 30 Load : 26412
Quarter : 31 Load : 30442
Quarter : 32 Load : 26715
Quarter : 33 Load : 20934
Quarter : 34 Load : 19976
Quarter : 35 Load : 28021
Quarter : 36 Load : 23298
Quarter : 37 Load : 20718
Quarter : 38 Load : 23289
Quarter : 39 Load : 32546
Quarter : 40 Load : 36145
Quarter : 41 Load : 32937
Quarter : 42 Load : 37072
Quarter : 43 Load : 30292
Quarter : 44 Load : 15639
Quarter : 45 Load : 16072
Quarter : 46 Load : 19430
Quarter : 47 Load : 19681
Quarter : 48 Load : 19765
Quarter : 49 Load : 19618
Quarter : 50 Load : 16451
Quarter : 51 Load : 24809
Quarter : 52 Load : 22777
Quarter : 53 Load : 20004
Quarter : 54 Load : 15104
Quarter : 55 Load : 15428
Quarter : 56 Load : 20625
Quarter : 57 Load : 20273
Quarter : 58 Load : 22536
Quarter : 59 Load : 18540
Quarter : 60 Load : 21341
Quarter : 61 Load : 15470
Quarter : 62 Load : 32873
Quarter : 63 Load : 17890
Quarter : 64 Load : 17575
Quarter : 65 Load : 32316
Quarter : 66 Load : 20991
Quarter : 67 Load : 28346
Quarter : 68 Load : 36547
Quarter : 69 Load : 18410
Quarter : 70 Load : 21446
Quarter : 71 Load : 23012
Quarter : 72 Load : 20811
Quarter : 73 Load : 15867
Quarter : 74 Load : 21423
Quarter : 75 Load : 22558
Quarter : 76 Load : 24661
Quarter : 77 Load : 22899
Quarter : 78 Load : 21222
Quarter : 79 Load : 19654
Quarter : 80 Load : 19399
Quarter : 81 Load : 14585
Quarter : 82 Load : 16300
Quarter : 83 Load : 18882
Quarter : 84 Load : 21068
Quarter : 85 Load : 30510
Quarter : 86 Load : 16854
Quarter : 87 Load : 12247
Quarter : 88 Load : 28247
Quarter : 89 Load : 30049
Quarter : 90 Load : 13624
Quarter : 91 Load : 11995
Quarter : 92 Load : 3915
Quarter : 93 Load : 4576
Quarter : 94 Load : 2320
Quarter : 95 Load : 1378
Quarter : 96 Load : 519
Day 1
Quarter : 1 Load : 6529
Quarter : 2 Load : 0
Quarter : 3 Load : 0
Quarter : 4 Load : 0
Quarter : 5 Load : 0
Quarter : 6 Load : 0
Quarter : 7 Load : 0
Quarter : 8 Load : 3938
Quarter : 9 Load : 3938
Quarter : 10 Load : 6201
Quarter : 11 Load : 6201
Quarter : 12 Load : 6201
Quarter : 13 Load : 6201
Quarter : 14 Load : 6201
Quarter : 15 Load : 6201
Quarter : 16 Load : 2263
Quarter : 17 Load : 7029
Quarter : 18 Load : 4766
Quarter : 19 Load : 10466
Quarter : 20 Load : 10863
Quarter : 21 Load : 13797
Quarter : 22 Load : 14142
Quarter : 23 Load : 14605
Quarter : 24 Load : 14605
Quarter : 25 Load : 14605
Quarter : 26 Load : 200553
Quarter : 27 Load : 134070
Quarter : 28 Load : 81782
Quarter : 29 Load : 48988
Quarter : 30 Load : 28124
Quarter : 31 Load : 23851
Quarter : 32 Load : 32033
Quarter : 33 Load : 23698
Quarter : 34 Load : 24861
Quarter : 35 Load : 19618
Quarter : 36 Load : 23398
Quarter : 37 Load : 18761
Quarter : 38 Load : 20793
Quarter : 39 Load : 26606
Quarter : 40 Load : 32516
Quarter : 41 Load : 16331
Quarter : 42 Load : 18489
Quarter : 43 Load : 14014
Quarter : 44 Load : 21510
Quarter : 45 Load : 18378
Quarter : 46 Load : 33894
Quarter : 47 Load : 27254
Quarter : 48 Load : 37065
Quarter : 49 Load : 20483
Quarter : 50 Load : 14694
Quarter : 51 Load : 21798
Quarter : 52 Load : 18512
Quarter : 53 Load : 15323
Quarter : 54 Load : 34767
Quarter : 55 Load : 27220
Quarter : 56 Load : 21669
Quarter : 57 Load : 23845
Quarter : 58 Load : 45507
Quarter : 59 Load : 13772
Quarter : 60 Load : 18470
Quarter : 61 Load : 21914
Quarter : 62 Load : 22303
Quarter : 63 Load : 23715
Quarter : 64 Load : 21574
Quarter : 65 Load : 33583
Quarter : 66 Load : 21617
Quarter : 67 Load : 27171
Quarter : 68 Load : 22066
Quarter : 69 Load : 16065
Quarter : 70 Load : 29259
Quarter : 71 Load : 23064
Quarter : 72 Load : 25382
Quarter : 73 Load : 18472
Quarter : 74 Load : 18543
Quarter : 75 Load : 24576
Quarter : 76 Load : 28863
Quarter : 77 Load : 22836
Quarter : 78 Load : 24474
Quarter : 79 Load : 26300
Quarter : 80 Load : 33961
Quarter : 81 Load : 22749
Quarter : 82 Load : 22508
Quarter : 83 Load : 16187
Quarter : 84 Load : 33413
Quarter : 85 Load : 17796
Quarter : 86 Load : 18687
Quarter : 87 Load : 28696
Quarter : 88 Load : 22073
Quarter : 89 Load : 24114
Quarter : 90 Load : 34903
Quarter : 91 Load : 17738
Quarter : 92 Load : 7722
Quarter : 93 Load : 2855
Quarter : 94 Load : 1170
Quarter : 95 Load : 1248
Quarter : 96 Load : 812
Day 2
Quarter : 1 Load : 6928
Quarter : 2 Load : 0
Quarter : 3 Load : 0
Quarter : 4 Load : 0
Quarter : 5 Load : 0
Quarter : 6 Load : 0
Quarter : 7 Load : 0
Quarter : 8 Load : 3938
Quarter : 9 Load : 3938
Quarter : 10 Load : 3938
Quarter : 11 Load : 3938
Quarter : 12 Load : 3938
Quarter : 13 Load : 6872
Quarter : 14 Load : 6872
Quarter : 15 Load : 6872
Quarter : 16 Load : 2934
Quarter : 17 Load : 6529
Quarter : 18 Load : 6529
Quarter : 19 Load : 12179
Quarter : 20 Load : 14997
Quarter : 21 Load : 12063
Quarter : 22 Load : 12063
Quarter : 23 Load : 13019
Quarter : 24 Load : 13019
Quarter : 25 Load : 13019
Quarter : 26 Load : 236899
Quarter : 27 Load : 164555
Quarter : 28 Load : 60327
Quarter : 29 Load : 52776
Quarter : 30 Load : 45694
Quarter : 31 Load : 27671
Quarter : 32 Load : 23128
Quarter : 33 Load : 21784
Quarter : 34 Load : 19504
Quarter : 35 Load : 34958
Quarter : 36 Load : 22008
Quarter : 37 Load : 21422
Quarter : 38 Load : 32412
Quarter : 39 Load : 18047
Quarter : 40 Load : 16425
Quarter : 41 Load : 27964
Quarter : 42 Load : 18106
Quarter : 43 Load : 21165
Quarter : 44 Load : 17029
Quarter : 45 Load : 31593
Quarter : 46 Load : 16728
Quarter : 47 Load : 29440
Quarter : 48 Load : 29164
Quarter : 49 Load : 22620
Quarter : 50 Load : 26963
Quarter : 51 Load : 35186
Quarter : 52 Load : 36140
Quarter : 53 Load : 21641
Quarter : 54 Load : 29116
Quarter : 55 Load : 15947
Quarter : 56 Load : 18247
Quarter : 57 Load : 18994
Quarter : 58 Load : 20904
Quarter : 59 Load : 21033
Quarter : 60 Load : 14779
Quarter : 61 Load : 19604
Quarter : 62 Load : 19189
Quarter : 63 Load : 25412
Quarter : 64 Load : 38496
Quarter : 65 Load : 45748
Quarter : 66 Load : 18160
Quarter : 67 Load : 17159
Quarter : 68 Load : 33597
Quarter : 69 Load : 12324
Quarter : 70 Load : 22155
Quarter : 71 Load : 29217
Quarter : 72 Load : 16584
Quarter : 73 Load : 20456
Quarter : 74 Load : 24198
Quarter : 75 Load : 23351
Quarter : 76 Load : 23457
Quarter : 77 Load : 23458
Quarter : 78 Load : 27107
Quarter : 79 Load : 18774
Quarter : 80 Load : 25128
Quarter : 81 Load : 29271
Quarter : 82 Load : 27194
Quarter : 83 Load : 25085
Quarter : 84 Load : 20514
Quarter : 85 Load : 23864
Quarter : 86 Load : 14826
Quarter : 87 Load : 36504
Quarter : 88 Load : 27618
Quarter : 89 Load : 19945
Quarter : 90 Load : 24934
Quarter : 91 Load : 19800
Quarter : 92 Load : 10049
Quarter : 93 Load : 4305
Quarter : 94 Load : 5811
Quarter : 95 Load : 3322
Quarter : 96 Load : 110
Day 3
Quarter : 1 Load : 7008
Quarter : 2 Load : 0
Quarter : 3 Load : 0
Quarter : 4 Load : 2934
Quarter : 5 Load : 2934
Quarter : 6 Load : 2934
Quarter : 7 Load : 2934
Quarter : 8 Load : 2934
Quarter : 9 Load : 2934
Quarter : 10 Load : 5752
Quarter : 11 Load : 5752
Quarter : 12 Load : 2818
Quarter : 13 Load : 2818
Quarter : 14 Load : 2818
Quarter : 15 Load : 2818
Quarter : 16 Load : 2818
Quarter : 17 Load : 5319
Quarter : 18 Load : 2501
Quarter : 19 Load : 4248
Quarter : 20 Load : 4780
Quarter : 21 Load : 9193
Quarter : 22 Load : 9193
Quarter : 23 Load : 9719
Quarter : 24 Load : 9719
Quarter : 25 Load : 11072
Quarter : 26 Load : 189786
Quarter : 27 Load : 144784
Quarter : 28 Load : 54999
Quarter : 29 Load : 41951
Quarter : 30 Load : 17479
Quarter : 31 Load : 23848
Quarter : 32 Load : 24125
Quarter : 33 Load : 23331
Quarter : 34 Load : 25784
Quarter : 35 Load : 24072
Quarter : 36 Load : 16545
Quarter : 37 Load : 18534
Quarter : 38 Load : 47390
Quarter : 39 Load : 22870
Quarter : 40 Load : 44942
Quarter : 41 Load : 37231
Quarter : 42 Load : 20873
Quarter : 43 Load : 20766
Quarter : 44 Load : 22994
Quarter : 45 Load : 24022
Quarter : 46 Load : 31452
Quarter : 47 Load : 42704
Quarter : 48 Load : 29086
Quarter : 49 Load : 29120
Quarter : 50 Load : 20983
Quarter : 51 Load : 34397
Quarter : 52 Load : 17793
Quarter : 53 Load : 18988
Quarter : 54 Load : 33495
Quarter : 55 Load : 24607
Quarter : 56 Load : 19765
Quarter : 57 Load : 20682
Quarter : 58 Load : 26024
Quarter : 59 Load : 39875
Quarter : 60 Load : 23043
Quarter : 61 Load : 28147
Quarter : 62 Load : 42378
Quarter : 63 Load : 26152
Quarter : 64 Load : 24582
Quarter : 65 Load : 24521
Quarter : 66 Load : 15494
Quarter : 67 Load : 17379
Quarter : 68 Load : 18826
Quarter : 69 Load : 20798
Quarter : 70 Load : 39272
Quarter : 71 Load : 37878
Quarter : 72 Load : 21381
Quarter : 73 Load : 18533
Quarter : 74 Load : 20830
Quarter : 75 Load : 21319
Quarter : 76 Load : 33110
Quarter : 77 Load : 19943
Quarter : 78 Load : 30006
Quarter : 79 Load : 45193
Quarter : 80 Load : 28217
Quarter : 81 Load : 43356
Quarter : 82 Load : 25152
Quarter : 83 Load : 21832
Quarter : 84 Load : 21942
Quarter : 85 Load : 30793
Quarter : 86 Load : 37752
Quarter : 87 Load : 24156
Quarter : 88 Load : 13419
Quarter : 89 Load : 22698
Quarter : 90 Load : 24798
Quarter : 91 Load : 13597
Quarter : 92 Load : 5257
Quarter : 93 Load : 2887
Quarter : 94 Load : 2330
Quarter : 95 Load : 2764
Quarter : 96 Load : 506
Day 4
Quarter : 1 Load : 7307
Quarter : 2 Load : 0
Quarter : 3 Load : 0
Quarter : 4 Load : 0
Quarter : 5 Load : 0
Quarter : 6 Load : 0
Quarter : 7 Load : 2818
Quarter : 8 Load : 2818
Quarter : 9 Load : 5752
Quarter : 10 Load : 5752
Quarter : 11 Load : 5752
Quarter : 12 Load : 5752
Quarter : 13 Load : 8015
Quarter : 14 Load : 8015
Quarter : 15 Load : 5197
Quarter : 16 Load : 9135
Quarter : 17 Load : 7775
Quarter : 18 Load : 8420
Quarter : 19 Load : 13366
Quarter : 20 Load : 14464
Quarter : 21 Load : 12201
Quarter : 22 Load : 12201
Quarter : 23 Load : 12201
Quarter : 24 Load : 8263
Quarter : 25 Load : 8263
Quarter : 26 Load : 241501
Quarter : 27 Load : 160670
Quarter : 28 Load : 55517
Quarter : 29 Load : 44612
Quarter : 30 Load : 33030
Quarter : 31 Load : 28460
Quarter : 32 Load : 22413
Quarter : 33 Load : 17769
Quarter : 34 Load : 15954
Quarter : 35 Load : 15167
Quarter : 36 Load : 16652
Quarter : 37 Load : 15330
Quarter : 38 Load : 17842
Quarter : 39 Load : 25100
Quarter : 40 Load : 31990
Quarter : 41 Load : 17217
Quarter : 42 Load : 22072
Quarter : 43 Load : 25097
Quarter : 44 Load : 32512
Quarter : 45 Load : 37651
Quarter : 46 Load : 28548
Quarter : 47 Load : 19052
Quarter : 48 Load : 32284
Quarter : 49 Load : 27326
Quarter : 50 Load : 17312
Quarter : 51 Load : 20990
Quarter : 52 Load : 22795
Quarter : 53 Load : 36125
Quarter : 54 Load : 21358
Quarter : 55 Load : 21788
Quarter : 56 Load : 21262
Quarter : 57 Load : 23692
Quarter : 58 Load : 37766
Quarter : 59 Load : 22069
Quarter : 60 Load : 16773
Quarter : 61 Load : 19012
Quarter : 62 Load : 27098
Quarter : 63 Load : 38995
Quarter : 64 Load : 31457
Quarter : 65 Load : 24098
Quarter : 66 Load : 21224
Quarter : 67 Load : 19106
Quarter : 68 Load : 20414
Quarter : 69 Load : 20217
Quarter : 70 Load : 51103
Quarter : 71 Load : 22837
Quarter : 72 Load : 19933
Quarter : 73 Load : 33000
Quarter : 74 Load : 23055
Quarter : 75 Load : 19696
Quarter : 76 Load : 21808
Quarter : 77 Load : 20457
Quarter : 78 Load : 42932
Quarter : 79 Load : 23103
Quarter : 80 Load : 33911
Quarter : 81 Load : 20602
Quarter : 82 Load : 19677
Quarter : 83 Load : 20462
Quarter : 84 Load : 19304
Quarter : 85 Load : 31950
Quarter : 86 Load : 26852
Quarter : 87 Load : 27784
Quarter : 88 Load : 24509
Quarter : 89 Load : 18758
Quarter : 90 Load : 29692
Quarter : 91 Load : 12226
Quarter : 92 Load : 4726
Quarter : 93 Load : 4004
Quarter : 94 Load : 2367
Quarter : 95 Load : 1025
Quarter : 96 Load : 565
Day 5
Quarter : 1 Load : 6658
Quarter : 2 Load : 2818
Quarter : 3 Load : 2818
Quarter : 4 Load : 5752
Quarter : 5 Load : 5752
Quarter : 6 Load : 5752
Quarter : 7 Load : 5752
Quarter : 8 Load : 5752
Quarter : 9 Load : 5752
Quarter : 10 Load : 6872
Quarter : 11 Load : 6872
Quarter : 12 Load : 6201
Quarter : 13 Load : 6201
Quarter : 14 Load : 6201
Quarter : 15 Load : 6201
Quarter : 16 Load : 6201
Quarter : 17 Load : 11149
Quarter : 18 Load : 7211
Quarter : 19 Load : 9904
Quarter : 20 Load : 7641
Quarter : 21 Load : 7641
Quarter : 22 Load : 8125
Quarter : 23 Load : 8715
Quarter : 24 Load : 9296
Quarter : 25 Load : 12582
Quarter : 26 Load : 223899
Quarter : 27 Load : 151357
Quarter : 28 Load : 66748
Quarter : 29 Load : 64283
Quarter : 30 Load : 28266
Quarter : 31 Load : 18506
Quarter : 32 Load : 21301
Quarter : 33 Load : 30541
Quarter : 34 Load : 25521
Quarter : 35 Load : 22628
Quarter : 36 Load : 22635
Quarter : 37 Load : 41306
Quarter : 38 Load : 22709
Quarter : 39 Load : 20930
Quarter : 40 Load : 20091
Quarter : 41 Load : 26821
Quarter : 42 Load : 24340
Quarter : 43 Load : 38906
Quarter : 44 Load : 31066
Quarter : 45 Load : 29030
Quarter : 46 Load : 29674
Quarter : 47 Load : 25162
Quarter : 48 Load : 19644
Quarter : 49 Load : 18138
Quarter : 50 Load : 17736
Quarter : 51 Load : 17755
Quarter : 52 Load : 17357
Quarter : 53 Load : 19000
Quarter : 54 Load : 21381
Quarter : 55 Load : 35304
Quarter : 56 Load : 19035
Quarter : 57 Load : 26738
Quarter : 58 Load : 26782
Quarter : 59 Load : 22222
Quarter : 60 Load : 20319
Quarter : 61 Load : 21851
Quarter : 62 Load : 17044
Quarter : 63 Load : 19455
Quarter : 64 Load : 54139
Quarter : 65 Load : 25163
Quarter : 66 Load : 16550
Quarter : 67 Load : 33402
Quarter : 68 Load : 32412
Quarter : 69 Load : 19108
Quarter : 70 Load : 24391
Quarter : 71 Load : 21705
Quarter : 72 Load : 22325
Quarter : 73 Load : 34826
Quarter : 74 Load : 17792
Quarter : 75 Load : 23771
Quarter : 76 Load : 22296
Quarter : 77 Load : 18762
Quarter : 78 Load : 21762
Quarter : 79 Load : 30385
Quarter : 80 Load : 14396
Quarter : 81 Load : 33719
Quarter : 82 Load : 24477
Quarter : 83 Load : 32103
Quarter : 84 Load : 18609
Quarter : 85 Load : 47900
Quarter : 86 Load : 18212
Quarter : 87 Load : 17744
Quarter : 88 Load : 21714
Quarter : 89 Load : 21167
Quarter : 90 Load : 17452
Quarter : 91 Load : 43772
Quarter : 92 Load : 5516
Quarter : 93 Load : 1626
Quarter : 94 Load : 1666
Quarter : 95 Load : 413
Quarter : 96 Load : 469
Day 6
Quarter : 1 Load : 6694
Quarter : 2 Load : 0
Quarter : 3 Load : 0
Quarter : 4 Load : 0
Quarter : 5 Load : 2818
Quarter : 6 Load : 6756
Quarter : 7 Load : 6756
Quarter : 8 Load : 6756
Quarter : 9 Load : 6756
Quarter : 10 Load : 6756
Quarter : 11 Load : 6756
Quarter : 12 Load : 6756
Quarter : 13 Load : 3938
Quarter : 14 Load : 0
Quarter : 15 Load : 0
Quarter : 16 Load : 2263
Quarter : 17 Load : 2263
Quarter : 18 Load : 3374
Quarter : 19 Load : 6308
Quarter : 20 Load : 6308
Quarter : 21 Load : 6308
Quarter : 22 Load : 6308
Quarter : 23 Load : 6308
Quarter : 24 Load : 4045
Quarter : 25 Load : 4045
Quarter : 26 Load : 244652
Quarter : 27 Load : 153399
Quarter : 28 Load : 48810
Quarter : 29 Load : 45257
Quarter : 30 Load : 18453
Quarter : 31 Load : 14548
Quarter : 32 Load : 28262
Quarter : 33 Load : 16417
Quarter : 34 Load : 14425
Quarter : 35 Load : 17207
Quarter : 36 Load : 23772
Quarter : 37 Load : 19904
Quarter : 38 Load : 13464
Quarter : 39 Load : 16156
Quarter : 40 Load : 11314
Quarter : 41 Load : 13968
Quarter : 42 Load : 32253
Quarter : 43 Load : 18336
Quarter : 44 Load : 24122
Quarter : 45 Load : 25284
Quarter : 46 Load : 16264
Quarter : 47 Load : 17946
Quarter : 48 Load : 18195
Quarter : 49 Load : 22698
Quarter : 50 Load : 17960
Quarter : 51 Load : 11805
Quarter : 52 Load : 14776
Quarter : 53 Load : 19678
Quarter : 54 Load : 22015
Quarter : 55 Load : 30688
Quarter : 56 Load : 17199
Quarter : 57 Load : 22820
Quarter : 58 Load : 34383
Quarter : 59 Load : 16989
Quarter : 60 Load : 21107
Quarter : 61 Load : 22176
Quarter : 62 Load : 15104
Quarter : 63 Load : 15231
Quarter : 64 Load : 16399
Quarter : 65 Load : 19853
Quarter : 66 Load : 15761
Quarter : 67 Load : 16285
Quarter : 68 Load : 16629
Quarter : 69 Load : 35396
Quarter : 70 Load : 21048
Quarter : 71 Load : 33428
Quarter : 72 Load : 20890
Quarter : 73 Load : 19246
Quarter : 74 Load : 23116
Quarter : 75 Load : 22296
Quarter : 76 Load : 20685
Quarter : 77 Load : 18878
Quarter : 78 Load : 14826
Quarter : 79 Load : 31401
Quarter : 80 Load : 14613
Quarter : 81 Load : 16066
Quarter : 82 Load : 14446
Quarter : 83 Load : 32313
Quarter : 84 Load : 23524
Quarter : 85 Load : 17436
Quarter : 86 Load : 19772
Quarter : 87 Load : 33155
Quarter : 88 Load : 15455
Quarter : 89 Load : 26331
Quarter : 90 Load : 15770
Quarter : 91 Load : 10452
Quarter : 92 Load : 4745
Quarter : 93 Load : 4236
Quarter : 94 Load : 1962
Quarter : 95 Load : 1874
Quarter : 96 Load : 0
Day 0
Hour : 1 Load : 6587
Hour : 2 Load : 0
Hour : 3 Load : 12392
Hour : 4 Load : 27024
Hour : 5 Load : 39041
Hour : 6 Load : 51075
Hour : 7 Load : 547218
Hour : 8 Load : 131998
Hour : 9 Load : 92229
Hour : 10 Load : 112698
Hour : 11 Load : 115940
Hour : 12 Load : 74948
Hour : 13 Load : 83655
Hour : 14 Load : 71161
Hour : 15 Load : 82690
Hour : 16 Load : 83808
Hour : 17 Load : 118200
Hour : 18 Load : 83679
Hour : 19 Load : 84509
Hour : 20 Load : 83174
Hour : 21 Load : 70835
Hour : 22 Load : 87858
Hour : 23 Load : 59583
Hour : 24 Load : 8793
Day 1
Hour : 1 Load : 6529
Hour : 2 Load : 3938
Hour : 3 Load : 22541
Hour : 4 Load : 20866
Hour : 5 Load : 33124
Hour : 6 Load : 57149
Hour : 7 Load : 431010
Hour : 8 Load : 132996
Hour : 9 Load : 91575
Hour : 10 Load : 98676
Hour : 11 Load : 70344
Hour : 12 Load : 116591
Hour : 13 Load : 75487
Hour : 14 Load : 98979
Hour : 15 Load : 101594
Hour : 16 Load : 89506
Hour : 17 Load : 104437
Hour : 18 Load : 93770
Hour : 19 Load : 90454
Hour : 20 Load : 107571
Hour : 21 Load : 94857
Hour : 22 Load : 87252
Hour : 23 Load : 84477
Hour : 24 Load : 6085
Day 2
Hour : 1 Load : 6928
Hour : 2 Load : 3938
Hour : 3 Load : 15752
Hour : 4 Load : 23550
Hour : 5 Load : 40234
Hour : 6 Load : 50164
Hour : 7 Load : 474800
Hour : 8 Load : 149269
Hour : 9 Load : 98254
Hour : 10 Load : 88306
Hour : 11 Load : 84264
Hour : 12 Load : 106925
Hour : 13 Load : 120909
Hour : 14 Load : 84951
Hour : 15 Load : 75710
Hour : 16 Load : 102701
Hour : 17 Load : 114664
Hour : 18 Load : 80280
Hour : 19 Load : 91462
Hour : 20 Load : 94467
Hour : 21 Load : 102064
Hour : 22 Load : 102812
Hour : 23 Load : 74728
Hour : 24 Load : 13548
Day 3
Hour : 1 Load : 9942
Hour : 2 Load : 11736
Hour : 3 Load : 17256
Hour : 4 Load : 11272
Hour : 5 Load : 16848
Hour : 6 Load : 37824
Hour : 7 Load : 400641
Hour : 8 Load : 107403
Hour : 9 Load : 89732
Hour : 10 Load : 133736
Hour : 11 Load : 101864
Hour : 12 Load : 127264
Hour : 13 Load : 102293
Hour : 14 Load : 96855
Hour : 15 Load : 109624
Hour : 16 Load : 121259
Hour : 17 Load : 76220
Hour : 18 Load : 119329
Hour : 19 Load : 93792
Hour : 20 Load : 123359
Hour : 21 Load : 112282
Hour : 22 Load : 106120
Hour : 23 Load : 66350
Hour : 24 Load : 8487
Day 4
Hour : 1 Load : 7307
Hour : 2 Load : 5636
Hour : 3 Load : 23008
Hour : 4 Load : 30362
Hour : 5 Load : 44025
Hour : 6 Load : 44866
Hour : 7 Load : 465951
Hour : 8 Load : 128515
Hour : 9 Load : 65542
Hour : 10 Load : 90262
Hour : 11 Load : 96898
Hour : 12 Load : 117535
Hour : 13 Load : 88423
Hour : 14 Load : 100533
Hour : 15 Load : 100300
Hour : 16 Load : 116562
Hour : 17 Load : 84842
Hour : 18 Load : 114090
Hour : 19 Load : 97559
Hour : 20 Load : 120403
Hour : 21 Load : 80045
Hour : 22 Load : 111095
Hour : 23 Load : 65402
Hour : 24 Load : 7961
Day 5
Hour : 1 Load : 18046
Hour : 2 Load : 23008
Hour : 3 Load : 25697
Hour : 4 Load : 24804
Hour : 5 Load : 35905
Hour : 6 Load : 33777
Hour : 7 Load : 454586
Hour : 8 Load : 132356
Hour : 9 Load : 101325
Hour : 10 Load : 105036
Hour : 11 Load : 121133
Hour : 12 Load : 103510
Hour : 13 Load : 70986
Hour : 14 Load : 94720
Hour : 15 Load : 96061
Hour : 16 Load : 112489
Hour : 17 Load : 107527
Hour : 18 Load : 87529
Hour : 19 Load : 98685
Hour : 20 Load : 85305
Hour : 21 Load : 108908
Hour : 22 Load : 105570
Hour : 23 Load : 87907
Hour : 24 Load : 4174
Day 6
Hour : 1 Load : 6694
Hour : 2 Load : 23086
Hour : 3 Load : 27024
Hour : 4 Load : 6201
Hour : 5 Load : 18253
Hour : 6 Load : 22969
Hour : 7 Load : 450906
Hour : 8 Load : 106520
Hour : 9 Load : 71821
Hour : 10 Load : 60838
Hour : 11 Load : 88679
Hour : 12 Load : 77689
Hour : 13 Load : 67239
Hour : 14 Load : 89580
Hour : 15 Load : 95299
Hour : 16 Load : 68910
Hour : 17 Load : 68528
Hour : 18 Load : 110762
Hour : 19 Load : 85343
Hour : 20 Load : 79718
Hour : 21 Load : 86349
Hour : 22 Load : 85818
Hour : 23 Load : 57298
Hour : 24 Load : 8072
Initializing House 0
Initializing House 1
Initializing House 2
Initializing House 3
Initializing House 4
Initializing House 5
Initializing House 6
Initializing House 7
Initializing House 8
Initializing House 9
Initializing House 10
Initializing House 11
Initializing House 12
Initializing House 13
Initializing House 14
Initializing House 15
Initializing House 16
Initializing House 17
Initializing House 18
Initializing House 19
Initializing House 20
Initializing House 21
Initializing House 22
Initializing House 23
Initializing House 24
Initializing House 25
Initializing House 26
Initializing House 27
Initializing House 28
Initializing House 29
Initializing House 30
Initializing House 31
Initializing House 32
Initializing House 33
Initializing House 34
Initializing House 35
Initializing House 36
Initializing House 37
Initializing House 38
Initializing House 39
Initializing House 40
Initializing House 41
Initializing House 42
Initializing House 43
Initializing House 44
Initializing House 45
Initializing House 46
Initializing House 47
Initializing House 48
Initializing House 49
Initializing House 50
Initializing House 51
Initializing House 52
Initializing House 53
Initializing House 54
Initializing House 55
Initializing House 56
Initializing House 57
Initializing House 58
Initializing House 59
Initializing House 60
Initializing House 61
Initializing House 62
Initializing House 63
Initializing House 64
Initializing House 65
Initializing House 66
Initializing House 67
Initializing House 68
Initializing House 69
Initializing House 70
Initializing House 71
Initializing House 72
Initializing House 73
Initializing House 74
Initializing House 75
Initializing House 76
Initializing House 77
Initializing House 78
Initializing House 79
Initializing House 80
Initializing House 81
Initializing House 82
Initializing House 83
Initializing House 84
Initializing House 85
Initializing House 86
Initializing House 87
Initializing House 88
Initializing House 89
Initializing House 90
Initializing House 91
Initializing House 92
Initializing House 93
Initializing House 94
Initializing House 95
Initializing House 96
Initializing House 97
Initializing House 98
Initializing House 99
Scheduled
Day 0
Quarter : 1 Load : 7430
Quarter : 2 Load : 0
Quarter : 3 Load : 0
Quarter : 4 Load : 0
Quarter : 5 Load : 0
Quarter : 6 Load : 0
Quarter : 7 Load : 3098
Quarter : 8 Load : 3098
Quarter : 9 Load : 3098
Quarter : 10 Load : 3098
Quarter : 11 Load : 3098
Quarter : 12 Load : 3098
Quarter : 13 Load : 3098
Quarter : 14 Load : 3098
Quarter : 15 Load : 3329
Quarter : 16 Load : 3329
Quarter : 17 Load : 5107
Quarter : 18 Load : 5107
Quarter : 19 Load : 8214
Quarter : 20 Load : 8214
Quarter : 21 Load : 9415
Quarter : 22 Load : 10114
Quarter : 23 Load : 8067
Quarter : 24 Load : 8605
Quarter : 25 Load : 9114
Quarter : 26 Load : 210952
Quarter : 27 Load : 120349
Quarter : 28 Load : 56913
Quarter : 29 Load : 58433
Quarter : 30 Load : 35549
Quarter : 31 Load : 26707
Quarter : 32 Load : 35578
Quarter : 33 Load : 27351
Quarter : 34 Load : 18512
Quarter : 35 Load : 24863
Quarter : 36 Load : 42445
Quarter : 37 Load : 19601
Quarter : 38 Load : 21989
Quarter : 39 Load : 33357
Quarter : 40 Load : 49537
Quarter : 41 Load : 21716
Quarter : 42 Load : 20577
Quarter : 43 Load : 23167
Quarter : 44 Load : 30561
Quarter : 45 Load : 37536
Quarter : 46 Load : 42863
Quarter : 47 Load : 42701
Quarter : 48 Load : 26975
Quarter : 49 Load : 31596
Quarter : 50 Load : 21823
Quarter : 51 Load : 29384
Quarter : 52 Load : 27186
Quarter : 53 Load : 36707
Quarter : 54 Load : 26968
Quarter : 55 Load : 26707
Quarter : 56 Load : 19586
Quarter : 57 Load : 19317
Quarter : 58 Load : 17883
Quarter : 59 Load : 20648
Quarter : 60 Load : 75573
Quarter : 61 Load : 44496
Quarter : 62 Load : 33535
Quarter : 63 Load : 26228
Quarter : 64 Load : 45237
Quarter : 65 Load : 32985
Quarter : 66 Load : 21536
Quarter : 67 Load : 29656
Quarter : 68 Load : 44968
Quarter : 69 Load : 27587
Quarter : 70 Load : 40112
Quarter : 71 Load : 21159
Quarter : 72 Load : 17306
Quarter : 73 Load : 16681
Quarter : 74 Load : 20402
Quarter : 75 Load : 36531
Quarter : 76 Load : 33720
Quarter : 77 Load : 14590
Quarter : 78 Load : 23365
Quarter : 79 Load : 21182
Quarter : 80 Load : 20532
Quarter : 81 Load : 28301
Quarter : 82 Load : 24031
Quarter : 83 Load : 17384
Quarter : 84 Load : 18604
Quarter : 85 Load : 38742
Quarter : 86 Load : 25852
Quarter : 87 Load : 16431
Quarter : 88 Load : 13903
Quarter : 89 Load : 16478
Quarter : 90 Load : 15901
Quarter : 91 Load : 11619
Quarter : 92 Load : 8048
Quarter : 93 Load : 4287
Quarter : 94 Load : 4109
Quarter : 95 Load : 264
Quarter : 96 Load : 182
Day 1
Quarter : 1 Load : 6542
Quarter : 2 Load : 3329
Quarter : 3 Load : 3329
Quarter : 4 Load : 3329
Quarter : 5 Load : 3329
Quarter : 6 Load : 3329
Quarter : 7 Load : 3329
Quarter : 8 Load : 3329
Quarter : 9 Load : 3329
Quarter : 10 Load : 0
Quarter : 11 Load : 0
Quarter : 12 Load : 0
Quarter : 13 Load : 0
Quarter : 14 Load : 0
Quarter : 15 Load : 0
Quarter : 16 Load : 0
Quarter : 17 Load : 7600
Quarter : 18 Load : 10698
Quarter : 19 Load : 15597
Quarter : 20 Load : 15597
Quarter : 21 Load : 15597
Quarter : 22 Load : 15597
Quarter : 23 Load : 16157
Quarter : 24 Load : 16796
Quarter : 25 Load : 17330
Quarter : 26 Load : 283936
Quarter : 27 Load : 131203
Quarter : 28 Load : 61003
Quarter : 29 Load : 48940
Quarter : 30 Load : 22777
Quarter : 31 Load : 19948
Quarter : 32 Load : 19844
Quarter : 33 Load : 19543
Quarter : 34 Load : 21706
Quarter : 35 Load : 21187
Quarter : 36 Load : 19741
Quarter : 37 Load : 29752
Quarter : 38 Load : 21265
Quarter : 39 Load : 26846
Quarter : 40 Load : 63612
Quarter : 41 Load : 41130
Quarter : 42 Load : 23744
Quarter : 43 Load : 21654
Quarter : 44 Load : 36255
Quarter : 45 Load : 21855
Quarter : 46 Load : 26845
Quarter : 47 Load : 15765
Quarter : 48 Load : 18350
Quarter : 49 Load : 15640
Quarter : 50 Load : 16932
Quarter : 51 Load : 20464
Quarter : 52 Load : 19111
Quarter : 53 Load : 28307
Quarter : 54 Load : 23589
Quarter : 55 Load : 32508
Quarter : 56 Load : 32862
Quarter : 57 Load : 46625
Quarter : 58 Load : 25456
Quarter : 59 Load : 27033
Quarter : 60 Load : 21433
Quarter : 61 Load : 19446
Quarter : 62 Load : 15991
Quarter : 63 Load : 18930
Quarter : 64 Load : 25469
Quarter : 65 Load : 37020
Quarter : 66 Load : 27295
Quarter : 67 Load : 18233
Quarter : 68 Load : 27954
Quarter : 69 Load : 16557
Quarter : 70 Load : 14836
Quarter : 71 Load : 18550
Quarter : 72 Load : 24205
Quarter : 73 Load : 22893
Quarter : 74 Load : 30632
Quarter : 75 Load : 20365
Quarter : 76 Load : 21503
Quarter : 77 Load : 20296
Quarter : 78 Load : 40370
Quarter : 79 Load : 23298
Quarter : 80 Load : 17209
Quarter : 81 Load : 20317
Quarter : 82 Load : 21264
Quarter : 83 Load : 18444
Quarter : 84 Load : 21004
Quarter : 85 Load : 21377
Quarter : 86 Load : 38119
Quarter : 87 Load : 41792
Quarter : 88 Load : 18321
Quarter : 89 Load : 38512
Quarter : 90 Load : 18270
Quarter : 91 Load : 35864
Quarter : 92 Load : 4781
Quarter : 93 Load : 3057
Quarter : 94 Load : 860
Quarter : 95 Load : 879
Quarter : 96 Load : 85
Day 2
Quarter : 1 Load : 6320
Quarter : 2 Load : 0
Quarter : 3 Load : 0
Quarter : 4 Load : 0
Quarter : 5 Load : 0
Quarter : 6 Load : 0
Quarter : 7 Load : 0
Quarter : 8 Load : 0
Quarter : 9 Load : 0
Quarter : 10 Load : 0
Quarter : 11 Load : 3098
Quarter : 12 Load : 3098
Quarter : 13 Load : 6427
Quarter : 14 Load : 6427
Quarter : 15 Load : 6427
Quarter : 16 Load : 6427
Quarter : 17 Load : 10344
Quarter : 18 Load : 10344
Quarter : 19 Load : 11850
Quarter : 20 Load : 11850
Quarter : 21 Load : 8521
Quarter : 22 Load : 9005
Quarter : 23 Load : 9005
Quarter : 24 Load : 9005
Quarter : 25 Load : 9549
Quarter : 26 Load : 231534
Quarter : 27 Load : 168830
Quarter : 28 Load : 58222
Quarter : 29 Load : 61277
Quarter : 30 Load : 21653
Quarter : 31 Load : 33925
Quarter : 32 Load : 28975
Quarter : 33 Load : 19944
Quarter : 34 Load : 23505
Quarter : 35 Load : 38556
Quarter : 36 Load : 17987
Quarter : 37 Load : 12663
Quarter : 38 Load : 11591
Quarter : 39 Load : 27584
Quarter : 40 Load : 21411
Quarter : 41 Load : 25707
Quarter : 42 Load : 27703
Quarter : 43 Load : 23282
Quarter : 44 Load : 30489
Quarter : 45 Load : 21513
Quarter : 46 Load : 33391
Quarter : 47 Load : 36205
Quarter : 48 Load : 23982
Quarter : 49 Load : 28906
Quarter : 50 Load : 29138
Quarter : 51 Load : 44833
Quarter : 52 Load : 33448
Quarter : 53 Load : 23415
Quarter : 54 Load : 38558
Quarter : 55 Load : 25426
Quarter : 56 Load : 20586
Quarter : 57 Load : 18316
Quarter : 58 Load : 23133
Quarter : 59 Load : 22341
Quarter : 60 Load : 19660
Quarter : 61 Load : 19918
Quarter : 62 Load : 20397
Quarter : 63 Load : 20064
Quarter : 64 Load : 15095
Quarter : 65 Load : 16024
Quarter : 66 Load : 41853
Quarter : 67 Load : 24323
Quarter : 68 Load : 23668
Quarter : 69 Load : 22059
Quarter : 70 Load : 47682
Quarter : 71 Load : 29289
Quarter : 72 Load : 17106
Quarter : 73 Load : 17835
Quarter : 74 Load : 19076
Quarter : 75 Load : 30635
Quarter : 76 Load : 19569
Quarter : 77 Load : 18747
Quarter : 78 Load : 15967
Quarter : 79 Load : 19788
Quarter : 80 Load : 51565
Quarter : 81 Load : 21706
Quarter : 82 Load : 21400
Quarter : 83 Load : 21532
Quarter : 84 Load : 25514
Quarter : 85 Load : 29568
Quarter : 86 Load : 20142
Quarter : 87 Load : 18814
Quarter : 88 Load : 35128
Quarter : 89 Load : 24739
Quarter : 90 Load : 26127
Quarter : 91 Load : 12904
Quarter : 92 Load : 3730
Quarter : 93 Load : 3870
Quarter : 94 Load : 1723
Quarter : 95 Load : 3631
Quarter : 96 Load : 341
Day 3
Quarter : 1 Load : 7206
Quarter : 2 Load : 0
Quarter : 3 Load : 0
Quarter : 4 Load : 3098
Quarter : 5 Load : 3098
Quarter : 6 Load : 3098
Quarter : 7 Load : 6427
Quarter : 8 Load : 6427
Quarter : 9 Load : 6427
Quarter : 10 Load : 6427
Quarter : 11 Load : 6427
Quarter : 12 Load : 3329
Quarter : 13 Load : 3329
Quarter : 14 Load : 6124
Quarter : 15 Load : 2795
Quarter : 16 Load : 2795
Quarter : 17 Load : 5135
Quarter : 18 Load : 5696
Quarter : 19 Load : 8882
Quarter : 20 Load : 8882
Quarter : 21 Load : 8882
Quarter : 22 Load : 6087
Quarter : 23 Load : 6087
Quarter : 24 Load : 6605
Quarter : 25 Load : 7062
Quarter : 26 Load : 212294
Quarter : 27 Load : 144405
Quarter : 28 Load : 68682
Quarter : 29 Load : 56030
Quarter : 30 Load : 40413
Quarter : 31 Load : 21579
Quarter : 32 Load : 23446
Quarter : 33 Load : 21223
Quarter : 34 Load : 30823
Quarter : 35 Load : 20812
Quarter : 36 Load : 40137
Quarter : 37 Load : 27767
Quarter : 38 Load : 20821
Quarter : 39 Load : 18367
Quarter : 40 Load : 17996
Quarter : 41 Load : 19525
Quarter : 42 Load : 29702
Quarter : 43 Load : 42891
Quarter : 44 Load : 27072
Quarter : 45 Load : 55682
Quarter : 46 Load : 27780
Quarter : 47 Load : 22434
Quarter : 48 Load : 21127
Quarter : 49 Load : 38694
Quarter : 50 Load : 24650
Quarter : 51 Load : 20940
Quarter : 52 Load : 37277
Quarter : 53 Load : 40912
Quarter : 54 Load : 40359
Quarter : 55 Load : 26134
Quarter : 56 Load : 24571
Quarter : 57 Load : 22847
Quarter : 58 Load : 18125
Quarter : 59 Load : 27722
Quarter : 60 Load : 25219
Quarter : 61 Load : 25503
Quarter : 62 Load : 23635
Quarter : 63 Load : 13040
Quarter : 64 Load : 26037
Quarter : 65 Load : 10485
Quarter : 66 Load : 10590
Quarter : 67 Load : 36266
Quarter : 68 Load : 30632
Quarter : 69 Load : 16886
Quarter : 70 Load : 18798
Quarter : 71 Load : 15096
Quarter : 72 Load : 17603
Quarter : 73 Load : 35579
Quarter : 74 Load : 37141
Quarter : 75 Load : 33034
Quarter : 76 Load : 23166
Quarter : 77 Load : 34534
Quarter : 78 Load : 26133
Quarter : 79 Load : 23115
Quarter : 80 Load : 24115
Quarter : 81 Load : 19461
Quarter : 82 Load : 18896
Quarter : 83 Load : 27666
Quarter : 84 Load : 14483
Quarter : 85 Load : 40706
Quarter : 86 Load : 30304
Quarter : 87 Load : 43754
Quarter : 88 Load : 12035
Quarter : 89 Load : 32646
Quarter : 90 Load : 17933
Quarter : 91 Load : 19188
Quarter : 92 Load : 6342
Quarter : 93 Load : 3045
Quarter : 94 Load : 994
Quarter : 95 Load : 106
Quarter : 96 Load : 664
Day 4
Quarter : 1 Load : 7309
Quarter : 2 Load : 2795
Quarter : 3 Load : 2795
Quarter : 4 Load : 2795
Quarter : 5 Load : 2795
Quarter : 6 Load : 2795
Quarter : 7 Load : 2795
Quarter : 8 Load : 2795
Quarter : 9 Load : 2795
Quarter : 10 Load : 0
Quarter : 11 Load : 0
Quarter : 12 Load : 0
Quarter : 13 Load : 0
Quarter : 14 Load : 0
Quarter : 15 Load : 3098
Quarter : 16 Load : 3098
Quarter : 17 Load : 5999
Quarter : 18 Load : 9328
Quarter : 19 Load : 17714
Quarter : 20 Load : 17714
Quarter : 21 Load : 17714
Quarter : 22 Load : 17714
Quarter : 23 Load : 14616
Quarter : 24 Load : 14616
Quarter : 25 Load : 18033
Quarter : 26 Load : 227553
Quarter : 27 Load : 139845
Quarter : 28 Load : 65320
Quarter : 29 Load : 58256
Quarter : 30 Load : 52340
Quarter : 31 Load : 28136
Quarter : 32 Load : 32645
Quarter : 33 Load : 22803
Quarter : 34 Load : 48107
Quarter : 35 Load : 21199
Quarter : 36 Load : 33404
Quarter : 37 Load : 15608
Quarter : 38 Load : 22661
Quarter : 39 Load : 18643
Quarter : 40 Load : 28119
Quarter : 41 Load : 23934
Quarter : 42 Load : 37337
Quarter : 43 Load : 18283
Quarter : 44 Load : 16377
Quarter : 45 Load : 13837
Quarter : 46 Load : 26785
Quarter : 47 Load : 21061
Quarter : 48 Load : 20131
Quarter : 49 Load : 49779
Quarter : 50 Load : 28472
Quarter : 51 Load : 20041
Quarter : 52 Load : 30048
Quarter : 53 Load : 30481
Quarter : 54 Load : 21459
Quarter : 55 Load : 19394
Quarter : 56 Load : 21478
Quarter : 57 Load : 32383
Quarter : 58 Load : 26150
Quarter : 59 Load : 24710
Quarter : 60 Load : 21787
Quarter : 61 Load : 21069
Quarter : 62 Load : 31334
Quarter : 63 Load : 18100
Quarter : 64 Load : 32467
Quarter : 65 Load : 17188
Quarter : 66 Load : 20527
Quarter : 67 Load : 22331
Quarter : 68 Load : 23855
Quarter : 69 Load : 26524
Quarter : 70 Load : 24505
Quarter : 71 Load : 46136
Quarter : 72 Load : 39909
Quarter : 73 Load : 26789
Quarter : 74 Load : 38453
Quarter : 75 Load : 27313
Quarter : 76 Load : 24971
Quarter : 77 Load : 44959
Quarter : 78 Load : 15956
Quarter : 79 Load : 18795
Quarter : 80 Load : 19747
Quarter : 81 Load : 19407
Quarter : 82 Load : 16013
Quarter : 83 Load : 20239
Quarter : 84 Load : 19233
Quarter : 85 Load : 35586
Quarter : 86 Load : 23099
Quarter : 87 Load : 32160
Quarter : 88 Load : 42917
Quarter : 89 Load : 16087
Quarter : 90 Load : 11002
Quarter : 91 Load : 11367
Quarter : 92 Load : 5651
Quarter : 93 Load : 3273
Quarter : 94 Load : 2256
Quarter : 95 Load : 1000
Quarter : 96 Load : 183
Day 5
Quarter : 1 Load : 6608
Quarter : 2 Load : 0
Quarter : 3 Load : 0
Quarter : 4 Load : 0
Quarter : 5 Load : 0
Quarter : 6 Load : 0
Quarter : 7 Load : 0
Quarter : 8 Load : 0
Quarter : 9 Load : 0
Quarter : 10 Load : 0
Quarter : 11 Load : 0
Quarter : 12 Load : 0
Quarter : 13 Load : 0
Quarter : 14 Load : 3098
Quarter : 15 Load : 3098
Quarter : 16 Load : 3098
Quarter : 17 Load : 6034
Quarter : 18 Load : 6034
Quarter : 19 Load : 8919
Quarter : 20 Load : 8919
Quarter : 21 Load : 11714
Quarter : 22 Load : 8616
Quarter : 23 Load : 8616
Quarter : 24 Load : 9104
Quarter : 25 Load : 9104
Quarter : 26 Load : 283723
Quarter : 27 Load : 140826
Quarter : 28 Load : 60594
Quarter : 29 Load : 53215
Quarter : 30 Load : 32342
Quarter : 31 Load : 24604
Quarter : 32 Load : 20080
Quarter : 33 Load : 22272
Quarter : 34 Load : 28792
Quarter : 35 Load : 23661
Quarter : 36 Load : 21867
Quarter : 37 Load : 35256
Quarter : 38 Load : 36053
Quarter : 39 Load : 14871
Quarter : 40 Load : 18804
Quarter : 41 Load : 19848
Quarter : 42 Load : 21007
Quarter : 43 Load : 17438
Quarter : 44 Load : 32171
Quarter : 45 Load : 26152
Quarter : 46 Load : 24606
Quarter : 47 Load : 18717
Quarter : 48 Load : 18782
Quarter : 49 Load : 16510
Quarter : 50 Load : 19442
Quarter : 51 Load : 19615
Quarter : 52 Load : 21028
Quarter : 53 Load : 31911
Quarter : 54 Load : 25328
Quarter : 55 Load : 22219
Quarter : 56 Load : 24116
Quarter : 57 Load : 26549
Quarter : 58 Load : 38059
Quarter : 59 Load : 22347
Quarter : 60 Load : 24595
Quarter : 61 Load : 22311
Quarter : 62 Load : 35762
Quarter : 63 Load : 30091
Quarter : 64 Load : 31595
Quarter : 65 Load : 17395
Quarter : 66 Load : 20397
Quarter : 67 Load : 34456
Quarter : 68 Load : 25171
Quarter : 69 Load : 28919
Quarter : 70 Load : 35871
Quarter : 71 Load : 25355
Quarter : 72 Load : 32871
Quarter : 73 Load : 22787
Quarter : 74 Load : 34925
Quarter : 75 Load : 46309
Quarter : 76 Load : 28428
Quarter : 77 Load : 31946
Quarter : 78 Load : 32728
Quarter : 79 Load : 23823
Quarter : 80 Load : 31956
Quarter : 81 Load : 20745
Quarter : 82 Load : 35907
Quarter : 83 Load : 27379
Quarter : 84 Load : 28108
Quarter : 85 Load : 27314
Quarter : 86 Load : 19304
Quarter : 87 Load : 29231
Quarter : 88 Load : 16281
Quarter : 89 Load : 15332
Quarter : 90 Load : 13278
Quarter : 91 Load : 27459
Quarter : 92 Load : 5057
Quarter : 93 Load : 4060
Quarter : 94 Load : 3389
Quarter : 95 Load : 451
Quarter : 96 Load : 182
Day 6
Quarter : 1 Load : 7417
Quarter : 2 Load : 0
Quarter : 3 Load : 0
Quarter : 4 Load : 0
Quarter : 5 Load : 0
Quarter : 6 Load : 3329
Quarter : 7 Load : 3329
Quarter : 8 Load : 3329
Quarter : 9 Load : 3329
Quarter : 10 Load : 3329
Quarter : 11 Load : 3329
Quarter : 12 Load : 3329
Quarter : 13 Load : 3329
Quarter : 14 Load : 0
Quarter : 15 Load : 0
Quarter : 16 Load : 0
Quarter : 17 Load : 1985
Quarter : 18 Load : 1985
Quarter : 19 Load : 3064
Quarter : 20 Load : 3064
Quarter : 21 Load : 3064
Quarter : 22 Load : 3596
Quarter : 23 Load : 4586
Quarter : 24 Load : 4586
Quarter : 25 Load : 7381
Quarter : 26 Load : 230896
Quarter : 27 Load : 132878
Quarter : 28 Load : 60822
Quarter : 29 Load : 58325
Quarter : 30 Load : 31597
Quarter : 31 Load : 21608
Quarter : 32 Load : 25930
Quarter : 33 Load : 25181
Quarter : 34 Load : 32875
Quarter : 35 Load : 21854
Quarter : 36 Load : 13797
Quarter : 37 Load : 20811
Quarter : 38 Load : 31093
Quarter : 39 Load : 14392
Quarter : 40 Load : 18377
Quarter : 41 Load : 16330
Quarter : 42 Load : 31307
Quarter : 43 Load : 19918
Quarter : 44 Load : 15183
Quarter : 45 Load : 18554
Quarter : 46 Load : 32831
Quarter : 47 Load : 15547
Quarter : 48 Load : 19424
Quarter : 49 Load : 18969
Quarter : 50 Load : 16516
Quarter : 51 Load : 17080
Quarter : 52 Load : 9627
Quarter : 53 Load : 27226
Quarter : 54 Load : 21388
Quarter : 55 Load : 22176
Quarter : 56 Load : 32689
Quarter : 57 Load : 19669
Quarter : 58 Load : 15908
Quarter : 59 Load : 21351
Quarter : 60 Load : 20890
Quarter : 61 Load : 43048
Quarter : 62 Load : 13060
Quarter : 63 Load : 32698
Quarter : 64 Load : 17969
Quarter : 65 Load : 9002
Quarter : 66 Load : 21694
Quarter : 67 Load : 20128
Quarter : 68 Load : 24953
Quarter : 69 Load : 16668
Quarter : 70 Load : 32650
Quarter : 71 Load : 15632
Quarter : 72 Load : 15130
Quarter : 73 Load : 10999
Quarter : 74 Load : 25609
Quarter : 75 Load : 11763
Quarter : 76 Load : 15338
Quarter : 77 Load : 17805
Quarter : 78 Load : 15804
Quarter : 79 Load : 25338
Quarter : 80 Load : 29298
Quarter : 81 Load : 17713
Quarter : 82 Load : 31607
Quarter : 83 Load : 34637
Quarter : 84 Load : 19729
Quarter : 85 Load : 31259
Quarter : 86 Load : 30992
Quarter : 87 Load : 39693
Quarter : 88 Load : 11903
Quarter : 89 Load : 32190
Quarter : 90 Load : 22301
Quarter : 91 Load : 14345
Quarter : 92 Load : 6572
Quarter : 93 Load : 2471
Quarter : 94 Load : 4031
Quarter : 95 Load : 464
Quarter : 96 Load : 403
Day 0
Hour : 1 Load : 7430
Hour : 2 Load : 6196
Hour : 3 Load : 12392
Hour : 4 Load : 12854
Hour : 5 Load : 26642
Hour : 6 Load : 36201
Hour : 7 Load : 397328
Hour : 8 Load : 156267
Hour : 9 Load : 113171
Hour : 10 Load : 124484
Hour : 11 Load : 96021
Hour : 12 Load : 150075
Hour : 13 Load : 109989
Hour : 14 Load : 109968
Hour : 15 Load : 133421
Hour : 16 Load : 149496
Hour : 17 Load : 129145
Hour : 18 Load : 106164
Hour : 19 Load : 107334
Hour : 20 Load : 79669
Hour : 21 Load : 88320
Hour : 22 Load : 94928
Hour : 23 Load : 52046
Hour : 24 Load : 8842
Day 1
Hour : 1 Load : 16529
Hour : 2 Load : 13316
Hour : 3 Load : 3329
Hour : 4 Load : 0
Hour : 5 Load : 49492
Hour : 6 Load : 64147
Hour : 7 Load : 493472
Hour : 8 Load : 111509
Hour : 9 Load : 82177
Hour : 10 Load : 141475
Hour : 11 Load : 122783
Hour : 12 Load : 82815
Hour : 13 Load : 72147
Hour : 14 Load : 117266
Hour : 15 Load : 120547
Hour : 16 Load : 79836
Hour : 17 Load : 110502
Hour : 18 Load : 74148
Hour : 19 Load : 95393
Hour : 20 Load : 101173
Hour : 21 Load : 81029
Hour : 22 Load : 119609
Hour : 23 Load : 97427
Hour : 24 Load : 4881
Day 2
Hour : 1 Load : 6320
Hour : 2 Load : 0
Hour : 3 Load : 6196
Hour : 4 Load : 25708
Hour : 5 Load : 44388
Hour : 6 Load : 35536
Hour : 7 Load : 468135
Hour : 8 Load : 145830
Hour : 9 Load : 99992
Hour : 10 Load : 73249
Hour : 11 Load : 107181
Hour : 12 Load : 115091
Hour : 13 Load : 136325
Hour : 14 Load : 107985
Hour : 15 Load : 83450
Hour : 16 Load : 75474
Hour : 17 Load : 105868
Hour : 18 Load : 116136
Hour : 19 Load : 87115
Hour : 20 Load : 106067
Hour : 21 Load : 90152
Hour : 22 Load : 103652
Hour : 23 Load : 67500
Hour : 24 Load : 9565
Day 3
Hour : 1 Load : 10304
Hour : 2 Load : 19050
Hour : 3 Load : 22610
Hour : 4 Load : 15043
Hour : 5 Load : 28595
Hour : 6 Load : 27661
Hour : 7 Load : 432443
Hour : 8 Load : 141468
Hour : 9 Load : 112995
Hour : 10 Load : 84951
Hour : 11 Load : 119190
Hour : 12 Load : 127023
Hour : 13 Load : 121561
Hour : 14 Load : 131976
Hour : 15 Load : 93913
Hour : 16 Load : 88215
Hour : 17 Load : 87973
Hour : 18 Load : 68383
Hour : 19 Load : 128920
Hour : 20 Load : 107897
Hour : 21 Load : 80506
Hour : 22 Load : 126799
Hour : 23 Load : 76109
Hour : 24 Load : 4809
Day 4
Hour : 1 Load : 15694
Hour : 2 Load : 11180
Hour : 3 Load : 2795
Hour : 4 Load : 6196
Hour : 5 Load : 50755
Hour : 6 Load : 64660
Hour : 7 Load : 450751
Hour : 8 Load : 171377
Hour : 9 Load : 125513
Hour : 10 Load : 85031
Hour : 11 Load : 95931
Hour : 12 Load : 81814
Hour : 13 Load : 128340
Hour : 14 Load : 92812
Hour : 15 Load : 105030
Hour : 16 Load : 102970
Hour : 17 Load : 83901
Hour : 18 Load : 137074
Hour : 19 Load : 117526
Hour : 20 Load : 99457
Hour : 21 Load : 74892
Hour : 22 Load : 133762
Hour : 23 Load : 44107
Hour : 24 Load : 6712
Day 5
Hour : 1 Load : 6608
Hour : 2 Load : 0
Hour : 3 Load : 0
Hour : 4 Load : 9294
Hour : 5 Load : 29906
Hour : 6 Load : 38050
Hour : 7 Load : 494247
Hour : 8 Load : 130241
Hour : 9 Load : 96592
Hour : 10 Load : 104984
Hour : 11 Load : 90464
Hour : 12 Load : 88257
Hour : 13 Load : 76595
Hour : 14 Load : 103574
Hour : 15 Load : 111550
Hour : 16 Load : 119759
Hour : 17 Load : 97419
Hour : 18 Load : 123016
Hour : 19 Load : 132449
Hour : 20 Load : 120453
Hour : 21 Load : 112139
Hour : 22 Load : 92130
Hour : 23 Load : 61126
Hour : 24 Load : 8082
Day 6
Hour : 1 Load : 7417
Hour : 2 Load : 9987
Hour : 3 Load : 13316
Hour : 4 Load : 3329
Hour : 5 Load : 10098
Hour : 6 Load : 15832
Hour : 7 Load : 431977
Hour : 8 Load : 137460
Hour : 9 Load : 93707
Hour : 10 Load : 84673
Hour : 11 Load : 82738
Hour : 12 Load : 86356
Hour : 13 Load : 62192
Hour : 14 Load : 103479
Hour : 15 Load : 77818
Hour : 16 Load : 106775
Hour : 17 Load : 75777
Hour : 18 Load : 80080
Hour : 19 Load : 63709
Hour : 20 Load : 88245
Hour : 21 Load : 103686
Hour : 22 Load : 113847
Hour : 23 Load : 75408
Hour : 24 Load : 7369
End of initialization

]]></system-out>
  <system-err><![CDATA[--Output from testCreationAndSubscriptionToDefault--
--Output from testPowerConsumption--
--Output from testChangingSubscriptions--
--Output from testRevokingSubscriptions--
--Output from testTariffPublication--
]]></system-err>
</testsuite>
