<?xml version="1.0" encoding="UTF-8" ?>
<testsuite errors="0" failures="0" hostname="Anty-PC" name="powertac.household.customer.CustomerServiceTests" tests="3" time="3.583" timestamp="2011-04-28T18:43:01">
  <properties />
  <testcase classname="powertac.household.customer.CustomerServiceTests" name="testNormalInitialization" time="3.542" />
  <testcase classname="powertac.household.customer.CustomerServiceTests" name="testBogusInitialization" time="0.016" />
  <testcase classname="powertac.household.customer.CustomerServiceTests" name="testVillages" time="0.011" />
  <system-out><![CDATA[--Output from testNormalInitialization--
--Output from testBogusInitialization--
--Output from testVillages--
]]></system-out>
  <system-err><![CDATA[--Output from testNormalInitialization--
--Output from testBogusInitialization--
--Output from testVillages--
]]></system-err>
</testsuite>
