<?xml version="1.0" encoding="UTF-8" ?>
<testsuite errors="0" failures="0" hostname="Anty-PC" name="powertac.household.customer.CustomerTests" tests="5" time="8.315" timestamp="2011-03-26T13:36:20">
  <properties />
  <testcase classname="powertac.household.customer.CustomerTests" name="testCreationAndSubscriptionToDefault" time="3.853" />
  <testcase classname="powertac.household.customer.CustomerTests" name="testPowerConsumption" time="1.139" />
  <testcase classname="powertac.household.customer.CustomerTests" name="testChangingSubscriptions" time="1.123" />
  <testcase classname="powertac.household.customer.CustomerTests" name="testRevokingSubscriptions" time="1.139" />
  <testcase classname="powertac.household.customer.CustomerTests" name="testTariffPublication" time="1.045" />
  <system-out><![CDATA[--Output from testCreationAndSubscriptionToDefault--
Initializing House 0
Initializing House 1
Initializing House 2
Initializing House 3
Initializing House 4
Initializing House 5
Initializing House 6
Initializing House 7
Initializing House 8
Initializing House 9
Day 0
Quarter : 1 Load : 1431
Quarter : 2 Load : 3743
Quarter : 3 Load : 5174
Quarter : 4 Load : 3743
Quarter : 5 Load : 5174
Quarter : 6 Load : 3743
Quarter : 7 Load : 5174
Quarter : 8 Load : 3743
Quarter : 9 Load : 7929
Quarter : 10 Load : 2755
Quarter : 11 Load : 4186
Quarter : 12 Load : 2755
Quarter : 13 Load : 4186
Quarter : 14 Load : 2755
Quarter : 15 Load : 4186
Quarter : 16 Load : 2755
Quarter : 17 Load : 1431
Quarter : 18 Load : 562
Quarter : 19 Load : 1993
Quarter : 20 Load : 562
Quarter : 21 Load : 1993
Quarter : 22 Load : 562
Quarter : 23 Load : 1993
Quarter : 24 Load : 562
Quarter : 25 Load : 23899
Quarter : 26 Load : 17165
Quarter : 27 Load : 8740
Quarter : 28 Load : 6619
Quarter : 29 Load : 8136
Quarter : 30 Load : 3319
Quarter : 31 Load : 3103
Quarter : 32 Load : 3531
Quarter : 33 Load : 3578
Quarter : 34 Load : 894
Quarter : 35 Load : 3177
Quarter : 36 Load : 874
Quarter : 37 Load : 2576
Quarter : 38 Load : 1483
Quarter : 39 Load : 15829
Quarter : 40 Load : 6804
Quarter : 41 Load : 7966
Quarter : 42 Load : 539
Quarter : 43 Load : 2280
Quarter : 44 Load : 1170
Quarter : 45 Load : 2443
Quarter : 46 Load : 1789
Quarter : 47 Load : 3053
Quarter : 48 Load : 5650
Quarter : 49 Load : 5351
Quarter : 50 Load : 1513
Quarter : 51 Load : 4066
Quarter : 52 Load : 2239
Quarter : 53 Load : 6157
Quarter : 54 Load : 3152
Quarter : 55 Load : 3746
Quarter : 56 Load : 5084
Quarter : 57 Load : 9462
Quarter : 58 Load : 2269
Quarter : 59 Load : 6958
Quarter : 60 Load : 5337
Quarter : 61 Load : 4466
Quarter : 62 Load : 3813
Quarter : 63 Load : 5440
Quarter : 64 Load : 4936
Quarter : 65 Load : 3212
Quarter : 66 Load : 3142
Quarter : 67 Load : 2471
Quarter : 68 Load : 737
Quarter : 69 Load : 5295
Quarter : 70 Load : 3638
Quarter : 71 Load : 2822
Quarter : 72 Load : 1253
Quarter : 73 Load : 3473
Quarter : 74 Load : 2688
Quarter : 75 Load : 5964
Quarter : 76 Load : 4563
Quarter : 77 Load : 9089
Quarter : 78 Load : 6152
Quarter : 79 Load : 3744
Quarter : 80 Load : 2447
Quarter : 81 Load : 15083
Quarter : 82 Load : 1896
Quarter : 83 Load : 4592
Quarter : 84 Load : 4057
Quarter : 85 Load : 3215
Quarter : 86 Load : 2146
Quarter : 87 Load : 2347
Quarter : 88 Load : 1545
Quarter : 89 Load : 4295
Quarter : 90 Load : 2220
Quarter : 91 Load : 1499
Quarter : 92 Load : 0
Quarter : 93 Load : 1431
Quarter : 94 Load : 0
Quarter : 95 Load : 1431
Quarter : 96 Load : 0
Day 1
Quarter : 1 Load : 1431
Quarter : 2 Load : 0
Quarter : 3 Load : 1431
Quarter : 4 Load : 0
Quarter : 5 Load : 1431
Quarter : 6 Load : 0
Quarter : 7 Load : 1431
Quarter : 8 Load : 0
Quarter : 9 Load : 1431
Quarter : 10 Load : 0
Quarter : 11 Load : 1431
Quarter : 12 Load : 0
Quarter : 13 Load : 1431
Quarter : 14 Load : 0
Quarter : 15 Load : 1431
Quarter : 16 Load : 4306
Quarter : 17 Load : 5737
Quarter : 18 Load : 5550
Quarter : 19 Load : 6981
Quarter : 20 Load : 8305
Quarter : 21 Load : 9736
Quarter : 22 Load : 8305
Quarter : 23 Load : 9736
Quarter : 24 Load : 4562
Quarter : 25 Load : 22951
Quarter : 26 Load : 18928
Quarter : 27 Load : 11360
Quarter : 28 Load : 5259
Quarter : 29 Load : 4087
Quarter : 30 Load : 5408
Quarter : 31 Load : 4645
Quarter : 32 Load : 577
Quarter : 33 Load : 2677
Quarter : 34 Load : 1299
Quarter : 35 Load : 2124
Quarter : 36 Load : 1167
Quarter : 37 Load : 2002
Quarter : 38 Load : 1739
Quarter : 39 Load : 6632
Quarter : 40 Load : 1767
Quarter : 41 Load : 3621
Quarter : 42 Load : 1873
Quarter : 43 Load : 7045
Quarter : 44 Load : 2294
Quarter : 45 Load : 3264
Quarter : 46 Load : 3644
Quarter : 47 Load : 7540
Quarter : 48 Load : 5422
Quarter : 49 Load : 6475
Quarter : 50 Load : 3063
Quarter : 51 Load : 3340
Quarter : 52 Load : 3285
Quarter : 53 Load : 3288
Quarter : 54 Load : 1692
Quarter : 55 Load : 5776
Quarter : 56 Load : 2236
Quarter : 57 Load : 4580
Quarter : 58 Load : 1144
Quarter : 59 Load : 4496
Quarter : 60 Load : 551
Quarter : 61 Load : 2375
Quarter : 62 Load : 753
Quarter : 63 Load : 3992
Quarter : 64 Load : 2678
Quarter : 65 Load : 3999
Quarter : 66 Load : 17332
Quarter : 67 Load : 8091
Quarter : 68 Load : 4755
Quarter : 69 Load : 3808
Quarter : 70 Load : 2629
Quarter : 71 Load : 6826
Quarter : 72 Load : 1606
Quarter : 73 Load : 3378
Quarter : 74 Load : 1868
Quarter : 75 Load : 4997
Quarter : 76 Load : 694
Quarter : 77 Load : 5371
Quarter : 78 Load : 4188
Quarter : 79 Load : 3643
Quarter : 80 Load : 3371
Quarter : 81 Load : 7780
Quarter : 82 Load : 5360
Quarter : 83 Load : 5421
Quarter : 84 Load : 2003
Quarter : 85 Load : 3004
Quarter : 86 Load : 1051
Quarter : 87 Load : 2095
Quarter : 88 Load : 2010
Quarter : 89 Load : 3689
Quarter : 90 Load : 890
Quarter : 91 Load : 1512
Quarter : 92 Load : 281
Quarter : 93 Load : 1746
Quarter : 94 Load : 0
Quarter : 95 Load : 1431
Quarter : 96 Load : 0
Day 2
Quarter : 1 Load : 1431
Quarter : 2 Load : 0
Quarter : 3 Load : 1431
Quarter : 4 Load : 3743
Quarter : 5 Load : 5174
Quarter : 6 Load : 3743
Quarter : 7 Load : 5174
Quarter : 8 Load : 3743
Quarter : 9 Load : 5174
Quarter : 10 Load : 3743
Quarter : 11 Load : 5174
Quarter : 12 Load : 0
Quarter : 13 Load : 1431
Quarter : 14 Load : 2755
Quarter : 15 Load : 4186
Quarter : 16 Load : 2755
Quarter : 17 Load : 4820
Quarter : 18 Load : 3389
Quarter : 19 Load : 4820
Quarter : 20 Load : 3389
Quarter : 21 Load : 4820
Quarter : 22 Load : 634
Quarter : 23 Load : 2065
Quarter : 24 Load : 634
Quarter : 25 Load : 34510
Quarter : 26 Load : 17889
Quarter : 27 Load : 14980
Quarter : 28 Load : 6508
Quarter : 29 Load : 3736
Quarter : 30 Load : 2987
Quarter : 31 Load : 6824
Quarter : 32 Load : 3763
Quarter : 33 Load : 6422
Quarter : 34 Load : 4292
Quarter : 35 Load : 3340
Quarter : 36 Load : 1596
Quarter : 37 Load : 6209
Quarter : 38 Load : 1863
Quarter : 39 Load : 2739
Quarter : 40 Load : 2147
Quarter : 41 Load : 3007
Quarter : 42 Load : 1050
Quarter : 43 Load : 7507
Quarter : 44 Load : 3490
Quarter : 45 Load : 5743
Quarter : 46 Load : 946
Quarter : 47 Load : 3646
Quarter : 48 Load : 3137
Quarter : 49 Load : 4909
Quarter : 50 Load : 980
Quarter : 51 Load : 2413
Quarter : 52 Load : 1938
Quarter : 53 Load : 6334
Quarter : 54 Load : 785
Quarter : 55 Load : 4283
Quarter : 56 Load : 2069
Quarter : 57 Load : 5000
Quarter : 58 Load : 939
Quarter : 59 Load : 7980
Quarter : 60 Load : 2380
Quarter : 61 Load : 2212
Quarter : 62 Load : 919
Quarter : 63 Load : 2377
Quarter : 64 Load : 285
Quarter : 65 Load : 2569
Quarter : 66 Load : 400
Quarter : 67 Load : 2347
Quarter : 68 Load : 1327
Quarter : 69 Load : 6244
Quarter : 70 Load : 970
Quarter : 71 Load : 1593
Quarter : 72 Load : 847
Quarter : 73 Load : 3581
Quarter : 74 Load : 4326
Quarter : 75 Load : 5896
Quarter : 76 Load : 3443
Quarter : 77 Load : 15798
Quarter : 78 Load : 2288
Quarter : 79 Load : 3437
Quarter : 80 Load : 2790
Quarter : 81 Load : 3474
Quarter : 82 Load : 1744
Quarter : 83 Load : 3205
Quarter : 84 Load : 1540
Quarter : 85 Load : 3542
Quarter : 86 Load : 2018
Quarter : 87 Load : 2722
Quarter : 88 Load : 1646
Quarter : 89 Load : 5498
Quarter : 90 Load : 3170
Quarter : 91 Load : 1431
Quarter : 92 Load : 0
Quarter : 93 Load : 1431
Quarter : 94 Load : 0
Quarter : 95 Load : 1712
Quarter : 96 Load : 0
Day 3
Quarter : 1 Load : 1431
Quarter : 2 Load : 0
Quarter : 3 Load : 1431
Quarter : 4 Load : 0
Quarter : 5 Load : 1431
Quarter : 6 Load : 0
Quarter : 7 Load : 1431
Quarter : 8 Load : 0
Quarter : 9 Load : 4186
Quarter : 10 Load : 6498
Quarter : 11 Load : 7929
Quarter : 12 Load : 6498
Quarter : 13 Load : 7929
Quarter : 14 Load : 6498
Quarter : 15 Load : 7929
Quarter : 16 Load : 7066
Quarter : 17 Load : 5742
Quarter : 18 Load : 568
Quarter : 19 Load : 1999
Quarter : 20 Load : 568
Quarter : 21 Load : 1999
Quarter : 22 Load : 568
Quarter : 23 Load : 1999
Quarter : 24 Load : 568
Quarter : 25 Load : 32601
Quarter : 26 Load : 16440
Quarter : 27 Load : 11237
Quarter : 28 Load : 6856
Quarter : 29 Load : 1711
Quarter : 30 Load : 2938
Quarter : 31 Load : 5982
Quarter : 32 Load : 6436
Quarter : 33 Load : 6541
Quarter : 34 Load : 546
Quarter : 35 Load : 1847
Quarter : 36 Load : 4846
Quarter : 37 Load : 8144
Quarter : 38 Load : 985
Quarter : 39 Load : 1770
Quarter : 40 Load : 706
Quarter : 41 Load : 3274
Quarter : 42 Load : 6088
Quarter : 43 Load : 8324
Quarter : 44 Load : 3368
Quarter : 45 Load : 3648
Quarter : 46 Load : 1117
Quarter : 47 Load : 3704
Quarter : 48 Load : 5003
Quarter : 49 Load : 7548
Quarter : 50 Load : 1040
Quarter : 51 Load : 3194
Quarter : 52 Load : 1876
Quarter : 53 Load : 4657
Quarter : 54 Load : 1204
Quarter : 55 Load : 4524
Quarter : 56 Load : 2326
Quarter : 57 Load : 4539
Quarter : 58 Load : 2096
Quarter : 59 Load : 5460
Quarter : 60 Load : 1875
Quarter : 61 Load : 2990
Quarter : 62 Load : 1647
Quarter : 63 Load : 2306
Quarter : 64 Load : 4036
Quarter : 65 Load : 7719
Quarter : 66 Load : 3099
Quarter : 67 Load : 4462
Quarter : 68 Load : 3404
Quarter : 69 Load : 3241
Quarter : 70 Load : 2897
Quarter : 71 Load : 3758
Quarter : 72 Load : 3102
Quarter : 73 Load : 3645
Quarter : 74 Load : 4234
Quarter : 75 Load : 7091
Quarter : 76 Load : 2494
Quarter : 77 Load : 2991
Quarter : 78 Load : 1418
Quarter : 79 Load : 3263
Quarter : 80 Load : 3396
Quarter : 81 Load : 5906
Quarter : 82 Load : 16631
Quarter : 83 Load : 5333
Quarter : 84 Load : 2830
Quarter : 85 Load : 3574
Quarter : 86 Load : 1273
Quarter : 87 Load : 3748
Quarter : 88 Load : 5547
Quarter : 89 Load : 4636
Quarter : 90 Load : 2574
Quarter : 91 Load : 2438
Quarter : 92 Load : 780
Quarter : 93 Load : 1431
Quarter : 94 Load : 0
Quarter : 95 Load : 1431
Quarter : 96 Load : 0
Day 4
Quarter : 1 Load : 1431
Quarter : 2 Load : 0
Quarter : 3 Load : 1431
Quarter : 4 Load : 3743
Quarter : 5 Load : 5174
Quarter : 6 Load : 3743
Quarter : 7 Load : 5174
Quarter : 8 Load : 3743
Quarter : 9 Load : 5174
Quarter : 10 Load : 3743
Quarter : 11 Load : 5174
Quarter : 12 Load : 0
Quarter : 13 Load : 4186
Quarter : 14 Load : 2755
Quarter : 15 Load : 4186
Quarter : 16 Load : 2755
Quarter : 17 Load : 4186
Quarter : 18 Load : 2755
Quarter : 19 Load : 4186
Quarter : 20 Load : 2755
Quarter : 21 Load : 1431
Quarter : 22 Load : 0
Quarter : 23 Load : 1431
Quarter : 24 Load : 0
Quarter : 25 Load : 16683
Quarter : 26 Load : 13024
Quarter : 27 Load : 24871
Quarter : 28 Load : 6626
Quarter : 29 Load : 15292
Quarter : 30 Load : 4071
Quarter : 31 Load : 8469
Quarter : 32 Load : 5015
Quarter : 33 Load : 3506
Quarter : 34 Load : 2427
Quarter : 35 Load : 4026
Quarter : 36 Load : 4569
Quarter : 37 Load : 3015
Quarter : 38 Load : 2362
Quarter : 39 Load : 2555
Quarter : 40 Load : 773
Quarter : 41 Load : 2555
Quarter : 42 Load : 1725
Quarter : 43 Load : 6516
Quarter : 44 Load : 455
Quarter : 45 Load : 2377
Quarter : 46 Load : 2033
Quarter : 47 Load : 2175
Quarter : 48 Load : 1613
Quarter : 49 Load : 4826
Quarter : 50 Load : 3547
Quarter : 51 Load : 6679
Quarter : 52 Load : 6247
Quarter : 53 Load : 2976
Quarter : 54 Load : 2419
Quarter : 55 Load : 2058
Quarter : 56 Load : 1927
Quarter : 57 Load : 2871
Quarter : 58 Load : 1879
Quarter : 59 Load : 9566
Quarter : 60 Load : 6181
Quarter : 61 Load : 7566
Quarter : 62 Load : 2877
Quarter : 63 Load : 4267
Quarter : 64 Load : 2737
Quarter : 65 Load : 5323
Quarter : 66 Load : 2546
Quarter : 67 Load : 3151
Quarter : 68 Load : 5662
Quarter : 69 Load : 3448
Quarter : 70 Load : 706
Quarter : 71 Load : 4393
Quarter : 72 Load : 3043
Quarter : 73 Load : 2989
Quarter : 74 Load : 1707
Quarter : 75 Load : 7021
Quarter : 76 Load : 5124
Quarter : 77 Load : 2949
Quarter : 78 Load : 3399
Quarter : 79 Load : 6146
Quarter : 80 Load : 1106
Quarter : 81 Load : 4981
Quarter : 82 Load : 5327
Quarter : 83 Load : 4964
Quarter : 84 Load : 1564
Quarter : 85 Load : 3303
Quarter : 86 Load : 2094
Quarter : 87 Load : 3863
Quarter : 88 Load : 2089
Quarter : 89 Load : 5129
Quarter : 90 Load : 1523
Quarter : 91 Load : 2869
Quarter : 92 Load : 736
Quarter : 93 Load : 1545
Quarter : 94 Load : 0
Quarter : 95 Load : 1431
Quarter : 96 Load : 0
Day 5
Quarter : 1 Load : 1431
Quarter : 2 Load : 0
Quarter : 3 Load : 1431
Quarter : 4 Load : 0
Quarter : 5 Load : 1431
Quarter : 6 Load : 0
Quarter : 7 Load : 1431
Quarter : 8 Load : 0
Quarter : 9 Load : 1431
Quarter : 10 Load : 0
Quarter : 11 Load : 1431
Quarter : 12 Load : 0
Quarter : 13 Load : 1431
Quarter : 14 Load : 0
Quarter : 15 Load : 1431
Quarter : 16 Load : 0
Quarter : 17 Load : 1431
Quarter : 18 Load : 0
Quarter : 19 Load : 5174
Quarter : 20 Load : 3743
Quarter : 21 Load : 5174
Quarter : 22 Load : 4479
Quarter : 23 Load : 5910
Quarter : 24 Load : 4479
Quarter : 25 Load : 26453
Quarter : 26 Load : 26621
Quarter : 27 Load : 11169
Quarter : 28 Load : 16087
Quarter : 29 Load : 4029
Quarter : 30 Load : 3277
Quarter : 31 Load : 2430
Quarter : 32 Load : 1433
Quarter : 33 Load : 2968
Quarter : 34 Load : 5295
Quarter : 35 Load : 5888
Quarter : 36 Load : 5221
Quarter : 37 Load : 4854
Quarter : 38 Load : 3332
Quarter : 39 Load : 5393
Quarter : 40 Load : 5765
Quarter : 41 Load : 10426
Quarter : 42 Load : 7281
Quarter : 43 Load : 2730
Quarter : 44 Load : 562
Quarter : 45 Load : 5185
Quarter : 46 Load : 2836
Quarter : 47 Load : 2862
Quarter : 48 Load : 1459
Quarter : 49 Load : 2444
Quarter : 50 Load : 1184
Quarter : 51 Load : 2603
Quarter : 52 Load : 1029
Quarter : 53 Load : 3724
Quarter : 54 Load : 14536
Quarter : 55 Load : 2936
Quarter : 56 Load : 434
Quarter : 57 Load : 4730
Quarter : 58 Load : 4908
Quarter : 59 Load : 2543
Quarter : 60 Load : 3101
Quarter : 61 Load : 4394
Quarter : 62 Load : 1482
Quarter : 63 Load : 2927
Quarter : 64 Load : 848
Quarter : 65 Load : 2965
Quarter : 66 Load : 1042
Quarter : 67 Load : 4592
Quarter : 68 Load : 3413
Quarter : 69 Load : 3168
Quarter : 70 Load : 1149
Quarter : 71 Load : 2574
Quarter : 72 Load : 1517
Quarter : 73 Load : 4898
Quarter : 74 Load : 5878
Quarter : 75 Load : 5515
Quarter : 76 Load : 6377
Quarter : 77 Load : 5422
Quarter : 78 Load : 1608
Quarter : 79 Load : 5578
Quarter : 80 Load : 3724
Quarter : 81 Load : 3450
Quarter : 82 Load : 1998
Quarter : 83 Load : 4813
Quarter : 84 Load : 3519
Quarter : 85 Load : 3765
Quarter : 86 Load : 2638
Quarter : 87 Load : 3571
Quarter : 88 Load : 2718
Quarter : 89 Load : 8283
Quarter : 90 Load : 2662
Quarter : 91 Load : 1731
Quarter : 92 Load : 0
Quarter : 93 Load : 1544
Quarter : 94 Load : 395
Quarter : 95 Load : 1431
Quarter : 96 Load : 0
Day 6
Quarter : 1 Load : 1431
Quarter : 2 Load : 0
Quarter : 3 Load : 1431
Quarter : 4 Load : 0
Quarter : 5 Load : 1431
Quarter : 6 Load : 0
Quarter : 7 Load : 1431
Quarter : 8 Load : 0
Quarter : 9 Load : 4186
Quarter : 10 Load : 2755
Quarter : 11 Load : 7929
Quarter : 12 Load : 6498
Quarter : 13 Load : 7929
Quarter : 14 Load : 6498
Quarter : 15 Load : 7929
Quarter : 16 Load : 6498
Quarter : 17 Load : 5174
Quarter : 18 Load : 3743
Quarter : 19 Load : 1431
Quarter : 20 Load : 0
Quarter : 21 Load : 1431
Quarter : 22 Load : 0
Quarter : 23 Load : 1431
Quarter : 24 Load : 0
Quarter : 25 Load : 33568
Quarter : 26 Load : 18014
Quarter : 27 Load : 11014
Quarter : 28 Load : 9810
Quarter : 29 Load : 5220
Quarter : 30 Load : 1586
Quarter : 31 Load : 2154
Quarter : 32 Load : 4359
Quarter : 33 Load : 1852
Quarter : 34 Load : 5050
Quarter : 35 Load : 1971
Quarter : 36 Load : 1409
Quarter : 37 Load : 4778
Quarter : 38 Load : 3211
Quarter : 39 Load : 2131
Quarter : 40 Load : 2826
Quarter : 41 Load : 4684
Quarter : 42 Load : 1802
Quarter : 43 Load : 3559
Quarter : 44 Load : 390
Quarter : 45 Load : 2253
Quarter : 46 Load : 475
Quarter : 47 Load : 2691
Quarter : 48 Load : 6130
Quarter : 49 Load : 6372
Quarter : 50 Load : 5790
Quarter : 51 Load : 3021
Quarter : 52 Load : 2156
Quarter : 53 Load : 2932
Quarter : 54 Load : 789
Quarter : 55 Load : 1973
Quarter : 56 Load : 1274
Quarter : 57 Load : 3044
Quarter : 58 Load : 1878
Quarter : 59 Load : 3250
Quarter : 60 Load : 634
Quarter : 61 Load : 2060
Quarter : 62 Load : 1727
Quarter : 63 Load : 2080
Quarter : 64 Load : 5296
Quarter : 65 Load : 5161
Quarter : 66 Load : 6522
Quarter : 67 Load : 5099
Quarter : 68 Load : 3379
Quarter : 69 Load : 1972
Quarter : 70 Load : 2301
Quarter : 71 Load : 3865
Quarter : 72 Load : 3755
Quarter : 73 Load : 3213
Quarter : 74 Load : 1598
Quarter : 75 Load : 3228
Quarter : 76 Load : 713
Quarter : 77 Load : 3231
Quarter : 78 Load : 1265
Quarter : 79 Load : 3050
Quarter : 80 Load : 3423
Quarter : 81 Load : 6898
Quarter : 82 Load : 2559
Quarter : 83 Load : 2144
Quarter : 84 Load : 1655
Quarter : 85 Load : 1984
Quarter : 86 Load : 668
Quarter : 87 Load : 2000
Quarter : 88 Load : 907
Quarter : 89 Load : 3366
Quarter : 90 Load : 1346
Quarter : 91 Load : 2219
Quarter : 92 Load : 0
Quarter : 93 Load : 1544
Quarter : 94 Load : 0
Quarter : 95 Load : 1431
Quarter : 96 Load : 0
Day 0
Hour : 1 Load : 14091
Hour : 2 Load : 17834
Hour : 3 Load : 17625
Hour : 4 Load : 13882
Hour : 5 Load : 4548
Hour : 6 Load : 5110
Hour : 7 Load : 56423
Hour : 8 Load : 18089
Hour : 9 Load : 8523
Hour : 10 Load : 26692
Hour : 11 Load : 11955
Hour : 12 Load : 12935
Hour : 13 Load : 13169
Hour : 14 Load : 18139
Hour : 15 Load : 24026
Hour : 16 Load : 18655
Hour : 17 Load : 9562
Hour : 18 Load : 13008
Hour : 19 Load : 16688
Hour : 20 Load : 21432
Hour : 21 Load : 25628
Hour : 22 Load : 9253
Hour : 23 Load : 8014
Hour : 24 Load : 2862
Day 1
Hour : 1 Load : 2862
Hour : 2 Load : 2862
Hour : 3 Load : 2862
Hour : 4 Load : 7168
Hour : 5 Load : 26573
Hour : 6 Load : 32339
Hour : 7 Load : 58498
Hour : 8 Load : 14717
Hour : 9 Load : 7267
Hour : 10 Load : 12140
Hour : 11 Load : 14833
Hour : 12 Load : 19870
Hour : 13 Load : 16163
Hour : 14 Load : 12992
Hour : 15 Load : 10771
Hour : 16 Load : 9798
Hour : 17 Load : 34177
Hour : 18 Load : 14869
Hour : 19 Load : 10937
Hour : 20 Load : 16573
Hour : 21 Load : 20564
Hour : 22 Load : 8160
Hour : 23 Load : 6372
Hour : 24 Load : 3177
Day 2
Hour : 1 Load : 6605
Hour : 2 Load : 17834
Hour : 3 Load : 14091
Hour : 4 Load : 11127
Hour : 5 Load : 16418
Hour : 6 Load : 8153
Hour : 7 Load : 73887
Hour : 8 Load : 17310
Hour : 9 Load : 15650
Hour : 10 Load : 12958
Hour : 11 Load : 15054
Hour : 12 Load : 13472
Hour : 13 Load : 10240
Hour : 14 Load : 13471
Hour : 15 Load : 16299
Hour : 16 Load : 5793
Hour : 17 Load : 6643
Hour : 18 Load : 9654
Hour : 19 Load : 17246
Hour : 20 Load : 24313
Hour : 21 Load : 9963
Hour : 22 Load : 9928
Hour : 23 Load : 10099
Hour : 24 Load : 3143
Day 3
Hour : 1 Load : 2862
Hour : 2 Load : 2862
Hour : 3 Load : 25111
Hour : 4 Load : 29422
Hour : 5 Load : 8877
Hour : 6 Load : 5134
Hour : 7 Load : 67134
Hour : 8 Load : 17067
Hour : 9 Load : 13780
Hour : 10 Load : 11605
Hour : 11 Load : 21054
Hour : 12 Load : 13472
Hour : 13 Load : 13658
Hour : 14 Load : 12711
Hour : 15 Load : 13970
Hour : 16 Load : 10979
Hour : 17 Load : 18684
Hour : 18 Load : 12998
Hour : 19 Load : 17464
Hour : 20 Load : 11068
Hour : 21 Load : 30700
Hour : 22 Load : 14142
Hour : 23 Load : 10428
Hour : 24 Load : 2862
Day 4
Hour : 1 Load : 6605
Hour : 2 Load : 17834
Hour : 3 Load : 14091
Hour : 4 Load : 13882
Hour : 5 Load : 13882
Hour : 6 Load : 2862
Hour : 7 Load : 61204
Hour : 8 Load : 32847
Hour : 9 Load : 14528
Hour : 10 Load : 8705
Hour : 11 Load : 11251
Hour : 12 Load : 8198
Hour : 13 Load : 21299
Hour : 14 Load : 9380
Hour : 15 Load : 20497
Hour : 16 Load : 17447
Hour : 17 Load : 16682
Hour : 18 Load : 11590
Hour : 19 Load : 16841
Hour : 20 Load : 13600
Hour : 21 Load : 16836
Hour : 22 Load : 11349
Hour : 23 Load : 10257
Hour : 24 Load : 2976
Day 5
Hour : 1 Load : 2862
Hour : 2 Load : 2862
Hour : 3 Load : 2862
Hour : 4 Load : 2862
Hour : 5 Load : 10348
Hour : 6 Load : 20042
Hour : 7 Load : 80330
Hour : 8 Load : 11169
Hour : 9 Load : 19372
Hour : 10 Load : 19344
Hour : 11 Load : 20999
Hour : 12 Load : 12342
Hour : 13 Load : 7260
Hour : 14 Load : 21630
Hour : 15 Load : 15282
Hour : 16 Load : 9651
Hour : 17 Load : 12012
Hour : 18 Load : 8408
Hour : 19 Load : 22668
Hour : 20 Load : 16332
Hour : 21 Load : 13780
Hour : 22 Load : 12692
Hour : 23 Load : 12676
Hour : 24 Load : 3370
Day 6
Hour : 1 Load : 2862
Hour : 2 Load : 2862
Hour : 3 Load : 21368
Hour : 4 Load : 28854
Hour : 5 Load : 10348
Hour : 6 Load : 2862
Hour : 7 Load : 72406
Hour : 8 Load : 13319
Hour : 9 Load : 10282
Hour : 10 Load : 12946
Hour : 11 Load : 10435
Hour : 12 Load : 11549
Hour : 13 Load : 17339
Hour : 14 Load : 6968
Hour : 15 Load : 8806
Hour : 16 Load : 11163
Hour : 17 Load : 20161
Hour : 18 Load : 11893
Hour : 19 Load : 8752
Hour : 20 Load : 10969
Hour : 21 Load : 13256
Hour : 22 Load : 5559
Hour : 23 Load : 6931
Hour : 24 Load : 2975
Initializing House 0
Initializing House 1
Initializing House 2
Initializing House 3
Initializing House 4
Initializing House 5
Initializing House 6
Initializing House 7
Initializing House 8
Initializing House 9
Day 0
Quarter : 1 Load : 1442
Quarter : 2 Load : 0
Quarter : 3 Load : 1442
Quarter : 4 Load : 0
Quarter : 5 Load : 1442
Quarter : 6 Load : 0
Quarter : 7 Load : 1442
Quarter : 8 Load : 0
Quarter : 9 Load : 1442
Quarter : 10 Load : 0
Quarter : 11 Load : 1442
Quarter : 12 Load : 0
Quarter : 13 Load : 1442
Quarter : 14 Load : 0
Quarter : 15 Load : 1442
Quarter : 16 Load : 0
Quarter : 17 Load : 1442
Quarter : 18 Load : 0
Quarter : 19 Load : 1442
Quarter : 20 Load : 0
Quarter : 21 Load : 1442
Quarter : 22 Load : 0
Quarter : 23 Load : 2106
Quarter : 24 Load : 664
Quarter : 25 Load : 17232
Quarter : 26 Load : 12810
Quarter : 27 Load : 11923
Quarter : 28 Load : 7548
Quarter : 29 Load : 4444
Quarter : 30 Load : 5648
Quarter : 31 Load : 6400
Quarter : 32 Load : 1551
Quarter : 33 Load : 3479
Quarter : 34 Load : 2208
Quarter : 35 Load : 2493
Quarter : 36 Load : 3253
Quarter : 37 Load : 3285
Quarter : 38 Load : 3658
Quarter : 39 Load : 4276
Quarter : 40 Load : 4419
Quarter : 41 Load : 3787
Quarter : 42 Load : 2787
Quarter : 43 Load : 5028
Quarter : 44 Load : 1759
Quarter : 45 Load : 3666
Quarter : 46 Load : 1815
Quarter : 47 Load : 2655
Quarter : 48 Load : 2834
Quarter : 49 Load : 8202
Quarter : 50 Load : 17345
Quarter : 51 Load : 2684
Quarter : 52 Load : 1090
Quarter : 53 Load : 3888
Quarter : 54 Load : 1449
Quarter : 55 Load : 3497
Quarter : 56 Load : 1263
Quarter : 57 Load : 4854
Quarter : 58 Load : 3669
Quarter : 59 Load : 4564
Quarter : 60 Load : 2168
Quarter : 61 Load : 2474
Quarter : 62 Load : 1584
Quarter : 63 Load : 3441
Quarter : 64 Load : 1985
Quarter : 65 Load : 3985
Quarter : 66 Load : 2190
Quarter : 67 Load : 3287
Quarter : 68 Load : 921
Quarter : 69 Load : 4291
Quarter : 70 Load : 3354
Quarter : 71 Load : 1967
Quarter : 72 Load : 2128
Quarter : 73 Load : 5449
Quarter : 74 Load : 4265
Quarter : 75 Load : 2187
Quarter : 76 Load : 14689
Quarter : 77 Load : 7661
Quarter : 78 Load : 3071
Quarter : 79 Load : 3051
Quarter : 80 Load : 11744
Quarter : 81 Load : 2767
Quarter : 82 Load : 1862
Quarter : 83 Load : 2913
Quarter : 84 Load : 2529
Quarter : 85 Load : 3281
Quarter : 86 Load : 2932
Quarter : 87 Load : 3486
Quarter : 88 Load : 878
Quarter : 89 Load : 2953
Quarter : 90 Load : 2092
Quarter : 91 Load : 2398
Quarter : 92 Load : 100
Quarter : 93 Load : 1442
Quarter : 94 Load : 0
Quarter : 95 Load : 1442
Quarter : 96 Load : 0
Day 1
Quarter : 1 Load : 1442
Quarter : 2 Load : 0
Quarter : 3 Load : 1442
Quarter : 4 Load : 0
Quarter : 5 Load : 1442
Quarter : 6 Load : 0
Quarter : 7 Load : 1442
Quarter : 8 Load : 0
Quarter : 9 Load : 1442
Quarter : 10 Load : 0
Quarter : 11 Load : 1442
Quarter : 12 Load : 0
Quarter : 13 Load : 1442
Quarter : 14 Load : 0
Quarter : 15 Load : 1442
Quarter : 16 Load : 0
Quarter : 17 Load : 1442
Quarter : 18 Load : 1955
Quarter : 19 Load : 3397
Quarter : 20 Load : 1955
Quarter : 21 Load : 3397
Quarter : 22 Load : 1955
Quarter : 23 Load : 3968
Quarter : 24 Load : 2526
Quarter : 25 Load : 46659
Quarter : 26 Load : 32223
Quarter : 27 Load : 10895
Quarter : 28 Load : 7186
Quarter : 29 Load : 4799
Quarter : 30 Load : 3835
Quarter : 31 Load : 4915
Quarter : 32 Load : 1937
Quarter : 33 Load : 2431
Quarter : 34 Load : 3864
Quarter : 35 Load : 6077
Quarter : 36 Load : 1124
Quarter : 37 Load : 2794
Quarter : 38 Load : 758
Quarter : 39 Load : 2670
Quarter : 40 Load : 613
Quarter : 41 Load : 2546
Quarter : 42 Load : 1711
Quarter : 43 Load : 2704
Quarter : 44 Load : 1773
Quarter : 45 Load : 3444
Quarter : 46 Load : 1219
Quarter : 47 Load : 3394
Quarter : 48 Load : 1554
Quarter : 49 Load : 4640
Quarter : 50 Load : 3882
Quarter : 51 Load : 3619
Quarter : 52 Load : 2419
Quarter : 53 Load : 3713
Quarter : 54 Load : 2316
Quarter : 55 Load : 2761
Quarter : 56 Load : 2560
Quarter : 57 Load : 3684
Quarter : 58 Load : 1911
Quarter : 59 Load : 2678
Quarter : 60 Load : 2051
Quarter : 61 Load : 3997
Quarter : 62 Load : 1593
Quarter : 63 Load : 2120
Quarter : 64 Load : 927
Quarter : 65 Load : 4663
Quarter : 66 Load : 4295
Quarter : 67 Load : 5738
Quarter : 68 Load : 1341
Quarter : 69 Load : 4148
Quarter : 70 Load : 1551
Quarter : 71 Load : 4247
Quarter : 72 Load : 3986
Quarter : 73 Load : 2692
Quarter : 74 Load : 474
Quarter : 75 Load : 5320
Quarter : 76 Load : 4394
Quarter : 77 Load : 2646
Quarter : 78 Load : 3888
Quarter : 79 Load : 4405
Quarter : 80 Load : 585
Quarter : 81 Load : 2849
Quarter : 82 Load : 2135
Quarter : 83 Load : 4746
Quarter : 84 Load : 3881
Quarter : 85 Load : 4060
Quarter : 86 Load : 1904
Quarter : 87 Load : 2680
Quarter : 88 Load : 2313
Quarter : 89 Load : 2451
Quarter : 90 Load : 2256
Quarter : 91 Load : 1831
Quarter : 92 Load : 543
Quarter : 93 Load : 1442
Quarter : 94 Load : 0
Quarter : 95 Load : 1442
Quarter : 96 Load : 0
Day 2
Quarter : 1 Load : 1442
Quarter : 2 Load : 0
Quarter : 3 Load : 1442
Quarter : 4 Load : 0
Quarter : 5 Load : 1442
Quarter : 6 Load : 0
Quarter : 7 Load : 1442
Quarter : 8 Load : 0
Quarter : 9 Load : 1442
Quarter : 10 Load : 0
Quarter : 11 Load : 1442
Quarter : 12 Load : 0
Quarter : 13 Load : 1442
Quarter : 14 Load : 0
Quarter : 15 Load : 1442
Quarter : 16 Load : 871
Quarter : 17 Load : 2313
Quarter : 18 Load : 1556
Quarter : 19 Load : 2998
Quarter : 20 Load : 2081
Quarter : 21 Load : 3523
Quarter : 22 Load : 2081
Quarter : 23 Load : 3523
Quarter : 24 Load : 2081
Quarter : 25 Load : 28532
Quarter : 26 Load : 13960
Quarter : 27 Load : 7755
Quarter : 28 Load : 2995
Quarter : 29 Load : 4851
Quarter : 30 Load : 3765
Quarter : 31 Load : 6710
Quarter : 32 Load : 5089
Quarter : 33 Load : 3948
Quarter : 34 Load : 4609
Quarter : 35 Load : 5753
Quarter : 36 Load : 1337
Quarter : 37 Load : 3712
Quarter : 38 Load : 787
Quarter : 39 Load : 3699
Quarter : 40 Load : 984
Quarter : 41 Load : 3557
Quarter : 42 Load : 4509
Quarter : 43 Load : 6198
Quarter : 44 Load : 3030
Quarter : 45 Load : 7283
Quarter : 46 Load : 3601
Quarter : 47 Load : 5375
Quarter : 48 Load : 2761
Quarter : 49 Load : 2787
Quarter : 50 Load : 799
Quarter : 51 Load : 2615
Quarter : 52 Load : 3296
Quarter : 53 Load : 4535
Quarter : 54 Load : 11934
Quarter : 55 Load : 2799
Quarter : 56 Load : 980
Quarter : 57 Load : 2455
Quarter : 58 Load : 1796
Quarter : 59 Load : 3446
Quarter : 60 Load : 2125
Quarter : 61 Load : 3521
Quarter : 62 Load : 2684
Quarter : 63 Load : 3441
Quarter : 64 Load : 2527
Quarter : 65 Load : 4623
Quarter : 66 Load : 4215
Quarter : 67 Load : 3587
Quarter : 68 Load : 1713
Quarter : 69 Load : 4518
Quarter : 70 Load : 2488
Quarter : 71 Load : 3540
Quarter : 72 Load : 1293
Quarter : 73 Load : 3569
Quarter : 74 Load : 1493
Quarter : 75 Load : 2810
Quarter : 76 Load : 1209
Quarter : 77 Load : 4298
Quarter : 78 Load : 3586
Quarter : 79 Load : 5260
Quarter : 80 Load : 2070
Quarter : 81 Load : 4698
Quarter : 82 Load : 14335
Quarter : 83 Load : 3982
Quarter : 84 Load : 822
Quarter : 85 Load : 3762
Quarter : 86 Load : 1146
Quarter : 87 Load : 2635
Quarter : 88 Load : 3088
Quarter : 89 Load : 4335
Quarter : 90 Load : 2541
Quarter : 91 Load : 1442
Quarter : 92 Load : 373
Quarter : 93 Load : 1961
Quarter : 94 Load : 0
Quarter : 95 Load : 1442
Quarter : 96 Load : 0
Day 3
Quarter : 1 Load : 1442
Quarter : 2 Load : 0
Quarter : 3 Load : 1442
Quarter : 4 Load : 0
Quarter : 5 Load : 1442
Quarter : 6 Load : 0
Quarter : 7 Load : 1442
Quarter : 8 Load : 0
Quarter : 9 Load : 1442
Quarter : 10 Load : 0
Quarter : 11 Load : 1442
Quarter : 12 Load : 0
Quarter : 13 Load : 1442
Quarter : 14 Load : 0
Quarter : 15 Load : 1442
Quarter : 16 Load : 891
Quarter : 17 Load : 2333
Quarter : 18 Load : 1555
Quarter : 19 Load : 3669
Quarter : 20 Load : 2227
Quarter : 21 Load : 3669
Quarter : 22 Load : 2227
Quarter : 23 Load : 3669
Quarter : 24 Load : 2227
Quarter : 25 Load : 33401
Quarter : 26 Load : 19769
Quarter : 27 Load : 10958
Quarter : 28 Load : 6733
Quarter : 29 Load : 5201
Quarter : 30 Load : 2502
Quarter : 31 Load : 2491
Quarter : 32 Load : 3384
Quarter : 33 Load : 3476
Quarter : 34 Load : 2589
Quarter : 35 Load : 2749
Quarter : 36 Load : 813
Quarter : 37 Load : 5069
Quarter : 38 Load : 2090
Quarter : 39 Load : 2781
Quarter : 40 Load : 788
Quarter : 41 Load : 2784
Quarter : 42 Load : 1100
Quarter : 43 Load : 5021
Quarter : 44 Load : 3386
Quarter : 45 Load : 2846
Quarter : 46 Load : 696
Quarter : 47 Load : 3276
Quarter : 48 Load : 1186
Quarter : 49 Load : 2801
Quarter : 50 Load : 1273
Quarter : 51 Load : 2431
Quarter : 52 Load : 4001
Quarter : 53 Load : 5164
Quarter : 54 Load : 2946
Quarter : 55 Load : 4226
Quarter : 56 Load : 2254
Quarter : 57 Load : 4264
Quarter : 58 Load : 2616
Quarter : 59 Load : 6943
Quarter : 60 Load : 3832
Quarter : 61 Load : 3195
Quarter : 62 Load : 2568
Quarter : 63 Load : 3141
Quarter : 64 Load : 1690
Quarter : 65 Load : 2968
Quarter : 66 Load : 3006
Quarter : 67 Load : 4281
Quarter : 68 Load : 2590
Quarter : 69 Load : 2879
Quarter : 70 Load : 1911
Quarter : 71 Load : 5951
Quarter : 72 Load : 6085
Quarter : 73 Load : 5670
Quarter : 74 Load : 3142
Quarter : 75 Load : 4064
Quarter : 76 Load : 2341
Quarter : 77 Load : 3955
Quarter : 78 Load : 3557
Quarter : 79 Load : 5131
Quarter : 80 Load : 1517
Quarter : 81 Load : 2641
Quarter : 82 Load : 2691
Quarter : 83 Load : 2571
Quarter : 84 Load : 1565
Quarter : 85 Load : 2938
Quarter : 86 Load : 1208
Quarter : 87 Load : 13831
Quarter : 88 Load : 1665
Quarter : 89 Load : 13624
Quarter : 90 Load : 2348
Quarter : 91 Load : 2390
Quarter : 92 Load : 888
Quarter : 93 Load : 1442
Quarter : 94 Load : 100
Quarter : 95 Load : 1442
Quarter : 96 Load : 0
Day 4
Quarter : 1 Load : 1442
Quarter : 2 Load : 0
Quarter : 3 Load : 1442
Quarter : 4 Load : 0
Quarter : 5 Load : 1442
Quarter : 6 Load : 0
Quarter : 7 Load : 1442
Quarter : 8 Load : 0
Quarter : 9 Load : 1442
Quarter : 10 Load : 0
Quarter : 11 Load : 1442
Quarter : 12 Load : 0
Quarter : 13 Load : 1442
Quarter : 14 Load : 0
Quarter : 15 Load : 1442
Quarter : 16 Load : 464
Quarter : 17 Load : 1906
Quarter : 18 Load : 464
Quarter : 19 Load : 1906
Quarter : 20 Load : 464
Quarter : 21 Load : 1906
Quarter : 22 Load : 1048
Quarter : 23 Load : 2490
Quarter : 24 Load : 1048
Quarter : 25 Load : 15581
Quarter : 26 Load : 12404
Quarter : 27 Load : 8720
Quarter : 28 Load : 4852
Quarter : 29 Load : 5195
Quarter : 30 Load : 4365
Quarter : 31 Load : 4374
Quarter : 32 Load : 4469
Quarter : 33 Load : 5160
Quarter : 34 Load : 2349
Quarter : 35 Load : 2976
Quarter : 36 Load : 3777
Quarter : 37 Load : 5841
Quarter : 38 Load : 4749
Quarter : 39 Load : 3346
Quarter : 40 Load : 975
Quarter : 41 Load : 3641
Quarter : 42 Load : 2079
Quarter : 43 Load : 3546
Quarter : 44 Load : 1516
Quarter : 45 Load : 2384
Quarter : 46 Load : 460
Quarter : 47 Load : 5805
Quarter : 48 Load : 3843
Quarter : 49 Load : 2779
Quarter : 50 Load : 2461
Quarter : 51 Load : 3740
Quarter : 52 Load : 3202
Quarter : 53 Load : 3591
Quarter : 54 Load : 2530
Quarter : 55 Load : 3983
Quarter : 56 Load : 3312
Quarter : 57 Load : 4115
Quarter : 58 Load : 14222
Quarter : 59 Load : 4717
Quarter : 60 Load : 4386
Quarter : 61 Load : 4730
Quarter : 62 Load : 4575
Quarter : 63 Load : 4872
Quarter : 64 Load : 5162
Quarter : 65 Load : 6199
Quarter : 66 Load : 3002
Quarter : 67 Load : 5449
Quarter : 68 Load : 1444
Quarter : 69 Load : 2564
Quarter : 70 Load : 4422
Quarter : 71 Load : 6583
Quarter : 72 Load : 1367
Quarter : 73 Load : 4852
Quarter : 74 Load : 4976
Quarter : 75 Load : 5255
Quarter : 76 Load : 12443
Quarter : 77 Load : 2823
Quarter : 78 Load : 2248
Quarter : 79 Load : 3207
Quarter : 80 Load : 1937
Quarter : 81 Load : 2489
Quarter : 82 Load : 1226
Quarter : 83 Load : 4061
Quarter : 84 Load : 1418
Quarter : 85 Load : 2427
Quarter : 86 Load : 3143
Quarter : 87 Load : 5283
Quarter : 88 Load : 2206
Quarter : 89 Load : 3366
Quarter : 90 Load : 12013
Quarter : 91 Load : 1599
Quarter : 92 Load : 1029
Quarter : 93 Load : 1442
Quarter : 94 Load : 0
Quarter : 95 Load : 1442
Quarter : 96 Load : 0
Day 5
Quarter : 1 Load : 1442
Quarter : 2 Load : 0
Quarter : 3 Load : 1442
Quarter : 4 Load : 0
Quarter : 5 Load : 1442
Quarter : 6 Load : 0
Quarter : 7 Load : 1442
Quarter : 8 Load : 0
Quarter : 9 Load : 1442
Quarter : 10 Load : 0
Quarter : 11 Load : 1442
Quarter : 12 Load : 0
Quarter : 13 Load : 1442
Quarter : 14 Load : 0
Quarter : 15 Load : 1442
Quarter : 16 Load : 672
Quarter : 17 Load : 2114
Quarter : 18 Load : 1169
Quarter : 19 Load : 2611
Quarter : 20 Load : 1169
Quarter : 21 Load : 2611
Quarter : 22 Load : 1169
Quarter : 23 Load : 2611
Quarter : 24 Load : 1169
Quarter : 25 Load : 29108
Quarter : 26 Load : 16110
Quarter : 27 Load : 9630
Quarter : 28 Load : 3719
Quarter : 29 Load : 4698
Quarter : 30 Load : 1751
Quarter : 31 Load : 4373
Quarter : 32 Load : 1840
Quarter : 33 Load : 3151
Quarter : 34 Load : 3019
Quarter : 35 Load : 4245
Quarter : 36 Load : 3726
Quarter : 37 Load : 4889
Quarter : 38 Load : 976
Quarter : 39 Load : 3026
Quarter : 40 Load : 3029
Quarter : 41 Load : 6730
Quarter : 42 Load : 2621
Quarter : 43 Load : 2698
Quarter : 44 Load : 3151
Quarter : 45 Load : 5315
Quarter : 46 Load : 3692
Quarter : 47 Load : 3841
Quarter : 48 Load : 1330
Quarter : 49 Load : 4373
Quarter : 50 Load : 1719
Quarter : 51 Load : 3506
Quarter : 52 Load : 1935
Quarter : 53 Load : 4357
Quarter : 54 Load : 2260
Quarter : 55 Load : 2606
Quarter : 56 Load : 1687
Quarter : 57 Load : 3184
Quarter : 58 Load : 1717
Quarter : 59 Load : 1794
Quarter : 60 Load : 1358
Quarter : 61 Load : 4610
Quarter : 62 Load : 4841
Quarter : 63 Load : 2521
Quarter : 64 Load : 853
Quarter : 65 Load : 2999
Quarter : 66 Load : 3395
Quarter : 67 Load : 4558
Quarter : 68 Load : 1805
Quarter : 69 Load : 3037
Quarter : 70 Load : 942
Quarter : 71 Load : 2165
Quarter : 72 Load : 1708
Quarter : 73 Load : 2740
Quarter : 74 Load : 1650
Quarter : 75 Load : 4575
Quarter : 76 Load : 570
Quarter : 77 Load : 2756
Quarter : 78 Load : 13142
Quarter : 79 Load : 1716
Quarter : 80 Load : 948
Quarter : 81 Load : 3935
Quarter : 82 Load : 1019
Quarter : 83 Load : 3047
Quarter : 84 Load : 14378
Quarter : 85 Load : 5646
Quarter : 86 Load : 3552
Quarter : 87 Load : 3108
Quarter : 88 Load : 2379
Quarter : 89 Load : 1997
Quarter : 90 Load : 1186
Quarter : 91 Load : 2061
Quarter : 92 Load : 468
Quarter : 93 Load : 1791
Quarter : 94 Load : 0
Quarter : 95 Load : 1442
Quarter : 96 Load : 0
Day 6
Quarter : 1 Load : 1442
Quarter : 2 Load : 0
Quarter : 3 Load : 1442
Quarter : 4 Load : 0
Quarter : 5 Load : 1442
Quarter : 6 Load : 0
Quarter : 7 Load : 1442
Quarter : 8 Load : 0
Quarter : 9 Load : 1442
Quarter : 10 Load : 0
Quarter : 11 Load : 1442
Quarter : 12 Load : 0
Quarter : 13 Load : 1442
Quarter : 14 Load : 0
Quarter : 15 Load : 1442
Quarter : 16 Load : 0
Quarter : 17 Load : 1442
Quarter : 18 Load : 0
Quarter : 19 Load : 1442
Quarter : 20 Load : 0
Quarter : 21 Load : 1442
Quarter : 22 Load : 0
Quarter : 23 Load : 1442
Quarter : 24 Load : 0
Quarter : 25 Load : 25332
Quarter : 26 Load : 11134
Quarter : 27 Load : 6218
Quarter : 28 Load : 3666
Quarter : 29 Load : 2536
Quarter : 30 Load : 1460
Quarter : 31 Load : 2228
Quarter : 32 Load : 1192
Quarter : 33 Load : 4166
Quarter : 34 Load : 789
Quarter : 35 Load : 3228
Quarter : 36 Load : 659
Quarter : 37 Load : 2640
Quarter : 38 Load : 2331
Quarter : 39 Load : 3525
Quarter : 40 Load : 1289
Quarter : 41 Load : 2442
Quarter : 42 Load : 1555
Quarter : 43 Load : 3221
Quarter : 44 Load : 1898
Quarter : 45 Load : 6487
Quarter : 46 Load : 5066
Quarter : 47 Load : 4021
Quarter : 48 Load : 687
Quarter : 49 Load : 3729
Quarter : 50 Load : 1462
Quarter : 51 Load : 2371
Quarter : 52 Load : 1451
Quarter : 53 Load : 4374
Quarter : 54 Load : 1868
Quarter : 55 Load : 5172
Quarter : 56 Load : 3900
Quarter : 57 Load : 5245
Quarter : 58 Load : 7877
Quarter : 59 Load : 5305
Quarter : 60 Load : 2604
Quarter : 61 Load : 4280
Quarter : 62 Load : 3186
Quarter : 63 Load : 1993
Quarter : 64 Load : 327
Quarter : 65 Load : 2825
Quarter : 66 Load : 2545
Quarter : 67 Load : 3038
Quarter : 68 Load : 1733
Quarter : 69 Load : 3958
Quarter : 70 Load : 4863
Quarter : 71 Load : 3333
Quarter : 72 Load : 2657
Quarter : 73 Load : 3879
Quarter : 74 Load : 3104
Quarter : 75 Load : 4627
Quarter : 76 Load : 12090
Quarter : 77 Load : 2593
Quarter : 78 Load : 1469
Quarter : 79 Load : 3044
Quarter : 80 Load : 523
Quarter : 81 Load : 3259
Quarter : 82 Load : 2439
Quarter : 83 Load : 4346
Quarter : 84 Load : 3685
Quarter : 85 Load : 6175
Quarter : 86 Load : 13339
Quarter : 87 Load : 2098
Quarter : 88 Load : 1814
Quarter : 89 Load : 2127
Quarter : 90 Load : 1764
Quarter : 91 Load : 2320
Quarter : 92 Load : 0
Quarter : 93 Load : 2067
Quarter : 94 Load : 0
Quarter : 95 Load : 1442
Quarter : 96 Load : 0
Day 0
Hour : 1 Load : 2884
Hour : 2 Load : 2884
Hour : 3 Load : 2884
Hour : 4 Load : 2884
Hour : 5 Load : 2884
Hour : 6 Load : 4212
Hour : 7 Load : 49513
Hour : 8 Load : 18043
Hour : 9 Load : 11433
Hour : 10 Load : 15638
Hour : 11 Load : 13361
Hour : 12 Load : 10970
Hour : 13 Load : 29321
Hour : 14 Load : 10097
Hour : 15 Load : 15255
Hour : 16 Load : 9484
Hour : 17 Load : 10383
Hour : 18 Load : 11740
Hour : 19 Load : 26590
Hour : 20 Load : 25527
Hour : 21 Load : 10071
Hour : 22 Load : 10577
Hour : 23 Load : 7543
Hour : 24 Load : 2884
Day 1
Hour : 1 Load : 2884
Hour : 2 Load : 2884
Hour : 3 Load : 2884
Hour : 4 Load : 2884
Hour : 5 Load : 8749
Hour : 6 Load : 11846
Hour : 7 Load : 96963
Hour : 8 Load : 15486
Hour : 9 Load : 13496
Hour : 10 Load : 6835
Hour : 11 Load : 8734
Hour : 12 Load : 9611
Hour : 13 Load : 14560
Hour : 14 Load : 11350
Hour : 15 Load : 10324
Hour : 16 Load : 8637
Hour : 17 Load : 16037
Hour : 18 Load : 13932
Hour : 19 Load : 12880
Hour : 20 Load : 11524
Hour : 21 Load : 13611
Hour : 22 Load : 10957
Hour : 23 Load : 7081
Hour : 24 Load : 2884
Day 2
Hour : 1 Load : 2884
Hour : 2 Load : 2884
Hour : 3 Load : 2884
Hour : 4 Load : 3755
Hour : 5 Load : 8948
Hour : 6 Load : 11208
Hour : 7 Load : 53242
Hour : 8 Load : 20415
Hour : 9 Load : 15647
Hour : 10 Load : 9182
Hour : 11 Load : 17294
Hour : 12 Load : 19020
Hour : 13 Load : 9497
Hour : 14 Load : 20248
Hour : 15 Load : 9822
Hour : 16 Load : 12173
Hour : 17 Load : 14138
Hour : 18 Load : 11839
Hour : 19 Load : 9081
Hour : 20 Load : 15214
Hour : 21 Load : 23837
Hour : 22 Load : 10631
Hour : 23 Load : 8691
Hour : 24 Load : 3403
Day 3
Hour : 1 Load : 2884
Hour : 2 Load : 2884
Hour : 3 Load : 2884
Hour : 4 Load : 3775
Hour : 5 Load : 9784
Hour : 6 Load : 11792
Hour : 7 Load : 70861
Hour : 8 Load : 13578
Hour : 9 Load : 9627
Hour : 10 Load : 10728
Hour : 11 Load : 12291
Hour : 12 Load : 8004
Hour : 13 Load : 10506
Hour : 14 Load : 14590
Hour : 15 Load : 17655
Hour : 16 Load : 10594
Hour : 17 Load : 12845
Hour : 18 Load : 16826
Hour : 19 Load : 15217
Hour : 20 Load : 14160
Hour : 21 Load : 9468
Hour : 22 Load : 19642
Hour : 23 Load : 19250
Hour : 24 Load : 2984
Day 4
Hour : 1 Load : 2884
Hour : 2 Load : 2884
Hour : 3 Load : 2884
Hour : 4 Load : 3348
Hour : 5 Load : 4740
Hour : 6 Load : 6492
Hour : 7 Load : 41557
Hour : 8 Load : 18403
Hour : 9 Load : 14262
Hour : 10 Load : 14911
Hour : 11 Load : 10782
Hour : 12 Load : 12492
Hour : 13 Load : 12182
Hour : 14 Load : 13416
Hour : 15 Load : 27440
Hour : 16 Load : 19339
Hour : 17 Load : 16094
Hour : 18 Load : 14936
Hour : 19 Load : 27526
Hour : 20 Load : 10215
Hour : 21 Load : 9194
Hour : 22 Load : 13059
Hour : 23 Load : 18007
Hour : 24 Load : 2884
Day 5
Hour : 1 Load : 2884
Hour : 2 Load : 2884
Hour : 3 Load : 2884
Hour : 4 Load : 3556
Hour : 5 Load : 7063
Hour : 6 Load : 7560
Hour : 7 Load : 58567
Hour : 8 Load : 12662
Hour : 9 Load : 14141
Hour : 10 Load : 11920
Hour : 11 Load : 15200
Hour : 12 Load : 14178
Hour : 13 Load : 11533
Hour : 14 Load : 10910
Hour : 15 Load : 8053
Hour : 16 Load : 12825
Hour : 17 Load : 12757
Hour : 18 Load : 7852
Hour : 19 Load : 9535
Hour : 20 Load : 18562
Hour : 21 Load : 22379
Hour : 22 Load : 14685
Hour : 23 Load : 5712
Hour : 24 Load : 3233
Day 6
Hour : 1 Load : 2884
Hour : 2 Load : 2884
Hour : 3 Load : 2884
Hour : 4 Load : 2884
Hour : 5 Load : 2884
Hour : 6 Load : 2884
Hour : 7 Load : 46350
Hour : 8 Load : 7416
Hour : 9 Load : 8842
Hour : 10 Load : 9785
Hour : 11 Load : 9116
Hour : 12 Load : 16261
Hour : 13 Load : 9013
Hour : 14 Load : 15314
Hour : 15 Load : 21031
Hour : 16 Load : 9786
Hour : 17 Load : 10141
Hour : 18 Load : 14811
Hour : 19 Load : 23700
Hour : 20 Load : 7629
Hour : 21 Load : 13729
Hour : 22 Load : 23426
Hour : 23 Load : 6211
Hour : 24 Load : 3509
End of initialization

--Output from testPowerConsumption--
Initializing House 0
Initializing House 1
Initializing House 2
Initializing House 3
Initializing House 4
Initializing House 5
Initializing House 6
Initializing House 7
Initializing House 8
Initializing House 9
Day 0
Quarter : 1 Load : 1428
Quarter : 2 Load : 0
Quarter : 3 Load : 1428
Quarter : 4 Load : 0
Quarter : 5 Load : 1428
Quarter : 6 Load : 0
Quarter : 7 Load : 1428
Quarter : 8 Load : 0
Quarter : 9 Load : 1428
Quarter : 10 Load : 0
Quarter : 11 Load : 1428
Quarter : 12 Load : 0
Quarter : 13 Load : 1428
Quarter : 14 Load : 0
Quarter : 15 Load : 1428
Quarter : 16 Load : 674
Quarter : 17 Load : 2102
Quarter : 18 Load : 1885
Quarter : 19 Load : 3313
Quarter : 20 Load : 1885
Quarter : 21 Load : 3313
Quarter : 22 Load : 2253
Quarter : 23 Load : 3681
Quarter : 24 Load : 2253
Quarter : 25 Load : 30989
Quarter : 26 Load : 14655
Quarter : 27 Load : 26174
Quarter : 28 Load : 7188
Quarter : 29 Load : 7169
Quarter : 30 Load : 3259
Quarter : 31 Load : 10111
Quarter : 32 Load : 7661
Quarter : 33 Load : 6534
Quarter : 34 Load : 4916
Quarter : 35 Load : 6941
Quarter : 36 Load : 6272
Quarter : 37 Load : 7487
Quarter : 38 Load : 5823
Quarter : 39 Load : 3405
Quarter : 40 Load : 2703
Quarter : 41 Load : 4303
Quarter : 42 Load : 2934
Quarter : 43 Load : 3914
Quarter : 44 Load : 4841
Quarter : 45 Load : 5945
Quarter : 46 Load : 1871
Quarter : 47 Load : 2353
Quarter : 48 Load : 2747
Quarter : 49 Load : 6341
Quarter : 50 Load : 17899
Quarter : 51 Load : 2846
Quarter : 52 Load : 1670
Quarter : 53 Load : 4695
Quarter : 54 Load : 6842
Quarter : 55 Load : 3408
Quarter : 56 Load : 3533
Quarter : 57 Load : 5316
Quarter : 58 Load : 840
Quarter : 59 Load : 2416
Quarter : 60 Load : 1552
Quarter : 61 Load : 2426
Quarter : 62 Load : 1519
Quarter : 63 Load : 2638
Quarter : 64 Load : 2136
Quarter : 65 Load : 1915
Quarter : 66 Load : 567
Quarter : 67 Load : 3090
Quarter : 68 Load : 1464
Quarter : 69 Load : 1973
Quarter : 70 Load : 5286
Quarter : 71 Load : 1661
Quarter : 72 Load : 1548
Quarter : 73 Load : 2743
Quarter : 74 Load : 1580
Quarter : 75 Load : 2991
Quarter : 76 Load : 756
Quarter : 77 Load : 5131
Quarter : 78 Load : 2292
Quarter : 79 Load : 3517
Quarter : 80 Load : 1352
Quarter : 81 Load : 3392
Quarter : 82 Load : 14840
Quarter : 83 Load : 3620
Quarter : 84 Load : 2235
Quarter : 85 Load : 2669
Quarter : 86 Load : 5096
Quarter : 87 Load : 4143
Quarter : 88 Load : 2261
Quarter : 89 Load : 3229
Quarter : 90 Load : 1543
Quarter : 91 Load : 2779
Quarter : 92 Load : 1163
Quarter : 93 Load : 1784
Quarter : 94 Load : 211
Quarter : 95 Load : 1428
Quarter : 96 Load : 0
Day 1
Quarter : 1 Load : 1428
Quarter : 2 Load : 3311
Quarter : 3 Load : 4739
Quarter : 4 Load : 3311
Quarter : 5 Load : 4739
Quarter : 6 Load : 3311
Quarter : 7 Load : 4739
Quarter : 8 Load : 3311
Quarter : 9 Load : 4739
Quarter : 10 Load : 0
Quarter : 11 Load : 1428
Quarter : 12 Load : 0
Quarter : 13 Load : 1428
Quarter : 14 Load : 0
Quarter : 15 Load : 1428
Quarter : 16 Load : 368
Quarter : 17 Load : 1796
Quarter : 18 Load : 368
Quarter : 19 Load : 1796
Quarter : 20 Load : 368
Quarter : 21 Load : 1796
Quarter : 22 Load : 368
Quarter : 23 Load : 1796
Quarter : 24 Load : 368
Quarter : 25 Load : 36097
Quarter : 26 Load : 16305
Quarter : 27 Load : 8166
Quarter : 28 Load : 5188
Quarter : 29 Load : 2652
Quarter : 30 Load : 1721
Quarter : 31 Load : 3395
Quarter : 32 Load : 1919
Quarter : 33 Load : 3410
Quarter : 34 Load : 2225
Quarter : 35 Load : 3945
Quarter : 36 Load : 4855
Quarter : 37 Load : 8032
Quarter : 38 Load : 4613
Quarter : 39 Load : 6499
Quarter : 40 Load : 6296
Quarter : 41 Load : 11026
Quarter : 42 Load : 4106
Quarter : 43 Load : 3338
Quarter : 44 Load : 2012
Quarter : 45 Load : 2633
Quarter : 46 Load : 1704
Quarter : 47 Load : 20010
Quarter : 48 Load : 2239
Quarter : 49 Load : 2600
Quarter : 50 Load : 1189
Quarter : 51 Load : 2766
Quarter : 52 Load : 1333
Quarter : 53 Load : 2646
Quarter : 54 Load : 1679
Quarter : 55 Load : 6229
Quarter : 56 Load : 3400
Quarter : 57 Load : 6173
Quarter : 58 Load : 14788
Quarter : 59 Load : 2604
Quarter : 60 Load : 2024
Quarter : 61 Load : 2679
Quarter : 62 Load : 1890
Quarter : 63 Load : 3159
Quarter : 64 Load : 2249
Quarter : 65 Load : 3046
Quarter : 66 Load : 1894
Quarter : 67 Load : 2846
Quarter : 68 Load : 2373
Quarter : 69 Load : 2639
Quarter : 70 Load : 689
Quarter : 71 Load : 3940
Quarter : 72 Load : 3779
Quarter : 73 Load : 2597
Quarter : 74 Load : 965
Quarter : 75 Load : 3419
Quarter : 76 Load : 2102
Quarter : 77 Load : 3258
Quarter : 78 Load : 2099
Quarter : 79 Load : 2483
Quarter : 80 Load : 1933
Quarter : 81 Load : 2560
Quarter : 82 Load : 1248
Quarter : 83 Load : 2692
Quarter : 84 Load : 1737
Quarter : 85 Load : 3418
Quarter : 86 Load : 18461
Quarter : 87 Load : 3492
Quarter : 88 Load : 1013
Quarter : 89 Load : 2349
Quarter : 90 Load : 1231
Quarter : 91 Load : 1752
Quarter : 92 Load : 543
Quarter : 93 Load : 1428
Quarter : 94 Load : 0
Quarter : 95 Load : 1428
Quarter : 96 Load : 0
Day 2
Quarter : 1 Load : 1428
Quarter : 2 Load : 0
Quarter : 3 Load : 1428
Quarter : 4 Load : 0
Quarter : 5 Load : 1428
Quarter : 6 Load : 0
Quarter : 7 Load : 1428
Quarter : 8 Load : 0
Quarter : 9 Load : 1428
Quarter : 10 Load : 0
Quarter : 11 Load : 1428
Quarter : 12 Load : 0
Quarter : 13 Load : 1428
Quarter : 14 Load : 0
Quarter : 15 Load : 1428
Quarter : 16 Load : 0
Quarter : 17 Load : 1428
Quarter : 18 Load : 0
Quarter : 19 Load : 1428
Quarter : 20 Load : 0
Quarter : 21 Load : 1428
Quarter : 22 Load : 0
Quarter : 23 Load : 1428
Quarter : 24 Load : 3311
Quarter : 25 Load : 13529
Quarter : 26 Load : 11444
Quarter : 27 Load : 12713
Quarter : 28 Load : 9332
Quarter : 29 Load : 9138
Quarter : 30 Load : 9478
Quarter : 31 Load : 9008
Quarter : 32 Load : 1881
Quarter : 33 Load : 2355
Quarter : 34 Load : 3372
Quarter : 35 Load : 4186
Quarter : 36 Load : 1520
Quarter : 37 Load : 3165
Quarter : 38 Load : 763
Quarter : 39 Load : 2087
Quarter : 40 Load : 1325
Quarter : 41 Load : 2194
Quarter : 42 Load : 1349
Quarter : 43 Load : 3081
Quarter : 44 Load : 369
Quarter : 45 Load : 3642
Quarter : 46 Load : 977
Quarter : 47 Load : 8022
Quarter : 48 Load : 5011
Quarter : 49 Load : 6739
Quarter : 50 Load : 3130
Quarter : 51 Load : 4561
Quarter : 52 Load : 2237
Quarter : 53 Load : 5296
Quarter : 54 Load : 2708
Quarter : 55 Load : 3874
Quarter : 56 Load : 2780
Quarter : 57 Load : 3865
Quarter : 58 Load : 2862
Quarter : 59 Load : 3632
Quarter : 60 Load : 3092
Quarter : 61 Load : 4473
Quarter : 62 Load : 4393
Quarter : 63 Load : 8773
Quarter : 64 Load : 2392
Quarter : 65 Load : 4438
Quarter : 66 Load : 2965
Quarter : 67 Load : 17364
Quarter : 68 Load : 15722
Quarter : 69 Load : 3909
Quarter : 70 Load : 16495
Quarter : 71 Load : 17888
Quarter : 72 Load : 653
Quarter : 73 Load : 3032
Quarter : 74 Load : 1800
Quarter : 75 Load : 3121
Quarter : 76 Load : 1049
Quarter : 77 Load : 4689
Quarter : 78 Load : 4187
Quarter : 79 Load : 9370
Quarter : 80 Load : 4109
Quarter : 81 Load : 5366
Quarter : 82 Load : 2099
Quarter : 83 Load : 4195
Quarter : 84 Load : 2269
Quarter : 85 Load : 3780
Quarter : 86 Load : 4394
Quarter : 87 Load : 4270
Quarter : 88 Load : 874
Quarter : 89 Load : 3316
Quarter : 90 Load : 1079
Quarter : 91 Load : 2371
Quarter : 92 Load : 541
Quarter : 93 Load : 1428
Quarter : 94 Load : 415
Quarter : 95 Load : 1843
Quarter : 96 Load : 0
Day 3
Quarter : 1 Load : 1428
Quarter : 2 Load : 0
Quarter : 3 Load : 1428
Quarter : 4 Load : 0
Quarter : 5 Load : 1428
Quarter : 6 Load : 0
Quarter : 7 Load : 1428
Quarter : 8 Load : 0
Quarter : 9 Load : 1428
Quarter : 10 Load : 0
Quarter : 11 Load : 1428
Quarter : 12 Load : 3311
Quarter : 13 Load : 4739
Quarter : 14 Load : 3311
Quarter : 15 Load : 4739
Quarter : 16 Load : 3311
Quarter : 17 Load : 4739
Quarter : 18 Load : 3311
Quarter : 19 Load : 4739
Quarter : 20 Load : 0
Quarter : 21 Load : 1428
Quarter : 22 Load : 0
Quarter : 23 Load : 1428
Quarter : 24 Load : 0
Quarter : 25 Load : 13918
Quarter : 26 Load : 10469
Quarter : 27 Load : 10378
Quarter : 28 Load : 9491
Quarter : 29 Load : 5616
Quarter : 30 Load : 1849
Quarter : 31 Load : 5153
Quarter : 32 Load : 3544
Quarter : 33 Load : 17478
Quarter : 34 Load : 820
Quarter : 35 Load : 8362
Quarter : 36 Load : 5371
Quarter : 37 Load : 5785
Quarter : 38 Load : 1795
Quarter : 39 Load : 3220
Quarter : 40 Load : 2575
Quarter : 41 Load : 3093
Quarter : 42 Load : 1975
Quarter : 43 Load : 3401
Quarter : 44 Load : 2417
Quarter : 45 Load : 3703
Quarter : 46 Load : 3078
Quarter : 47 Load : 4113
Quarter : 48 Load : 2839
Quarter : 49 Load : 3771
Quarter : 50 Load : 1792
Quarter : 51 Load : 7661
Quarter : 52 Load : 1781
Quarter : 53 Load : 3995
Quarter : 54 Load : 1337
Quarter : 55 Load : 4567
Quarter : 56 Load : 16416
Quarter : 57 Load : 4095
Quarter : 58 Load : 3138
Quarter : 59 Load : 18949
Quarter : 60 Load : 2604
Quarter : 61 Load : 3753
Quarter : 62 Load : 1570
Quarter : 63 Load : 4178
Quarter : 64 Load : 2736
Quarter : 65 Load : 3612
Quarter : 66 Load : 5430
Quarter : 67 Load : 9785
Quarter : 68 Load : 3509
Quarter : 69 Load : 5072
Quarter : 70 Load : 2609
Quarter : 71 Load : 4527
Quarter : 72 Load : 4355
Quarter : 73 Load : 6434
Quarter : 74 Load : 2736
Quarter : 75 Load : 5350
Quarter : 76 Load : 3984
Quarter : 77 Load : 3990
Quarter : 78 Load : 1922
Quarter : 79 Load : 3560
Quarter : 80 Load : 2014
Quarter : 81 Load : 4640
Quarter : 82 Load : 3329
Quarter : 83 Load : 2572
Quarter : 84 Load : 1665
Quarter : 85 Load : 2400
Quarter : 86 Load : 1103
Quarter : 87 Load : 2948
Quarter : 88 Load : 1897
Quarter : 89 Load : 5026
Quarter : 90 Load : 3217
Quarter : 91 Load : 2658
Quarter : 92 Load : 802
Quarter : 93 Load : 1428
Quarter : 94 Load : 0
Quarter : 95 Load : 1428
Quarter : 96 Load : 0
Day 4
Quarter : 1 Load : 1428
Quarter : 2 Load : 0
Quarter : 3 Load : 1428
Quarter : 4 Load : 0
Quarter : 5 Load : 1428
Quarter : 6 Load : 0
Quarter : 7 Load : 1428
Quarter : 8 Load : 0
Quarter : 9 Load : 1428
Quarter : 10 Load : 3311
Quarter : 11 Load : 4739
Quarter : 12 Load : 3311
Quarter : 13 Load : 4739
Quarter : 14 Load : 3311
Quarter : 15 Load : 4739
Quarter : 16 Load : 3311
Quarter : 17 Load : 4739
Quarter : 18 Load : 0
Quarter : 19 Load : 1428
Quarter : 20 Load : 0
Quarter : 21 Load : 1428
Quarter : 22 Load : 0
Quarter : 23 Load : 1428
Quarter : 24 Load : 0
Quarter : 25 Load : 19832
Quarter : 26 Load : 15893
Quarter : 27 Load : 8638
Quarter : 28 Load : 6637
Quarter : 29 Load : 5256
Quarter : 30 Load : 1621
Quarter : 31 Load : 3177
Quarter : 32 Load : 976
Quarter : 33 Load : 8349
Quarter : 34 Load : 2404
Quarter : 35 Load : 2217
Quarter : 36 Load : 15630
Quarter : 37 Load : 2465
Quarter : 38 Load : 1409
Quarter : 39 Load : 2134
Quarter : 40 Load : 523
Quarter : 41 Load : 2095
Quarter : 42 Load : 1434
Quarter : 43 Load : 2468
Quarter : 44 Load : 3787
Quarter : 45 Load : 5098
Quarter : 46 Load : 2276
Quarter : 47 Load : 2523
Quarter : 48 Load : 1231
Quarter : 49 Load : 6968
Quarter : 50 Load : 2859
Quarter : 51 Load : 3876
Quarter : 52 Load : 3446
Quarter : 53 Load : 5522
Quarter : 54 Load : 3089
Quarter : 55 Load : 4403
Quarter : 56 Load : 18414
Quarter : 57 Load : 5812
Quarter : 58 Load : 4187
Quarter : 59 Load : 4280
Quarter : 60 Load : 6016
Quarter : 61 Load : 7718
Quarter : 62 Load : 2444
Quarter : 63 Load : 3407
Quarter : 64 Load : 3386
Quarter : 65 Load : 7101
Quarter : 66 Load : 1818
Quarter : 67 Load : 2885
Quarter : 68 Load : 1286
Quarter : 69 Load : 3538
Quarter : 70 Load : 4740
Quarter : 71 Load : 5245
Quarter : 72 Load : 3025
Quarter : 73 Load : 6267
Quarter : 74 Load : 5175
Quarter : 75 Load : 4911
Quarter : 76 Load : 3064
Quarter : 77 Load : 4727
Quarter : 78 Load : 2754
Quarter : 79 Load : 5328
Quarter : 80 Load : 2570
Quarter : 81 Load : 2871
Quarter : 82 Load : 3859
Quarter : 83 Load : 5331
Quarter : 84 Load : 3228
Quarter : 85 Load : 7985
Quarter : 86 Load : 4158
Quarter : 87 Load : 4537
Quarter : 88 Load : 2807
Quarter : 89 Load : 4622
Quarter : 90 Load : 2363
Quarter : 91 Load : 2230
Quarter : 92 Load : 600
Quarter : 93 Load : 1428
Quarter : 94 Load : 0
Quarter : 95 Load : 1428
Quarter : 96 Load : 0
Day 5
Quarter : 1 Load : 1428
Quarter : 2 Load : 0
Quarter : 3 Load : 1428
Quarter : 4 Load : 0
Quarter : 5 Load : 1428
Quarter : 6 Load : 0
Quarter : 7 Load : 1428
Quarter : 8 Load : 3311
Quarter : 9 Load : 4739
Quarter : 10 Load : 3311
Quarter : 11 Load : 4739
Quarter : 12 Load : 3311
Quarter : 13 Load : 4739
Quarter : 14 Load : 3311
Quarter : 15 Load : 4739
Quarter : 16 Load : 674
Quarter : 17 Load : 2102
Quarter : 18 Load : 674
Quarter : 19 Load : 2102
Quarter : 20 Load : 674
Quarter : 21 Load : 2102
Quarter : 22 Load : 674
Quarter : 23 Load : 2102
Quarter : 24 Load : 674
Quarter : 25 Load : 16193
Quarter : 26 Load : 13870
Quarter : 27 Load : 12251
Quarter : 28 Load : 6813
Quarter : 29 Load : 4518
Quarter : 30 Load : 4173
Quarter : 31 Load : 9105
Quarter : 32 Load : 1798
Quarter : 33 Load : 5195
Quarter : 34 Load : 6012
Quarter : 35 Load : 4006
Quarter : 36 Load : 2813
Quarter : 37 Load : 4235
Quarter : 38 Load : 4667
Quarter : 39 Load : 4464
Quarter : 40 Load : 3975
Quarter : 41 Load : 5404
Quarter : 42 Load : 2202
Quarter : 43 Load : 2303
Quarter : 44 Load : 1640
Quarter : 45 Load : 2328
Quarter : 46 Load : 1156
Quarter : 47 Load : 7139
Quarter : 48 Load : 2402
Quarter : 49 Load : 6017
Quarter : 50 Load : 2753
Quarter : 51 Load : 2419
Quarter : 52 Load : 581
Quarter : 53 Load : 1895
Quarter : 54 Load : 3360
Quarter : 55 Load : 3593
Quarter : 56 Load : 2601
Quarter : 57 Load : 2461
Quarter : 58 Load : 1267
Quarter : 59 Load : 3359
Quarter : 60 Load : 3024
Quarter : 61 Load : 5196
Quarter : 62 Load : 1462
Quarter : 63 Load : 6652
Quarter : 64 Load : 1873
Quarter : 65 Load : 3798
Quarter : 66 Load : 2063
Quarter : 67 Load : 4042
Quarter : 68 Load : 2655
Quarter : 69 Load : 5945
Quarter : 70 Load : 2195
Quarter : 71 Load : 3192
Quarter : 72 Load : 1808
Quarter : 73 Load : 2445
Quarter : 74 Load : 1294
Quarter : 75 Load : 3333
Quarter : 76 Load : 2569
Quarter : 77 Load : 2799
Quarter : 78 Load : 1428
Quarter : 79 Load : 3445
Quarter : 80 Load : 17692
Quarter : 81 Load : 17220
Quarter : 82 Load : 1143
Quarter : 83 Load : 2696
Quarter : 84 Load : 1815
Quarter : 85 Load : 4882
Quarter : 86 Load : 3668
Quarter : 87 Load : 3384
Quarter : 88 Load : 3059
Quarter : 89 Load : 2303
Quarter : 90 Load : 15163
Quarter : 91 Load : 2668
Quarter : 92 Load : 82
Quarter : 93 Load : 1851
Quarter : 94 Load : 0
Quarter : 95 Load : 1428
Quarter : 96 Load : 0
Day 6
Quarter : 1 Load : 1428
Quarter : 2 Load : 0
Quarter : 3 Load : 1428
Quarter : 4 Load : 0
Quarter : 5 Load : 1428
Quarter : 6 Load : 0
Quarter : 7 Load : 1428
Quarter : 8 Load : 0
Quarter : 9 Load : 1428
Quarter : 10 Load : 0
Quarter : 11 Load : 1428
Quarter : 12 Load : 0
Quarter : 13 Load : 1428
Quarter : 14 Load : 0
Quarter : 15 Load : 1428
Quarter : 16 Load : 0
Quarter : 17 Load : 1428
Quarter : 18 Load : 0
Quarter : 19 Load : 1428
Quarter : 20 Load : 3311
Quarter : 21 Load : 4739
Quarter : 22 Load : 3311
Quarter : 23 Load : 4739
Quarter : 24 Load : 3311
Quarter : 25 Load : 35797
Quarter : 26 Load : 19510
Quarter : 27 Load : 11395
Quarter : 28 Load : 4397
Quarter : 29 Load : 4540
Quarter : 30 Load : 1510
Quarter : 31 Load : 3605
Quarter : 32 Load : 1017
Quarter : 33 Load : 4031
Quarter : 34 Load : 2624
Quarter : 35 Load : 2722
Quarter : 36 Load : 989
Quarter : 37 Load : 5751
Quarter : 38 Load : 4035
Quarter : 39 Load : 3366
Quarter : 40 Load : 1184
Quarter : 41 Load : 2132
Quarter : 42 Load : 1117
Quarter : 43 Load : 7039
Quarter : 44 Load : 16632
Quarter : 45 Load : 2548
Quarter : 46 Load : 1591
Quarter : 47 Load : 3347
Quarter : 48 Load : 680
Quarter : 49 Load : 3125
Quarter : 50 Load : 565
Quarter : 51 Load : 3071
Quarter : 52 Load : 1047
Quarter : 53 Load : 2835
Quarter : 54 Load : 2667
Quarter : 55 Load : 2571
Quarter : 56 Load : 1542
Quarter : 57 Load : 2572
Quarter : 58 Load : 420
Quarter : 59 Load : 5724
Quarter : 60 Load : 2331
Quarter : 61 Load : 4793
Quarter : 62 Load : 3016
Quarter : 63 Load : 16993
Quarter : 64 Load : 1118
Quarter : 65 Load : 2576
Quarter : 66 Load : 1520
Quarter : 67 Load : 2572
Quarter : 68 Load : 3964
Quarter : 69 Load : 5362
Quarter : 70 Load : 4231
Quarter : 71 Load : 5331
Quarter : 72 Load : 1199
Quarter : 73 Load : 2681
Quarter : 74 Load : 2083
Quarter : 75 Load : 21279
Quarter : 76 Load : 4073
Quarter : 77 Load : 4041
Quarter : 78 Load : 2032
Quarter : 79 Load : 3859
Quarter : 80 Load : 1375
Quarter : 81 Load : 2777
Quarter : 82 Load : 1380
Quarter : 83 Load : 1686
Quarter : 84 Load : 2771
Quarter : 85 Load : 2648
Quarter : 86 Load : 468
Quarter : 87 Load : 2300
Quarter : 88 Load : 2412
Quarter : 89 Load : 4044
Quarter : 90 Load : 1109
Quarter : 91 Load : 2139
Quarter : 92 Load : 1147
Quarter : 93 Load : 1857
Quarter : 94 Load : 0
Quarter : 95 Load : 1428
Quarter : 96 Load : 0
Day 0
Hour : 1 Load : 2856
Hour : 2 Load : 2856
Hour : 3 Load : 2856
Hour : 4 Load : 3530
Hour : 5 Load : 9185
Hour : 6 Load : 11500
Hour : 7 Load : 79006
Hour : 8 Load : 28200
Hour : 9 Load : 24663
Hour : 10 Load : 19418
Hour : 11 Load : 15992
Hour : 12 Load : 12916
Hour : 13 Load : 28756
Hour : 14 Load : 18478
Hour : 15 Load : 10124
Hour : 16 Load : 8719
Hour : 17 Load : 7036
Hour : 18 Load : 10468
Hour : 19 Load : 8070
Hour : 20 Load : 12292
Hour : 21 Load : 24087
Hour : 22 Load : 14169
Hour : 23 Load : 8714
Hour : 24 Load : 3423
Day 1
Hour : 1 Load : 12789
Hour : 2 Load : 16100
Hour : 3 Load : 6167
Hour : 4 Load : 3224
Hour : 5 Load : 4328
Hour : 6 Load : 4328
Hour : 7 Load : 65756
Hour : 8 Load : 9687
Hour : 9 Load : 14435
Hour : 10 Load : 25440
Hour : 11 Load : 20482
Hour : 12 Load : 26586
Hour : 13 Load : 7888
Hour : 14 Load : 13954
Hour : 15 Load : 25589
Hour : 16 Load : 9977
Hour : 17 Load : 10159
Hour : 18 Load : 11047
Hour : 19 Load : 9083
Hour : 20 Load : 9773
Hour : 21 Load : 8237
Hour : 22 Load : 26384
Hour : 23 Load : 5875
Hour : 24 Load : 2856
Day 2
Hour : 1 Load : 2856
Hour : 2 Load : 2856
Hour : 3 Load : 2856
Hour : 4 Load : 2856
Hour : 5 Load : 2856
Hour : 6 Load : 6167
Hour : 7 Load : 47018
Hour : 8 Load : 29505
Hour : 9 Load : 11433
Hour : 10 Load : 7340
Hour : 11 Load : 6993
Hour : 12 Load : 17652
Hour : 13 Load : 16667
Hour : 14 Load : 14658
Hour : 15 Load : 13451
Hour : 16 Load : 20031
Hour : 17 Load : 40489
Hour : 18 Load : 38945
Hour : 19 Load : 9002
Hour : 20 Load : 22355
Hour : 21 Load : 13929
Hour : 22 Load : 13318
Hour : 23 Load : 7307
Hour : 24 Load : 3686
Day 3
Hour : 1 Load : 2856
Hour : 2 Load : 2856
Hour : 3 Load : 6167
Hour : 4 Load : 16100
Hour : 5 Load : 12789
Hour : 6 Load : 2856
Hour : 7 Load : 44256
Hour : 8 Load : 16162
Hour : 9 Load : 32031
Hour : 10 Load : 13375
Hour : 11 Load : 10886
Hour : 12 Load : 13733
Hour : 13 Load : 15005
Hour : 14 Load : 26315
Hour : 15 Load : 28786
Hour : 16 Load : 12237
Hour : 17 Load : 22336
Hour : 18 Load : 16563
Hour : 19 Load : 18504
Hour : 20 Load : 11486
Hour : 21 Load : 12206
Hour : 22 Load : 8348
Hour : 23 Load : 11703
Hour : 24 Load : 2856
Day 4
Hour : 1 Load : 2856
Hour : 2 Load : 2856
Hour : 3 Load : 12789
Hour : 4 Load : 16100
Hour : 5 Load : 6167
Hour : 6 Load : 2856
Hour : 7 Load : 51000
Hour : 8 Load : 11030
Hour : 9 Load : 28600
Hour : 10 Load : 6531
Hour : 11 Load : 9784
Hour : 12 Load : 11128
Hour : 13 Load : 17149
Hour : 14 Load : 31428
Hour : 15 Load : 20295
Hour : 16 Load : 16955
Hour : 17 Load : 13090
Hour : 18 Load : 16548
Hour : 19 Load : 19417
Hour : 20 Load : 15379
Hour : 21 Load : 15289
Hour : 22 Load : 19487
Hour : 23 Load : 9815
Hour : 24 Load : 2856
Day 5
Hour : 1 Load : 2856
Hour : 2 Load : 6167
Hour : 3 Load : 16100
Hour : 4 Load : 13463
Hour : 5 Load : 5552
Hour : 6 Load : 5552
Hour : 7 Load : 49127
Hour : 8 Load : 19594
Hour : 9 Load : 18026
Hour : 10 Load : 17341
Hour : 11 Load : 11549
Hour : 12 Load : 13025
Hour : 13 Load : 11770
Hour : 14 Load : 11449
Hour : 15 Load : 10111
Hour : 16 Load : 15183
Hour : 17 Load : 12558
Hour : 18 Load : 13140
Hour : 19 Load : 9641
Hour : 20 Load : 25364
Hour : 21 Load : 22874
Hour : 22 Load : 14993
Hour : 23 Load : 20216
Hour : 24 Load : 3279
Day 6
Hour : 1 Load : 2856
Hour : 2 Load : 2856
Hour : 3 Load : 2856
Hour : 4 Load : 2856
Hour : 5 Load : 6167
Hour : 6 Load : 16100
Hour : 7 Load : 71099
Hour : 8 Load : 10672
Hour : 9 Load : 10366
Hour : 10 Load : 14336
Hour : 11 Load : 26920
Hour : 12 Load : 8166
Hour : 13 Load : 7808
Hour : 14 Load : 9615
Hour : 15 Load : 11047
Hour : 16 Load : 25920
Hour : 17 Load : 10632
Hour : 18 Load : 16123
Hour : 19 Load : 30116
Hour : 20 Load : 11307
Hour : 21 Load : 8614
Hour : 22 Load : 7828
Hour : 23 Load : 8439
Hour : 24 Load : 3285
Initializing House 0
Initializing House 1
Initializing House 2
Initializing House 3
Initializing House 4
Initializing House 5
Initializing House 6
Initializing House 7
Initializing House 8
Initializing House 9
Day 0
Quarter : 1 Load : 1516
Quarter : 2 Load : 0
Quarter : 3 Load : 1516
Quarter : 4 Load : 0
Quarter : 5 Load : 1516
Quarter : 6 Load : 0
Quarter : 7 Load : 1516
Quarter : 8 Load : 0
Quarter : 9 Load : 1516
Quarter : 10 Load : 2587
Quarter : 11 Load : 4103
Quarter : 12 Load : 2587
Quarter : 13 Load : 4103
Quarter : 14 Load : 2587
Quarter : 15 Load : 4103
Quarter : 16 Load : 3049
Quarter : 17 Load : 4565
Quarter : 18 Load : 964
Quarter : 19 Load : 3122
Quarter : 20 Load : 1606
Quarter : 21 Load : 3122
Quarter : 22 Load : 1606
Quarter : 23 Load : 3122
Quarter : 24 Load : 1606
Quarter : 25 Load : 28856
Quarter : 26 Load : 12490
Quarter : 27 Load : 7877
Quarter : 28 Load : 3019
Quarter : 29 Load : 3868
Quarter : 30 Load : 2063
Quarter : 31 Load : 2756
Quarter : 32 Load : 1759
Quarter : 33 Load : 6180
Quarter : 34 Load : 1948
Quarter : 35 Load : 3775
Quarter : 36 Load : 3923
Quarter : 37 Load : 2391
Quarter : 38 Load : 801
Quarter : 39 Load : 5344
Quarter : 40 Load : 2315
Quarter : 41 Load : 2142
Quarter : 42 Load : 3638
Quarter : 43 Load : 2927
Quarter : 44 Load : 1910
Quarter : 45 Load : 2274
Quarter : 46 Load : 828
Quarter : 47 Load : 3830
Quarter : 48 Load : 1823
Quarter : 49 Load : 8005
Quarter : 50 Load : 3598
Quarter : 51 Load : 3228
Quarter : 52 Load : 3010
Quarter : 53 Load : 4660
Quarter : 54 Load : 3962
Quarter : 55 Load : 5065
Quarter : 56 Load : 1622
Quarter : 57 Load : 3027
Quarter : 58 Load : 1010
Quarter : 59 Load : 3195
Quarter : 60 Load : 3192
Quarter : 61 Load : 4381
Quarter : 62 Load : 810
Quarter : 63 Load : 3126
Quarter : 64 Load : 1127
Quarter : 65 Load : 4878
Quarter : 66 Load : 1781
Quarter : 67 Load : 2886
Quarter : 68 Load : 916
Quarter : 69 Load : 2059
Quarter : 70 Load : 16084
Quarter : 71 Load : 3046
Quarter : 72 Load : 1526
Quarter : 73 Load : 18714
Quarter : 74 Load : 2617
Quarter : 75 Load : 3442
Quarter : 76 Load : 3661
Quarter : 77 Load : 5512
Quarter : 78 Load : 2142
Quarter : 79 Load : 3516
Quarter : 80 Load : 13810
Quarter : 81 Load : 4473
Quarter : 82 Load : 4923
Quarter : 83 Load : 7087
Quarter : 84 Load : 2324
Quarter : 85 Load : 4878
Quarter : 86 Load : 2668
Quarter : 87 Load : 4397
Quarter : 88 Load : 3373
Quarter : 89 Load : 3680
Quarter : 90 Load : 1666
Quarter : 91 Load : 1944
Quarter : 92 Load : 497
Quarter : 93 Load : 1995
Quarter : 94 Load : 0
Quarter : 95 Load : 1516
Quarter : 96 Load : 0
Day 1
Quarter : 1 Load : 1516
Quarter : 2 Load : 0
Quarter : 3 Load : 1516
Quarter : 4 Load : 0
Quarter : 5 Load : 1516
Quarter : 6 Load : 0
Quarter : 7 Load : 1516
Quarter : 8 Load : 0
Quarter : 9 Load : 1516
Quarter : 10 Load : 0
Quarter : 11 Load : 1516
Quarter : 12 Load : 0
Quarter : 13 Load : 1516
Quarter : 14 Load : 0
Quarter : 15 Load : 1516
Quarter : 16 Load : 0
Quarter : 17 Load : 2030
Quarter : 18 Load : 514
Quarter : 19 Load : 2030
Quarter : 20 Load : 514
Quarter : 21 Load : 2030
Quarter : 22 Load : 514
Quarter : 23 Load : 2030
Quarter : 24 Load : 514
Quarter : 25 Load : 37199
Quarter : 26 Load : 18677
Quarter : 27 Load : 22143
Quarter : 28 Load : 5187
Quarter : 29 Load : 3869
Quarter : 30 Load : 1637
Quarter : 31 Load : 3001
Quarter : 32 Load : 1672
Quarter : 33 Load : 2172
Quarter : 34 Load : 1159
Quarter : 35 Load : 3789
Quarter : 36 Load : 1536
Quarter : 37 Load : 2689
Quarter : 38 Load : 3585
Quarter : 39 Load : 7098
Quarter : 40 Load : 4573
Quarter : 41 Load : 5072
Quarter : 42 Load : 3719
Quarter : 43 Load : 5353
Quarter : 44 Load : 4557
Quarter : 45 Load : 7327
Quarter : 46 Load : 3283
Quarter : 47 Load : 2439
Quarter : 48 Load : 1521
Quarter : 49 Load : 2368
Quarter : 50 Load : 1208
Quarter : 51 Load : 2836
Quarter : 52 Load : 1552
Quarter : 53 Load : 2630
Quarter : 54 Load : 1531
Quarter : 55 Load : 5151
Quarter : 56 Load : 3166
Quarter : 57 Load : 4189
Quarter : 58 Load : 2089
Quarter : 59 Load : 3973
Quarter : 60 Load : 1195
Quarter : 61 Load : 5987
Quarter : 62 Load : 1833
Quarter : 63 Load : 5840
Quarter : 64 Load : 4648
Quarter : 65 Load : 2399
Quarter : 66 Load : 2844
Quarter : 67 Load : 3609
Quarter : 68 Load : 3482
Quarter : 69 Load : 4888
Quarter : 70 Load : 1509
Quarter : 71 Load : 3526
Quarter : 72 Load : 1401
Quarter : 73 Load : 5004
Quarter : 74 Load : 5240
Quarter : 75 Load : 5348
Quarter : 76 Load : 2539
Quarter : 77 Load : 5739
Quarter : 78 Load : 1922
Quarter : 79 Load : 3620
Quarter : 80 Load : 2034
Quarter : 81 Load : 4991
Quarter : 82 Load : 2921
Quarter : 83 Load : 4217
Quarter : 84 Load : 17975
Quarter : 85 Load : 21251
Quarter : 86 Load : 3128
Quarter : 87 Load : 4534
Quarter : 88 Load : 2416
Quarter : 89 Load : 2632
Quarter : 90 Load : 465
Quarter : 91 Load : 1516
Quarter : 92 Load : 0
Quarter : 93 Load : 4103
Quarter : 94 Load : 0
Quarter : 95 Load : 1516
Quarter : 96 Load : 0
Day 2
Quarter : 1 Load : 1516
Quarter : 2 Load : 0
Quarter : 3 Load : 1516
Quarter : 4 Load : 0
Quarter : 5 Load : 1516
Quarter : 6 Load : 0
Quarter : 7 Load : 1516
Quarter : 8 Load : 0
Quarter : 9 Load : 1516
Quarter : 10 Load : 0
Quarter : 11 Load : 1516
Quarter : 12 Load : 0
Quarter : 13 Load : 1516
Quarter : 14 Load : 0
Quarter : 15 Load : 1516
Quarter : 16 Load : 0
Quarter : 17 Load : 1516
Quarter : 18 Load : 0
Quarter : 19 Load : 1516
Quarter : 20 Load : 0
Quarter : 21 Load : 1516
Quarter : 22 Load : 0
Quarter : 23 Load : 1516
Quarter : 24 Load : 0
Quarter : 25 Load : 14876
Quarter : 26 Load : 12625
Quarter : 27 Load : 9498
Quarter : 28 Load : 7490
Quarter : 29 Load : 5187
Quarter : 30 Load : 1380
Quarter : 31 Load : 4197
Quarter : 32 Load : 1394
Quarter : 33 Load : 3894
Quarter : 34 Load : 2484
Quarter : 35 Load : 6590
Quarter : 36 Load : 5695
Quarter : 37 Load : 7582
Quarter : 38 Load : 3571
Quarter : 39 Load : 4968
Quarter : 40 Load : 8496
Quarter : 41 Load : 9630
Quarter : 42 Load : 6460
Quarter : 43 Load : 10596
Quarter : 44 Load : 10161
Quarter : 45 Load : 9355
Quarter : 46 Load : 5453
Quarter : 47 Load : 9174
Quarter : 48 Load : 4621
Quarter : 49 Load : 4040
Quarter : 50 Load : 14595
Quarter : 51 Load : 2786
Quarter : 52 Load : 1154
Quarter : 53 Load : 2792
Quarter : 54 Load : 1684
Quarter : 55 Load : 3942
Quarter : 56 Load : 1452
Quarter : 57 Load : 2854
Quarter : 58 Load : 1112
Quarter : 59 Load : 2587
Quarter : 60 Load : 1915
Quarter : 61 Load : 3063
Quarter : 62 Load : 1416
Quarter : 63 Load : 21441
Quarter : 64 Load : 1829
Quarter : 65 Load : 3622
Quarter : 66 Load : 956
Quarter : 67 Load : 2441
Quarter : 68 Load : 1336
Quarter : 69 Load : 5925
Quarter : 70 Load : 4748
Quarter : 71 Load : 2588
Quarter : 72 Load : 2748
Quarter : 73 Load : 4575
Quarter : 74 Load : 1347
Quarter : 75 Load : 2792
Quarter : 76 Load : 1608
Quarter : 77 Load : 3981
Quarter : 78 Load : 4072
Quarter : 79 Load : 10084
Quarter : 80 Load : 5280
Quarter : 81 Load : 5035
Quarter : 82 Load : 5020
Quarter : 83 Load : 6073
Quarter : 84 Load : 1548
Quarter : 85 Load : 3004
Quarter : 86 Load : 1265
Quarter : 87 Load : 2586
Quarter : 88 Load : 4105
Quarter : 89 Load : 4865
Quarter : 90 Load : 1610
Quarter : 91 Load : 2536
Quarter : 92 Load : 1144
Quarter : 93 Load : 2339
Quarter : 94 Load : 0
Quarter : 95 Load : 4103
Quarter : 96 Load : 0
Day 3
Quarter : 1 Load : 1516
Quarter : 2 Load : 0
Quarter : 3 Load : 1516
Quarter : 4 Load : 0
Quarter : 5 Load : 1516
Quarter : 6 Load : 0
Quarter : 7 Load : 1516
Quarter : 8 Load : 0
Quarter : 9 Load : 1516
Quarter : 10 Load : 0
Quarter : 11 Load : 1516
Quarter : 12 Load : 0
Quarter : 13 Load : 1516
Quarter : 14 Load : 0
Quarter : 15 Load : 1516
Quarter : 16 Load : 683
Quarter : 17 Load : 2199
Quarter : 18 Load : 3270
Quarter : 19 Load : 4786
Quarter : 20 Load : 3270
Quarter : 21 Load : 4786
Quarter : 22 Load : 3270
Quarter : 23 Load : 4786
Quarter : 24 Load : 3270
Quarter : 25 Load : 29480
Quarter : 26 Load : 10818
Quarter : 27 Load : 7764
Quarter : 28 Load : 6648
Quarter : 29 Load : 5705
Quarter : 30 Load : 2536
Quarter : 31 Load : 3174
Quarter : 32 Load : 3686
Quarter : 33 Load : 3954
Quarter : 34 Load : 741
Quarter : 35 Load : 3150
Quarter : 36 Load : 1536
Quarter : 37 Load : 3918
Quarter : 38 Load : 1801
Quarter : 39 Load : 2919
Quarter : 40 Load : 2746
Quarter : 41 Load : 5876
Quarter : 42 Load : 2667
Quarter : 43 Load : 15971
Quarter : 44 Load : 4025
Quarter : 45 Load : 3593
Quarter : 46 Load : 2189
Quarter : 47 Load : 3124
Quarter : 48 Load : 1305
Quarter : 49 Load : 3566
Quarter : 50 Load : 1502
Quarter : 51 Load : 2943
Quarter : 52 Load : 1338
Quarter : 53 Load : 3022
Quarter : 54 Load : 2468
Quarter : 55 Load : 5707
Quarter : 56 Load : 5159
Quarter : 57 Load : 9476
Quarter : 58 Load : 19898
Quarter : 59 Load : 7595
Quarter : 60 Load : 6300
Quarter : 61 Load : 4130
Quarter : 62 Load : 1452
Quarter : 63 Load : 3958
Quarter : 64 Load : 1563
Quarter : 65 Load : 2046
Quarter : 66 Load : 3110
Quarter : 67 Load : 4793
Quarter : 68 Load : 1333
Quarter : 69 Load : 2384
Quarter : 70 Load : 1804
Quarter : 71 Load : 2956
Quarter : 72 Load : 1223
Quarter : 73 Load : 4574
Quarter : 74 Load : 2204
Quarter : 75 Load : 2450
Quarter : 76 Load : 1487
Quarter : 77 Load : 3323
Quarter : 78 Load : 1980
Quarter : 79 Load : 2597
Quarter : 80 Load : 1125
Quarter : 81 Load : 2730
Quarter : 82 Load : 2416
Quarter : 83 Load : 3715
Quarter : 84 Load : 17690
Quarter : 85 Load : 3089
Quarter : 86 Load : 1551
Quarter : 87 Load : 3497
Quarter : 88 Load : 1411
Quarter : 89 Load : 3423
Quarter : 90 Load : 2010
Quarter : 91 Load : 1921
Quarter : 92 Load : 0
Quarter : 93 Load : 1516
Quarter : 94 Load : 0
Quarter : 95 Load : 2075
Quarter : 96 Load : 0
Day 4
Quarter : 1 Load : 1516
Quarter : 2 Load : 0
Quarter : 3 Load : 1516
Quarter : 4 Load : 0
Quarter : 5 Load : 1516
Quarter : 6 Load : 0
Quarter : 7 Load : 1516
Quarter : 8 Load : 0
Quarter : 9 Load : 1516
Quarter : 10 Load : 0
Quarter : 11 Load : 1516
Quarter : 12 Load : 0
Quarter : 13 Load : 1516
Quarter : 14 Load : 0
Quarter : 15 Load : 1516
Quarter : 16 Load : 0
Quarter : 17 Load : 1516
Quarter : 18 Load : 1191
Quarter : 19 Load : 2707
Quarter : 20 Load : 1191
Quarter : 21 Load : 2707
Quarter : 22 Load : 1191
Quarter : 23 Load : 2707
Quarter : 24 Load : 1191
Quarter : 25 Load : 44356
Quarter : 26 Load : 13643
Quarter : 27 Load : 8999
Quarter : 28 Load : 5582
Quarter : 29 Load : 6012
Quarter : 30 Load : 6397
Quarter : 31 Load : 7382
Quarter : 32 Load : 5253
Quarter : 33 Load : 7009
Quarter : 34 Load : 6933
Quarter : 35 Load : 7800
Quarter : 36 Load : 6670
Quarter : 37 Load : 6744
Quarter : 38 Load : 14916
Quarter : 39 Load : 3320
Quarter : 40 Load : 1523
Quarter : 41 Load : 2994
Quarter : 42 Load : 1112
Quarter : 43 Load : 5073
Quarter : 44 Load : 2842
Quarter : 45 Load : 2411
Quarter : 46 Load : 2392
Quarter : 47 Load : 3565
Quarter : 48 Load : 888
Quarter : 49 Load : 2118
Quarter : 50 Load : 721
Quarter : 51 Load : 4699
Quarter : 52 Load : 3776
Quarter : 53 Load : 5838
Quarter : 54 Load : 2366
Quarter : 55 Load : 3171
Quarter : 56 Load : 2481
Quarter : 57 Load : 3471
Quarter : 58 Load : 1806
Quarter : 59 Load : 3085
Quarter : 60 Load : 589
Quarter : 61 Load : 3428
Quarter : 62 Load : 2208
Quarter : 63 Load : 7685
Quarter : 64 Load : 6161
Quarter : 65 Load : 4323
Quarter : 66 Load : 1530
Quarter : 67 Load : 5798
Quarter : 68 Load : 5164
Quarter : 69 Load : 7254
Quarter : 70 Load : 1732
Quarter : 71 Load : 7209
Quarter : 72 Load : 5273
Quarter : 73 Load : 5332
Quarter : 74 Load : 5249
Quarter : 75 Load : 5126
Quarter : 76 Load : 1164
Quarter : 77 Load : 3995
Quarter : 78 Load : 750
Quarter : 79 Load : 18919
Quarter : 80 Load : 1544
Quarter : 81 Load : 3109
Quarter : 82 Load : 2358
Quarter : 83 Load : 3493
Quarter : 84 Load : 1375
Quarter : 85 Load : 5548
Quarter : 86 Load : 2388
Quarter : 87 Load : 8668
Quarter : 88 Load : 4694
Quarter : 89 Load : 2646
Quarter : 90 Load : 735
Quarter : 91 Load : 1944
Quarter : 92 Load : 186
Quarter : 93 Load : 1516
Quarter : 94 Load : 0
Quarter : 95 Load : 1516
Quarter : 96 Load : 0
Day 5
Quarter : 1 Load : 1516
Quarter : 2 Load : 0
Quarter : 3 Load : 1516
Quarter : 4 Load : 0
Quarter : 5 Load : 1516
Quarter : 6 Load : 0
Quarter : 7 Load : 1516
Quarter : 8 Load : 0
Quarter : 9 Load : 1516
Quarter : 10 Load : 0
Quarter : 11 Load : 1516
Quarter : 12 Load : 0
Quarter : 13 Load : 1516
Quarter : 14 Load : 0
Quarter : 15 Load : 1516
Quarter : 16 Load : 2587
Quarter : 17 Load : 4103
Quarter : 18 Load : 4321
Quarter : 19 Load : 5837
Quarter : 20 Load : 4321
Quarter : 21 Load : 5837
Quarter : 22 Load : 4321
Quarter : 23 Load : 6538
Quarter : 24 Load : 2435
Quarter : 25 Load : 34458
Quarter : 26 Load : 14728
Quarter : 27 Load : 8862
Quarter : 28 Load : 20879
Quarter : 29 Load : 7854
Quarter : 30 Load : 6225
Quarter : 31 Load : 5444
Quarter : 32 Load : 2763
Quarter : 33 Load : 6313
Quarter : 34 Load : 4786
Quarter : 35 Load : 5438
Quarter : 36 Load : 2519
Quarter : 37 Load : 4408
Quarter : 38 Load : 2546
Quarter : 39 Load : 5952
Quarter : 40 Load : 2536
Quarter : 41 Load : 3806
Quarter : 42 Load : 2311
Quarter : 43 Load : 5115
Quarter : 44 Load : 3507
Quarter : 45 Load : 4216
Quarter : 46 Load : 1426
Quarter : 47 Load : 4885
Quarter : 48 Load : 2585
Quarter : 49 Load : 4516
Quarter : 50 Load : 2743
Quarter : 51 Load : 3714
Quarter : 52 Load : 3033
Quarter : 53 Load : 5053
Quarter : 54 Load : 1001
Quarter : 55 Load : 6978
Quarter : 56 Load : 2739
Quarter : 57 Load : 3685
Quarter : 58 Load : 2150
Quarter : 59 Load : 4386
Quarter : 60 Load : 2707
Quarter : 61 Load : 5141
Quarter : 62 Load : 4055
Quarter : 63 Load : 8475
Quarter : 64 Load : 5144
Quarter : 65 Load : 3072
Quarter : 66 Load : 2695
Quarter : 67 Load : 3814
Quarter : 68 Load : 1224
Quarter : 69 Load : 2701
Quarter : 70 Load : 2142
Quarter : 71 Load : 7272
Quarter : 72 Load : 3160
Quarter : 73 Load : 2043
Quarter : 74 Load : 2294
Quarter : 75 Load : 15943
Quarter : 76 Load : 2146
Quarter : 77 Load : 4204
Quarter : 78 Load : 3124
Quarter : 79 Load : 1947
Quarter : 80 Load : 1111
Quarter : 81 Load : 3492
Quarter : 82 Load : 1801
Quarter : 83 Load : 4036
Quarter : 84 Load : 4640
Quarter : 85 Load : 5533
Quarter : 86 Load : 5358
Quarter : 87 Load : 5682
Quarter : 88 Load : 1030
Quarter : 89 Load : 4597
Quarter : 90 Load : 3276
Quarter : 91 Load : 1775
Quarter : 92 Load : 95
Quarter : 93 Load : 1516
Quarter : 94 Load : 0
Quarter : 95 Load : 1516
Quarter : 96 Load : 0
Day 6
Quarter : 1 Load : 1516
Quarter : 2 Load : 0
Quarter : 3 Load : 1516
Quarter : 4 Load : 0
Quarter : 5 Load : 1516
Quarter : 6 Load : 0
Quarter : 7 Load : 1516
Quarter : 8 Load : 0
Quarter : 9 Load : 1516
Quarter : 10 Load : 0
Quarter : 11 Load : 1516
Quarter : 12 Load : 0
Quarter : 13 Load : 1516
Quarter : 14 Load : 2587
Quarter : 15 Load : 4103
Quarter : 16 Load : 2587
Quarter : 17 Load : 4103
Quarter : 18 Load : 2587
Quarter : 19 Load : 4103
Quarter : 20 Load : 2587
Quarter : 21 Load : 4103
Quarter : 22 Load : 0
Quarter : 23 Load : 1516
Quarter : 24 Load : 0
Quarter : 25 Load : 34496
Quarter : 26 Load : 14760
Quarter : 27 Load : 6513
Quarter : 28 Load : 2362
Quarter : 29 Load : 3936
Quarter : 30 Load : 1723
Quarter : 31 Load : 2704
Quarter : 32 Load : 1620
Quarter : 33 Load : 2784
Quarter : 34 Load : 1639
Quarter : 35 Load : 6127
Quarter : 36 Load : 2594
Quarter : 37 Load : 6259
Quarter : 38 Load : 557
Quarter : 39 Load : 4089
Quarter : 40 Load : 1477
Quarter : 41 Load : 2845
Quarter : 42 Load : 1841
Quarter : 43 Load : 3149
Quarter : 44 Load : 1172
Quarter : 45 Load : 2586
Quarter : 46 Load : 1281
Quarter : 47 Load : 2252
Quarter : 48 Load : 1142
Quarter : 49 Load : 2937
Quarter : 50 Load : 783
Quarter : 51 Load : 4405
Quarter : 52 Load : 3957
Quarter : 53 Load : 4719
Quarter : 54 Load : 2023
Quarter : 55 Load : 2444
Quarter : 56 Load : 4137
Quarter : 57 Load : 5069
Quarter : 58 Load : 16280
Quarter : 59 Load : 5865
Quarter : 60 Load : 2397
Quarter : 61 Load : 2294
Quarter : 62 Load : 2362
Quarter : 63 Load : 5439
Quarter : 64 Load : 3550
Quarter : 65 Load : 3291
Quarter : 66 Load : 716
Quarter : 67 Load : 14874
Quarter : 68 Load : 1696
Quarter : 69 Load : 5388
Quarter : 70 Load : 806
Quarter : 71 Load : 3919
Quarter : 72 Load : 2613
Quarter : 73 Load : 4447
Quarter : 74 Load : 3360
Quarter : 75 Load : 2661
Quarter : 76 Load : 3134
Quarter : 77 Load : 4562
Quarter : 78 Load : 17683
Quarter : 79 Load : 4340
Quarter : 80 Load : 2988
Quarter : 81 Load : 4673
Quarter : 82 Load : 3597
Quarter : 83 Load : 2449
Quarter : 84 Load : 2040
Quarter : 85 Load : 3250
Quarter : 86 Load : 1241
Quarter : 87 Load : 3471
Quarter : 88 Load : 2734
Quarter : 89 Load : 4042
Quarter : 90 Load : 2053
Quarter : 91 Load : 1516
Quarter : 92 Load : 428
Quarter : 93 Load : 1516
Quarter : 94 Load : 82
Quarter : 95 Load : 1516
Quarter : 96 Load : 0
Day 0
Hour : 1 Load : 3032
Hour : 2 Load : 3032
Hour : 3 Load : 10793
Hour : 4 Load : 13842
Hour : 5 Load : 10257
Hour : 6 Load : 9456
Hour : 7 Load : 52242
Hour : 8 Load : 10446
Hour : 9 Load : 15826
Hour : 10 Load : 10851
Hour : 11 Load : 10617
Hour : 12 Load : 8755
Hour : 13 Load : 17841
Hour : 14 Load : 15309
Hour : 15 Load : 10424
Hour : 16 Load : 9444
Hour : 17 Load : 10461
Hour : 18 Load : 22715
Hour : 19 Load : 28434
Hour : 20 Load : 24980
Hour : 21 Load : 18807
Hour : 22 Load : 15316
Hour : 23 Load : 7787
Hour : 24 Load : 3511
Day 1
Hour : 1 Load : 3032
Hour : 2 Load : 3032
Hour : 3 Load : 3032
Hour : 4 Load : 3032
Hour : 5 Load : 5088
Hour : 6 Load : 5088
Hour : 7 Load : 83206
Hour : 8 Load : 10179
Hour : 9 Load : 8656
Hour : 10 Load : 17945
Hour : 11 Load : 18701
Hour : 12 Load : 14570
Hour : 13 Load : 7964
Hour : 14 Load : 12478
Hour : 15 Load : 11446
Hour : 16 Load : 18308
Hour : 17 Load : 12334
Hour : 18 Load : 11324
Hour : 19 Load : 18131
Hour : 20 Load : 13315
Hour : 21 Load : 30104
Hour : 22 Load : 31329
Hour : 23 Load : 4613
Hour : 24 Load : 5619
Day 2
Hour : 1 Load : 3032
Hour : 2 Load : 3032
Hour : 3 Load : 3032
Hour : 4 Load : 3032
Hour : 5 Load : 3032
Hour : 6 Load : 3032
Hour : 7 Load : 44489
Hour : 8 Load : 12158
Hour : 9 Load : 18663
Hour : 10 Load : 24617
Hour : 11 Load : 36847
Hour : 12 Load : 28603
Hour : 13 Load : 22575
Hour : 14 Load : 9870
Hour : 15 Load : 8468
Hour : 16 Load : 27749
Hour : 17 Load : 8355
Hour : 18 Load : 16009
Hour : 19 Load : 10322
Hour : 20 Load : 23417
Hour : 21 Load : 17676
Hour : 22 Load : 10960
Hour : 23 Load : 10155
Hour : 24 Load : 6442
Day 3
Hour : 1 Load : 3032
Hour : 2 Load : 3032
Hour : 3 Load : 3032
Hour : 4 Load : 3715
Hour : 5 Load : 13525
Hour : 6 Load : 16112
Hour : 7 Load : 54710
Hour : 8 Load : 15101
Hour : 9 Load : 9381
Hour : 10 Load : 11384
Hour : 11 Load : 28539
Hour : 12 Load : 10211
Hour : 13 Load : 9349
Hour : 14 Load : 16356
Hour : 15 Load : 43269
Hour : 16 Load : 11103
Hour : 17 Load : 11282
Hour : 18 Load : 8367
Hour : 19 Load : 10715
Hour : 20 Load : 9025
Hour : 21 Load : 26551
Hour : 22 Load : 9548
Hour : 23 Load : 7354
Hour : 24 Load : 3591
Day 4
Hour : 1 Load : 3032
Hour : 2 Load : 3032
Hour : 3 Load : 3032
Hour : 4 Load : 3032
Hour : 5 Load : 6605
Hour : 6 Load : 7796
Hour : 7 Load : 72580
Hour : 8 Load : 25044
Hour : 9 Load : 28412
Hour : 10 Load : 26503
Hour : 11 Load : 12021
Hour : 12 Load : 9256
Hour : 13 Load : 11314
Hour : 14 Load : 13856
Hour : 15 Load : 8951
Hour : 16 Load : 19482
Hour : 17 Load : 16815
Hour : 18 Load : 21468
Hour : 19 Load : 16871
Hour : 20 Load : 25208
Hour : 21 Load : 10335
Hour : 22 Load : 21298
Hour : 23 Load : 5511
Hour : 24 Load : 3032
Day 5
Hour : 1 Load : 3032
Hour : 2 Load : 3032
Hour : 3 Load : 3032
Hour : 4 Load : 5619
Hour : 5 Load : 18582
Hour : 6 Load : 19131
Hour : 7 Load : 78927
Hour : 8 Load : 22286
Hour : 9 Load : 19056
Hour : 10 Load : 15442
Hour : 11 Load : 14739
Hour : 12 Load : 13112
Hour : 13 Load : 14006
Hour : 14 Load : 15771
Hour : 15 Load : 12928
Hour : 16 Load : 22815
Hour : 17 Load : 10805
Hour : 18 Load : 15275
Hour : 19 Load : 22426
Hour : 20 Load : 10386
Hour : 21 Load : 13969
Hour : 22 Load : 17603
Hour : 23 Load : 9743
Hour : 24 Load : 3032
Day 6
Hour : 1 Load : 3032
Hour : 2 Load : 3032
Hour : 3 Load : 3032
Hour : 4 Load : 10793
Hour : 5 Load : 13380
Hour : 6 Load : 5619
Hour : 7 Load : 58131
Hour : 8 Load : 9983
Hour : 9 Load : 13144
Hour : 10 Load : 12382
Hour : 11 Load : 9007
Hour : 12 Load : 7261
Hour : 13 Load : 12082
Hour : 14 Load : 13323
Hour : 15 Load : 29611
Hour : 16 Load : 13645
Hour : 17 Load : 20577
Hour : 18 Load : 12726
Hour : 19 Load : 13602
Hour : 20 Load : 29573
Hour : 21 Load : 12759
Hour : 22 Load : 10696
Hour : 23 Load : 8039
Hour : 24 Load : 3114
End of initialization

2 2 1
3032.0
2 2 1
6167.0
--Output from testChangingSubscriptions--
Initializing House 0
Initializing House 1
Initializing House 2
Initializing House 3
Initializing House 4
Initializing House 5
Initializing House 6
Initializing House 7
Initializing House 8
Initializing House 9
Day 0
Quarter : 1 Load : 1461
Quarter : 2 Load : 0
Quarter : 3 Load : 1461
Quarter : 4 Load : 0
Quarter : 5 Load : 1461
Quarter : 6 Load : 0
Quarter : 7 Load : 1461
Quarter : 8 Load : 0
Quarter : 9 Load : 1461
Quarter : 10 Load : 0
Quarter : 11 Load : 1461
Quarter : 12 Load : 0
Quarter : 13 Load : 1461
Quarter : 14 Load : 0
Quarter : 15 Load : 1461
Quarter : 16 Load : 485
Quarter : 17 Load : 2467
Quarter : 18 Load : 1006
Quarter : 19 Load : 2467
Quarter : 20 Load : 1006
Quarter : 21 Load : 2467
Quarter : 22 Load : 1006
Quarter : 23 Load : 2467
Quarter : 24 Load : 1006
Quarter : 25 Load : 24254
Quarter : 26 Load : 20727
Quarter : 27 Load : 7638
Quarter : 28 Load : 4186
Quarter : 29 Load : 2539
Quarter : 30 Load : 1899
Quarter : 31 Load : 1881
Quarter : 32 Load : 1155
Quarter : 33 Load : 4360
Quarter : 34 Load : 2418
Quarter : 35 Load : 4714
Quarter : 36 Load : 2428
Quarter : 37 Load : 4746
Quarter : 38 Load : 3026
Quarter : 39 Load : 8366
Quarter : 40 Load : 4322
Quarter : 41 Load : 3667
Quarter : 42 Load : 1176
Quarter : 43 Load : 3294
Quarter : 44 Load : 2203
Quarter : 45 Load : 5508
Quarter : 46 Load : 2548
Quarter : 47 Load : 5248
Quarter : 48 Load : 7453
Quarter : 49 Load : 9285
Quarter : 50 Load : 3533
Quarter : 51 Load : 3650
Quarter : 52 Load : 3573
Quarter : 53 Load : 4743
Quarter : 54 Load : 2991
Quarter : 55 Load : 3033
Quarter : 56 Load : 2490
Quarter : 57 Load : 3665
Quarter : 58 Load : 2879
Quarter : 59 Load : 2868
Quarter : 60 Load : 2866
Quarter : 61 Load : 4675
Quarter : 62 Load : 2144
Quarter : 63 Load : 3855
Quarter : 64 Load : 2146
Quarter : 65 Load : 3982
Quarter : 66 Load : 1576
Quarter : 67 Load : 3815
Quarter : 68 Load : 1276
Quarter : 69 Load : 3283
Quarter : 70 Load : 770
Quarter : 71 Load : 2025
Quarter : 72 Load : 4415
Quarter : 73 Load : 5316
Quarter : 74 Load : 2339
Quarter : 75 Load : 2570
Quarter : 76 Load : 1848
Quarter : 77 Load : 3143
Quarter : 78 Load : 2791
Quarter : 79 Load : 3262
Quarter : 80 Load : 3295
Quarter : 81 Load : 4707
Quarter : 82 Load : 2721
Quarter : 83 Load : 5510
Quarter : 84 Load : 3179
Quarter : 85 Load : 2804
Quarter : 86 Load : 1289
Quarter : 87 Load : 2879
Quarter : 88 Load : 1897
Quarter : 89 Load : 5141
Quarter : 90 Load : 4384
Quarter : 91 Load : 1568
Quarter : 92 Load : 805
Quarter : 93 Load : 1461
Quarter : 94 Load : 0
Quarter : 95 Load : 1461
Quarter : 96 Load : 0
Day 1
Quarter : 1 Load : 1461
Quarter : 2 Load : 0
Quarter : 3 Load : 1461
Quarter : 4 Load : 0
Quarter : 5 Load : 1461
Quarter : 6 Load : 0
Quarter : 7 Load : 1461
Quarter : 8 Load : 0
Quarter : 9 Load : 1461
Quarter : 10 Load : 0
Quarter : 11 Load : 1461
Quarter : 12 Load : 0
Quarter : 13 Load : 1461
Quarter : 14 Load : 0
Quarter : 15 Load : 1461
Quarter : 16 Load : 0
Quarter : 17 Load : 1461
Quarter : 18 Load : 0
Quarter : 19 Load : 1461
Quarter : 20 Load : 0
Quarter : 21 Load : 1461
Quarter : 22 Load : 0
Quarter : 23 Load : 1461
Quarter : 24 Load : 0
Quarter : 25 Load : 25294
Quarter : 26 Load : 22318
Quarter : 27 Load : 7485
Quarter : 28 Load : 3177
Quarter : 29 Load : 4138
Quarter : 30 Load : 1536
Quarter : 31 Load : 3702
Quarter : 32 Load : 1962
Quarter : 33 Load : 3177
Quarter : 34 Load : 2623
Quarter : 35 Load : 3127
Quarter : 36 Load : 652
Quarter : 37 Load : 1938
Quarter : 38 Load : 1252
Quarter : 39 Load : 4290
Quarter : 40 Load : 2894
Quarter : 41 Load : 3814
Quarter : 42 Load : 4744
Quarter : 43 Load : 6204
Quarter : 44 Load : 2633
Quarter : 45 Load : 4343
Quarter : 46 Load : 4312
Quarter : 47 Load : 6279
Quarter : 48 Load : 1647
Quarter : 49 Load : 4810
Quarter : 50 Load : 3056
Quarter : 51 Load : 3723
Quarter : 52 Load : 1839
Quarter : 53 Load : 4481
Quarter : 54 Load : 2085
Quarter : 55 Load : 2480
Quarter : 56 Load : 3937
Quarter : 57 Load : 5910
Quarter : 58 Load : 5124
Quarter : 59 Load : 6492
Quarter : 60 Load : 3268
Quarter : 61 Load : 4387
Quarter : 62 Load : 2649
Quarter : 63 Load : 2465
Quarter : 64 Load : 967
Quarter : 65 Load : 2740
Quarter : 66 Load : 1659
Quarter : 67 Load : 4537
Quarter : 68 Load : 3304
Quarter : 69 Load : 2382
Quarter : 70 Load : 1720
Quarter : 71 Load : 3201
Quarter : 72 Load : 2577
Quarter : 73 Load : 3871
Quarter : 74 Load : 1547
Quarter : 75 Load : 3665
Quarter : 76 Load : 2097
Quarter : 77 Load : 5201
Quarter : 78 Load : 4397
Quarter : 79 Load : 3721
Quarter : 80 Load : 3753
Quarter : 81 Load : 2396
Quarter : 82 Load : 1662
Quarter : 83 Load : 3092
Quarter : 84 Load : 2226
Quarter : 85 Load : 5906
Quarter : 86 Load : 3855
Quarter : 87 Load : 5104
Quarter : 88 Load : 1561
Quarter : 89 Load : 4790
Quarter : 90 Load : 2626
Quarter : 91 Load : 2454
Quarter : 92 Load : 437
Quarter : 93 Load : 1461
Quarter : 94 Load : 0
Quarter : 95 Load : 1461
Quarter : 96 Load : 0
Day 2
Quarter : 1 Load : 1461
Quarter : 2 Load : 0
Quarter : 3 Load : 1461
Quarter : 4 Load : 0
Quarter : 5 Load : 1461
Quarter : 6 Load : 0
Quarter : 7 Load : 1461
Quarter : 8 Load : 0
Quarter : 9 Load : 1461
Quarter : 10 Load : 0
Quarter : 11 Load : 1461
Quarter : 12 Load : 0
Quarter : 13 Load : 1461
Quarter : 14 Load : 0
Quarter : 15 Load : 1461
Quarter : 16 Load : 585
Quarter : 17 Load : 2046
Quarter : 18 Load : 585
Quarter : 19 Load : 2046
Quarter : 20 Load : 585
Quarter : 21 Load : 2046
Quarter : 22 Load : 585
Quarter : 23 Load : 2046
Quarter : 24 Load : 585
Quarter : 25 Load : 18592
Quarter : 26 Load : 15489
Quarter : 27 Load : 9661
Quarter : 28 Load : 6580
Quarter : 29 Load : 4120
Quarter : 30 Load : 1891
Quarter : 31 Load : 3248
Quarter : 32 Load : 3841
Quarter : 33 Load : 6182
Quarter : 34 Load : 2332
Quarter : 35 Load : 2565
Quarter : 36 Load : 1392
Quarter : 37 Load : 2540
Quarter : 38 Load : 2435
Quarter : 39 Load : 3016
Quarter : 40 Load : 1421
Quarter : 41 Load : 2572
Quarter : 42 Load : 5219
Quarter : 43 Load : 6728
Quarter : 44 Load : 3454
Quarter : 45 Load : 3144
Quarter : 46 Load : 1285
Quarter : 47 Load : 3242
Quarter : 48 Load : 2625
Quarter : 49 Load : 5651
Quarter : 50 Load : 4270
Quarter : 51 Load : 5083
Quarter : 52 Load : 4755
Quarter : 53 Load : 4850
Quarter : 54 Load : 2622
Quarter : 55 Load : 4193
Quarter : 56 Load : 1697
Quarter : 57 Load : 2115
Quarter : 58 Load : 520
Quarter : 59 Load : 3526
Quarter : 60 Load : 1611
Quarter : 61 Load : 4353
Quarter : 62 Load : 3927
Quarter : 63 Load : 2774
Quarter : 64 Load : 2766
Quarter : 65 Load : 3459
Quarter : 66 Load : 1322
Quarter : 67 Load : 2792
Quarter : 68 Load : 3826
Quarter : 69 Load : 6094
Quarter : 70 Load : 4939
Quarter : 71 Load : 4516
Quarter : 72 Load : 2060
Quarter : 73 Load : 3205
Quarter : 74 Load : 3809
Quarter : 75 Load : 4536
Quarter : 76 Load : 1165
Quarter : 77 Load : 2127
Quarter : 78 Load : 1308
Quarter : 79 Load : 2348
Quarter : 80 Load : 932
Quarter : 81 Load : 5029
Quarter : 82 Load : 3756
Quarter : 83 Load : 2137
Quarter : 84 Load : 3377
Quarter : 85 Load : 5467
Quarter : 86 Load : 2596
Quarter : 87 Load : 2928
Quarter : 88 Load : 2005
Quarter : 89 Load : 2477
Quarter : 90 Load : 762
Quarter : 91 Load : 2259
Quarter : 92 Load : 919
Quarter : 93 Load : 1923
Quarter : 94 Load : 0
Quarter : 95 Load : 1461
Quarter : 96 Load : 0
Day 3
Quarter : 1 Load : 1461
Quarter : 2 Load : 0
Quarter : 3 Load : 1461
Quarter : 4 Load : 0
Quarter : 5 Load : 1461
Quarter : 6 Load : 0
Quarter : 7 Load : 1461
Quarter : 8 Load : 0
Quarter : 9 Load : 1461
Quarter : 10 Load : 0
Quarter : 11 Load : 1461
Quarter : 12 Load : 0
Quarter : 13 Load : 1461
Quarter : 14 Load : 0
Quarter : 15 Load : 1461
Quarter : 16 Load : 0
Quarter : 17 Load : 1461
Quarter : 18 Load : 1271
Quarter : 19 Load : 2732
Quarter : 20 Load : 1271
Quarter : 21 Load : 2732
Quarter : 22 Load : 1271
Quarter : 23 Load : 2732
Quarter : 24 Load : 1271
Quarter : 25 Load : 17979
Quarter : 26 Load : 16043
Quarter : 27 Load : 12845
Quarter : 28 Load : 8442
Quarter : 29 Load : 6271
Quarter : 30 Load : 3537
Quarter : 31 Load : 3975
Quarter : 32 Load : 4890
Quarter : 33 Load : 4705
Quarter : 34 Load : 914
Quarter : 35 Load : 2893
Quarter : 36 Load : 1953
Quarter : 37 Load : 4131
Quarter : 38 Load : 2673
Quarter : 39 Load : 2543
Quarter : 40 Load : 2826
Quarter : 41 Load : 4322
Quarter : 42 Load : 2170
Quarter : 43 Load : 3834
Quarter : 44 Load : 1979
Quarter : 45 Load : 2922
Quarter : 46 Load : 2565
Quarter : 47 Load : 7522
Quarter : 48 Load : 4885
Quarter : 49 Load : 2684
Quarter : 50 Load : 1404
Quarter : 51 Load : 2766
Quarter : 52 Load : 915
Quarter : 53 Load : 2774
Quarter : 54 Load : 271
Quarter : 55 Load : 2371
Quarter : 56 Load : 1638
Quarter : 57 Load : 3100
Quarter : 58 Load : 843
Quarter : 59 Load : 4102
Quarter : 60 Load : 4245
Quarter : 61 Load : 4710
Quarter : 62 Load : 2933
Quarter : 63 Load : 3755
Quarter : 64 Load : 4360
Quarter : 65 Load : 4303
Quarter : 66 Load : 2533
Quarter : 67 Load : 3666
Quarter : 68 Load : 2724
Quarter : 69 Load : 3011
Quarter : 70 Load : 3367
Quarter : 71 Load : 6449
Quarter : 72 Load : 3175
Quarter : 73 Load : 3294
Quarter : 74 Load : 700
Quarter : 75 Load : 2073
Quarter : 76 Load : 1394
Quarter : 77 Load : 4067
Quarter : 78 Load : 1054
Quarter : 79 Load : 4603
Quarter : 80 Load : 2205
Quarter : 81 Load : 2532
Quarter : 82 Load : 1307
Quarter : 83 Load : 5893
Quarter : 84 Load : 5086
Quarter : 85 Load : 3262
Quarter : 86 Load : 2805
Quarter : 87 Load : 4446
Quarter : 88 Load : 2873
Quarter : 89 Load : 3851
Quarter : 90 Load : 2277
Quarter : 91 Load : 1610
Quarter : 92 Load : 513
Quarter : 93 Load : 1461
Quarter : 94 Load : 103
Quarter : 95 Load : 1461
Quarter : 96 Load : 0
Day 4
Quarter : 1 Load : 1461
Quarter : 2 Load : 0
Quarter : 3 Load : 1461
Quarter : 4 Load : 0
Quarter : 5 Load : 1461
Quarter : 6 Load : 0
Quarter : 7 Load : 1461
Quarter : 8 Load : 0
Quarter : 9 Load : 1461
Quarter : 10 Load : 0
Quarter : 11 Load : 1461
Quarter : 12 Load : 0
Quarter : 13 Load : 1461
Quarter : 14 Load : 0
Quarter : 15 Load : 1461
Quarter : 16 Load : 0
Quarter : 17 Load : 1461
Quarter : 18 Load : 1177
Quarter : 19 Load : 2638
Quarter : 20 Load : 1177
Quarter : 21 Load : 2638
Quarter : 22 Load : 1177
Quarter : 23 Load : 2638
Quarter : 24 Load : 1177
Quarter : 25 Load : 20097
Quarter : 26 Load : 18528
Quarter : 27 Load : 7687
Quarter : 28 Load : 3000
Quarter : 29 Load : 5671
Quarter : 30 Load : 3980
Quarter : 31 Load : 2878
Quarter : 32 Load : 2036
Quarter : 33 Load : 3228
Quarter : 34 Load : 2241
Quarter : 35 Load : 5393
Quarter : 36 Load : 3224
Quarter : 37 Load : 3309
Quarter : 38 Load : 3382
Quarter : 39 Load : 4611
Quarter : 40 Load : 3450
Quarter : 41 Load : 3758
Quarter : 42 Load : 2411
Quarter : 43 Load : 3622
Quarter : 44 Load : 3028
Quarter : 45 Load : 4946
Quarter : 46 Load : 5369
Quarter : 47 Load : 6164
Quarter : 48 Load : 1496
Quarter : 49 Load : 4943
Quarter : 50 Load : 2944
Quarter : 51 Load : 2434
Quarter : 52 Load : 1934
Quarter : 53 Load : 3912
Quarter : 54 Load : 2742
Quarter : 55 Load : 2059
Quarter : 56 Load : 1174
Quarter : 57 Load : 3361
Quarter : 58 Load : 1621
Quarter : 59 Load : 3840
Quarter : 60 Load : 2173
Quarter : 61 Load : 6613
Quarter : 62 Load : 5723
Quarter : 63 Load : 3289
Quarter : 64 Load : 5093
Quarter : 65 Load : 4755
Quarter : 66 Load : 1111
Quarter : 67 Load : 4556
Quarter : 68 Load : 4777
Quarter : 69 Load : 6444
Quarter : 70 Load : 3074
Quarter : 71 Load : 5910
Quarter : 72 Load : 3650
Quarter : 73 Load : 5895
Quarter : 74 Load : 4469
Quarter : 75 Load : 4969
Quarter : 76 Load : 1821
Quarter : 77 Load : 2819
Quarter : 78 Load : 921
Quarter : 79 Load : 2662
Quarter : 80 Load : 1460
Quarter : 81 Load : 4496
Quarter : 82 Load : 7977
Quarter : 83 Load : 5275
Quarter : 84 Load : 2573
Quarter : 85 Load : 2761
Quarter : 86 Load : 390
Quarter : 87 Load : 2509
Quarter : 88 Load : 1838
Quarter : 89 Load : 3097
Quarter : 90 Load : 1223
Quarter : 91 Load : 1461
Quarter : 92 Load : 402
Quarter : 93 Load : 2049
Quarter : 94 Load : 0
Quarter : 95 Load : 1461
Quarter : 96 Load : 0
Day 5
Quarter : 1 Load : 1461
Quarter : 2 Load : 0
Quarter : 3 Load : 1461
Quarter : 4 Load : 0
Quarter : 5 Load : 1461
Quarter : 6 Load : 0
Quarter : 7 Load : 1461
Quarter : 8 Load : 0
Quarter : 9 Load : 1461
Quarter : 10 Load : 0
Quarter : 11 Load : 1461
Quarter : 12 Load : 0
Quarter : 13 Load : 1461
Quarter : 14 Load : 0
Quarter : 15 Load : 1461
Quarter : 16 Load : 0
Quarter : 17 Load : 1461
Quarter : 18 Load : 1315
Quarter : 19 Load : 2776
Quarter : 20 Load : 1315
Quarter : 21 Load : 2776
Quarter : 22 Load : 1315
Quarter : 23 Load : 2776
Quarter : 24 Load : 1315
Quarter : 25 Load : 20044
Quarter : 26 Load : 16957
Quarter : 27 Load : 8628
Quarter : 28 Load : 3782
Quarter : 29 Load : 5853
Quarter : 30 Load : 3020
Quarter : 31 Load : 3438
Quarter : 32 Load : 1241
Quarter : 33 Load : 3983
Quarter : 34 Load : 4142
Quarter : 35 Load : 6169
Quarter : 36 Load : 1758
Quarter : 37 Load : 4620
Quarter : 38 Load : 5863
Quarter : 39 Load : 6935
Quarter : 40 Load : 2659
Quarter : 41 Load : 2669
Quarter : 42 Load : 1016
Quarter : 43 Load : 3120
Quarter : 44 Load : 1890
Quarter : 45 Load : 4365
Quarter : 46 Load : 4258
Quarter : 47 Load : 4405
Quarter : 48 Load : 1158
Quarter : 49 Load : 2969
Quarter : 50 Load : 2397
Quarter : 51 Load : 4008
Quarter : 52 Load : 888
Quarter : 53 Load : 2730
Quarter : 54 Load : 1797
Quarter : 55 Load : 3165
Quarter : 56 Load : 801
Quarter : 57 Load : 5694
Quarter : 58 Load : 4371
Quarter : 59 Load : 2626
Quarter : 60 Load : 952
Quarter : 61 Load : 3825
Quarter : 62 Load : 2481
Quarter : 63 Load : 2253
Quarter : 64 Load : 1513
Quarter : 65 Load : 4294
Quarter : 66 Load : 5280
Quarter : 67 Load : 5810
Quarter : 68 Load : 1457
Quarter : 69 Load : 3887
Quarter : 70 Load : 2722
Quarter : 71 Load : 4227
Quarter : 72 Load : 2272
Quarter : 73 Load : 4785
Quarter : 74 Load : 2598
Quarter : 75 Load : 3584
Quarter : 76 Load : 5368
Quarter : 77 Load : 7928
Quarter : 78 Load : 5299
Quarter : 79 Load : 3051
Quarter : 80 Load : 916
Quarter : 81 Load : 4035
Quarter : 82 Load : 2904
Quarter : 83 Load : 2814
Quarter : 84 Load : 841
Quarter : 85 Load : 3512
Quarter : 86 Load : 1347
Quarter : 87 Load : 2523
Quarter : 88 Load : 982
Quarter : 89 Load : 2429
Quarter : 90 Load : 2043
Quarter : 91 Load : 2448
Quarter : 92 Load : 1014
Quarter : 93 Load : 1461
Quarter : 94 Load : 260
Quarter : 95 Load : 1461
Quarter : 96 Load : 0
Day 6
Quarter : 1 Load : 1461
Quarter : 2 Load : 0
Quarter : 3 Load : 1461
Quarter : 4 Load : 0
Quarter : 5 Load : 1461
Quarter : 6 Load : 0
Quarter : 7 Load : 1461
Quarter : 8 Load : 0
Quarter : 9 Load : 1461
Quarter : 10 Load : 0
Quarter : 11 Load : 1461
Quarter : 12 Load : 0
Quarter : 13 Load : 1461
Quarter : 14 Load : 0
Quarter : 15 Load : 1461
Quarter : 16 Load : 0
Quarter : 17 Load : 1461
Quarter : 18 Load : 0
Quarter : 19 Load : 1461
Quarter : 20 Load : 0
Quarter : 21 Load : 1461
Quarter : 22 Load : 0
Quarter : 23 Load : 1461
Quarter : 24 Load : 0
Quarter : 25 Load : 20753
Quarter : 26 Load : 17127
Quarter : 27 Load : 8875
Quarter : 28 Load : 4536
Quarter : 29 Load : 3345
Quarter : 30 Load : 1595
Quarter : 31 Load : 4395
Quarter : 32 Load : 6147
Quarter : 33 Load : 4899
Quarter : 34 Load : 1085
Quarter : 35 Load : 2828
Quarter : 36 Load : 1714
Quarter : 37 Load : 3471
Quarter : 38 Load : 1164
Quarter : 39 Load : 3904
Quarter : 40 Load : 2052
Quarter : 41 Load : 2681
Quarter : 42 Load : 1050
Quarter : 43 Load : 2051
Quarter : 44 Load : 2790
Quarter : 45 Load : 5667
Quarter : 46 Load : 3123
Quarter : 47 Load : 2788
Quarter : 48 Load : 732
Quarter : 49 Load : 3868
Quarter : 50 Load : 1724
Quarter : 51 Load : 2596
Quarter : 52 Load : 1270
Quarter : 53 Load : 4357
Quarter : 54 Load : 3506
Quarter : 55 Load : 3115
Quarter : 56 Load : 848
Quarter : 57 Load : 3147
Quarter : 58 Load : 2360
Quarter : 59 Load : 4859
Quarter : 60 Load : 1266
Quarter : 61 Load : 2653
Quarter : 62 Load : 2206
Quarter : 63 Load : 3732
Quarter : 64 Load : 950
Quarter : 65 Load : 1803
Quarter : 66 Load : 2876
Quarter : 67 Load : 2791
Quarter : 68 Load : 2153
Quarter : 69 Load : 3007
Quarter : 70 Load : 3197
Quarter : 71 Load : 5174
Quarter : 72 Load : 997
Quarter : 73 Load : 3568
Quarter : 74 Load : 2168
Quarter : 75 Load : 2091
Quarter : 76 Load : 816
Quarter : 77 Load : 3526
Quarter : 78 Load : 3339
Quarter : 79 Load : 5553
Quarter : 80 Load : 5311
Quarter : 81 Load : 6766
Quarter : 82 Load : 742
Quarter : 83 Load : 3693
Quarter : 84 Load : 2400
Quarter : 85 Load : 4060
Quarter : 86 Load : 1356
Quarter : 87 Load : 2746
Quarter : 88 Load : 1115
Quarter : 89 Load : 2088
Quarter : 90 Load : 686
Quarter : 91 Load : 2435
Quarter : 92 Load : 1128
Quarter : 93 Load : 1543
Quarter : 94 Load : 357
Quarter : 95 Load : 1461
Quarter : 96 Load : 0
Day 0
Hour : 1 Load : 2922
Hour : 2 Load : 2922
Hour : 3 Load : 2922
Hour : 4 Load : 3407
Hour : 5 Load : 6946
Hour : 6 Load : 6946
Hour : 7 Load : 56805
Hour : 8 Load : 7474
Hour : 9 Load : 13920
Hour : 10 Load : 20460
Hour : 11 Load : 10340
Hour : 12 Load : 20757
Hour : 13 Load : 20041
Hour : 14 Load : 13257
Hour : 15 Load : 12278
Hour : 16 Load : 12820
Hour : 17 Load : 10649
Hour : 18 Load : 10493
Hour : 19 Load : 12073
Hour : 20 Load : 12491
Hour : 21 Load : 16117
Hour : 22 Load : 8869
Hour : 23 Load : 11898
Hour : 24 Load : 2922
Day 1
Hour : 1 Load : 2922
Hour : 2 Load : 2922
Hour : 3 Load : 2922
Hour : 4 Load : 2922
Hour : 5 Load : 2922
Hour : 6 Load : 2922
Hour : 7 Load : 58274
Hour : 8 Load : 11338
Hour : 9 Load : 9579
Hour : 10 Load : 10374
Hour : 11 Load : 17395
Hour : 12 Load : 16581
Hour : 13 Load : 13428
Hour : 14 Load : 12983
Hour : 15 Load : 20794
Hour : 16 Load : 10468
Hour : 17 Load : 12240
Hour : 18 Load : 9880
Hour : 19 Load : 11180
Hour : 20 Load : 17072
Hour : 21 Load : 9376
Hour : 22 Load : 16426
Hour : 23 Load : 10307
Hour : 24 Load : 2922
Day 2
Hour : 1 Load : 2922
Hour : 2 Load : 2922
Hour : 3 Load : 2922
Hour : 4 Load : 3507
Hour : 5 Load : 5262
Hour : 6 Load : 5262
Hour : 7 Load : 50322
Hour : 8 Load : 13100
Hour : 9 Load : 12471
Hour : 10 Load : 9412
Hour : 11 Load : 17973
Hour : 12 Load : 10296
Hour : 13 Load : 19759
Hour : 14 Load : 13362
Hour : 15 Load : 7772
Hour : 16 Load : 13820
Hour : 17 Load : 11399
Hour : 18 Load : 17609
Hour : 19 Load : 12715
Hour : 20 Load : 6715
Hour : 21 Load : 14299
Hour : 22 Load : 12996
Hour : 23 Load : 6417
Hour : 24 Load : 3384
Day 3
Hour : 1 Load : 2922
Hour : 2 Load : 2922
Hour : 3 Load : 2922
Hour : 4 Load : 2922
Hour : 5 Load : 6735
Hour : 6 Load : 8006
Hour : 7 Load : 55309
Hour : 8 Load : 18673
Hour : 9 Load : 10465
Hour : 10 Load : 12173
Hour : 11 Load : 12305
Hour : 12 Load : 17894
Hour : 13 Load : 7769
Hour : 14 Load : 7054
Hour : 15 Load : 12290
Hour : 16 Load : 15758
Hour : 17 Load : 13226
Hour : 18 Load : 16002
Hour : 19 Load : 7461
Hour : 20 Load : 11929
Hour : 21 Load : 14818
Hour : 22 Load : 13386
Hour : 23 Load : 8251
Hour : 24 Load : 3025
Day 4
Hour : 1 Load : 2922
Hour : 2 Load : 2922
Hour : 3 Load : 2922
Hour : 4 Load : 2922
Hour : 5 Load : 6453
Hour : 6 Load : 7630
Hour : 7 Load : 49312
Hour : 8 Load : 14565
Hour : 9 Load : 14086
Hour : 10 Load : 14752
Hour : 11 Load : 12819
Hour : 12 Load : 17975
Hour : 13 Load : 12255
Hour : 14 Load : 9887
Hour : 15 Load : 10995
Hour : 16 Load : 20718
Hour : 17 Load : 15199
Hour : 18 Load : 19078
Hour : 19 Load : 17154
Hour : 20 Load : 7862
Hour : 21 Load : 20321
Hour : 22 Load : 7498
Hour : 23 Load : 6183
Hour : 24 Load : 3510
Day 5
Hour : 1 Load : 2922
Hour : 2 Load : 2922
Hour : 3 Load : 2922
Hour : 4 Load : 2922
Hour : 5 Load : 6867
Hour : 6 Load : 8182
Hour : 7 Load : 49411
Hour : 8 Load : 13552
Hour : 9 Load : 16052
Hour : 10 Load : 20077
Hour : 11 Load : 8695
Hour : 12 Load : 14186
Hour : 13 Load : 10262
Hour : 14 Load : 8493
Hour : 15 Load : 13643
Hour : 16 Load : 10072
Hour : 17 Load : 16841
Hour : 18 Load : 13108
Hour : 19 Load : 16335
Hour : 20 Load : 17194
Hour : 21 Load : 10594
Hour : 22 Load : 8364
Hour : 23 Load : 7934
Hour : 24 Load : 3182
Day 6
Hour : 1 Load : 2922
Hour : 2 Load : 2922
Hour : 3 Load : 2922
Hour : 4 Load : 2922
Hour : 5 Load : 2922
Hour : 6 Load : 2922
Hour : 7 Load : 51291
Hour : 8 Load : 15482
Hour : 9 Load : 10526
Hour : 10 Load : 10591
Hour : 11 Load : 8572
Hour : 12 Load : 12310
Hour : 13 Load : 9458
Hour : 14 Load : 11826
Hour : 15 Load : 11632
Hour : 16 Load : 9541
Hour : 17 Load : 9623
Hour : 18 Load : 12375
Hour : 19 Load : 8643
Hour : 20 Load : 17729
Hour : 21 Load : 13601
Hour : 22 Load : 9277
Hour : 23 Load : 6337
Hour : 24 Load : 3361
Initializing House 0
Initializing House 1
Initializing House 2
Initializing House 3
Initializing House 4
Initializing House 5
Initializing House 6
Initializing House 7
Initializing House 8
Initializing House 9
Day 0
Quarter : 1 Load : 1381
Quarter : 2 Load : 0
Quarter : 3 Load : 1381
Quarter : 4 Load : 0
Quarter : 5 Load : 1381
Quarter : 6 Load : 0
Quarter : 7 Load : 1381
Quarter : 8 Load : 0
Quarter : 9 Load : 1381
Quarter : 10 Load : 0
Quarter : 11 Load : 1381
Quarter : 12 Load : 0
Quarter : 13 Load : 1381
Quarter : 14 Load : 0
Quarter : 15 Load : 1381
Quarter : 16 Load : 0
Quarter : 17 Load : 1381
Quarter : 18 Load : 600
Quarter : 19 Load : 1981
Quarter : 20 Load : 600
Quarter : 21 Load : 1981
Quarter : 22 Load : 600
Quarter : 23 Load : 1981
Quarter : 24 Load : 1200
Quarter : 25 Load : 17439
Quarter : 26 Load : 15920
Quarter : 27 Load : 9480
Quarter : 28 Load : 5234
Quarter : 29 Load : 6238
Quarter : 30 Load : 2482
Quarter : 31 Load : 3880
Quarter : 32 Load : 2797
Quarter : 33 Load : 2824
Quarter : 34 Load : 882
Quarter : 35 Load : 2041
Quarter : 36 Load : 1096
Quarter : 37 Load : 2652
Quarter : 38 Load : 3359
Quarter : 39 Load : 5510
Quarter : 40 Load : 3752
Quarter : 41 Load : 8095
Quarter : 42 Load : 4927
Quarter : 43 Load : 2731
Quarter : 44 Load : 2840
Quarter : 45 Load : 3827
Quarter : 46 Load : 2237
Quarter : 47 Load : 5267
Quarter : 48 Load : 2894
Quarter : 49 Load : 3947
Quarter : 50 Load : 1908
Quarter : 51 Load : 2565
Quarter : 52 Load : 1934
Quarter : 53 Load : 3215
Quarter : 54 Load : 1752
Quarter : 55 Load : 5447
Quarter : 56 Load : 2365
Quarter : 57 Load : 2511
Quarter : 58 Load : 6117
Quarter : 59 Load : 6276
Quarter : 60 Load : 1856
Quarter : 61 Load : 2453
Quarter : 62 Load : 2060
Quarter : 63 Load : 2738
Quarter : 64 Load : 3191
Quarter : 65 Load : 3895
Quarter : 66 Load : 1666
Quarter : 67 Load : 3269
Quarter : 68 Load : 1321
Quarter : 69 Load : 2871
Quarter : 70 Load : 2937
Quarter : 71 Load : 3476
Quarter : 72 Load : 2869
Quarter : 73 Load : 4871
Quarter : 74 Load : 1342
Quarter : 75 Load : 4858
Quarter : 76 Load : 3334
Quarter : 77 Load : 4405
Quarter : 78 Load : 3063
Quarter : 79 Load : 2045
Quarter : 80 Load : 2162
Quarter : 81 Load : 3278
Quarter : 82 Load : 1834
Quarter : 83 Load : 3222
Quarter : 84 Load : 2922
Quarter : 85 Load : 6543
Quarter : 86 Load : 4623
Quarter : 87 Load : 3523
Quarter : 88 Load : 3365
Quarter : 89 Load : 3513
Quarter : 90 Load : 2127
Quarter : 91 Load : 1509
Quarter : 92 Load : 174
Quarter : 93 Load : 1381
Quarter : 94 Load : 0
Quarter : 95 Load : 1381
Quarter : 96 Load : 0
Day 1
Quarter : 1 Load : 1381
Quarter : 2 Load : 0
Quarter : 3 Load : 1381
Quarter : 4 Load : 0
Quarter : 5 Load : 1381
Quarter : 6 Load : 0
Quarter : 7 Load : 1381
Quarter : 8 Load : 0
Quarter : 9 Load : 1381
Quarter : 10 Load : 0
Quarter : 11 Load : 1381
Quarter : 12 Load : 0
Quarter : 13 Load : 1381
Quarter : 14 Load : 0
Quarter : 15 Load : 1381
Quarter : 16 Load : 0
Quarter : 17 Load : 1381
Quarter : 18 Load : 0
Quarter : 19 Load : 1381
Quarter : 20 Load : 0
Quarter : 21 Load : 1381
Quarter : 22 Load : 0
Quarter : 23 Load : 1381
Quarter : 24 Load : 0
Quarter : 25 Load : 20224
Quarter : 26 Load : 17484
Quarter : 27 Load : 13046
Quarter : 28 Load : 8616
Quarter : 29 Load : 3869
Quarter : 30 Load : 741
Quarter : 31 Load : 2946
Quarter : 32 Load : 2433
Quarter : 33 Load : 2715
Quarter : 34 Load : 1309
Quarter : 35 Load : 4053
Quarter : 36 Load : 2390
Quarter : 37 Load : 2436
Quarter : 38 Load : 1815
Quarter : 39 Load : 2916
Quarter : 40 Load : 4930
Quarter : 41 Load : 3849
Quarter : 42 Load : 2185
Quarter : 43 Load : 4129
Quarter : 44 Load : 1023
Quarter : 45 Load : 4106
Quarter : 46 Load : 1765
Quarter : 47 Load : 3638
Quarter : 48 Load : 3525
Quarter : 49 Load : 4635
Quarter : 50 Load : 1861
Quarter : 51 Load : 3672
Quarter : 52 Load : 1553
Quarter : 53 Load : 2953
Quarter : 54 Load : 2367
Quarter : 55 Load : 2244
Quarter : 56 Load : 1835
Quarter : 57 Load : 3446
Quarter : 58 Load : 5158
Quarter : 59 Load : 6269
Quarter : 60 Load : 1630
Quarter : 61 Load : 3277
Quarter : 62 Load : 4262
Quarter : 63 Load : 4259
Quarter : 64 Load : 3930
Quarter : 65 Load : 1913
Quarter : 66 Load : 3037
Quarter : 67 Load : 3809
Quarter : 68 Load : 2455
Quarter : 69 Load : 3847
Quarter : 70 Load : 1282
Quarter : 71 Load : 3910
Quarter : 72 Load : 5018
Quarter : 73 Load : 4716
Quarter : 74 Load : 2082
Quarter : 75 Load : 2856
Quarter : 76 Load : 990
Quarter : 77 Load : 2825
Quarter : 78 Load : 2870
Quarter : 79 Load : 3701
Quarter : 80 Load : 1612
Quarter : 81 Load : 4703
Quarter : 82 Load : 3739
Quarter : 83 Load : 3278
Quarter : 84 Load : 4285
Quarter : 85 Load : 5736
Quarter : 86 Load : 4173
Quarter : 87 Load : 6002
Quarter : 88 Load : 1520
Quarter : 89 Load : 2568
Quarter : 90 Load : 831
Quarter : 91 Load : 1381
Quarter : 92 Load : 283
Quarter : 93 Load : 1381
Quarter : 94 Load : 0
Quarter : 95 Load : 1381
Quarter : 96 Load : 0
Day 2
Quarter : 1 Load : 1381
Quarter : 2 Load : 0
Quarter : 3 Load : 1381
Quarter : 4 Load : 0
Quarter : 5 Load : 1381
Quarter : 6 Load : 0
Quarter : 7 Load : 1381
Quarter : 8 Load : 0
Quarter : 9 Load : 1381
Quarter : 10 Load : 0
Quarter : 11 Load : 1381
Quarter : 12 Load : 0
Quarter : 13 Load : 1381
Quarter : 14 Load : 0
Quarter : 15 Load : 1381
Quarter : 16 Load : 0
Quarter : 17 Load : 1381
Quarter : 18 Load : 0
Quarter : 19 Load : 1381
Quarter : 20 Load : 0
Quarter : 21 Load : 1381
Quarter : 22 Load : 0
Quarter : 23 Load : 1381
Quarter : 24 Load : 0
Quarter : 25 Load : 18023
Quarter : 26 Load : 14648
Quarter : 27 Load : 6381
Quarter : 28 Load : 3936
Quarter : 29 Load : 4349
Quarter : 30 Load : 3396
Quarter : 31 Load : 3756
Quarter : 32 Load : 1057
Quarter : 33 Load : 3502
Quarter : 34 Load : 1488
Quarter : 35 Load : 4676
Quarter : 36 Load : 3151
Quarter : 37 Load : 2144
Quarter : 38 Load : 1808
Quarter : 39 Load : 2821
Quarter : 40 Load : 1405
Quarter : 41 Load : 2319
Quarter : 42 Load : 1823
Quarter : 43 Load : 2560
Quarter : 44 Load : 1694
Quarter : 45 Load : 4726
Quarter : 46 Load : 5429
Quarter : 47 Load : 3546
Quarter : 48 Load : 1861
Quarter : 49 Load : 4462
Quarter : 50 Load : 2845
Quarter : 51 Load : 5165
Quarter : 52 Load : 3471
Quarter : 53 Load : 4871
Quarter : 54 Load : 4333
Quarter : 55 Load : 5686
Quarter : 56 Load : 4156
Quarter : 57 Load : 5586
Quarter : 58 Load : 3885
Quarter : 59 Load : 3448
Quarter : 60 Load : 1921
Quarter : 61 Load : 7302
Quarter : 62 Load : 6240
Quarter : 63 Load : 5993
Quarter : 64 Load : 4131
Quarter : 65 Load : 5092
Quarter : 66 Load : 4639
Quarter : 67 Load : 4758
Quarter : 68 Load : 5216
Quarter : 69 Load : 5273
Quarter : 70 Load : 2969
Quarter : 71 Load : 5666
Quarter : 72 Load : 3019
Quarter : 73 Load : 3378
Quarter : 74 Load : 2875
Quarter : 75 Load : 3359
Quarter : 76 Load : 2898
Quarter : 77 Load : 4748
Quarter : 78 Load : 1954
Quarter : 79 Load : 6530
Quarter : 80 Load : 2557
Quarter : 81 Load : 2280
Quarter : 82 Load : 1094
Quarter : 83 Load : 4544
Quarter : 84 Load : 5130
Quarter : 85 Load : 5474
Quarter : 86 Load : 1638
Quarter : 87 Load : 3609
Quarter : 88 Load : 1657
Quarter : 89 Load : 1768
Quarter : 90 Load : 1789
Quarter : 91 Load : 1935
Quarter : 92 Load : 378
Quarter : 93 Load : 1381
Quarter : 94 Load : 0
Quarter : 95 Load : 1381
Quarter : 96 Load : 0
Day 3
Quarter : 1 Load : 1381
Quarter : 2 Load : 0
Quarter : 3 Load : 1381
Quarter : 4 Load : 0
Quarter : 5 Load : 1381
Quarter : 6 Load : 0
Quarter : 7 Load : 1381
Quarter : 8 Load : 0
Quarter : 9 Load : 1381
Quarter : 10 Load : 0
Quarter : 11 Load : 1381
Quarter : 12 Load : 0
Quarter : 13 Load : 1381
Quarter : 14 Load : 0
Quarter : 15 Load : 1381
Quarter : 16 Load : 0
Quarter : 17 Load : 1381
Quarter : 18 Load : 604
Quarter : 19 Load : 1985
Quarter : 20 Load : 604
Quarter : 21 Load : 1985
Quarter : 22 Load : 604
Quarter : 23 Load : 1985
Quarter : 24 Load : 604
Quarter : 25 Load : 14054
Quarter : 26 Load : 9879
Quarter : 27 Load : 6556
Quarter : 28 Load : 5074
Quarter : 29 Load : 6168
Quarter : 30 Load : 3488
Quarter : 31 Load : 2484
Quarter : 32 Load : 2209
Quarter : 33 Load : 4490
Quarter : 34 Load : 3277
Quarter : 35 Load : 4961
Quarter : 36 Load : 5930
Quarter : 37 Load : 7170
Quarter : 38 Load : 5664
Quarter : 39 Load : 6437
Quarter : 40 Load : 4038
Quarter : 41 Load : 7795
Quarter : 42 Load : 3001
Quarter : 43 Load : 4609
Quarter : 44 Load : 2610
Quarter : 45 Load : 4136
Quarter : 46 Load : 3186
Quarter : 47 Load : 3066
Quarter : 48 Load : 2753
Quarter : 49 Load : 5217
Quarter : 50 Load : 1774
Quarter : 51 Load : 3233
Quarter : 52 Load : 3121
Quarter : 53 Load : 2924
Quarter : 54 Load : 1988
Quarter : 55 Load : 3051
Quarter : 56 Load : 3328
Quarter : 57 Load : 3458
Quarter : 58 Load : 2724
Quarter : 59 Load : 5345
Quarter : 60 Load : 2504
Quarter : 61 Load : 4702
Quarter : 62 Load : 2657
Quarter : 63 Load : 2760
Quarter : 64 Load : 1989
Quarter : 65 Load : 3933
Quarter : 66 Load : 2287
Quarter : 67 Load : 3999
Quarter : 68 Load : 6753
Quarter : 69 Load : 8030
Quarter : 70 Load : 3130
Quarter : 71 Load : 4220
Quarter : 72 Load : 4019
Quarter : 73 Load : 6452
Quarter : 74 Load : 1413
Quarter : 75 Load : 1966
Quarter : 76 Load : 1850
Quarter : 77 Load : 6293
Quarter : 78 Load : 4186
Quarter : 79 Load : 2375
Quarter : 80 Load : 2780
Quarter : 81 Load : 2557
Quarter : 82 Load : 1218
Quarter : 83 Load : 2905
Quarter : 84 Load : 3668
Quarter : 85 Load : 4532
Quarter : 86 Load : 1887
Quarter : 87 Load : 2349
Quarter : 88 Load : 1519
Quarter : 89 Load : 5324
Quarter : 90 Load : 4100
Quarter : 91 Load : 2870
Quarter : 92 Load : 499
Quarter : 93 Load : 1762
Quarter : 94 Load : 0
Quarter : 95 Load : 1381
Quarter : 96 Load : 0
Day 4
Quarter : 1 Load : 1381
Quarter : 2 Load : 0
Quarter : 3 Load : 1381
Quarter : 4 Load : 0
Quarter : 5 Load : 1381
Quarter : 6 Load : 0
Quarter : 7 Load : 1381
Quarter : 8 Load : 0
Quarter : 9 Load : 1381
Quarter : 10 Load : 0
Quarter : 11 Load : 1381
Quarter : 12 Load : 0
Quarter : 13 Load : 1381
Quarter : 14 Load : 0
Quarter : 15 Load : 1381
Quarter : 16 Load : 499
Quarter : 17 Load : 1880
Quarter : 18 Load : 499
Quarter : 19 Load : 1880
Quarter : 20 Load : 499
Quarter : 21 Load : 1880
Quarter : 22 Load : 499
Quarter : 23 Load : 1880
Quarter : 24 Load : 499
Quarter : 25 Load : 17908
Quarter : 26 Load : 15559
Quarter : 27 Load : 11057
Quarter : 28 Load : 7547
Quarter : 29 Load : 6164
Quarter : 30 Load : 4972
Quarter : 31 Load : 2920
Quarter : 32 Load : 1055
Quarter : 33 Load : 3303
Quarter : 34 Load : 1671
Quarter : 35 Load : 2277
Quarter : 36 Load : 953
Quarter : 37 Load : 3751
Quarter : 38 Load : 2953
Quarter : 39 Load : 3662
Quarter : 40 Load : 1052
Quarter : 41 Load : 3532
Quarter : 42 Load : 1049
Quarter : 43 Load : 2809
Quarter : 44 Load : 1119
Quarter : 45 Load : 3481
Quarter : 46 Load : 1088
Quarter : 47 Load : 2395
Quarter : 48 Load : 637
Quarter : 49 Load : 3700
Quarter : 50 Load : 2178
Quarter : 51 Load : 5181
Quarter : 52 Load : 454
Quarter : 53 Load : 2977
Quarter : 54 Load : 449
Quarter : 55 Load : 2871
Quarter : 56 Load : 913
Quarter : 57 Load : 3702
Quarter : 58 Load : 2422
Quarter : 59 Load : 3368
Quarter : 60 Load : 4315
Quarter : 61 Load : 3448
Quarter : 62 Load : 1684
Quarter : 63 Load : 3562
Quarter : 64 Load : 1460
Quarter : 65 Load : 4151
Quarter : 66 Load : 1968
Quarter : 67 Load : 4209
Quarter : 68 Load : 2916
Quarter : 69 Load : 3987
Quarter : 70 Load : 2987
Quarter : 71 Load : 4208
Quarter : 72 Load : 2429
Quarter : 73 Load : 4610
Quarter : 74 Load : 2335
Quarter : 75 Load : 3355
Quarter : 76 Load : 1424
Quarter : 77 Load : 3073
Quarter : 78 Load : 4598
Quarter : 79 Load : 4502
Quarter : 80 Load : 1245
Quarter : 81 Load : 2012
Quarter : 82 Load : 1950
Quarter : 83 Load : 3985
Quarter : 84 Load : 1637
Quarter : 85 Load : 2646
Quarter : 86 Load : 1778
Quarter : 87 Load : 4432
Quarter : 88 Load : 3041
Quarter : 89 Load : 4100
Quarter : 90 Load : 2842
Quarter : 91 Load : 2713
Quarter : 92 Load : 382
Quarter : 93 Load : 1759
Quarter : 94 Load : 374
Quarter : 95 Load : 1381
Quarter : 96 Load : 0
Day 5
Quarter : 1 Load : 1381
Quarter : 2 Load : 0
Quarter : 3 Load : 1381
Quarter : 4 Load : 0
Quarter : 5 Load : 1381
Quarter : 6 Load : 0
Quarter : 7 Load : 1381
Quarter : 8 Load : 0
Quarter : 9 Load : 1381
Quarter : 10 Load : 0
Quarter : 11 Load : 1381
Quarter : 12 Load : 0
Quarter : 13 Load : 1381
Quarter : 14 Load : 0
Quarter : 15 Load : 1381
Quarter : 16 Load : 0
Quarter : 17 Load : 1381
Quarter : 18 Load : 0
Quarter : 19 Load : 1381
Quarter : 20 Load : 0
Quarter : 21 Load : 1910
Quarter : 22 Load : 529
Quarter : 23 Load : 1910
Quarter : 24 Load : 877
Quarter : 25 Load : 19273
Quarter : 26 Load : 15107
Quarter : 27 Load : 8722
Quarter : 28 Load : 5544
Quarter : 29 Load : 5325
Quarter : 30 Load : 3168
Quarter : 31 Load : 3319
Quarter : 32 Load : 1389
Quarter : 33 Load : 2878
Quarter : 34 Load : 1650
Quarter : 35 Load : 3313
Quarter : 36 Load : 1716
Quarter : 37 Load : 3188
Quarter : 38 Load : 2023
Quarter : 39 Load : 1718
Quarter : 40 Load : 3507
Quarter : 41 Load : 4371
Quarter : 42 Load : 1646
Quarter : 43 Load : 2669
Quarter : 44 Load : 3396
Quarter : 45 Load : 4311
Quarter : 46 Load : 854
Quarter : 47 Load : 4601
Quarter : 48 Load : 4406
Quarter : 49 Load : 3192
Quarter : 50 Load : 1825
Quarter : 51 Load : 4065
Quarter : 52 Load : 2792
Quarter : 53 Load : 4775
Quarter : 54 Load : 2101
Quarter : 55 Load : 3781
Quarter : 56 Load : 3539
Quarter : 57 Load : 5518
Quarter : 58 Load : 2041
Quarter : 59 Load : 3063
Quarter : 60 Load : 2023
Quarter : 61 Load : 2710
Quarter : 62 Load : 1206
Quarter : 63 Load : 2562
Quarter : 64 Load : 1487
Quarter : 65 Load : 1738
Quarter : 66 Load : 530
Quarter : 67 Load : 2665
Quarter : 68 Load : 490
Quarter : 69 Load : 4201
Quarter : 70 Load : 1397
Quarter : 71 Load : 2978
Quarter : 72 Load : 3856
Quarter : 73 Load : 6129
Quarter : 74 Load : 1911
Quarter : 75 Load : 4333
Quarter : 76 Load : 3443
Quarter : 77 Load : 4804
Quarter : 78 Load : 2695
Quarter : 79 Load : 2265
Quarter : 80 Load : 2480
Quarter : 81 Load : 2621
Quarter : 82 Load : 2541
Quarter : 83 Load : 3008
Quarter : 84 Load : 1803
Quarter : 85 Load : 5574
Quarter : 86 Load : 8241
Quarter : 87 Load : 6479
Quarter : 88 Load : 1888
Quarter : 89 Load : 3231
Quarter : 90 Load : 1512
Quarter : 91 Load : 2278
Quarter : 92 Load : 431
Quarter : 93 Load : 1475
Quarter : 94 Load : 0
Quarter : 95 Load : 1381
Quarter : 96 Load : 0
Day 6
Quarter : 1 Load : 1381
Quarter : 2 Load : 0
Quarter : 3 Load : 1381
Quarter : 4 Load : 0
Quarter : 5 Load : 1381
Quarter : 6 Load : 0
Quarter : 7 Load : 1381
Quarter : 8 Load : 0
Quarter : 9 Load : 1381
Quarter : 10 Load : 0
Quarter : 11 Load : 1381
Quarter : 12 Load : 0
Quarter : 13 Load : 1381
Quarter : 14 Load : 0
Quarter : 15 Load : 1381
Quarter : 16 Load : 0
Quarter : 17 Load : 1381
Quarter : 18 Load : 0
Quarter : 19 Load : 1381
Quarter : 20 Load : 0
Quarter : 21 Load : 1880
Quarter : 22 Load : 499
Quarter : 23 Load : 1880
Quarter : 24 Load : 499
Quarter : 25 Load : 17012
Quarter : 26 Load : 14201
Quarter : 27 Load : 15271
Quarter : 28 Load : 10101
Quarter : 29 Load : 5651
Quarter : 30 Load : 3973
Quarter : 31 Load : 2251
Quarter : 32 Load : 987
Quarter : 33 Load : 2702
Quarter : 34 Load : 1278
Quarter : 35 Load : 3131
Quarter : 36 Load : 2198
Quarter : 37 Load : 2429
Quarter : 38 Load : 1563
Quarter : 39 Load : 6012
Quarter : 40 Load : 4064
Quarter : 41 Load : 3799
Quarter : 42 Load : 2788
Quarter : 43 Load : 2138
Quarter : 44 Load : 1640
Quarter : 45 Load : 2587
Quarter : 46 Load : 962
Quarter : 47 Load : 2292
Quarter : 48 Load : 968
Quarter : 49 Load : 5533
Quarter : 50 Load : 2524
Quarter : 51 Load : 3863
Quarter : 52 Load : 2288
Quarter : 53 Load : 2315
Quarter : 54 Load : 3090
Quarter : 55 Load : 3689
Quarter : 56 Load : 1832
Quarter : 57 Load : 2660
Quarter : 58 Load : 2971
Quarter : 59 Load : 3075
Quarter : 60 Load : 1712
Quarter : 61 Load : 3206
Quarter : 62 Load : 3259
Quarter : 63 Load : 4811
Quarter : 64 Load : 1077
Quarter : 65 Load : 2996
Quarter : 66 Load : 3021
Quarter : 67 Load : 5027
Quarter : 68 Load : 1716
Quarter : 69 Load : 4152
Quarter : 70 Load : 4138
Quarter : 71 Load : 5682
Quarter : 72 Load : 735
Quarter : 73 Load : 2904
Quarter : 74 Load : 750
Quarter : 75 Load : 1680
Quarter : 76 Load : 1918
Quarter : 77 Load : 2809
Quarter : 78 Load : 1703
Quarter : 79 Load : 1936
Quarter : 80 Load : 2114
Quarter : 81 Load : 2122
Quarter : 82 Load : 1283
Quarter : 83 Load : 2526
Quarter : 84 Load : 1600
Quarter : 85 Load : 2955
Quarter : 86 Load : 1381
Quarter : 87 Load : 2438
Quarter : 88 Load : 1979
Quarter : 89 Load : 3047
Quarter : 90 Load : 920
Quarter : 91 Load : 2540
Quarter : 92 Load : 374
Quarter : 93 Load : 1381
Quarter : 94 Load : 0
Quarter : 95 Load : 1381
Quarter : 96 Load : 0
Day 0
Hour : 1 Load : 2762
Hour : 2 Load : 2762
Hour : 3 Load : 2762
Hour : 4 Load : 2762
Hour : 5 Load : 4562
Hour : 6 Load : 5762
Hour : 7 Load : 48073
Hour : 8 Load : 15397
Hour : 9 Load : 6843
Hour : 10 Load : 15273
Hour : 11 Load : 18593
Hour : 12 Load : 14225
Hour : 13 Load : 10354
Hour : 14 Load : 12779
Hour : 15 Load : 16760
Hour : 16 Load : 10442
Hour : 17 Load : 10151
Hour : 18 Load : 12153
Hour : 19 Load : 14405
Hour : 20 Load : 11675
Hour : 21 Load : 11256
Hour : 22 Load : 18054
Hour : 23 Load : 7323
Hour : 24 Load : 2762
Day 1
Hour : 1 Load : 2762
Hour : 2 Load : 2762
Hour : 3 Load : 2762
Hour : 4 Load : 2762
Hour : 5 Load : 2762
Hour : 6 Load : 2762
Hour : 7 Load : 59370
Hour : 8 Load : 9989
Hour : 9 Load : 10467
Hour : 10 Load : 12097
Hour : 11 Load : 11186
Hour : 12 Load : 13034
Hour : 13 Load : 11721
Hour : 14 Load : 9399
Hour : 15 Load : 16503
Hour : 16 Load : 15728
Hour : 17 Load : 11214
Hour : 18 Load : 14057
Hour : 19 Load : 10644
Hour : 20 Load : 11008
Hour : 21 Load : 16005
Hour : 22 Load : 17431
Hour : 23 Load : 5063
Hour : 24 Load : 2762
Day 2
Hour : 1 Load : 2762
Hour : 2 Load : 2762
Hour : 3 Load : 2762
Hour : 4 Load : 2762
Hour : 5 Load : 2762
Hour : 6 Load : 2762
Hour : 7 Load : 42988
Hour : 8 Load : 12558
Hour : 9 Load : 12817
Hour : 10 Load : 8178
Hour : 11 Load : 8396
Hour : 12 Load : 15562
Hour : 13 Load : 15943
Hour : 14 Load : 19046
Hour : 15 Load : 14840
Hour : 16 Load : 23666
Hour : 17 Load : 19705
Hour : 18 Load : 16927
Hour : 19 Load : 12510
Hour : 20 Load : 15789
Hour : 21 Load : 13048
Hour : 22 Load : 12378
Hour : 23 Load : 5870
Hour : 24 Load : 2762
Day 3
Hour : 1 Load : 2762
Hour : 2 Load : 2762
Hour : 3 Load : 2762
Hour : 4 Load : 2762
Hour : 5 Load : 4574
Hour : 6 Load : 5178
Hour : 7 Load : 35563
Hour : 8 Load : 14349
Hour : 9 Load : 18658
Hour : 10 Load : 23309
Hour : 11 Load : 18015
Hour : 12 Load : 13141
Hour : 13 Load : 13345
Hour : 14 Load : 11291
Hour : 15 Load : 14031
Hour : 16 Load : 12108
Hour : 17 Load : 16972
Hour : 18 Load : 19399
Hour : 19 Load : 11681
Hour : 20 Load : 15634
Hour : 21 Load : 10348
Hour : 22 Load : 10287
Hour : 23 Load : 12793
Hour : 24 Load : 3143
Day 4
Hour : 1 Load : 2762
Hour : 2 Load : 2762
Hour : 3 Load : 2762
Hour : 4 Load : 3261
Hour : 5 Load : 4758
Hour : 6 Load : 4758
Hour : 7 Load : 52071
Hour : 8 Load : 15111
Hour : 9 Load : 8204
Hour : 10 Load : 11418
Hour : 11 Load : 8509
Hour : 12 Load : 7601
Hour : 13 Load : 11513
Hour : 14 Load : 7210
Hour : 15 Load : 13807
Hour : 16 Load : 10154
Hour : 17 Load : 13244
Hour : 18 Load : 13611
Hour : 19 Load : 11724
Hour : 20 Load : 13418
Hour : 21 Load : 9584
Hour : 22 Load : 11897
Hour : 23 Load : 10037
Hour : 24 Load : 3514
Day 5
Hour : 1 Load : 2762
Hour : 2 Load : 2762
Hour : 3 Load : 2762
Hour : 4 Load : 2762
Hour : 5 Load : 2762
Hour : 6 Load : 5226
Hour : 7 Load : 48646
Hour : 8 Load : 13201
Hour : 9 Load : 9557
Hour : 10 Load : 10436
Hour : 11 Load : 12082
Hour : 12 Load : 14172
Hour : 13 Load : 11874
Hour : 14 Load : 14196
Hour : 15 Load : 12645
Hour : 16 Load : 7965
Hour : 17 Load : 5423
Hour : 18 Load : 12432
Hour : 19 Load : 15816
Hour : 20 Load : 12244
Hour : 21 Load : 9973
Hour : 22 Load : 22182
Hour : 23 Load : 7452
Hour : 24 Load : 2856
Day 6
Hour : 1 Load : 2762
Hour : 2 Load : 2762
Hour : 3 Load : 2762
Hour : 4 Load : 2762
Hour : 5 Load : 2762
Hour : 6 Load : 4758
Hour : 7 Load : 56585
Hour : 8 Load : 12862
Hour : 9 Load : 9309
Hour : 10 Load : 14068
Hour : 11 Load : 10365
Hour : 12 Load : 6809
Hour : 13 Load : 14208
Hour : 14 Load : 10926
Hour : 15 Load : 10418
Hour : 16 Load : 12353
Hour : 17 Load : 12760
Hour : 18 Load : 14707
Hour : 19 Load : 7252
Hour : 20 Load : 8562
Hour : 21 Load : 7531
Hour : 22 Load : 8753
Hour : 23 Load : 6881
Hour : 24 Load : 2762
End of initialization

[org.powertac.common.Tariff : 1eaa8614-ae21-4fbb-8da6-9ddece12a5df, org.powertac.common.Tariff : 2d19677b-4627-460f-b5e6-230fb021f55d, org.powertac.common.Tariff : 6698d0ec-3c45-4d98-af85-f7ada17007f9, org.powertac.common.Tariff : ecff666d-dba5-44d9-96c1-6eb5d6056c67]
Index of Default Tariff:2
0
[org.powertac.common.Tariff : 1eaa8614-ae21-4fbb-8da6-9ddece12a5df, org.powertac.common.Tariff : 2d19677b-4627-460f-b5e6-230fb021f55d, org.powertac.common.Tariff : 6698d0ec-3c45-4d98-af85-f7ada17007f9, org.powertac.common.Tariff : ecff666d-dba5-44d9-96c1-6eb5d6056c67]
Index of Default Tariff:2
2
0
--Output from testRevokingSubscriptions--
Initializing House 0
Initializing House 1
Initializing House 2
Initializing House 3
Initializing House 4
Initializing House 5
Initializing House 6
Initializing House 7
Initializing House 8
Initializing House 9
Day 0
Quarter : 1 Load : 1535
Quarter : 2 Load : 0
Quarter : 3 Load : 1535
Quarter : 4 Load : 0
Quarter : 5 Load : 1535
Quarter : 6 Load : 0
Quarter : 7 Load : 1535
Quarter : 8 Load : 0
Quarter : 9 Load : 1535
Quarter : 10 Load : 0
Quarter : 11 Load : 1535
Quarter : 12 Load : 0
Quarter : 13 Load : 1535
Quarter : 14 Load : 0
Quarter : 15 Load : 1535
Quarter : 16 Load : 0
Quarter : 17 Load : 1535
Quarter : 18 Load : 0
Quarter : 19 Load : 1535
Quarter : 20 Load : 0
Quarter : 21 Load : 1535
Quarter : 22 Load : 0
Quarter : 23 Load : 1535
Quarter : 24 Load : 0
Quarter : 25 Load : 15988
Quarter : 26 Load : 15633
Quarter : 27 Load : 8305
Quarter : 28 Load : 3957
Quarter : 29 Load : 3061
Quarter : 30 Load : 920
Quarter : 31 Load : 2678
Quarter : 32 Load : 4022
Quarter : 33 Load : 6716
Quarter : 34 Load : 2379
Quarter : 35 Load : 3786
Quarter : 36 Load : 4075
Quarter : 37 Load : 6155
Quarter : 38 Load : 2787
Quarter : 39 Load : 4466
Quarter : 40 Load : 2085
Quarter : 41 Load : 1859
Quarter : 42 Load : 2308
Quarter : 43 Load : 2780
Quarter : 44 Load : 515
Quarter : 45 Load : 2658
Quarter : 46 Load : 3456
Quarter : 47 Load : 5226
Quarter : 48 Load : 4558
Quarter : 49 Load : 7319
Quarter : 50 Load : 3435
Quarter : 51 Load : 2906
Quarter : 52 Load : 619
Quarter : 53 Load : 2635
Quarter : 54 Load : 3837
Quarter : 55 Load : 7779
Quarter : 56 Load : 3818
Quarter : 57 Load : 2480
Quarter : 58 Load : 2222
Quarter : 59 Load : 4054
Quarter : 60 Load : 1199
Quarter : 61 Load : 2722
Quarter : 62 Load : 1212
Quarter : 63 Load : 3495
Quarter : 64 Load : 1488
Quarter : 65 Load : 2645
Quarter : 66 Load : 1155
Quarter : 67 Load : 2730
Quarter : 68 Load : 1880
Quarter : 69 Load : 2778
Quarter : 70 Load : 1196
Quarter : 71 Load : 3544
Quarter : 72 Load : 743
Quarter : 73 Load : 4193
Quarter : 74 Load : 3583
Quarter : 75 Load : 4235
Quarter : 76 Load : 3571
Quarter : 77 Load : 5716
Quarter : 78 Load : 3934
Quarter : 79 Load : 3684
Quarter : 80 Load : 3000
Quarter : 81 Load : 4503
Quarter : 82 Load : 2977
Quarter : 83 Load : 4628
Quarter : 84 Load : 3735
Quarter : 85 Load : 6360
Quarter : 86 Load : 2532
Quarter : 87 Load : 3293
Quarter : 88 Load : 1226
Quarter : 89 Load : 4394
Quarter : 90 Load : 1789
Quarter : 91 Load : 2418
Quarter : 92 Load : 0
Quarter : 93 Load : 1535
Quarter : 94 Load : 0
Quarter : 95 Load : 1535
Quarter : 96 Load : 0
Day 1
Quarter : 1 Load : 1535
Quarter : 2 Load : 0
Quarter : 3 Load : 1535
Quarter : 4 Load : 0
Quarter : 5 Load : 1535
Quarter : 6 Load : 0
Quarter : 7 Load : 1535
Quarter : 8 Load : 0
Quarter : 9 Load : 1535
Quarter : 10 Load : 0
Quarter : 11 Load : 1535
Quarter : 12 Load : 0
Quarter : 13 Load : 1535
Quarter : 14 Load : 0
Quarter : 15 Load : 1535
Quarter : 16 Load : 0
Quarter : 17 Load : 1535
Quarter : 18 Load : 614
Quarter : 19 Load : 2149
Quarter : 20 Load : 614
Quarter : 21 Load : 2149
Quarter : 22 Load : 614
Quarter : 23 Load : 2149
Quarter : 24 Load : 614
Quarter : 25 Load : 18993
Quarter : 26 Load : 15182
Quarter : 27 Load : 7561
Quarter : 28 Load : 4606
Quarter : 29 Load : 2828
Quarter : 30 Load : 2349
Quarter : 31 Load : 5743
Quarter : 32 Load : 4746
Quarter : 33 Load : 3551
Quarter : 34 Load : 3178
Quarter : 35 Load : 4464
Quarter : 36 Load : 5530
Quarter : 37 Load : 6083
Quarter : 38 Load : 2651
Quarter : 39 Load : 4767
Quarter : 40 Load : 2017
Quarter : 41 Load : 3567
Quarter : 42 Load : 1476
Quarter : 43 Load : 2958
Quarter : 44 Load : 1296
Quarter : 45 Load : 5408
Quarter : 46 Load : 3478
Quarter : 47 Load : 2881
Quarter : 48 Load : 1618
Quarter : 49 Load : 4788
Quarter : 50 Load : 4219
Quarter : 51 Load : 5011
Quarter : 52 Load : 3526
Quarter : 53 Load : 3811
Quarter : 54 Load : 4888
Quarter : 55 Load : 6886
Quarter : 56 Load : 2392
Quarter : 57 Load : 3808
Quarter : 58 Load : 1879
Quarter : 59 Load : 3923
Quarter : 60 Load : 764
Quarter : 61 Load : 8500
Quarter : 62 Load : 5645
Quarter : 63 Load : 5774
Quarter : 64 Load : 5112
Quarter : 65 Load : 6372
Quarter : 66 Load : 3545
Quarter : 67 Load : 4533
Quarter : 68 Load : 2598
Quarter : 69 Load : 4078
Quarter : 70 Load : 4508
Quarter : 71 Load : 5291
Quarter : 72 Load : 1714
Quarter : 73 Load : 3718
Quarter : 74 Load : 3020
Quarter : 75 Load : 3655
Quarter : 76 Load : 2393
Quarter : 77 Load : 3792
Quarter : 78 Load : 2563
Quarter : 79 Load : 3544
Quarter : 80 Load : 1220
Quarter : 81 Load : 3539
Quarter : 82 Load : 1827
Quarter : 83 Load : 3813
Quarter : 84 Load : 1187
Quarter : 85 Load : 5067
Quarter : 86 Load : 4605
Quarter : 87 Load : 5445
Quarter : 88 Load : 2245
Quarter : 89 Load : 3177
Quarter : 90 Load : 1132
Quarter : 91 Load : 1653
Quarter : 92 Load : 118
Quarter : 93 Load : 1535
Quarter : 94 Load : 0
Quarter : 95 Load : 1535
Quarter : 96 Load : 0
Day 2
Quarter : 1 Load : 1535
Quarter : 2 Load : 0
Quarter : 3 Load : 1535
Quarter : 4 Load : 0
Quarter : 5 Load : 1535
Quarter : 6 Load : 0
Quarter : 7 Load : 1535
Quarter : 8 Load : 0
Quarter : 9 Load : 1535
Quarter : 10 Load : 0
Quarter : 11 Load : 1535
Quarter : 12 Load : 0
Quarter : 13 Load : 1535
Quarter : 14 Load : 0
Quarter : 15 Load : 1535
Quarter : 16 Load : 512
Quarter : 17 Load : 2047
Quarter : 18 Load : 2528
Quarter : 19 Load : 4063
Quarter : 20 Load : 2528
Quarter : 21 Load : 4063
Quarter : 22 Load : 2528
Quarter : 23 Load : 4063
Quarter : 24 Load : 2528
Quarter : 25 Load : 21777
Quarter : 26 Load : 17819
Quarter : 27 Load : 7524
Quarter : 28 Load : 4820
Quarter : 29 Load : 4954
Quarter : 30 Load : 2729
Quarter : 31 Load : 4158
Quarter : 32 Load : 2828
Quarter : 33 Load : 2662
Quarter : 34 Load : 1589
Quarter : 35 Load : 3798
Quarter : 36 Load : 2936
Quarter : 37 Load : 3812
Quarter : 38 Load : 1456
Quarter : 39 Load : 2505
Quarter : 40 Load : 1865
Quarter : 41 Load : 3649
Quarter : 42 Load : 437
Quarter : 43 Load : 4301
Quarter : 44 Load : 2320
Quarter : 45 Load : 5188
Quarter : 46 Load : 4083
Quarter : 47 Load : 6330
Quarter : 48 Load : 3143
Quarter : 49 Load : 4241
Quarter : 50 Load : 2452
Quarter : 51 Load : 4009
Quarter : 52 Load : 2138
Quarter : 53 Load : 4306
Quarter : 54 Load : 2082
Quarter : 55 Load : 2959
Quarter : 56 Load : 1928
Quarter : 57 Load : 4516
Quarter : 58 Load : 3038
Quarter : 59 Load : 1905
Quarter : 60 Load : 1268
Quarter : 61 Load : 3185
Quarter : 62 Load : 3655
Quarter : 63 Load : 3019
Quarter : 64 Load : 1184
Quarter : 65 Load : 4925
Quarter : 66 Load : 4638
Quarter : 67 Load : 5863
Quarter : 68 Load : 999
Quarter : 69 Load : 6572
Quarter : 70 Load : 7324
Quarter : 71 Load : 7845
Quarter : 72 Load : 2890
Quarter : 73 Load : 4155
Quarter : 74 Load : 1753
Quarter : 75 Load : 3268
Quarter : 76 Load : 1769
Quarter : 77 Load : 3238
Quarter : 78 Load : 3151
Quarter : 79 Load : 4804
Quarter : 80 Load : 1973
Quarter : 81 Load : 2878
Quarter : 82 Load : 1866
Quarter : 83 Load : 3314
Quarter : 84 Load : 1259
Quarter : 85 Load : 2106
Quarter : 86 Load : 305
Quarter : 87 Load : 2559
Quarter : 88 Load : 3164
Quarter : 89 Load : 4312
Quarter : 90 Load : 748
Quarter : 91 Load : 1857
Quarter : 92 Load : 0
Quarter : 93 Load : 1870
Quarter : 94 Load : 409
Quarter : 95 Load : 1535
Quarter : 96 Load : 0
Day 3
Quarter : 1 Load : 1535
Quarter : 2 Load : 0
Quarter : 3 Load : 1535
Quarter : 4 Load : 0
Quarter : 5 Load : 1535
Quarter : 6 Load : 0
Quarter : 7 Load : 1535
Quarter : 8 Load : 0
Quarter : 9 Load : 1535
Quarter : 10 Load : 0
Quarter : 11 Load : 1535
Quarter : 12 Load : 0
Quarter : 13 Load : 1535
Quarter : 14 Load : 0
Quarter : 15 Load : 1535
Quarter : 16 Load : 558
Quarter : 17 Load : 2093
Quarter : 18 Load : 558
Quarter : 19 Load : 2093
Quarter : 20 Load : 558
Quarter : 21 Load : 2093
Quarter : 22 Load : 558
Quarter : 23 Load : 2093
Quarter : 24 Load : 558
Quarter : 25 Load : 18330
Quarter : 26 Load : 15143
Quarter : 27 Load : 10218
Quarter : 28 Load : 6633
Quarter : 29 Load : 5390
Quarter : 30 Load : 3092
Quarter : 31 Load : 3994
Quarter : 32 Load : 1758
Quarter : 33 Load : 2284
Quarter : 34 Load : 2324
Quarter : 35 Load : 5489
Quarter : 36 Load : 738
Quarter : 37 Load : 2205
Quarter : 38 Load : 1811
Quarter : 39 Load : 4575
Quarter : 40 Load : 2393
Quarter : 41 Load : 5485
Quarter : 42 Load : 1014
Quarter : 43 Load : 3346
Quarter : 44 Load : 1577
Quarter : 45 Load : 2665
Quarter : 46 Load : 873
Quarter : 47 Load : 2614
Quarter : 48 Load : 1442
Quarter : 49 Load : 4389
Quarter : 50 Load : 3871
Quarter : 51 Load : 1694
Quarter : 52 Load : 1470
Quarter : 53 Load : 2347
Quarter : 54 Load : 746
Quarter : 55 Load : 2913
Quarter : 56 Load : 1176
Quarter : 57 Load : 3230
Quarter : 58 Load : 1283
Quarter : 59 Load : 3867
Quarter : 60 Load : 1187
Quarter : 61 Load : 2852
Quarter : 62 Load : 500
Quarter : 63 Load : 3460
Quarter : 64 Load : 852
Quarter : 65 Load : 3164
Quarter : 66 Load : 2920
Quarter : 67 Load : 4786
Quarter : 68 Load : 2182
Quarter : 69 Load : 6748
Quarter : 70 Load : 4131
Quarter : 71 Load : 3888
Quarter : 72 Load : 3411
Quarter : 73 Load : 3046
Quarter : 74 Load : 2096
Quarter : 75 Load : 4274
Quarter : 76 Load : 4708
Quarter : 77 Load : 4956
Quarter : 78 Load : 2915
Quarter : 79 Load : 4413
Quarter : 80 Load : 7699
Quarter : 81 Load : 8942
Quarter : 82 Load : 2734
Quarter : 83 Load : 6773
Quarter : 84 Load : 4659
Quarter : 85 Load : 3735
Quarter : 86 Load : 1300
Quarter : 87 Load : 3984
Quarter : 88 Load : 1633
Quarter : 89 Load : 5689
Quarter : 90 Load : 5466
Quarter : 91 Load : 3671
Quarter : 92 Load : 516
Quarter : 93 Load : 1535
Quarter : 94 Load : 0
Quarter : 95 Load : 1535
Quarter : 96 Load : 0
Day 4
Quarter : 1 Load : 1535
Quarter : 2 Load : 0
Quarter : 3 Load : 1535
Quarter : 4 Load : 0
Quarter : 5 Load : 1535
Quarter : 6 Load : 0
Quarter : 7 Load : 1535
Quarter : 8 Load : 0
Quarter : 9 Load : 1535
Quarter : 10 Load : 0
Quarter : 11 Load : 1535
Quarter : 12 Load : 0
Quarter : 13 Load : 1535
Quarter : 14 Load : 0
Quarter : 15 Load : 1535
Quarter : 16 Load : 512
Quarter : 17 Load : 2047
Quarter : 18 Load : 512
Quarter : 19 Load : 2047
Quarter : 20 Load : 512
Quarter : 21 Load : 2047
Quarter : 22 Load : 512
Quarter : 23 Load : 2047
Quarter : 24 Load : 512
Quarter : 25 Load : 16625
Quarter : 26 Load : 12695
Quarter : 27 Load : 10948
Quarter : 28 Load : 7891
Quarter : 29 Load : 6415
Quarter : 30 Load : 3666
Quarter : 31 Load : 4358
Quarter : 32 Load : 2105
Quarter : 33 Load : 4972
Quarter : 34 Load : 3159
Quarter : 35 Load : 6124
Quarter : 36 Load : 2913
Quarter : 37 Load : 4922
Quarter : 38 Load : 4281
Quarter : 39 Load : 2732
Quarter : 40 Load : 1628
Quarter : 41 Load : 2624
Quarter : 42 Load : 1456
Quarter : 43 Load : 2334
Quarter : 44 Load : 3487
Quarter : 45 Load : 4008
Quarter : 46 Load : 2522
Quarter : 47 Load : 4349
Quarter : 48 Load : 3222
Quarter : 49 Load : 3405
Quarter : 50 Load : 1195
Quarter : 51 Load : 2958
Quarter : 52 Load : 2395
Quarter : 53 Load : 2534
Quarter : 54 Load : 1769
Quarter : 55 Load : 3687
Quarter : 56 Load : 3593
Quarter : 57 Load : 5261
Quarter : 58 Load : 3078
Quarter : 59 Load : 2782
Quarter : 60 Load : 1992
Quarter : 61 Load : 4298
Quarter : 62 Load : 2775
Quarter : 63 Load : 3479
Quarter : 64 Load : 1572
Quarter : 65 Load : 6179
Quarter : 66 Load : 4563
Quarter : 67 Load : 2908
Quarter : 68 Load : 855
Quarter : 69 Load : 2604
Quarter : 70 Load : 1345
Quarter : 71 Load : 3599
Quarter : 72 Load : 870
Quarter : 73 Load : 2333
Quarter : 74 Load : 821
Quarter : 75 Load : 5500
Quarter : 76 Load : 3028
Quarter : 77 Load : 3825
Quarter : 78 Load : 1563
Quarter : 79 Load : 2593
Quarter : 80 Load : 2476
Quarter : 81 Load : 2819
Quarter : 82 Load : 986
Quarter : 83 Load : 7504
Quarter : 84 Load : 5883
Quarter : 85 Load : 4383
Quarter : 86 Load : 5158
Quarter : 87 Load : 2381
Quarter : 88 Load : 745
Quarter : 89 Load : 3784
Quarter : 90 Load : 1882
Quarter : 91 Load : 1535
Quarter : 92 Load : 0
Quarter : 93 Load : 1870
Quarter : 94 Load : 0
Quarter : 95 Load : 1535
Quarter : 96 Load : 0
Day 5
Quarter : 1 Load : 1535
Quarter : 2 Load : 0
Quarter : 3 Load : 1535
Quarter : 4 Load : 0
Quarter : 5 Load : 1535
Quarter : 6 Load : 0
Quarter : 7 Load : 1535
Quarter : 8 Load : 0
Quarter : 9 Load : 1535
Quarter : 10 Load : 0
Quarter : 11 Load : 1535
Quarter : 12 Load : 0
Quarter : 13 Load : 1535
Quarter : 14 Load : 0
Quarter : 15 Load : 1535
Quarter : 16 Load : 0
Quarter : 17 Load : 1535
Quarter : 18 Load : 0
Quarter : 19 Load : 1535
Quarter : 20 Load : 0
Quarter : 21 Load : 1535
Quarter : 22 Load : 0
Quarter : 23 Load : 1535
Quarter : 24 Load : 0
Quarter : 25 Load : 19932
Quarter : 26 Load : 16202
Quarter : 27 Load : 9418
Quarter : 28 Load : 5543
Quarter : 29 Load : 3766
Quarter : 30 Load : 1149
Quarter : 31 Load : 5745
Quarter : 32 Load : 3869
Quarter : 33 Load : 4398
Quarter : 34 Load : 1348
Quarter : 35 Load : 2832
Quarter : 36 Load : 4249
Quarter : 37 Load : 6630
Quarter : 38 Load : 4691
Quarter : 39 Load : 5237
Quarter : 40 Load : 4008
Quarter : 41 Load : 2894
Quarter : 42 Load : 1230
Quarter : 43 Load : 4873
Quarter : 44 Load : 3566
Quarter : 45 Load : 2451
Quarter : 46 Load : 1328
Quarter : 47 Load : 3103
Quarter : 48 Load : 1128
Quarter : 49 Load : 3420
Quarter : 50 Load : 1221
Quarter : 51 Load : 2964
Quarter : 52 Load : 1216
Quarter : 53 Load : 1954
Quarter : 54 Load : 1678
Quarter : 55 Load : 3267
Quarter : 56 Load : 1840
Quarter : 57 Load : 3983
Quarter : 58 Load : 4845
Quarter : 59 Load : 5068
Quarter : 60 Load : 3610
Quarter : 61 Load : 5362
Quarter : 62 Load : 2380
Quarter : 63 Load : 4884
Quarter : 64 Load : 4053
Quarter : 65 Load : 5206
Quarter : 66 Load : 3696
Quarter : 67 Load : 9312
Quarter : 68 Load : 8308
Quarter : 69 Load : 5298
Quarter : 70 Load : 1990
Quarter : 71 Load : 2544
Quarter : 72 Load : 1152
Quarter : 73 Load : 6694
Quarter : 74 Load : 4396
Quarter : 75 Load : 4267
Quarter : 76 Load : 908
Quarter : 77 Load : 6847
Quarter : 78 Load : 6524
Quarter : 79 Load : 2485
Quarter : 80 Load : 2384
Quarter : 81 Load : 2967
Quarter : 82 Load : 1260
Quarter : 83 Load : 3905
Quarter : 84 Load : 3079
Quarter : 85 Load : 4879
Quarter : 86 Load : 756
Quarter : 87 Load : 4033
Quarter : 88 Load : 1915
Quarter : 89 Load : 2248
Quarter : 90 Load : 1576
Quarter : 91 Load : 2151
Quarter : 92 Load : 406
Quarter : 93 Load : 1639
Quarter : 94 Load : 0
Quarter : 95 Load : 1535
Quarter : 96 Load : 0
Day 6
Quarter : 1 Load : 1535
Quarter : 2 Load : 0
Quarter : 3 Load : 1535
Quarter : 4 Load : 0
Quarter : 5 Load : 1535
Quarter : 6 Load : 0
Quarter : 7 Load : 1535
Quarter : 8 Load : 0
Quarter : 9 Load : 1535
Quarter : 10 Load : 0
Quarter : 11 Load : 1535
Quarter : 12 Load : 0
Quarter : 13 Load : 1535
Quarter : 14 Load : 0
Quarter : 15 Load : 1535
Quarter : 16 Load : 0
Quarter : 17 Load : 1535
Quarter : 18 Load : 0
Quarter : 19 Load : 1535
Quarter : 20 Load : 0
Quarter : 21 Load : 1535
Quarter : 22 Load : 0
Quarter : 23 Load : 1535
Quarter : 24 Load : 0
Quarter : 25 Load : 24836
Quarter : 26 Load : 20363
Quarter : 27 Load : 13173
Quarter : 28 Load : 10036
Quarter : 29 Load : 3702
Quarter : 30 Load : 3952
Quarter : 31 Load : 4801
Quarter : 32 Load : 3624
Quarter : 33 Load : 3756
Quarter : 34 Load : 2143
Quarter : 35 Load : 4279
Quarter : 36 Load : 2082
Quarter : 37 Load : 3778
Quarter : 38 Load : 1990
Quarter : 39 Load : 5319
Quarter : 40 Load : 4355
Quarter : 41 Load : 4673
Quarter : 42 Load : 1923
Quarter : 43 Load : 3570
Quarter : 44 Load : 1634
Quarter : 45 Load : 3215
Quarter : 46 Load : 1246
Quarter : 47 Load : 3037
Quarter : 48 Load : 1132
Quarter : 49 Load : 2807
Quarter : 50 Load : 1705
Quarter : 51 Load : 3152
Quarter : 52 Load : 1086
Quarter : 53 Load : 4750
Quarter : 54 Load : 2035
Quarter : 55 Load : 3211
Quarter : 56 Load : 357
Quarter : 57 Load : 3532
Quarter : 58 Load : 1005
Quarter : 59 Load : 2223
Quarter : 60 Load : 843
Quarter : 61 Load : 3158
Quarter : 62 Load : 1544
Quarter : 63 Load : 2702
Quarter : 64 Load : 2456
Quarter : 65 Load : 3493
Quarter : 66 Load : 1300
Quarter : 67 Load : 2550
Quarter : 68 Load : 1286
Quarter : 69 Load : 2470
Quarter : 70 Load : 2122
Quarter : 71 Load : 3616
Quarter : 72 Load : 975
Quarter : 73 Load : 2645
Quarter : 74 Load : 686
Quarter : 75 Load : 2457
Quarter : 76 Load : 987
Quarter : 77 Load : 4676
Quarter : 78 Load : 2843
Quarter : 79 Load : 6614
Quarter : 80 Load : 4422
Quarter : 81 Load : 3899
Quarter : 82 Load : 2195
Quarter : 83 Load : 2660
Quarter : 84 Load : 1657
Quarter : 85 Load : 3262
Quarter : 86 Load : 1943
Quarter : 87 Load : 2345
Quarter : 88 Load : 3216
Quarter : 89 Load : 5504
Quarter : 90 Load : 1694
Quarter : 91 Load : 1653
Quarter : 92 Load : 339
Quarter : 93 Load : 1535
Quarter : 94 Load : 0
Quarter : 95 Load : 1535
Quarter : 96 Load : 0
Day 0
Hour : 1 Load : 3070
Hour : 2 Load : 3070
Hour : 3 Load : 3070
Hour : 4 Load : 3070
Hour : 5 Load : 3070
Hour : 6 Load : 3070
Hour : 7 Load : 43883
Hour : 8 Load : 10681
Hour : 9 Load : 16956
Hour : 10 Load : 15493
Hour : 11 Load : 7462
Hour : 12 Load : 15898
Hour : 13 Load : 14279
Hour : 14 Load : 18069
Hour : 15 Load : 9955
Hour : 16 Load : 8917
Hour : 17 Load : 8410
Hour : 18 Load : 8261
Hour : 19 Load : 15582
Hour : 20 Load : 16334
Hour : 21 Load : 15843
Hour : 22 Load : 13411
Hour : 23 Load : 8601
Hour : 24 Load : 3070
Day 1
Hour : 1 Load : 3070
Hour : 2 Load : 3070
Hour : 3 Load : 3070
Hour : 4 Load : 3070
Hour : 5 Load : 4912
Hour : 6 Load : 5526
Hour : 7 Load : 46342
Hour : 8 Load : 15666
Hour : 9 Load : 16723
Hour : 10 Load : 15518
Hour : 11 Load : 9297
Hour : 12 Load : 13385
Hour : 13 Load : 17544
Hour : 14 Load : 17977
Hour : 15 Load : 10374
Hour : 16 Load : 25031
Hour : 17 Load : 17048
Hour : 18 Load : 15591
Hour : 19 Load : 12786
Hour : 20 Load : 11119
Hour : 21 Load : 10366
Hour : 22 Load : 17362
Hour : 23 Load : 6080
Hour : 24 Load : 3070
Day 2
Hour : 1 Load : 3070
Hour : 2 Load : 3070
Hour : 3 Load : 3070
Hour : 4 Load : 3582
Hour : 5 Load : 11166
Hour : 6 Load : 13182
Hour : 7 Load : 51940
Hour : 8 Load : 14669
Hour : 9 Load : 10985
Hour : 10 Load : 9638
Hour : 11 Load : 10707
Hour : 12 Load : 18744
Hour : 13 Load : 12840
Hour : 14 Load : 11275
Hour : 15 Load : 10727
Hour : 16 Load : 11043
Hour : 17 Load : 16425
Hour : 18 Load : 24631
Hour : 19 Load : 10945
Hour : 20 Load : 13166
Hour : 21 Load : 9317
Hour : 22 Load : 8134
Hour : 23 Load : 6917
Hour : 24 Load : 3814
Day 3
Hour : 1 Load : 3070
Hour : 2 Load : 3070
Hour : 3 Load : 3070
Hour : 4 Load : 3628
Hour : 5 Load : 5302
Hour : 6 Load : 5302
Hour : 7 Load : 50324
Hour : 8 Load : 14234
Hour : 9 Load : 10835
Hour : 10 Load : 10984
Hour : 11 Load : 11422
Hour : 12 Load : 7594
Hour : 13 Load : 11424
Hour : 14 Load : 7182
Hour : 15 Load : 9567
Hour : 16 Load : 7664
Hour : 17 Load : 13052
Hour : 18 Load : 18178
Hour : 19 Load : 14124
Hour : 20 Load : 19983
Hour : 21 Load : 23108
Hour : 22 Load : 10652
Hour : 23 Load : 15342
Hour : 24 Load : 3070
Day 4
Hour : 1 Load : 3070
Hour : 2 Load : 3070
Hour : 3 Load : 3070
Hour : 4 Load : 3582
Hour : 5 Load : 5118
Hour : 6 Load : 5118
Hour : 7 Load : 48159
Hour : 8 Load : 16544
Hour : 9 Load : 17168
Hour : 10 Load : 13563
Hour : 11 Load : 9901
Hour : 12 Load : 14101
Hour : 13 Load : 9953
Hour : 14 Load : 11583
Hour : 15 Load : 13113
Hour : 16 Load : 12124
Hour : 17 Load : 14505
Hour : 18 Load : 8418
Hour : 19 Load : 11682
Hour : 20 Load : 10457
Hour : 21 Load : 17192
Hour : 22 Load : 12667
Hour : 23 Load : 7201
Hour : 24 Load : 3405
Day 5
Hour : 1 Load : 3070
Hour : 2 Load : 3070
Hour : 3 Load : 3070
Hour : 4 Load : 3070
Hour : 5 Load : 3070
Hour : 6 Load : 3070
Hour : 7 Load : 51095
Hour : 8 Load : 14529
Hour : 9 Load : 12827
Hour : 10 Load : 20566
Hour : 11 Load : 12563
Hour : 12 Load : 8010
Hour : 13 Load : 8821
Hour : 14 Load : 8739
Hour : 15 Load : 17506
Hour : 16 Load : 16679
Hour : 17 Load : 26522
Hour : 18 Load : 10984
Hour : 19 Load : 16265
Hour : 20 Load : 18240
Hour : 21 Load : 11211
Hour : 22 Load : 11583
Hour : 23 Load : 6381
Hour : 24 Load : 3174
Day 6
Hour : 1 Load : 3070
Hour : 2 Load : 3070
Hour : 3 Load : 3070
Hour : 4 Load : 3070
Hour : 5 Load : 3070
Hour : 6 Load : 3070
Hour : 7 Load : 68408
Hour : 8 Load : 16079
Hour : 9 Load : 12260
Hour : 10 Load : 15442
Hour : 11 Load : 11800
Hour : 12 Load : 8630
Hour : 13 Load : 8750
Hour : 14 Load : 10353
Hour : 15 Load : 7603
Hour : 16 Load : 9860
Hour : 17 Load : 8629
Hour : 18 Load : 9183
Hour : 19 Load : 6775
Hour : 20 Load : 18555
Hour : 21 Load : 10411
Hour : 22 Load : 10766
Hour : 23 Load : 9190
Hour : 24 Load : 3070
Initializing House 0
Initializing House 1
Initializing House 2
Initializing House 3
Initializing House 4
Initializing House 5
Initializing House 6
Initializing House 7
Initializing House 8
Initializing House 9
Day 0
Quarter : 1 Load : 1335
Quarter : 2 Load : 0
Quarter : 3 Load : 1335
Quarter : 4 Load : 0
Quarter : 5 Load : 1335
Quarter : 6 Load : 0
Quarter : 7 Load : 1335
Quarter : 8 Load : 0
Quarter : 9 Load : 1335
Quarter : 10 Load : 0
Quarter : 11 Load : 1335
Quarter : 12 Load : 0
Quarter : 13 Load : 1335
Quarter : 14 Load : 0
Quarter : 15 Load : 1335
Quarter : 16 Load : 0
Quarter : 17 Load : 1335
Quarter : 18 Load : 0
Quarter : 19 Load : 1335
Quarter : 20 Load : 0
Quarter : 21 Load : 1335
Quarter : 22 Load : 0
Quarter : 23 Load : 1335
Quarter : 24 Load : 0
Quarter : 25 Load : 53431
Quarter : 26 Load : 11481
Quarter : 27 Load : 8994
Quarter : 28 Load : 5660
Quarter : 29 Load : 3831
Quarter : 30 Load : 853
Quarter : 31 Load : 3434
Quarter : 32 Load : 2622
Quarter : 33 Load : 2778
Quarter : 34 Load : 1881
Quarter : 35 Load : 3777
Quarter : 36 Load : 1594
Quarter : 37 Load : 2353
Quarter : 38 Load : 2004
Quarter : 39 Load : 6210
Quarter : 40 Load : 4609
Quarter : 41 Load : 6196
Quarter : 42 Load : 4962
Quarter : 43 Load : 18261
Quarter : 44 Load : 5170
Quarter : 45 Load : 6043
Quarter : 46 Load : 4178
Quarter : 47 Load : 1954
Quarter : 48 Load : 1370
Quarter : 49 Load : 2080
Quarter : 50 Load : 1258
Quarter : 51 Load : 2542
Quarter : 52 Load : 2359
Quarter : 53 Load : 6719
Quarter : 54 Load : 4744
Quarter : 55 Load : 2004
Quarter : 56 Load : 2562
Quarter : 57 Load : 5876
Quarter : 58 Load : 2482
Quarter : 59 Load : 3312
Quarter : 60 Load : 4182
Quarter : 61 Load : 3594
Quarter : 62 Load : 4158
Quarter : 63 Load : 3582
Quarter : 64 Load : 3227
Quarter : 65 Load : 5928
Quarter : 66 Load : 1681
Quarter : 67 Load : 2095
Quarter : 68 Load : 958
Quarter : 69 Load : 3221
Quarter : 70 Load : 861
Quarter : 71 Load : 3681
Quarter : 72 Load : 3391
Quarter : 73 Load : 3949
Quarter : 74 Load : 594
Quarter : 75 Load : 16980
Quarter : 76 Load : 2733
Quarter : 77 Load : 3215
Quarter : 78 Load : 3584
Quarter : 79 Load : 2734
Quarter : 80 Load : 1249
Quarter : 81 Load : 2112
Quarter : 82 Load : 1433
Quarter : 83 Load : 2967
Quarter : 84 Load : 1306
Quarter : 85 Load : 4770
Quarter : 86 Load : 989
Quarter : 87 Load : 3077
Quarter : 88 Load : 2807
Quarter : 89 Load : 20320
Quarter : 90 Load : 2557
Quarter : 91 Load : 1905
Quarter : 92 Load : 687
Quarter : 93 Load : 1750
Quarter : 94 Load : 2931
Quarter : 95 Load : 1335
Quarter : 96 Load : 0
Day 1
Quarter : 1 Load : 1335
Quarter : 2 Load : 0
Quarter : 3 Load : 1335
Quarter : 4 Load : 0
Quarter : 5 Load : 1335
Quarter : 6 Load : 0
Quarter : 7 Load : 1335
Quarter : 8 Load : 0
Quarter : 9 Load : 4266
Quarter : 10 Load : 2931
Quarter : 11 Load : 4266
Quarter : 12 Load : 2931
Quarter : 13 Load : 4266
Quarter : 14 Load : 2931
Quarter : 15 Load : 4266
Quarter : 16 Load : 2931
Quarter : 17 Load : 1335
Quarter : 18 Load : 1259
Quarter : 19 Load : 2594
Quarter : 20 Load : 1920
Quarter : 21 Load : 3255
Quarter : 22 Load : 1920
Quarter : 23 Load : 3255
Quarter : 24 Load : 1920
Quarter : 25 Load : 32870
Quarter : 26 Load : 18074
Quarter : 27 Load : 12744
Quarter : 28 Load : 11189
Quarter : 29 Load : 8746
Quarter : 30 Load : 7833
Quarter : 31 Load : 8485
Quarter : 32 Load : 6601
Quarter : 33 Load : 4160
Quarter : 34 Load : 3629
Quarter : 35 Load : 3249
Quarter : 36 Load : 635
Quarter : 37 Load : 2207
Quarter : 38 Load : 871
Quarter : 39 Load : 3044
Quarter : 40 Load : 857
Quarter : 41 Load : 2745
Quarter : 42 Load : 14455
Quarter : 43 Load : 3572
Quarter : 44 Load : 1042
Quarter : 45 Load : 3193
Quarter : 46 Load : 2124
Quarter : 47 Load : 1854
Quarter : 48 Load : 3835
Quarter : 49 Load : 4654
Quarter : 50 Load : 3552
Quarter : 51 Load : 4369
Quarter : 52 Load : 17104
Quarter : 53 Load : 4391
Quarter : 54 Load : 2355
Quarter : 55 Load : 15273
Quarter : 56 Load : 15835
Quarter : 57 Load : 5216
Quarter : 58 Load : 1933
Quarter : 59 Load : 3358
Quarter : 60 Load : 2945
Quarter : 61 Load : 3343
Quarter : 62 Load : 1849
Quarter : 63 Load : 2908
Quarter : 64 Load : 3816
Quarter : 65 Load : 3017
Quarter : 66 Load : 1424
Quarter : 67 Load : 5312
Quarter : 68 Load : 2839
Quarter : 69 Load : 2968
Quarter : 70 Load : 1833
Quarter : 71 Load : 4048
Quarter : 72 Load : 2924
Quarter : 73 Load : 2214
Quarter : 74 Load : 1171
Quarter : 75 Load : 3268
Quarter : 76 Load : 1667
Quarter : 77 Load : 5900
Quarter : 78 Load : 6058
Quarter : 79 Load : 4204
Quarter : 80 Load : 15525
Quarter : 81 Load : 2412
Quarter : 82 Load : 1932
Quarter : 83 Load : 1976
Quarter : 84 Load : 1284
Quarter : 85 Load : 2318
Quarter : 86 Load : 1817
Quarter : 87 Load : 2971
Quarter : 88 Load : 1319
Quarter : 89 Load : 1901
Quarter : 90 Load : 1090
Quarter : 91 Load : 3364
Quarter : 92 Load : 0
Quarter : 93 Load : 1335
Quarter : 94 Load : 0
Quarter : 95 Load : 1335
Quarter : 96 Load : 0
Day 2
Quarter : 1 Load : 1335
Quarter : 2 Load : 0
Quarter : 3 Load : 1335
Quarter : 4 Load : 0
Quarter : 5 Load : 1335
Quarter : 6 Load : 0
Quarter : 7 Load : 1335
Quarter : 8 Load : 0
Quarter : 9 Load : 1335
Quarter : 10 Load : 0
Quarter : 11 Load : 1335
Quarter : 12 Load : 0
Quarter : 13 Load : 1335
Quarter : 14 Load : 0
Quarter : 15 Load : 1335
Quarter : 16 Load : 1112
Quarter : 17 Load : 2447
Quarter : 18 Load : 1112
Quarter : 19 Load : 3108
Quarter : 20 Load : 1773
Quarter : 21 Load : 3108
Quarter : 22 Load : 1773
Quarter : 23 Load : 3108
Quarter : 24 Load : 1773
Quarter : 25 Load : 28853
Quarter : 26 Load : 11552
Quarter : 27 Load : 8290
Quarter : 28 Load : 5746
Quarter : 29 Load : 6407
Quarter : 30 Load : 4954
Quarter : 31 Load : 4304
Quarter : 32 Load : 2369
Quarter : 33 Load : 4992
Quarter : 34 Load : 3452
Quarter : 35 Load : 6563
Quarter : 36 Load : 4148
Quarter : 37 Load : 5180
Quarter : 38 Load : 3804
Quarter : 39 Load : 5023
Quarter : 40 Load : 4367
Quarter : 41 Load : 5570
Quarter : 42 Load : 4627
Quarter : 43 Load : 7507
Quarter : 44 Load : 5696
Quarter : 45 Load : 3653
Quarter : 46 Load : 1699
Quarter : 47 Load : 2643
Quarter : 48 Load : 2326
Quarter : 49 Load : 2680
Quarter : 50 Load : 1171
Quarter : 51 Load : 3572
Quarter : 52 Load : 4645
Quarter : 53 Load : 5822
Quarter : 54 Load : 1787
Quarter : 55 Load : 4190
Quarter : 56 Load : 2830
Quarter : 57 Load : 3178
Quarter : 58 Load : 1692
Quarter : 59 Load : 2503
Quarter : 60 Load : 5128
Quarter : 61 Load : 15644
Quarter : 62 Load : 2633
Quarter : 63 Load : 4546
Quarter : 64 Load : 2885
Quarter : 65 Load : 4498
Quarter : 66 Load : 2189
Quarter : 67 Load : 17557
Quarter : 68 Load : 4236
Quarter : 69 Load : 3551
Quarter : 70 Load : 3150
Quarter : 71 Load : 4508
Quarter : 72 Load : 3363
Quarter : 73 Load : 4341
Quarter : 74 Load : 2941
Quarter : 75 Load : 8352
Quarter : 76 Load : 20543
Quarter : 77 Load : 2483
Quarter : 78 Load : 1628
Quarter : 79 Load : 3942
Quarter : 80 Load : 1691
Quarter : 81 Load : 3460
Quarter : 82 Load : 1878
Quarter : 83 Load : 3039
Quarter : 84 Load : 1727
Quarter : 85 Load : 4698
Quarter : 86 Load : 3075
Quarter : 87 Load : 3101
Quarter : 88 Load : 1193
Quarter : 89 Load : 2645
Quarter : 90 Load : 2280
Quarter : 91 Load : 2195
Quarter : 92 Load : 3283
Quarter : 93 Load : 1335
Quarter : 94 Load : 114
Quarter : 95 Load : 1335
Quarter : 96 Load : 0
Day 3
Quarter : 1 Load : 1335
Quarter : 2 Load : 0
Quarter : 3 Load : 1335
Quarter : 4 Load : 0
Quarter : 5 Load : 1335
Quarter : 6 Load : 0
Quarter : 7 Load : 1335
Quarter : 8 Load : 0
Quarter : 9 Load : 1335
Quarter : 10 Load : 0
Quarter : 11 Load : 1335
Quarter : 12 Load : 0
Quarter : 13 Load : 1335
Quarter : 14 Load : 0
Quarter : 15 Load : 1335
Quarter : 16 Load : 658
Quarter : 17 Load : 1993
Quarter : 18 Load : 1125
Quarter : 19 Load : 2460
Quarter : 20 Load : 1851
Quarter : 21 Load : 3687
Quarter : 22 Load : 2352
Quarter : 23 Load : 3687
Quarter : 24 Load : 2352
Quarter : 25 Load : 19251
Quarter : 26 Load : 18322
Quarter : 27 Load : 10415
Quarter : 28 Load : 5058
Quarter : 29 Load : 6084
Quarter : 30 Load : 3565
Quarter : 31 Load : 4907
Quarter : 32 Load : 3964
Quarter : 33 Load : 6772
Quarter : 34 Load : 4647
Quarter : 35 Load : 6284
Quarter : 36 Load : 5106
Quarter : 37 Load : 16773
Quarter : 38 Load : 14544
Quarter : 39 Load : 5021
Quarter : 40 Load : 1446
Quarter : 41 Load : 3946
Quarter : 42 Load : 19664
Quarter : 43 Load : 16094
Quarter : 44 Load : 3470
Quarter : 45 Load : 4094
Quarter : 46 Load : 1446
Quarter : 47 Load : 3901
Quarter : 48 Load : 1645
Quarter : 49 Load : 2399
Quarter : 50 Load : 3088
Quarter : 51 Load : 6641
Quarter : 52 Load : 7235
Quarter : 53 Load : 2572
Quarter : 54 Load : 1448
Quarter : 55 Load : 2070
Quarter : 56 Load : 2542
Quarter : 57 Load : 2919
Quarter : 58 Load : 17183
Quarter : 59 Load : 2897
Quarter : 60 Load : 846
Quarter : 61 Load : 3417
Quarter : 62 Load : 632
Quarter : 63 Load : 3431
Quarter : 64 Load : 14451
Quarter : 65 Load : 1807
Quarter : 66 Load : 1222
Quarter : 67 Load : 3046
Quarter : 68 Load : 4268
Quarter : 69 Load : 3633
Quarter : 70 Load : 1640
Quarter : 71 Load : 3584
Quarter : 72 Load : 2333
Quarter : 73 Load : 4232
Quarter : 74 Load : 3551
Quarter : 75 Load : 5018
Quarter : 76 Load : 1048
Quarter : 77 Load : 3274
Quarter : 78 Load : 1410
Quarter : 79 Load : 2645
Quarter : 80 Load : 2143
Quarter : 81 Load : 2780
Quarter : 82 Load : 1144
Quarter : 83 Load : 4465
Quarter : 84 Load : 5967
Quarter : 85 Load : 2038
Quarter : 86 Load : 4140
Quarter : 87 Load : 3687
Quarter : 88 Load : 1262
Quarter : 89 Load : 3002
Quarter : 90 Load : 1205
Quarter : 91 Load : 2999
Quarter : 92 Load : 775
Quarter : 93 Load : 1821
Quarter : 94 Load : 0
Quarter : 95 Load : 1335
Quarter : 96 Load : 0
Day 4
Quarter : 1 Load : 1335
Quarter : 2 Load : 0
Quarter : 3 Load : 1335
Quarter : 4 Load : 0
Quarter : 5 Load : 1335
Quarter : 6 Load : 0
Quarter : 7 Load : 1335
Quarter : 8 Load : 0
Quarter : 9 Load : 1335
Quarter : 10 Load : 0
Quarter : 11 Load : 1335
Quarter : 12 Load : 2931
Quarter : 13 Load : 4266
Quarter : 14 Load : 2931
Quarter : 15 Load : 4266
Quarter : 16 Load : 4815
Quarter : 17 Load : 6150
Quarter : 18 Load : 4815
Quarter : 19 Load : 6150
Quarter : 20 Load : 1884
Quarter : 21 Load : 3219
Quarter : 22 Load : 1884
Quarter : 23 Load : 3219
Quarter : 24 Load : 1884
Quarter : 25 Load : 43742
Quarter : 26 Load : 14781
Quarter : 27 Load : 8152
Quarter : 28 Load : 4682
Quarter : 29 Load : 3742
Quarter : 30 Load : 1647
Quarter : 31 Load : 14767
Quarter : 32 Load : 2255
Quarter : 33 Load : 2970
Quarter : 34 Load : 1431
Quarter : 35 Load : 5425
Quarter : 36 Load : 2534
Quarter : 37 Load : 2644
Quarter : 38 Load : 3594
Quarter : 39 Load : 4453
Quarter : 40 Load : 1982
Quarter : 41 Load : 4697
Quarter : 42 Load : 1660
Quarter : 43 Load : 2961
Quarter : 44 Load : 1762
Quarter : 45 Load : 3563
Quarter : 46 Load : 723
Quarter : 47 Load : 2467
Quarter : 48 Load : 349
Quarter : 49 Load : 4424
Quarter : 50 Load : 1450
Quarter : 51 Load : 5878
Quarter : 52 Load : 1585
Quarter : 53 Load : 3352
Quarter : 54 Load : 2854
Quarter : 55 Load : 3944
Quarter : 56 Load : 1734
Quarter : 57 Load : 2979
Quarter : 58 Load : 2103
Quarter : 59 Load : 3379
Quarter : 60 Load : 2636
Quarter : 61 Load : 3195
Quarter : 62 Load : 2646
Quarter : 63 Load : 4351
Quarter : 64 Load : 1963
Quarter : 65 Load : 1870
Quarter : 66 Load : 1007
Quarter : 67 Load : 5126
Quarter : 68 Load : 1051
Quarter : 69 Load : 2485
Quarter : 70 Load : 3835
Quarter : 71 Load : 4903
Quarter : 72 Load : 1935
Quarter : 73 Load : 3257
Quarter : 74 Load : 1878
Quarter : 75 Load : 3192
Quarter : 76 Load : 3572
Quarter : 77 Load : 7528
Quarter : 78 Load : 4286
Quarter : 79 Load : 3334
Quarter : 80 Load : 13923
Quarter : 81 Load : 19274
Quarter : 82 Load : 4451
Quarter : 83 Load : 3665
Quarter : 84 Load : 2727
Quarter : 85 Load : 3648
Quarter : 86 Load : 15367
Quarter : 87 Load : 6793
Quarter : 88 Load : 3608
Quarter : 89 Load : 2730
Quarter : 90 Load : 879
Quarter : 91 Load : 1335
Quarter : 92 Load : 533
Quarter : 93 Load : 1335
Quarter : 94 Load : 0
Quarter : 95 Load : 1335
Quarter : 96 Load : 0
Day 5
Quarter : 1 Load : 1335
Quarter : 2 Load : 0
Quarter : 3 Load : 1335
Quarter : 4 Load : 0
Quarter : 5 Load : 1335
Quarter : 6 Load : 0
Quarter : 7 Load : 4266
Quarter : 8 Load : 2931
Quarter : 9 Load : 4266
Quarter : 10 Load : 2931
Quarter : 11 Load : 4266
Quarter : 12 Load : 2931
Quarter : 13 Load : 4266
Quarter : 14 Load : 2931
Quarter : 15 Load : 1335
Quarter : 16 Load : 0
Quarter : 17 Load : 1335
Quarter : 18 Load : 425
Quarter : 19 Load : 1760
Quarter : 20 Load : 425
Quarter : 21 Load : 1760
Quarter : 22 Load : 425
Quarter : 23 Load : 1760
Quarter : 24 Load : 425
Quarter : 25 Load : 36521
Quarter : 26 Load : 18888
Quarter : 27 Load : 24021
Quarter : 28 Load : 7134
Quarter : 29 Load : 3740
Quarter : 30 Load : 5623
Quarter : 31 Load : 3245
Quarter : 32 Load : 1338
Quarter : 33 Load : 3687
Quarter : 34 Load : 2083
Quarter : 35 Load : 2620
Quarter : 36 Load : 832
Quarter : 37 Load : 2880
Quarter : 38 Load : 2704
Quarter : 39 Load : 4634
Quarter : 40 Load : 1836
Quarter : 41 Load : 1611
Quarter : 42 Load : 1440
Quarter : 43 Load : 2573
Quarter : 44 Load : 1242
Quarter : 45 Load : 3856
Quarter : 46 Load : 4771
Quarter : 47 Load : 4242
Quarter : 48 Load : 2282
Quarter : 49 Load : 3372
Quarter : 50 Load : 1456
Quarter : 51 Load : 2894
Quarter : 52 Load : 1588
Quarter : 53 Load : 3708
Quarter : 54 Load : 1670
Quarter : 55 Load : 4726
Quarter : 56 Load : 2353
Quarter : 57 Load : 4314
Quarter : 58 Load : 3519
Quarter : 59 Load : 2880
Quarter : 60 Load : 3019
Quarter : 61 Load : 3778
Quarter : 62 Load : 5947
Quarter : 63 Load : 5253
Quarter : 64 Load : 13368
Quarter : 65 Load : 2859
Quarter : 66 Load : 1081
Quarter : 67 Load : 3024
Quarter : 68 Load : 1067
Quarter : 69 Load : 4508
Quarter : 70 Load : 15372
Quarter : 71 Load : 2976
Quarter : 72 Load : 1495
Quarter : 73 Load : 3331
Quarter : 74 Load : 538
Quarter : 75 Load : 4337
Quarter : 76 Load : 2914
Quarter : 77 Load : 1506
Quarter : 78 Load : 756
Quarter : 79 Load : 3560
Quarter : 80 Load : 844
Quarter : 81 Load : 4310
Quarter : 82 Load : 17907
Quarter : 83 Load : 2638
Quarter : 84 Load : 1660
Quarter : 85 Load : 5797
Quarter : 86 Load : 4870
Quarter : 87 Load : 4938
Quarter : 88 Load : 1323
Quarter : 89 Load : 3240
Quarter : 90 Load : 1212
Quarter : 91 Load : 2354
Quarter : 92 Load : 533
Quarter : 93 Load : 1335
Quarter : 94 Load : 0
Quarter : 95 Load : 1335
Quarter : 96 Load : 0
Day 6
Quarter : 1 Load : 1335
Quarter : 2 Load : 0
Quarter : 3 Load : 1335
Quarter : 4 Load : 0
Quarter : 5 Load : 1335
Quarter : 6 Load : 0
Quarter : 7 Load : 1335
Quarter : 8 Load : 0
Quarter : 9 Load : 1335
Quarter : 10 Load : 0
Quarter : 11 Load : 1335
Quarter : 12 Load : 0
Quarter : 13 Load : 1335
Quarter : 14 Load : 0
Quarter : 15 Load : 1335
Quarter : 16 Load : 0
Quarter : 17 Load : 1335
Quarter : 18 Load : 0
Quarter : 19 Load : 1335
Quarter : 20 Load : 0
Quarter : 21 Load : 4266
Quarter : 22 Load : 2931
Quarter : 23 Load : 4266
Quarter : 24 Load : 2931
Quarter : 25 Load : 20944
Quarter : 26 Load : 15726
Quarter : 27 Load : 9147
Quarter : 28 Load : 5312
Quarter : 29 Load : 2861
Quarter : 30 Load : 1721
Quarter : 31 Load : 2865
Quarter : 32 Load : 1274
Quarter : 33 Load : 3484
Quarter : 34 Load : 830
Quarter : 35 Load : 17420
Quarter : 36 Load : 2909
Quarter : 37 Load : 3839
Quarter : 38 Load : 3384
Quarter : 39 Load : 2188
Quarter : 40 Load : 1436
Quarter : 41 Load : 15563
Quarter : 42 Load : 4869
Quarter : 43 Load : 4227
Quarter : 44 Load : 18420
Quarter : 45 Load : 3892
Quarter : 46 Load : 3139
Quarter : 47 Load : 4049
Quarter : 48 Load : 1884
Quarter : 49 Load : 3953
Quarter : 50 Load : 3562
Quarter : 51 Load : 2606
Quarter : 52 Load : 5323
Quarter : 53 Load : 6770
Quarter : 54 Load : 1397
Quarter : 55 Load : 2388
Quarter : 56 Load : 504
Quarter : 57 Load : 2101
Quarter : 58 Load : 1602
Quarter : 59 Load : 2467
Quarter : 60 Load : 5182
Quarter : 61 Load : 4232
Quarter : 62 Load : 2881
Quarter : 63 Load : 2177
Quarter : 64 Load : 977
Quarter : 65 Load : 2433
Quarter : 66 Load : 555
Quarter : 67 Load : 4736
Quarter : 68 Load : 3142
Quarter : 69 Load : 2306
Quarter : 70 Load : 966
Quarter : 71 Load : 14748
Quarter : 72 Load : 1146
Quarter : 73 Load : 2275
Quarter : 74 Load : 3394
Quarter : 75 Load : 3293
Quarter : 76 Load : 5987
Quarter : 77 Load : 16450
Quarter : 78 Load : 4863
Quarter : 79 Load : 4029
Quarter : 80 Load : 1778
Quarter : 81 Load : 4122
Quarter : 82 Load : 3234
Quarter : 83 Load : 3935
Quarter : 84 Load : 1031
Quarter : 85 Load : 4251
Quarter : 86 Load : 2983
Quarter : 87 Load : 3136
Quarter : 88 Load : 12909
Quarter : 89 Load : 2037
Quarter : 90 Load : 2021
Quarter : 91 Load : 1768
Quarter : 92 Load : 0
Quarter : 93 Load : 1709
Quarter : 94 Load : 0
Quarter : 95 Load : 1335
Quarter : 96 Load : 0
Day 0
Hour : 1 Load : 2670
Hour : 2 Load : 2670
Hour : 3 Load : 2670
Hour : 4 Load : 2670
Hour : 5 Load : 2670
Hour : 6 Load : 2670
Hour : 7 Load : 79566
Hour : 8 Load : 10740
Hour : 9 Load : 10030
Hour : 10 Load : 15176
Hour : 11 Load : 34589
Hour : 12 Load : 13545
Hour : 13 Load : 8239
Hour : 14 Load : 16029
Hour : 15 Load : 15852
Hour : 16 Load : 14561
Hour : 17 Load : 10662
Hour : 18 Load : 11154
Hour : 19 Load : 24256
Hour : 20 Load : 10782
Hour : 21 Load : 7818
Hour : 22 Load : 11643
Hour : 23 Load : 25469
Hour : 24 Load : 6016
Day 1
Hour : 1 Load : 2670
Hour : 2 Load : 2670
Hour : 3 Load : 14394
Hour : 4 Load : 14394
Hour : 5 Load : 7108
Hour : 6 Load : 10350
Hour : 7 Load : 74877
Hour : 8 Load : 31665
Hour : 9 Load : 11673
Hour : 10 Load : 6979
Hour : 11 Load : 21814
Hour : 12 Load : 11006
Hour : 13 Load : 29679
Hour : 14 Load : 37854
Hour : 15 Load : 13452
Hour : 16 Load : 11916
Hour : 17 Load : 12592
Hour : 18 Load : 11773
Hour : 19 Load : 8320
Hour : 20 Load : 31687
Hour : 21 Load : 7604
Hour : 22 Load : 8425
Hour : 23 Load : 6355
Hour : 24 Load : 2670
Day 2
Hour : 1 Load : 2670
Hour : 2 Load : 2670
Hour : 3 Load : 2670
Hour : 4 Load : 3782
Hour : 5 Load : 8440
Hour : 6 Load : 9762
Hour : 7 Load : 54441
Hour : 8 Load : 18034
Hour : 9 Load : 19155
Hour : 10 Load : 18374
Hour : 11 Load : 23400
Hour : 12 Load : 10321
Hour : 13 Load : 12068
Hour : 14 Load : 14629
Hour : 15 Load : 12501
Hour : 16 Load : 25708
Hour : 17 Load : 28480
Hour : 18 Load : 14572
Hour : 19 Load : 36177
Hour : 20 Load : 9744
Hour : 21 Load : 10104
Hour : 22 Load : 12067
Hour : 23 Load : 10403
Hour : 24 Load : 2784
Day 3
Hour : 1 Load : 2670
Hour : 2 Load : 2670
Hour : 3 Load : 2670
Hour : 4 Load : 3328
Hour : 5 Load : 7429
Hour : 6 Load : 12078
Hour : 7 Load : 53046
Hour : 8 Load : 18520
Hour : 9 Load : 22809
Hour : 10 Load : 37784
Hour : 11 Load : 43174
Hour : 12 Load : 11086
Hour : 13 Load : 19363
Hour : 14 Load : 8632
Hour : 15 Load : 23845
Hour : 16 Load : 21931
Hour : 17 Load : 10343
Hour : 18 Load : 11190
Hour : 19 Load : 13849
Hour : 20 Load : 9472
Hour : 21 Load : 14356
Hour : 22 Load : 11127
Hour : 23 Load : 7981
Hour : 24 Load : 3156
Day 4
Hour : 1 Load : 2670
Hour : 2 Load : 2670
Hour : 3 Load : 5601
Hour : 4 Load : 16278
Hour : 5 Load : 18999
Hour : 6 Load : 10206
Hour : 7 Load : 71357
Hour : 8 Load : 22411
Hour : 9 Load : 12360
Hour : 10 Load : 12673
Hour : 11 Load : 11080
Hour : 12 Load : 7102
Hour : 13 Load : 13337
Hour : 14 Load : 11884
Hour : 15 Load : 11097
Hour : 16 Load : 12155
Hour : 17 Load : 9054
Hour : 18 Load : 13158
Hour : 19 Load : 11899
Hour : 20 Load : 29071
Hour : 21 Load : 30117
Hour : 22 Load : 29416
Hour : 23 Load : 5477
Hour : 24 Load : 2670
Day 5
Hour : 1 Load : 2670
Hour : 2 Load : 8532
Hour : 3 Load : 14394
Hour : 4 Load : 8532
Hour : 5 Load : 3945
Hour : 6 Load : 4370
Hour : 7 Load : 86564
Hour : 8 Load : 13946
Hour : 9 Load : 9222
Hour : 10 Load : 12054
Hour : 11 Load : 6866
Hour : 12 Load : 15151
Hour : 13 Load : 9310
Hour : 14 Load : 12457
Hour : 15 Load : 13732
Hour : 16 Load : 28346
Hour : 17 Load : 8031
Hour : 18 Load : 24351
Hour : 19 Load : 11120
Hour : 20 Load : 6666
Hour : 21 Load : 26515
Hour : 22 Load : 16928
Hour : 23 Load : 7339
Hour : 24 Load : 2670
Day 6
Hour : 1 Load : 2670
Hour : 2 Load : 2670
Hour : 3 Load : 2670
Hour : 4 Load : 2670
Hour : 5 Load : 2670
Hour : 6 Load : 14394
Hour : 7 Load : 51129
Hour : 8 Load : 8721
Hour : 9 Load : 24643
Hour : 10 Load : 10847
Hour : 11 Load : 43079
Hour : 12 Load : 12964
Hour : 13 Load : 15444
Hour : 14 Load : 11059
Hour : 15 Load : 11352
Hour : 16 Load : 10267
Hour : 17 Load : 10866
Hour : 18 Load : 19166
Hour : 19 Load : 14949
Hour : 20 Load : 27120
Hour : 21 Load : 12322
Hour : 22 Load : 23279
Hour : 23 Load : 5826
Hour : 24 Load : 3044
End of initialization

[org.powertac.common.TariffSubscription : e08fc80e-cdc6-4c0a-be2a-4ca8bf022a28]
Revoked Size: 1
org.powertac.common.TariffSubscription : 4fabc9cf-7c5d-4e6b-a5d8-694f9b35e1b7
[org.powertac.common.TariffSubscription : d189b223-b7d2-4433-bc22-3d2821beccc2]
Revoked Size: 1
org.powertac.common.TariffSubscription : 1c4d6332-0186-43f7-ac0c-47a1aa04f944
--Output from testTariffPublication--
Initializing House 0
Initializing House 1
Initializing House 2
Initializing House 3
Initializing House 4
Initializing House 5
Initializing House 6
Initializing House 7
Initializing House 8
Initializing House 9
Day 0
Quarter : 1 Load : 1387
Quarter : 2 Load : 0
Quarter : 3 Load : 1387
Quarter : 4 Load : 0
Quarter : 5 Load : 1387
Quarter : 6 Load : 0
Quarter : 7 Load : 1387
Quarter : 8 Load : 0
Quarter : 9 Load : 1387
Quarter : 10 Load : 0
Quarter : 11 Load : 1387
Quarter : 12 Load : 0
Quarter : 13 Load : 1387
Quarter : 14 Load : 0
Quarter : 15 Load : 1387
Quarter : 16 Load : 0
Quarter : 17 Load : 1387
Quarter : 18 Load : 588
Quarter : 19 Load : 2640
Quarter : 20 Load : 1253
Quarter : 21 Load : 2640
Quarter : 22 Load : 1253
Quarter : 23 Load : 2640
Quarter : 24 Load : 1253
Quarter : 25 Load : 20557
Quarter : 26 Load : 18528
Quarter : 27 Load : 11143
Quarter : 28 Load : 4066
Quarter : 29 Load : 4845
Quarter : 30 Load : 2590
Quarter : 31 Load : 7567
Quarter : 32 Load : 5263
Quarter : 33 Load : 1783
Quarter : 34 Load : 875
Quarter : 35 Load : 3161
Quarter : 36 Load : 621
Quarter : 37 Load : 1887
Quarter : 38 Load : 1413
Quarter : 39 Load : 4244
Quarter : 40 Load : 2757
Quarter : 41 Load : 3311
Quarter : 42 Load : 3349
Quarter : 43 Load : 3292
Quarter : 44 Load : 3067
Quarter : 45 Load : 4241
Quarter : 46 Load : 2170
Quarter : 47 Load : 3558
Quarter : 48 Load : 1538
Quarter : 49 Load : 3730
Quarter : 50 Load : 2390
Quarter : 51 Load : 2097
Quarter : 52 Load : 1271
Quarter : 53 Load : 2325
Quarter : 54 Load : 644
Quarter : 55 Load : 13860
Quarter : 56 Load : 691
Quarter : 57 Load : 9245
Quarter : 58 Load : 6958
Quarter : 59 Load : 3660
Quarter : 60 Load : 3899
Quarter : 61 Load : 5685
Quarter : 62 Load : 3669
Quarter : 63 Load : 7515
Quarter : 64 Load : 3189
Quarter : 65 Load : 2345
Quarter : 66 Load : 1053
Quarter : 67 Load : 5783
Quarter : 68 Load : 2947
Quarter : 69 Load : 1756
Quarter : 70 Load : 1502
Quarter : 71 Load : 3318
Quarter : 72 Load : 12861
Quarter : 73 Load : 1868
Quarter : 74 Load : 1110
Quarter : 75 Load : 1975
Quarter : 76 Load : 2969
Quarter : 77 Load : 3566
Quarter : 78 Load : 1054
Quarter : 79 Load : 3346
Quarter : 80 Load : 11890
Quarter : 81 Load : 1988
Quarter : 82 Load : 0
Quarter : 83 Load : 2609
Quarter : 84 Load : 2456
Quarter : 85 Load : 3444
Quarter : 86 Load : 1779
Quarter : 87 Load : 3725
Quarter : 88 Load : 1509
Quarter : 89 Load : 2586
Quarter : 90 Load : 896
Quarter : 91 Load : 1764
Quarter : 92 Load : 667
Quarter : 93 Load : 1387
Quarter : 94 Load : 0
Quarter : 95 Load : 1387
Quarter : 96 Load : 0
Day 1
Quarter : 1 Load : 1387
Quarter : 2 Load : 0
Quarter : 3 Load : 1387
Quarter : 4 Load : 0
Quarter : 5 Load : 1387
Quarter : 6 Load : 0
Quarter : 7 Load : 1387
Quarter : 8 Load : 0
Quarter : 9 Load : 1387
Quarter : 10 Load : 0
Quarter : 11 Load : 1387
Quarter : 12 Load : 0
Quarter : 13 Load : 1387
Quarter : 14 Load : 0
Quarter : 15 Load : 1387
Quarter : 16 Load : 0
Quarter : 17 Load : 1387
Quarter : 18 Load : 743
Quarter : 19 Load : 2130
Quarter : 20 Load : 743
Quarter : 21 Load : 2130
Quarter : 22 Load : 743
Quarter : 23 Load : 2130
Quarter : 24 Load : 743
Quarter : 25 Load : 40079
Quarter : 26 Load : 25503
Quarter : 27 Load : 6518
Quarter : 28 Load : 2710
Quarter : 29 Load : 2835
Quarter : 30 Load : 3299
Quarter : 31 Load : 5602
Quarter : 32 Load : 2567
Quarter : 33 Load : 4425
Quarter : 34 Load : 1893
Quarter : 35 Load : 5183
Quarter : 36 Load : 2658
Quarter : 37 Load : 4531
Quarter : 38 Load : 4097
Quarter : 39 Load : 3156
Quarter : 40 Load : 1115
Quarter : 41 Load : 3051
Quarter : 42 Load : 1313
Quarter : 43 Load : 2290
Quarter : 44 Load : 827
Quarter : 45 Load : 4229
Quarter : 46 Load : 1982
Quarter : 47 Load : 3265
Quarter : 48 Load : 2937
Quarter : 49 Load : 5918
Quarter : 50 Load : 6196
Quarter : 51 Load : 4388
Quarter : 52 Load : 2069
Quarter : 53 Load : 5305
Quarter : 54 Load : 1595
Quarter : 55 Load : 2186
Quarter : 56 Load : 298
Quarter : 57 Load : 5098
Quarter : 58 Load : 3150
Quarter : 59 Load : 6635
Quarter : 60 Load : 3047
Quarter : 61 Load : 3564
Quarter : 62 Load : 633
Quarter : 63 Load : 1897
Quarter : 64 Load : 294
Quarter : 65 Load : 2611
Quarter : 66 Load : 1305
Quarter : 67 Load : 3077
Quarter : 68 Load : 4503
Quarter : 69 Load : 5311
Quarter : 70 Load : 1917
Quarter : 71 Load : 14126
Quarter : 72 Load : 2087
Quarter : 73 Load : 3271
Quarter : 74 Load : 1882
Quarter : 75 Load : 2564
Quarter : 76 Load : 2269
Quarter : 77 Load : 4695
Quarter : 78 Load : 1265
Quarter : 79 Load : 3231
Quarter : 80 Load : 3802
Quarter : 81 Load : 5547
Quarter : 82 Load : 2215
Quarter : 83 Load : 2479
Quarter : 84 Load : 3392
Quarter : 85 Load : 4577
Quarter : 86 Load : 3825
Quarter : 87 Load : 5284
Quarter : 88 Load : 2112
Quarter : 89 Load : 4829
Quarter : 90 Load : 2973
Quarter : 91 Load : 1568
Quarter : 92 Load : 102
Quarter : 93 Load : 1387
Quarter : 94 Load : 0
Quarter : 95 Load : 1387
Quarter : 96 Load : 0
Day 2
Quarter : 1 Load : 1387
Quarter : 2 Load : 0
Quarter : 3 Load : 1387
Quarter : 4 Load : 0
Quarter : 5 Load : 1387
Quarter : 6 Load : 0
Quarter : 7 Load : 1387
Quarter : 8 Load : 0
Quarter : 9 Load : 1387
Quarter : 10 Load : 0
Quarter : 11 Load : 1387
Quarter : 12 Load : 0
Quarter : 13 Load : 1387
Quarter : 14 Load : 0
Quarter : 15 Load : 1387
Quarter : 16 Load : 0
Quarter : 17 Load : 1387
Quarter : 18 Load : 1540
Quarter : 19 Load : 2927
Quarter : 20 Load : 1540
Quarter : 21 Load : 2927
Quarter : 22 Load : 1540
Quarter : 23 Load : 2927
Quarter : 24 Load : 1540
Quarter : 25 Load : 32768
Quarter : 26 Load : 39690
Quarter : 27 Load : 8419
Quarter : 28 Load : 4943
Quarter : 29 Load : 4566
Quarter : 30 Load : 2757
Quarter : 31 Load : 2246
Quarter : 32 Load : 1478
Quarter : 33 Load : 3427
Quarter : 34 Load : 1487
Quarter : 35 Load : 5603
Quarter : 36 Load : 3032
Quarter : 37 Load : 2369
Quarter : 38 Load : 1009
Quarter : 39 Load : 2546
Quarter : 40 Load : 400
Quarter : 41 Load : 2496
Quarter : 42 Load : 1281
Quarter : 43 Load : 4953
Quarter : 44 Load : 3516
Quarter : 45 Load : 1977
Quarter : 46 Load : 1163
Quarter : 47 Load : 3386
Quarter : 48 Load : 1148
Quarter : 49 Load : 2834
Quarter : 50 Load : 1458
Quarter : 51 Load : 2312
Quarter : 52 Load : 1509
Quarter : 53 Load : 2939
Quarter : 54 Load : 2864
Quarter : 55 Load : 2498
Quarter : 56 Load : 1255
Quarter : 57 Load : 6881
Quarter : 58 Load : 4964
Quarter : 59 Load : 3737
Quarter : 60 Load : 816
Quarter : 61 Load : 2198
Quarter : 62 Load : 1971
Quarter : 63 Load : 2390
Quarter : 64 Load : 1797
Quarter : 65 Load : 4048
Quarter : 66 Load : 12818
Quarter : 67 Load : 2845
Quarter : 68 Load : 4608
Quarter : 69 Load : 5979
Quarter : 70 Load : 2041
Quarter : 71 Load : 3273
Quarter : 72 Load : 1227
Quarter : 73 Load : 2677
Quarter : 74 Load : 7477
Quarter : 75 Load : 8878
Quarter : 76 Load : 739
Quarter : 77 Load : 1658
Quarter : 78 Load : 1227
Quarter : 79 Load : 2984
Quarter : 80 Load : 1213
Quarter : 81 Load : 1999
Quarter : 82 Load : 3623
Quarter : 83 Load : 4900
Quarter : 84 Load : 1560
Quarter : 85 Load : 2635
Quarter : 86 Load : 1687
Quarter : 87 Load : 4733
Quarter : 88 Load : 2438
Quarter : 89 Load : 3600
Quarter : 90 Load : 1096
Quarter : 91 Load : 1387
Quarter : 92 Load : 1266
Quarter : 93 Load : 1950
Quarter : 94 Load : 0
Quarter : 95 Load : 1387
Quarter : 96 Load : 0
Day 3
Quarter : 1 Load : 1387
Quarter : 2 Load : 0
Quarter : 3 Load : 1387
Quarter : 4 Load : 0
Quarter : 5 Load : 1387
Quarter : 6 Load : 0
Quarter : 7 Load : 1387
Quarter : 8 Load : 0
Quarter : 9 Load : 1387
Quarter : 10 Load : 0
Quarter : 11 Load : 1387
Quarter : 12 Load : 0
Quarter : 13 Load : 1387
Quarter : 14 Load : 0
Quarter : 15 Load : 1387
Quarter : 16 Load : 0
Quarter : 17 Load : 1387
Quarter : 18 Load : 653
Quarter : 19 Load : 2837
Quarter : 20 Load : 1450
Quarter : 21 Load : 2837
Quarter : 22 Load : 1450
Quarter : 23 Load : 2837
Quarter : 24 Load : 1450
Quarter : 25 Load : 31520
Quarter : 26 Load : 29271
Quarter : 27 Load : 10580
Quarter : 28 Load : 5724
Quarter : 29 Load : 4416
Quarter : 30 Load : 2080
Quarter : 31 Load : 2419
Quarter : 32 Load : 1958
Quarter : 33 Load : 2833
Quarter : 34 Load : 3050
Quarter : 35 Load : 16521
Quarter : 36 Load : 14962
Quarter : 37 Load : 2706
Quarter : 38 Load : 1683
Quarter : 39 Load : 5554
Quarter : 40 Load : 3157
Quarter : 41 Load : 2610
Quarter : 42 Load : 3654
Quarter : 43 Load : 3138
Quarter : 44 Load : 1267
Quarter : 45 Load : 2399
Quarter : 46 Load : 1470
Quarter : 47 Load : 1769
Quarter : 48 Load : 2187
Quarter : 49 Load : 2823
Quarter : 50 Load : 1619
Quarter : 51 Load : 2926
Quarter : 52 Load : 1737
Quarter : 53 Load : 4018
Quarter : 54 Load : 1077
Quarter : 55 Load : 4872
Quarter : 56 Load : 3569
Quarter : 57 Load : 4082
Quarter : 58 Load : 5563
Quarter : 59 Load : 4202
Quarter : 60 Load : 1295
Quarter : 61 Load : 3006
Quarter : 62 Load : 437
Quarter : 63 Load : 5096
Quarter : 64 Load : 2388
Quarter : 65 Load : 2188
Quarter : 66 Load : 413
Quarter : 67 Load : 4388
Quarter : 68 Load : 2289
Quarter : 69 Load : 2621
Quarter : 70 Load : 1654
Quarter : 71 Load : 2605
Quarter : 72 Load : 1182
Quarter : 73 Load : 1910
Quarter : 74 Load : 968
Quarter : 75 Load : 3305
Quarter : 76 Load : 1514
Quarter : 77 Load : 2219
Quarter : 78 Load : 1761
Quarter : 79 Load : 2996
Quarter : 80 Load : 3019
Quarter : 81 Load : 5552
Quarter : 82 Load : 2923
Quarter : 83 Load : 4744
Quarter : 84 Load : 4023
Quarter : 85 Load : 2857
Quarter : 86 Load : 2825
Quarter : 87 Load : 6760
Quarter : 88 Load : 3415
Quarter : 89 Load : 2252
Quarter : 90 Load : 1834
Quarter : 91 Load : 2254
Quarter : 92 Load : 328
Quarter : 93 Load : 1387
Quarter : 94 Load : 709
Quarter : 95 Load : 1387
Quarter : 96 Load : 0
Day 4
Quarter : 1 Load : 1387
Quarter : 2 Load : 0
Quarter : 3 Load : 1387
Quarter : 4 Load : 0
Quarter : 5 Load : 1387
Quarter : 6 Load : 0
Quarter : 7 Load : 1387
Quarter : 8 Load : 0
Quarter : 9 Load : 1387
Quarter : 10 Load : 0
Quarter : 11 Load : 1387
Quarter : 12 Load : 0
Quarter : 13 Load : 1387
Quarter : 14 Load : 0
Quarter : 15 Load : 1387
Quarter : 16 Load : 0
Quarter : 17 Load : 1387
Quarter : 18 Load : 665
Quarter : 19 Load : 2052
Quarter : 20 Load : 665
Quarter : 21 Load : 2052
Quarter : 22 Load : 665
Quarter : 23 Load : 2052
Quarter : 24 Load : 665
Quarter : 25 Load : 33307
Quarter : 26 Load : 18891
Quarter : 27 Load : 5579
Quarter : 28 Load : 1451
Quarter : 29 Load : 5098
Quarter : 30 Load : 2390
Quarter : 31 Load : 2552
Quarter : 32 Load : 12741
Quarter : 33 Load : 2814
Quarter : 34 Load : 503
Quarter : 35 Load : 2917
Quarter : 36 Load : 2595
Quarter : 37 Load : 3554
Quarter : 38 Load : 832
Quarter : 39 Load : 2361
Quarter : 40 Load : 1366
Quarter : 41 Load : 2487
Quarter : 42 Load : 284
Quarter : 43 Load : 3373
Quarter : 44 Load : 2628
Quarter : 45 Load : 2974
Quarter : 46 Load : 1745
Quarter : 47 Load : 2719
Quarter : 48 Load : 1902
Quarter : 49 Load : 14840
Quarter : 50 Load : 448
Quarter : 51 Load : 2090
Quarter : 52 Load : 993
Quarter : 53 Load : 2327
Quarter : 54 Load : 387
Quarter : 55 Load : 2838
Quarter : 56 Load : 2159
Quarter : 57 Load : 5032
Quarter : 58 Load : 6116
Quarter : 59 Load : 15242
Quarter : 60 Load : 1567
Quarter : 61 Load : 4590
Quarter : 62 Load : 4034
Quarter : 63 Load : 4740
Quarter : 64 Load : 2448
Quarter : 65 Load : 4048
Quarter : 66 Load : 1802
Quarter : 67 Load : 3810
Quarter : 68 Load : 2502
Quarter : 69 Load : 4269
Quarter : 70 Load : 2490
Quarter : 71 Load : 2547
Quarter : 72 Load : 6184
Quarter : 73 Load : 8447
Quarter : 74 Load : 4415
Quarter : 75 Load : 4787
Quarter : 76 Load : 2197
Quarter : 77 Load : 4436
Quarter : 78 Load : 3002
Quarter : 79 Load : 4360
Quarter : 80 Load : 3678
Quarter : 81 Load : 5224
Quarter : 82 Load : 4269
Quarter : 83 Load : 4091
Quarter : 84 Load : 1080
Quarter : 85 Load : 2394
Quarter : 86 Load : 2071
Quarter : 87 Load : 3512
Quarter : 88 Load : 1089
Quarter : 89 Load : 2252
Quarter : 90 Load : 2758
Quarter : 91 Load : 2056
Quarter : 92 Load : 417
Quarter : 93 Load : 1387
Quarter : 94 Load : 0
Quarter : 95 Load : 1387
Quarter : 96 Load : 0
Day 5
Quarter : 1 Load : 1387
Quarter : 2 Load : 0
Quarter : 3 Load : 1387
Quarter : 4 Load : 0
Quarter : 5 Load : 1387
Quarter : 6 Load : 0
Quarter : 7 Load : 1387
Quarter : 8 Load : 0
Quarter : 9 Load : 1387
Quarter : 10 Load : 0
Quarter : 11 Load : 1387
Quarter : 12 Load : 0
Quarter : 13 Load : 1387
Quarter : 14 Load : 0
Quarter : 15 Load : 1387
Quarter : 16 Load : 561
Quarter : 17 Load : 1948
Quarter : 18 Load : 1186
Quarter : 19 Load : 2573
Quarter : 20 Load : 1186
Quarter : 21 Load : 2573
Quarter : 22 Load : 1186
Quarter : 23 Load : 2573
Quarter : 24 Load : 1186
Quarter : 25 Load : 27664
Quarter : 26 Load : 13196
Quarter : 27 Load : 6615
Quarter : 28 Load : 2532
Quarter : 29 Load : 3621
Quarter : 30 Load : 1182
Quarter : 31 Load : 2691
Quarter : 32 Load : 1814
Quarter : 33 Load : 3027
Quarter : 34 Load : 1392
Quarter : 35 Load : 13994
Quarter : 36 Load : 1788
Quarter : 37 Load : 5308
Quarter : 38 Load : 2886
Quarter : 39 Load : 2108
Quarter : 40 Load : 876
Quarter : 41 Load : 2980
Quarter : 42 Load : 3606
Quarter : 43 Load : 5597
Quarter : 44 Load : 4851
Quarter : 45 Load : 6411
Quarter : 46 Load : 2364
Quarter : 47 Load : 3880
Quarter : 48 Load : 4080
Quarter : 49 Load : 4117
Quarter : 50 Load : 2809
Quarter : 51 Load : 4566
Quarter : 52 Load : 4584
Quarter : 53 Load : 6372
Quarter : 54 Load : 4939
Quarter : 55 Load : 5534
Quarter : 56 Load : 2926
Quarter : 57 Load : 5727
Quarter : 58 Load : 3616
Quarter : 59 Load : 3434
Quarter : 60 Load : 2038
Quarter : 61 Load : 4274
Quarter : 62 Load : 3969
Quarter : 63 Load : 3305
Quarter : 64 Load : 3301
Quarter : 65 Load : 4952
Quarter : 66 Load : 3151
Quarter : 67 Load : 4723
Quarter : 68 Load : 1534
Quarter : 69 Load : 14014
Quarter : 70 Load : 2033
Quarter : 71 Load : 6677
Quarter : 72 Load : 5486
Quarter : 73 Load : 4911
Quarter : 74 Load : 3540
Quarter : 75 Load : 2193
Quarter : 76 Load : 394
Quarter : 77 Load : 2320
Quarter : 78 Load : 1890
Quarter : 79 Load : 14131
Quarter : 80 Load : 2895
Quarter : 81 Load : 5730
Quarter : 82 Load : 2394
Quarter : 83 Load : 4386
Quarter : 84 Load : 2218
Quarter : 85 Load : 2674
Quarter : 86 Load : 2397
Quarter : 87 Load : 2979
Quarter : 88 Load : 5577
Quarter : 89 Load : 4722
Quarter : 90 Load : 872
Quarter : 91 Load : 1774
Quarter : 92 Load : 84
Quarter : 93 Load : 1726
Quarter : 94 Load : 0
Quarter : 95 Load : 1387
Quarter : 96 Load : 0
Day 6
Quarter : 1 Load : 1387
Quarter : 2 Load : 0
Quarter : 3 Load : 1387
Quarter : 4 Load : 0
Quarter : 5 Load : 1387
Quarter : 6 Load : 0
Quarter : 7 Load : 1387
Quarter : 8 Load : 0
Quarter : 9 Load : 1387
Quarter : 10 Load : 0
Quarter : 11 Load : 1387
Quarter : 12 Load : 0
Quarter : 13 Load : 1387
Quarter : 14 Load : 0
Quarter : 15 Load : 1387
Quarter : 16 Load : 0
Quarter : 17 Load : 1387
Quarter : 18 Load : 0
Quarter : 19 Load : 1387
Quarter : 20 Load : 524
Quarter : 21 Load : 1911
Quarter : 22 Load : 524
Quarter : 23 Load : 1911
Quarter : 24 Load : 524
Quarter : 25 Load : 22186
Quarter : 26 Load : 17944
Quarter : 27 Load : 7070
Quarter : 28 Load : 3179
Quarter : 29 Load : 2110
Quarter : 30 Load : 1734
Quarter : 31 Load : 3882
Quarter : 32 Load : 3035
Quarter : 33 Load : 1896
Quarter : 34 Load : 777
Quarter : 35 Load : 2958
Quarter : 36 Load : 457
Quarter : 37 Load : 3857
Quarter : 38 Load : 1071
Quarter : 39 Load : 2116
Quarter : 40 Load : 1680
Quarter : 41 Load : 2841
Quarter : 42 Load : 1759
Quarter : 43 Load : 2603
Quarter : 44 Load : 3165
Quarter : 45 Load : 6377
Quarter : 46 Load : 23814
Quarter : 47 Load : 4348
Quarter : 48 Load : 3656
Quarter : 49 Load : 3399
Quarter : 50 Load : 4235
Quarter : 51 Load : 5975
Quarter : 52 Load : 4110
Quarter : 53 Load : 6105
Quarter : 54 Load : 716
Quarter : 55 Load : 4190
Quarter : 56 Load : 3926
Quarter : 57 Load : 5114
Quarter : 58 Load : 3682
Quarter : 59 Load : 2582
Quarter : 60 Load : 2028
Quarter : 61 Load : 3072
Quarter : 62 Load : 2608
Quarter : 63 Load : 2953
Quarter : 64 Load : 797
Quarter : 65 Load : 3070
Quarter : 66 Load : 1317
Quarter : 67 Load : 3126
Quarter : 68 Load : 13093
Quarter : 69 Load : 2366
Quarter : 70 Load : 2879
Quarter : 71 Load : 2255
Quarter : 72 Load : 893
Quarter : 73 Load : 2056
Quarter : 74 Load : 2196
Quarter : 75 Load : 2611
Quarter : 76 Load : 12180
Quarter : 77 Load : 4147
Quarter : 78 Load : 2377
Quarter : 79 Load : 2777
Quarter : 80 Load : 2764
Quarter : 81 Load : 5009
Quarter : 82 Load : 819
Quarter : 83 Load : 2609
Quarter : 84 Load : 1431
Quarter : 85 Load : 4840
Quarter : 86 Load : 5495
Quarter : 87 Load : 4819
Quarter : 88 Load : 974
Quarter : 89 Load : 2728
Quarter : 90 Load : 960
Quarter : 91 Load : 1481
Quarter : 92 Load : 215
Quarter : 93 Load : 1387
Quarter : 94 Load : 0
Quarter : 95 Load : 1387
Quarter : 96 Load : 0
Day 0
Hour : 1 Load : 2774
Hour : 2 Load : 2774
Hour : 3 Load : 2774
Hour : 4 Load : 2774
Hour : 5 Load : 5868
Hour : 6 Load : 7786
Hour : 7 Load : 54294
Hour : 8 Load : 20265
Hour : 9 Load : 6440
Hour : 10 Load : 10301
Hour : 11 Load : 13019
Hour : 12 Load : 11507
Hour : 13 Load : 9488
Hour : 14 Load : 17520
Hour : 15 Load : 23762
Hour : 16 Load : 20058
Hour : 17 Load : 12128
Hour : 18 Load : 19437
Hour : 19 Load : 7922
Hour : 20 Load : 19856
Hour : 21 Load : 7053
Hour : 22 Load : 10457
Hour : 23 Load : 5913
Hour : 24 Load : 2774
Day 1
Hour : 1 Load : 2774
Hour : 2 Load : 2774
Hour : 3 Load : 2774
Hour : 4 Load : 2774
Hour : 5 Load : 5003
Hour : 6 Load : 5746
Hour : 7 Load : 74810
Hour : 8 Load : 14303
Hour : 9 Load : 14159
Hour : 10 Load : 12899
Hour : 11 Load : 7481
Hour : 12 Load : 12413
Hour : 13 Load : 18571
Hour : 14 Load : 9384
Hour : 15 Load : 17930
Hour : 16 Load : 6388
Hour : 17 Load : 11496
Hour : 18 Load : 23441
Hour : 19 Load : 9986
Hour : 20 Load : 12993
Hour : 21 Load : 13633
Hour : 22 Load : 15798
Hour : 23 Load : 9472
Hour : 24 Load : 2774
Day 2
Hour : 1 Load : 2774
Hour : 2 Load : 2774
Hour : 3 Load : 2774
Hour : 4 Load : 2774
Hour : 5 Load : 7394
Hour : 6 Load : 8934
Hour : 7 Load : 85820
Hour : 8 Load : 11047
Hour : 9 Load : 13549
Hour : 10 Load : 6324
Hour : 11 Load : 12246
Hour : 12 Load : 7674
Hour : 13 Load : 8113
Hour : 14 Load : 9556
Hour : 15 Load : 16398
Hour : 16 Load : 8356
Hour : 17 Load : 24319
Hour : 18 Load : 12520
Hour : 19 Load : 19771
Hour : 20 Load : 7082
Hour : 21 Load : 12082
Hour : 22 Load : 11493
Hour : 23 Load : 7349
Hour : 24 Load : 3337
Day 3
Hour : 1 Load : 2774
Hour : 2 Load : 2774
Hour : 3 Load : 2774
Hour : 4 Load : 2774
Hour : 5 Load : 6327
Hour : 6 Load : 8574
Hour : 7 Load : 77095
Hour : 8 Load : 10873
Hour : 9 Load : 37366
Hour : 10 Load : 13100
Hour : 11 Load : 10669
Hour : 12 Load : 7825
Hour : 13 Load : 9105
Hour : 14 Load : 13536
Hour : 15 Load : 15142
Hour : 16 Load : 10927
Hour : 17 Load : 9278
Hour : 18 Load : 8062
Hour : 19 Load : 7697
Hour : 20 Load : 9995
Hour : 21 Load : 17242
Hour : 22 Load : 15857
Hour : 23 Load : 6668
Hour : 24 Load : 3483
Day 4
Hour : 1 Load : 2774
Hour : 2 Load : 2774
Hour : 3 Load : 2774
Hour : 4 Load : 2774
Hour : 5 Load : 4769
Hour : 6 Load : 5434
Hour : 7 Load : 59228
Hour : 8 Load : 22781
Hour : 9 Load : 8829
Hour : 10 Load : 8113
Hour : 11 Load : 8772
Hour : 12 Load : 9340
Hour : 13 Load : 18371
Hour : 14 Load : 7711
Hour : 15 Load : 27957
Hour : 16 Load : 15812
Hour : 17 Load : 12162
Hour : 18 Load : 15490
Hour : 19 Load : 19846
Hour : 20 Load : 15476
Hour : 21 Load : 14664
Hour : 22 Load : 9066
Hour : 23 Load : 7483
Hour : 24 Load : 2774
Day 5
Hour : 1 Load : 2774
Hour : 2 Load : 2774
Hour : 3 Load : 2774
Hour : 4 Load : 3335
Hour : 5 Load : 6893
Hour : 6 Load : 7518
Hour : 7 Load : 50007
Hour : 8 Load : 9308
Hour : 9 Load : 20201
Hour : 10 Load : 11178
Hour : 11 Load : 17034
Hour : 12 Load : 16735
Hour : 13 Load : 16076
Hour : 14 Load : 19771
Hour : 15 Load : 14815
Hour : 16 Load : 14849
Hour : 17 Load : 14360
Hour : 18 Load : 28210
Hour : 19 Load : 11038
Hour : 20 Load : 21236
Hour : 21 Load : 14728
Hour : 22 Load : 13627
Hour : 23 Load : 7452
Hour : 24 Load : 3113
Day 6
Hour : 1 Load : 2774
Hour : 2 Load : 2774
Hour : 3 Load : 2774
Hour : 4 Load : 2774
Hour : 5 Load : 3298
Hour : 6 Load : 4870
Hour : 7 Load : 50379
Hour : 8 Load : 10761
Hour : 9 Load : 6088
Hour : 10 Load : 8724
Hour : 11 Load : 10368
Hour : 12 Load : 38195
Hour : 13 Load : 17719
Hour : 14 Load : 14937
Hour : 15 Load : 13406
Hour : 16 Load : 9430
Hour : 17 Load : 20606
Hour : 18 Load : 8393
Hour : 19 Load : 19043
Hour : 20 Load : 12065
Hour : 21 Load : 9868
Hour : 22 Load : 16128
Hour : 23 Load : 5384
Hour : 24 Load : 2774
Initializing House 0
Initializing House 1
Initializing House 2
Initializing House 3
Initializing House 4
Initializing House 5
Initializing House 6
Initializing House 7
Initializing House 8
Initializing House 9
Day 0
Quarter : 1 Load : 1448
Quarter : 2 Load : 0
Quarter : 3 Load : 1448
Quarter : 4 Load : 0
Quarter : 5 Load : 1448
Quarter : 6 Load : 0
Quarter : 7 Load : 1448
Quarter : 8 Load : 0
Quarter : 9 Load : 1448
Quarter : 10 Load : 0
Quarter : 11 Load : 1448
Quarter : 12 Load : 0
Quarter : 13 Load : 1448
Quarter : 14 Load : 0
Quarter : 15 Load : 1448
Quarter : 16 Load : 0
Quarter : 17 Load : 1448
Quarter : 18 Load : 1586
Quarter : 19 Load : 3034
Quarter : 20 Load : 1586
Quarter : 21 Load : 3034
Quarter : 22 Load : 1586
Quarter : 23 Load : 3034
Quarter : 24 Load : 1586
Quarter : 25 Load : 21673
Quarter : 26 Load : 18240
Quarter : 27 Load : 12116
Quarter : 28 Load : 10074
Quarter : 29 Load : 5490
Quarter : 30 Load : 2261
Quarter : 31 Load : 5988
Quarter : 32 Load : 3716
Quarter : 33 Load : 4754
Quarter : 34 Load : 4587
Quarter : 35 Load : 2796
Quarter : 36 Load : 2180
Quarter : 37 Load : 2570
Quarter : 38 Load : 923
Quarter : 39 Load : 5883
Quarter : 40 Load : 4202
Quarter : 41 Load : 2766
Quarter : 42 Load : 2438
Quarter : 43 Load : 6943
Quarter : 44 Load : 6061
Quarter : 45 Load : 3253
Quarter : 46 Load : 1061
Quarter : 47 Load : 4048
Quarter : 48 Load : 3047
Quarter : 49 Load : 4368
Quarter : 50 Load : 2659
Quarter : 51 Load : 4591
Quarter : 52 Load : 2602
Quarter : 53 Load : 5536
Quarter : 54 Load : 3260
Quarter : 55 Load : 4493
Quarter : 56 Load : 3074
Quarter : 57 Load : 3799
Quarter : 58 Load : 2570
Quarter : 59 Load : 3254
Quarter : 60 Load : 2472
Quarter : 61 Load : 3634
Quarter : 62 Load : 4102
Quarter : 63 Load : 6147
Quarter : 64 Load : 3566
Quarter : 65 Load : 3411
Quarter : 66 Load : 1818
Quarter : 67 Load : 2642
Quarter : 68 Load : 1692
Quarter : 69 Load : 2137
Quarter : 70 Load : 1174
Quarter : 71 Load : 2290
Quarter : 72 Load : 1244
Quarter : 73 Load : 4063
Quarter : 74 Load : 1537
Quarter : 75 Load : 4057
Quarter : 76 Load : 3064
Quarter : 77 Load : 7037
Quarter : 78 Load : 4647
Quarter : 79 Load : 4301
Quarter : 80 Load : 2288
Quarter : 81 Load : 3990
Quarter : 82 Load : 496
Quarter : 83 Load : 5287
Quarter : 84 Load : 5056
Quarter : 85 Load : 6459
Quarter : 86 Load : 1251
Quarter : 87 Load : 2678
Quarter : 88 Load : 1601
Quarter : 89 Load : 4996
Quarter : 90 Load : 2916
Quarter : 91 Load : 1990
Quarter : 92 Load : 479
Quarter : 93 Load : 2107
Quarter : 94 Load : 0
Quarter : 95 Load : 1448
Quarter : 96 Load : 0
Day 1
Quarter : 1 Load : 1448
Quarter : 2 Load : 0
Quarter : 3 Load : 1448
Quarter : 4 Load : 0
Quarter : 5 Load : 1448
Quarter : 6 Load : 0
Quarter : 7 Load : 1448
Quarter : 8 Load : 0
Quarter : 9 Load : 1448
Quarter : 10 Load : 0
Quarter : 11 Load : 1448
Quarter : 12 Load : 0
Quarter : 13 Load : 1448
Quarter : 14 Load : 0
Quarter : 15 Load : 1448
Quarter : 16 Load : 1500
Quarter : 17 Load : 3333
Quarter : 18 Load : 2367
Quarter : 19 Load : 3815
Quarter : 20 Load : 2367
Quarter : 21 Load : 3815
Quarter : 22 Load : 2367
Quarter : 23 Load : 3815
Quarter : 24 Load : 2367
Quarter : 25 Load : 23352
Quarter : 26 Load : 17904
Quarter : 27 Load : 8898
Quarter : 28 Load : 5751
Quarter : 29 Load : 5022
Quarter : 30 Load : 2830
Quarter : 31 Load : 2945
Quarter : 32 Load : 1977
Quarter : 33 Load : 4130
Quarter : 34 Load : 2904
Quarter : 35 Load : 3640
Quarter : 36 Load : 1552
Quarter : 37 Load : 2592
Quarter : 38 Load : 462
Quarter : 39 Load : 4344
Quarter : 40 Load : 1612
Quarter : 41 Load : 3959
Quarter : 42 Load : 1484
Quarter : 43 Load : 2407
Quarter : 44 Load : 2194
Quarter : 45 Load : 3872
Quarter : 46 Load : 2472
Quarter : 47 Load : 3222
Quarter : 48 Load : 2834
Quarter : 49 Load : 2861
Quarter : 50 Load : 1528
Quarter : 51 Load : 5582
Quarter : 52 Load : 4653
Quarter : 53 Load : 5654
Quarter : 54 Load : 3162
Quarter : 55 Load : 4631
Quarter : 56 Load : 1174
Quarter : 57 Load : 2601
Quarter : 58 Load : 1286
Quarter : 59 Load : 4132
Quarter : 60 Load : 3988
Quarter : 61 Load : 3488
Quarter : 62 Load : 1453
Quarter : 63 Load : 3514
Quarter : 64 Load : 1223
Quarter : 65 Load : 4984
Quarter : 66 Load : 4722
Quarter : 67 Load : 3386
Quarter : 68 Load : 1695
Quarter : 69 Load : 4673
Quarter : 70 Load : 2767
Quarter : 71 Load : 2250
Quarter : 72 Load : 1781
Quarter : 73 Load : 4181
Quarter : 74 Load : 3151
Quarter : 75 Load : 2850
Quarter : 76 Load : 1458
Quarter : 77 Load : 5105
Quarter : 78 Load : 1640
Quarter : 79 Load : 3735
Quarter : 80 Load : 2934
Quarter : 81 Load : 3184
Quarter : 82 Load : 2069
Quarter : 83 Load : 4494
Quarter : 84 Load : 2398
Quarter : 85 Load : 3841
Quarter : 86 Load : 3515
Quarter : 87 Load : 5369
Quarter : 88 Load : 2387
Quarter : 89 Load : 3694
Quarter : 90 Load : 1924
Quarter : 91 Load : 3434
Quarter : 92 Load : 63
Quarter : 93 Load : 1448
Quarter : 94 Load : 0
Quarter : 95 Load : 1448
Quarter : 96 Load : 0
Day 2
Quarter : 1 Load : 1448
Quarter : 2 Load : 0
Quarter : 3 Load : 1448
Quarter : 4 Load : 0
Quarter : 5 Load : 1448
Quarter : 6 Load : 0
Quarter : 7 Load : 1448
Quarter : 8 Load : 0
Quarter : 9 Load : 1448
Quarter : 10 Load : 0
Quarter : 11 Load : 1448
Quarter : 12 Load : 0
Quarter : 13 Load : 1448
Quarter : 14 Load : 0
Quarter : 15 Load : 1448
Quarter : 16 Load : 575
Quarter : 17 Load : 2023
Quarter : 18 Load : 575
Quarter : 19 Load : 2023
Quarter : 20 Load : 575
Quarter : 21 Load : 2023
Quarter : 22 Load : 575
Quarter : 23 Load : 2023
Quarter : 24 Load : 996
Quarter : 25 Load : 17057
Quarter : 26 Load : 14789
Quarter : 27 Load : 7637
Quarter : 28 Load : 7430
Quarter : 29 Load : 5495
Quarter : 30 Load : 5689
Quarter : 31 Load : 4127
Quarter : 32 Load : 4203
Quarter : 33 Load : 4615
Quarter : 34 Load : 3968
Quarter : 35 Load : 3773
Quarter : 36 Load : 4229
Quarter : 37 Load : 5095
Quarter : 38 Load : 1288
Quarter : 39 Load : 4576
Quarter : 40 Load : 4222
Quarter : 41 Load : 4758
Quarter : 42 Load : 1189
Quarter : 43 Load : 2463
Quarter : 44 Load : 1279
Quarter : 45 Load : 3541
Quarter : 46 Load : 1718
Quarter : 47 Load : 3863
Quarter : 48 Load : 5377
Quarter : 49 Load : 3783
Quarter : 50 Load : 1492
Quarter : 51 Load : 2990
Quarter : 52 Load : 2137
Quarter : 53 Load : 6389
Quarter : 54 Load : 4974
Quarter : 55 Load : 6515
Quarter : 56 Load : 2845
Quarter : 57 Load : 4881
Quarter : 58 Load : 2741
Quarter : 59 Load : 6378
Quarter : 60 Load : 3262
Quarter : 61 Load : 3089
Quarter : 62 Load : 3459
Quarter : 63 Load : 2546
Quarter : 64 Load : 2339
Quarter : 65 Load : 3087
Quarter : 66 Load : 1630
Quarter : 67 Load : 5469
Quarter : 68 Load : 3393
Quarter : 69 Load : 4481
Quarter : 70 Load : 3575
Quarter : 71 Load : 3230
Quarter : 72 Load : 1268
Quarter : 73 Load : 3067
Quarter : 74 Load : 1726
Quarter : 75 Load : 2909
Quarter : 76 Load : 2245
Quarter : 77 Load : 3664
Quarter : 78 Load : 4830
Quarter : 79 Load : 4810
Quarter : 80 Load : 1083
Quarter : 81 Load : 3158
Quarter : 82 Load : 1975
Quarter : 83 Load : 3327
Quarter : 84 Load : 808
Quarter : 85 Load : 2813
Quarter : 86 Load : 1885
Quarter : 87 Load : 2877
Quarter : 88 Load : 1096
Quarter : 89 Load : 3392
Quarter : 90 Load : 2544
Quarter : 91 Load : 1448
Quarter : 92 Load : 526
Quarter : 93 Load : 1448
Quarter : 94 Load : 369
Quarter : 95 Load : 1448
Quarter : 96 Load : 0
Day 3
Quarter : 1 Load : 1448
Quarter : 2 Load : 0
Quarter : 3 Load : 1448
Quarter : 4 Load : 0
Quarter : 5 Load : 1448
Quarter : 6 Load : 0
Quarter : 7 Load : 1448
Quarter : 8 Load : 0
Quarter : 9 Load : 1448
Quarter : 10 Load : 0
Quarter : 11 Load : 1448
Quarter : 12 Load : 0
Quarter : 13 Load : 1448
Quarter : 14 Load : 0
Quarter : 15 Load : 1448
Quarter : 16 Load : 0
Quarter : 17 Load : 1448
Quarter : 18 Load : 581
Quarter : 19 Load : 2029
Quarter : 20 Load : 1772
Quarter : 21 Load : 3795
Quarter : 22 Load : 2347
Quarter : 23 Load : 3795
Quarter : 24 Load : 2347
Quarter : 25 Load : 21168
Quarter : 26 Load : 20041
Quarter : 27 Load : 10362
Quarter : 28 Load : 7391
Quarter : 29 Load : 5197
Quarter : 30 Load : 2286
Quarter : 31 Load : 5774
Quarter : 32 Load : 4106
Quarter : 33 Load : 2621
Quarter : 34 Load : 4922
Quarter : 35 Load : 9111
Quarter : 36 Load : 5053
Quarter : 37 Load : 2433
Quarter : 38 Load : 1526
Quarter : 39 Load : 1972
Quarter : 40 Load : 2190
Quarter : 41 Load : 4432
Quarter : 42 Load : 2014
Quarter : 43 Load : 4775
Quarter : 44 Load : 4066
Quarter : 45 Load : 2973
Quarter : 46 Load : 2478
Quarter : 47 Load : 6064
Quarter : 48 Load : 6004
Quarter : 49 Load : 5923
Quarter : 50 Load : 3149
Quarter : 51 Load : 5767
Quarter : 52 Load : 4251
Quarter : 53 Load : 3483
Quarter : 54 Load : 5059
Quarter : 55 Load : 3670
Quarter : 56 Load : 2095
Quarter : 57 Load : 2592
Quarter : 58 Load : 1305
Quarter : 59 Load : 3074
Quarter : 60 Load : 1172
Quarter : 61 Load : 2372
Quarter : 62 Load : 1612
Quarter : 63 Load : 3625
Quarter : 64 Load : 1085
Quarter : 65 Load : 2733
Quarter : 66 Load : 1561
Quarter : 67 Load : 2438
Quarter : 68 Load : 1810
Quarter : 69 Load : 2981
Quarter : 70 Load : 2827
Quarter : 71 Load : 1821
Quarter : 72 Load : 1248
Quarter : 73 Load : 1799
Quarter : 74 Load : 1752
Quarter : 75 Load : 2627
Quarter : 76 Load : 3597
Quarter : 77 Load : 4124
Quarter : 78 Load : 1343
Quarter : 79 Load : 3062
Quarter : 80 Load : 2447
Quarter : 81 Load : 3843
Quarter : 82 Load : 1254
Quarter : 83 Load : 2501
Quarter : 84 Load : 2307
Quarter : 85 Load : 3217
Quarter : 86 Load : 1928
Quarter : 87 Load : 2806
Quarter : 88 Load : 1071
Quarter : 89 Load : 1978
Quarter : 90 Load : 3208
Quarter : 91 Load : 3076
Quarter : 92 Load : 550
Quarter : 93 Load : 1882
Quarter : 94 Load : 0
Quarter : 95 Load : 1448
Quarter : 96 Load : 0
Day 4
Quarter : 1 Load : 1448
Quarter : 2 Load : 0
Quarter : 3 Load : 1448
Quarter : 4 Load : 0
Quarter : 5 Load : 1448
Quarter : 6 Load : 0
Quarter : 7 Load : 1448
Quarter : 8 Load : 0
Quarter : 9 Load : 1448
Quarter : 10 Load : 0
Quarter : 11 Load : 1448
Quarter : 12 Load : 0
Quarter : 13 Load : 1448
Quarter : 14 Load : 0
Quarter : 15 Load : 1448
Quarter : 16 Load : 0
Quarter : 17 Load : 1448
Quarter : 18 Load : 712
Quarter : 19 Load : 2160
Quarter : 20 Load : 712
Quarter : 21 Load : 2160
Quarter : 22 Load : 712
Quarter : 23 Load : 2160
Quarter : 24 Load : 712
Quarter : 25 Load : 15585
Quarter : 26 Load : 12737
Quarter : 27 Load : 8169
Quarter : 28 Load : 5126
Quarter : 29 Load : 6585
Quarter : 30 Load : 4765
Quarter : 31 Load : 5383
Quarter : 32 Load : 1800
Quarter : 33 Load : 3607
Quarter : 34 Load : 1764
Quarter : 35 Load : 2918
Quarter : 36 Load : 1135
Quarter : 37 Load : 3318
Quarter : 38 Load : 1102
Quarter : 39 Load : 1804
Quarter : 40 Load : 1805
Quarter : 41 Load : 4046
Quarter : 42 Load : 1054
Quarter : 43 Load : 1933
Quarter : 44 Load : 659
Quarter : 45 Load : 2712
Quarter : 46 Load : 651
Quarter : 47 Load : 2315
Quarter : 48 Load : 2424
Quarter : 49 Load : 4154
Quarter : 50 Load : 2617
Quarter : 51 Load : 4984
Quarter : 52 Load : 3354
Quarter : 53 Load : 4836
Quarter : 54 Load : 2792
Quarter : 55 Load : 5681
Quarter : 56 Load : 6920
Quarter : 57 Load : 8528
Quarter : 58 Load : 5028
Quarter : 59 Load : 5660
Quarter : 60 Load : 4690
Quarter : 61 Load : 4210
Quarter : 62 Load : 5425
Quarter : 63 Load : 4656
Quarter : 64 Load : 2845
Quarter : 65 Load : 2860
Quarter : 66 Load : 2785
Quarter : 67 Load : 3163
Quarter : 68 Load : 2711
Quarter : 69 Load : 3149
Quarter : 70 Load : 2167
Quarter : 71 Load : 2342
Quarter : 72 Load : 2685
Quarter : 73 Load : 2297
Quarter : 74 Load : 1335
Quarter : 75 Load : 2741
Quarter : 76 Load : 4138
Quarter : 77 Load : 6201
Quarter : 78 Load : 5492
Quarter : 79 Load : 3989
Quarter : 80 Load : 3674
Quarter : 81 Load : 3767
Quarter : 82 Load : 510
Quarter : 83 Load : 5421
Quarter : 84 Load : 5296
Quarter : 85 Load : 2087
Quarter : 86 Load : 5248
Quarter : 87 Load : 5883
Quarter : 88 Load : 1849
Quarter : 89 Load : 4017
Quarter : 90 Load : 3254
Quarter : 91 Load : 1767
Quarter : 92 Load : 1089
Quarter : 93 Load : 1974
Quarter : 94 Load : 0
Quarter : 95 Load : 1448
Quarter : 96 Load : 0
Day 5
Quarter : 1 Load : 1448
Quarter : 2 Load : 0
Quarter : 3 Load : 1448
Quarter : 4 Load : 0
Quarter : 5 Load : 1448
Quarter : 6 Load : 0
Quarter : 7 Load : 1448
Quarter : 8 Load : 0
Quarter : 9 Load : 1448
Quarter : 10 Load : 0
Quarter : 11 Load : 1448
Quarter : 12 Load : 0
Quarter : 13 Load : 1448
Quarter : 14 Load : 0
Quarter : 15 Load : 1448
Quarter : 16 Load : 694
Quarter : 17 Load : 2142
Quarter : 18 Load : 1678
Quarter : 19 Load : 3126
Quarter : 20 Load : 1678
Quarter : 21 Load : 3126
Quarter : 22 Load : 1678
Quarter : 23 Load : 3126
Quarter : 24 Load : 1678
Quarter : 25 Load : 19260
Quarter : 26 Load : 18417
Quarter : 27 Load : 12139
Quarter : 28 Load : 7691
Quarter : 29 Load : 4427
Quarter : 30 Load : 1809
Quarter : 31 Load : 3154
Quarter : 32 Load : 709
Quarter : 33 Load : 3206
Quarter : 34 Load : 720
Quarter : 35 Load : 4497
Quarter : 36 Load : 2619
Quarter : 37 Load : 2363
Quarter : 38 Load : 1871
Quarter : 39 Load : 3397
Quarter : 40 Load : 2559
Quarter : 41 Load : 4156
Quarter : 42 Load : 3166
Quarter : 43 Load : 3433
Quarter : 44 Load : 2232
Quarter : 45 Load : 3038
Quarter : 46 Load : 2917
Quarter : 47 Load : 5707
Quarter : 48 Load : 1948
Quarter : 49 Load : 2631
Quarter : 50 Load : 1810
Quarter : 51 Load : 4904
Quarter : 52 Load : 1504
Quarter : 53 Load : 3508
Quarter : 54 Load : 1915
Quarter : 55 Load : 3468
Quarter : 56 Load : 3155
Quarter : 57 Load : 3825
Quarter : 58 Load : 1372
Quarter : 59 Load : 3677
Quarter : 60 Load : 2051
Quarter : 61 Load : 6222
Quarter : 62 Load : 4368
Quarter : 63 Load : 3083
Quarter : 64 Load : 977
Quarter : 65 Load : 4023
Quarter : 66 Load : 1827
Quarter : 67 Load : 2471
Quarter : 68 Load : 1402
Quarter : 69 Load : 3855
Quarter : 70 Load : 5310
Quarter : 71 Load : 7311
Quarter : 72 Load : 3255
Quarter : 73 Load : 4649
Quarter : 74 Load : 3036
Quarter : 75 Load : 3264
Quarter : 76 Load : 2206
Quarter : 77 Load : 5561
Quarter : 78 Load : 1679
Quarter : 79 Load : 2205
Quarter : 80 Load : 1390
Quarter : 81 Load : 3690
Quarter : 82 Load : 4156
Quarter : 83 Load : 5539
Quarter : 84 Load : 3090
Quarter : 85 Load : 3135
Quarter : 86 Load : 435
Quarter : 87 Load : 2727
Quarter : 88 Load : 2295
Quarter : 89 Load : 2572
Quarter : 90 Load : 2365
Quarter : 91 Load : 1817
Quarter : 92 Load : 0
Quarter : 93 Load : 1448
Quarter : 94 Load : 0
Quarter : 95 Load : 1448
Quarter : 96 Load : 0
Day 6
Quarter : 1 Load : 1448
Quarter : 2 Load : 0
Quarter : 3 Load : 1448
Quarter : 4 Load : 0
Quarter : 5 Load : 1448
Quarter : 6 Load : 0
Quarter : 7 Load : 1448
Quarter : 8 Load : 0
Quarter : 9 Load : 1448
Quarter : 10 Load : 0
Quarter : 11 Load : 1448
Quarter : 12 Load : 0
Quarter : 13 Load : 1448
Quarter : 14 Load : 0
Quarter : 15 Load : 1448
Quarter : 16 Load : 0
Quarter : 17 Load : 1448
Quarter : 18 Load : 0
Quarter : 19 Load : 1448
Quarter : 20 Load : 0
Quarter : 21 Load : 1448
Quarter : 22 Load : 0
Quarter : 23 Load : 1448
Quarter : 24 Load : 0
Quarter : 25 Load : 20545
Quarter : 26 Load : 20144
Quarter : 27 Load : 11586
Quarter : 28 Load : 7164
Quarter : 29 Load : 5370
Quarter : 30 Load : 1603
Quarter : 31 Load : 2697
Quarter : 32 Load : 1024
Quarter : 33 Load : 2936
Quarter : 34 Load : 534
Quarter : 35 Load : 2595
Quarter : 36 Load : 1605
Quarter : 37 Load : 3158
Quarter : 38 Load : 2899
Quarter : 39 Load : 5211
Quarter : 40 Load : 907
Quarter : 41 Load : 2572
Quarter : 42 Load : 1375
Quarter : 43 Load : 3683
Quarter : 44 Load : 373
Quarter : 45 Load : 4553
Quarter : 46 Load : 4212
Quarter : 47 Load : 6096
Quarter : 48 Load : 4021
Quarter : 49 Load : 4233
Quarter : 50 Load : 3554
Quarter : 51 Load : 5297
Quarter : 52 Load : 1817
Quarter : 53 Load : 3721
Quarter : 54 Load : 2361
Quarter : 55 Load : 3654
Quarter : 56 Load : 1565
Quarter : 57 Load : 2809
Quarter : 58 Load : 1794
Quarter : 59 Load : 2087
Quarter : 60 Load : 895
Quarter : 61 Load : 3721
Quarter : 62 Load : 1384
Quarter : 63 Load : 1982
Quarter : 64 Load : 2608
Quarter : 65 Load : 4838
Quarter : 66 Load : 2860
Quarter : 67 Load : 4878
Quarter : 68 Load : 6212
Quarter : 69 Load : 4183
Quarter : 70 Load : 1483
Quarter : 71 Load : 2652
Quarter : 72 Load : 1400
Quarter : 73 Load : 2716
Quarter : 74 Load : 200
Quarter : 75 Load : 2641
Quarter : 76 Load : 635
Quarter : 77 Load : 3064
Quarter : 78 Load : 1830
Quarter : 79 Load : 3731
Quarter : 80 Load : 1928
Quarter : 81 Load : 3551
Quarter : 82 Load : 1420
Quarter : 83 Load : 5490
Quarter : 84 Load : 3564
Quarter : 85 Load : 2823
Quarter : 86 Load : 1062
Quarter : 87 Load : 5600
Quarter : 88 Load : 2824
Quarter : 89 Load : 2570
Quarter : 90 Load : 1715
Quarter : 91 Load : 2623
Quarter : 92 Load : 1262
Quarter : 93 Load : 1448
Quarter : 94 Load : 210
Quarter : 95 Load : 1448
Quarter : 96 Load : 0
Day 0
Hour : 1 Load : 2896
Hour : 2 Load : 2896
Hour : 3 Load : 2896
Hour : 4 Load : 2896
Hour : 5 Load : 7654
Hour : 6 Load : 9240
Hour : 7 Load : 62103
Hour : 8 Load : 17455
Hour : 9 Load : 14317
Hour : 10 Load : 13578
Hour : 11 Load : 18208
Hour : 12 Load : 11409
Hour : 13 Load : 14220
Hour : 14 Load : 16363
Hour : 15 Load : 12095
Hour : 16 Load : 17449
Hour : 17 Load : 9563
Hour : 18 Load : 6845
Hour : 19 Load : 12721
Hour : 20 Load : 18273
Hour : 21 Load : 14829
Hour : 22 Load : 11989
Hour : 23 Load : 10381
Hour : 24 Load : 3555
Day 1
Hour : 1 Load : 2896
Hour : 2 Load : 2896
Hour : 3 Load : 2896
Hour : 4 Load : 4396
Hour : 5 Load : 11882
Hour : 6 Load : 12364
Hour : 7 Load : 55905
Hour : 8 Load : 12774
Hour : 9 Load : 12226
Hour : 10 Load : 9010
Hour : 11 Load : 10044
Hour : 12 Load : 12400
Hour : 13 Load : 14624
Hour : 14 Load : 14621
Hour : 15 Load : 12007
Hour : 16 Load : 9678
Hour : 17 Load : 14787
Hour : 18 Load : 11471
Hour : 19 Load : 11640
Hour : 20 Load : 13414
Hour : 21 Load : 12145
Hour : 22 Load : 15112
Hour : 23 Load : 9115
Hour : 24 Load : 2896
Day 2
Hour : 1 Load : 2896
Hour : 2 Load : 2896
Hour : 3 Load : 2896
Hour : 4 Load : 3471
Hour : 5 Load : 5196
Hour : 6 Load : 5617
Hour : 7 Load : 46913
Hour : 8 Load : 19514
Hour : 9 Load : 16585
Hour : 10 Load : 15181
Hour : 11 Load : 9689
Hour : 12 Load : 14499
Hour : 13 Load : 10402
Hour : 14 Load : 20723
Hour : 15 Load : 17262
Hour : 16 Load : 11433
Hour : 17 Load : 13579
Hour : 18 Load : 12554
Hour : 19 Load : 9947
Hour : 20 Load : 14387
Hour : 21 Load : 9268
Hour : 22 Load : 8671
Hour : 23 Load : 7910
Hour : 24 Load : 3265
Day 3
Hour : 1 Load : 2896
Hour : 2 Load : 2896
Hour : 3 Load : 2896
Hour : 4 Load : 2896
Hour : 5 Load : 5830
Hour : 6 Load : 12284
Hour : 7 Load : 58962
Hour : 8 Load : 17363
Hour : 9 Load : 21707
Hour : 10 Load : 8121
Hour : 11 Load : 15287
Hour : 12 Load : 17519
Hour : 13 Load : 19090
Hour : 14 Load : 14307
Hour : 15 Load : 8143
Hour : 16 Load : 8694
Hour : 17 Load : 8542
Hour : 18 Load : 8877
Hour : 19 Load : 9775
Hour : 20 Load : 10976
Hour : 21 Load : 9905
Hour : 22 Load : 9022
Hour : 23 Load : 8812
Hour : 24 Load : 3330
Day 4
Hour : 1 Load : 2896
Hour : 2 Load : 2896
Hour : 3 Load : 2896
Hour : 4 Load : 2896
Hour : 5 Load : 5032
Hour : 6 Load : 5744
Hour : 7 Load : 41617
Hour : 8 Load : 18533
Hour : 9 Load : 9424
Hour : 10 Load : 8029
Hour : 11 Load : 7692
Hour : 12 Load : 8102
Hour : 13 Load : 15109
Hour : 14 Load : 20229
Hour : 15 Load : 23906
Hour : 16 Load : 17136
Hour : 17 Load : 11519
Hour : 18 Load : 10343
Hour : 19 Load : 10511
Hour : 20 Load : 19356
Hour : 21 Load : 14994
Hour : 22 Load : 15067
Hour : 23 Load : 10127
Hour : 24 Load : 3422
Day 5
Hour : 1 Load : 2896
Hour : 2 Load : 2896
Hour : 3 Load : 2896
Hour : 4 Load : 3590
Hour : 5 Load : 8624
Hour : 6 Load : 9608
Hour : 7 Load : 57507
Hour : 8 Load : 10099
Hour : 9 Load : 11042
Hour : 10 Load : 10190
Hour : 11 Load : 12987
Hour : 12 Load : 13610
Hour : 13 Load : 10849
Hour : 14 Load : 12046
Hour : 15 Load : 10925
Hour : 16 Load : 14650
Hour : 17 Load : 9723
Hour : 18 Load : 19731
Hour : 19 Load : 13155
Hour : 20 Load : 10835
Hour : 21 Load : 16475
Hour : 22 Load : 8592
Hour : 23 Load : 6754
Hour : 24 Load : 2896
Day 6
Hour : 1 Load : 2896
Hour : 2 Load : 2896
Hour : 3 Load : 2896
Hour : 4 Load : 2896
Hour : 5 Load : 2896
Hour : 6 Load : 2896
Hour : 7 Load : 59439
Hour : 8 Load : 10694
Hour : 9 Load : 7670
Hour : 10 Load : 12175
Hour : 11 Load : 8003
Hour : 12 Load : 18882
Hour : 13 Load : 14901
Hour : 14 Load : 11301
Hour : 15 Load : 7585
Hour : 16 Load : 9695
Hour : 17 Load : 18788
Hour : 18 Load : 9718
Hour : 19 Load : 6192
Hour : 20 Load : 10553
Hour : 21 Load : 14025
Hour : 22 Load : 12309
Hour : 23 Load : 8170
Hour : 24 Load : 3106
End of initialization

]]></system-out>
  <system-err><![CDATA[--Output from testCreationAndSubscriptionToDefault--
--Output from testPowerConsumption--
--Output from testChangingSubscriptions--
--Output from testRevokingSubscriptions--
--Output from testTariffPublication--
]]></system-err>
</testsuite>
